Config Path(WebParam): 204033dc-920a-4929-9b28-8464fa79aa7d\od.xml
G_MarginalPoint_Number:10
G_BaseLine_Number:17
G_Cross_Number:6
G_Link_Number:34
G_Lane_Number:68
imEngPI[0m
[2025-10-09 13:11:17|0x00001be0][info]	[34m[+] Set SimID test Over![0m
[2025-10-09 13:11:17|0x00001be0][info]	[34m[+] Set SimFiles Path: 204033dc-920a-4929-9b28-8464fa79aa7d Over![0m
[2025-10-09 13:11:17|0x00001be0][info]	[34m[+] Use RoadNetwork File: 204033dc-920a-4929-9b28-8464fa79aa7d\map_by_ai_2.xml[0m
[2025-10-09 13:11:17|0x00001be0][info]	[34m[+] Use OD File: 204033dc-920a-4929-9b28-8464fa79aa7d\od.xml[0m
[2025-10-09 13:11:17|0x00001be0][info]	[34m[-] Launch as no plug-in![0m
[2025-10-09 13:11:17|0x00001be0][info]	[34m[+] Base Initialization Complete![0m
[2025-10-09 13:11:17|0x00001be0][debug]	[32m[#] Connected to 127.0.0.1:3822/ws/exe/204033dc-920a-4929-9b28-8464fa79aa7d[0m
[2025-10-09 13:11:17|0x00001be0][info]	[34m[+] Connect websocket to backend ok...[0m
[2025-10-09 13:11:17|0x00001be0][debug]	[32m[#] Recv Msg: {"type":"eng","ope":"hi","time":1759986677614}[0m
[2025-10-09 13:11:17|0x00001be0][info]	[34m[+] Init backend manager ok![0m
[2025-10-09 13:11:22|0x00001be0][debug]	[32m[#] Recv Msg: {"type":"eng","ope":"setdelay","time":1759986682704,"data":{"Delay":50}}[0m
[2025-10-09 13:11:22|0x00001be0][info]	[34m[*] Set New Delay: 50[0m
[2025-10-09 13:11:22|0x00001be0][info]	[34m[*] Send: {"type":"frontend", "ope":"handleope", "time":1759986682704, "data":{"result": "setdelay_ok"}}[0m
[2025-10-09 13:11:23|0x00001be0][debug]	[32m[#] Recv Msg: {"type":"eng","ope":"setmaxstep","time":1759986683579,"data":{"Step":23}}[0m
[2025-10-09 13:11:23|0x00001be0][info]	[34m[+] Set Max Sim Step: 23[0m
[2025-10-09 13:11:23|0x00001be0][info]	[34m[*] Send: {"type":"frontend", "ope":"handleope", "time":1759986683580, "data":{"result": "setmaxstep_ok"}}[0m
[2025-10-09 13:11:24|0x00001be0][debug]	[32m[#] Recv Msg: {"type":"eng","ope":"start","time":1759986684395}[0m
[2025-10-09 13:11:24|0x00001be0][info]	[34m[*] Start(Resume) Sim[0m
[2025-10-09 13:11:24|0x00001be0][info]	[34m[*] Send: {"type":"frontend", "ope":"handleope", "time":1759986684404, "data":{"result": "start_ok"}}[0m
[2025-10-09 13:11:24|0x00004c8c][info]	[34m[*] Send: {"type":"frontend", "ope":"simdata", "time":1759986684462, "data":{"pos":"produce_veh", "step_num": 0, "result":[{"id":0, "link_id":0, "lane_id":1, "cell_id":0, "x":428, "y":385, "speed":14, "router":"0 5"}]}}[0m
[2025-10-09 13:11:24|0x00004c8c][info]	[34m[*] Send: {"type":"frontend", "ope":"simdata", "time":1759986684523, "data":{"pos":"produce_veh", "step_num": 0, "result":[{"id":1, "link_id":4, "lane_id":0, "cell_id":0, "x":561.996, "y":233.457, "speed":14, "router":"4 6 10 32 30"}]}}[0m
[2025-10-09 13:11:24|0x00004c8c][info]	[34m[*] Send: {"type":"frontend", "ope":"simdata", "time":1759986684585, "data":{"pos":"produce_veh", "step_num": 0, "result":[{"id":2, "link_id":8, "lane_id":0, "cell_id":0, "x":431.805, "y":614.88, "speed":14, "router":"8 10 17 14 22"}]}}[0m
[2025-10-09 13:11:24|0x00004c8c][info]	[34m[*] Send: {"type":"frontend", "ope":"simdata", "time":1759986684646, "data":{"pos":"produce_veh", "step_num": 0, "result":[{"id":3, "link_id":13, "lane_id":0, "cell_id":0, "x":571, "y":781, "speed":14, "router":"13 10 32 28"}]}}[0m
[2025-10-09 13:11:24|0x00004c8c][info]	[34m[*] Send: {"type":"frontend", "ope":"simdata", "time":1759986684710, "data":{"pos":"produce_veh", "step_num": 0, "result":[{"id":4, "link_id":18, "lane_id":1, "cell_id":0, "x":798.654, "y":836.242, "speed":14, "router":"18 17 14 22"}]}}[0m
[2025-10-09 13:11:24|0x00004c8c][info]	[34m[*] Send: {"type":"frontend", "ope":"simdata", "time":1759986684773, "data":{"pos":"produce_veh", "step_num": 0, "result":[{"id":5, "link_id":21, "lane_id":1, "cell_id":0, "x":879, "y":228, "speed":14, "router":"21 14 24"}]}}[0m
[2025-10-09 13:11:24|0x00004c8c][info]	[34m[*] Send: {"type":"frontend", "ope":"simdata", "time":1759986684835, "data":{"pos":"produce_veh", "step_num": 0, "result":[{"id":6, "link_id":23, "lane_id":1, "cell_id":0, "x":1373, "y":355, "speed":14, "router":"23 22"}]}}[0m
[2025-10-09 13:11:24|0x00004c8c][info]	[34m[*] Send: {"type":"frontend", "ope":"simdata", "time":1759986684899, "data":{"pos":"produce_veh", "step_num": 0, "result":[{"id":7, "link_id":25, "lane_id":0, "cell_id":0, "x":1148, "y":225, "speed":14, "router":"25 27 30"}]}}[0m
[2025-10-09 13:11:24|0x00004c8c][info]	[34m[*] Send: {"type":"frontend", "ope":"simdata", "time":1759986684961, "data":{"pos":"produce_veh", "step_num": 0, "result":[{"id":8, "link_id":29, "lane_id":0, "cell_id":0, "x":1252.29, "y":677.983, "speed":14, "router":"29 28"}]}}[0m
[2025-10-09 13:11:25|0x00004c8c][info]	[34m[*] Send: {"type":"frontend", "ope":"simdata", "time":1759986685023, "data":{"pos":"produce_veh", "step_num": 0, "result":[{"id":9, "link_id":31, "lane_id":0, "cell_id":0, "x":1097.01, "y":787.379, "speed":14, "router":"31 26 22"}]}}[0m
[2025-10-09 13:11:25|0x00004c8c][info]	[34m[*] Send: {"type":"frontend", "ope":"simdata", "time":1759986685087, "data":{"pos":"veh_run", "step_num": 0, "result":{"id":0, "in_network":true, "in_cross":false, "link_id":0, "lane_id":1, "cell_id":14, "x":442, "y":385, "cur_spd":14, "last_spd":14}}}[0m
[2025-10-09 13:11:25|0x00004c8c][info]	[34m[*] Send: {"type":"frontend", "ope":"simdata", "time":1759986685149, "data":{"pos":"veh_run", "step_num": 0, "result":{"id":1, "in_network":true, "in_cross":false, "link_id":4, "lane_id":0, "cell_id":14, "x":561.876, "y":247.463, "cur_spd":14, "last_spd":14}}}[0m
[2025-10-09 13:11:25|0x00004c8c][info]	[34m[*] Send: {"type":"frontend", "ope":"simdata", "time":1759986685212, "data":{"pos":"veh_run", "step_num": 0, "result":{"id":2, "in_network":true, "in_cross":false, "link_id":8, "lane_id":0, "cell_id":14, "x":445.073, "y":619.541, "cur_spd":14, "last_spd":14}}}[0m
[2025-10-09 13:11:25|0x00004c8c][info]	[34m[*] Send: {"type":"frontend", "ope":"simdata", "time":1759986685274, "data":{"pos":"veh_run", "step_num": 0, "result":{"id":3, "in_network":true, "in_cross":false, "link_id":13, "lane_id":0, "cell_id":14, "x":571, "y":767, "cur_spd":14, "last_spd":14}}}[0m
[2025-10-09 13:11:25|0x00004c8c][info]	[34m[*] Send: {"type":"frontend", "ope":"simdata", "time":1759986685337, "data":{"pos":"veh_run", "step_num": 0, "result":{"id":4, "in_network":true, "in_cross":false, "link_id":18, "lane_id":1, "cell_id":14, "x":802.145, "y":822.627, "cur_spd":14, "last_spd":14}}}[0m
[2025-10-09 13:11:25|0x00004c8c][info]	[34m[*] Send: {"type":"frontend", "ope":"simdata", "time":1759986685399, "data":{"pos":"veh_run", "step_num": 0, "result":{"id":5, "in_network":true, "in_cross":false, "link_id":21, "lane_id":1, "cell_id":14, "x":879, "y":242, "cur_spd":14, "last_spd":14}}}[0m
[2025-10-09 13:11:25|0x00004c8c][info]	[34m[*] Send: {"type":"frontend", "ope":"simdata", "time":1759986685460, "data":{"pos":"veh_run", "step_num": 0, "result":{"id":6, "in_network":true, "in_cross":false, "link_id":23, "lane_id":1, "cell_id":14, "x":1359, "y":355, "cur_spd":14, "last_spd":14}}}[0m
[2025-10-09 13:11:25|0x00004c8c][info]	[34m[*] Send: {"type":"frontend", "ope":"simdata", "time":1759986685523, "data":{"pos":"veh_run", "step_num": 0, "result":{"id":7, "in_network":true, "in_cross":false, "link_id":25, "lane_id":0, "cell_id":14, "x":1148, "y":239, "cur_spd":14, "last_spd":14}}}[0m
[2025-10-09 13:11:25|0x00004c8c][info]	[34m[*] Send: {"type":"frontend", "ope":"simdata", "time":1759986685585, "data":{"pos":"veh_run", "step_num": 0, "result":{"id":8, "in_network":true, "in_cross":false, "link_id":29, "lane_id":0, "cell_id":14, "x":1238.37, "y":675.781, "cur_spd":14, "last_spd":14}}}[0m
[2025-10-09 13:11:25|0x00004c8c][info]	[34m[*] Send: {"type":"frontend", "ope":"simdata", "time":1759986685648, "data":{"pos":"veh_run", "step_num": 0, "result":{"id":9, "in_network":true, "in_cross":false, "link_id":31, "lane_id":0, "cell_id":14, "x":1099.48, "y":773.501, "cur_spd":14, "last_spd":14}}}[0m
