Config Path(WebParam): 2580260a-7cad-46f9-a082-5fa9153256e4\od.xml
G_MarginalPoint_Number:4
G_BaseLine_Number:4
G_Cross_Number:1
G_Link_Number:8
G_Lane_Number:16
n\SimEngPI[0m
[2025-10-09 15:17:44|0x000023a8][info]	[34m[+] Set SimID test Over![0m
[2025-10-09 15:17:44|0x000023a8][info]	[34m[+] Set SimFiles Path: 2580260a-7cad-46f9-a082-5fa9153256e4 Over![0m
[2025-10-09 15:17:44|0x000023a8][info]	[34m[+] Use RoadNetwork File: 2580260a-7cad-46f9-a082-5fa9153256e4\map_by_ai_5.xml[0m
[2025-10-09 15:17:44|0x000023a8][info]	[34m[+] Use OD File: 2580260a-7cad-46f9-a082-5fa9153256e4\od.xml[0m
[2025-10-09 15:17:44|0x000023a8][info]	[34m[-] Launch as no plug-in![0m
[2025-10-09 15:17:44|0x000023a8][info]	[34m[+] Base Initialization Complete![0m
[2025-10-09 15:17:44|0x000023a8][debug]	[32m[#] Connected to 127.0.0.1:3822/ws/exe/2580260a-7cad-46f9-a082-5fa9153256e4[0m
[2025-10-09 15:17:44|0x000023a8][info]	[34m[+] Connect websocket to backend ok...[0m
[2025-10-09 15:17:44|0x000023a8][debug]	[32m[#] Recv Msg: {"type":"eng","ope":"hi","time":1759994264987}[0m
[2025-10-09 15:17:44|0x000023a8][info]	[34m[+] Init backend manager ok![0m
[2025-10-09 15:17:50|0x000023a8][debug]	[32m[#] Recv Msg: {"type":"eng","ope":"setdelay","time":1759994270870,"data":{"Delay":135}}[0m
[2025-10-09 15:17:50|0x000023a8][info]	[34m[*] Set New Delay: 135[0m
[2025-10-09 15:17:50|0x000023a8][info]	[34m[*] Send: {"type":"frontend", "ope":"handleope", "time":1759994270871, "data":{"result": "setdelay_ok"}}[0m
[2025-10-09 15:17:51|0x000023a8][debug]	[32m[#] Recv Msg: {"type":"eng","ope":"setmaxstep","time":1759994271472,"data":{"Step":23}}[0m
[2025-10-09 15:17:51|0x000023a8][info]	[34m[+] Set Max Sim Step: 23[0m
[2025-10-09 15:17:51|0x000023a8][info]	[34m[*] Send: {"type":"frontend", "ope":"handleope", "time":1759994271472, "data":{"result": "setmaxstep_ok"}}[0m
[2025-10-09 15:17:52|0x000023a8][debug]	[32m[#] Recv Msg: {"type":"eng","ope":"start","time":1759994272137}[0m
[2025-10-09 15:17:52|0x000023a8][info]	[34m[*] Start(Resume) Sim[0m
[2025-10-09 15:17:52|0x000023a8][info]	[34m[*] Send: {"type":"frontend", "ope":"handleope", "time":1759994272139, "data":{"result": "start_ok"}}[0m
[2025-10-09 15:17:52|0x00007fb8][info]	[34m[*] Send: {"type":"frontend", "ope":"simdata", "time":1759994272275, "data":{"pos":"produce_veh", "step_num": 0, "result":[{"id":0, "link_id":0, "lane_id":1, "cell_id":0, "x":300.5, "y":314.965, "speed":14, "router":"0 5"}]}}[0m
[2025-10-09 15:17:52|0x00007fb8][info]	[34m[*] Send: {"type":"frontend", "ope":"simdata", "time":1759994272416, "data":{"pos":"produce_veh", "step_num": 0, "result":[{"id":1, "link_id":3, "lane_id":0, "cell_id":0, "x":699.5, "y":295.013, "speed":14, "router":"3 2"}]}}[0m
[2025-10-09 15:17:52|0x00007fb8][info]	[34m[*] Send: {"type":"frontend", "ope":"simdata", "time":1759994272558, "data":{"pos":"produce_veh", "step_num": 0, "result":[{"id":2, "link_id":4, "lane_id":0, "cell_id":0, "x":495.025, "y":100.5, "speed":14, "router":"4 1"}]}}[0m
[2025-10-09 15:17:52|0x00007fb8][info]	[34m[*] Send: {"type":"frontend", "ope":"simdata", "time":1759994272697, "data":{"pos":"produce_veh", "step_num": 0, "result":[{"id":3, "link_id":7, "lane_id":0, "cell_id":0, "x":505, "y":500, "speed":14, "router":"7 6"}]}}[0m
[2025-10-09 15:17:52|0x00007fb8][info]	[34m[*] Send: {"type":"frontend", "ope":"simdata", "time":1759994272838, "data":{"pos":"veh_run", "step_num": 0, "result":{"id":0, "in_network":true, "in_cross":false, "link_id":0, "lane_id":1, "cell_id":14, "x":314.5, "y":313.988, "cur_spd":14, "last_spd":14}}}[0m
[2025-10-09 15:17:52|0x00007fb8][info]	[34m[*] Send: {"type":"frontend", "ope":"simdata", "time":1759994272978, "data":{"pos":"veh_run", "step_num": 0, "result":{"id":1, "in_network":true, "in_cross":false, "link_id":3, "lane_id":0, "cell_id":14, "x":685.5, "y":295.372, "cur_spd":14, "last_spd":14}}}[0m
[2025-10-09 15:17:53|0x00007fb8][info]	[34m[*] Send: {"type":"frontend", "ope":"simdata", "time":1759994273120, "data":{"pos":"veh_run", "step_num": 0, "result":{"id":2, "in_network":true, "in_cross":false, "link_id":4, "lane_id":0, "cell_id":14, "x":495.725, "y":114.5, "cur_spd":14, "last_spd":14}}}[0m
[2025-10-09 15:17:53|0x00007fb8][info]	[34m[*] Send: {"type":"frontend", "ope":"simdata", "time":1759994273259, "data":{"pos":"veh_run", "step_num": 0, "result":{"id":3, "in_network":true, "in_cross":false, "link_id":7, "lane_id":0, "cell_id":14, "x":505, "y":486, "cur_spd":14, "last_spd":14}}}[0m
