Config Path(WebParam): 26b8cb9a-a22e-498b-a035-621fd090cc08\od.xml
1332CSimuFun::Get_XML_SimConfig: Fault, result is NULL
Dir: D:\traffic_pj\java_bk_pib\SimEngPIB-main\SimEngPI[0m
[2025-09-13 19:51:09|0x00000dc4][info]	[34m[+] Set SimID test Over![0m
[2025-09-13 19:51:09|0x00000dc4][info]	[34m[+] Set SimFiles Path: 26b8cb9a-a22e-498b-a035-621fd090cc08 Over![0m
[2025-09-13 19:51:09|0x00000dc4][info]	[34m[+] Use RoadNetwork File: 26b8cb9a-a22e-498b-a035-621fd090cc08\map2.xml[0m
[2025-09-13 19:51:09|0x00000dc4][info]	[34m[+] Use OD File: 26b8cb9a-a22e-498b-a035-621fd090cc08\od.xml[0m
[2025-09-13 19:51:09|0x00000dc4][info]	[34m[-] Launch as no plug-in![0m
[2025-09-13 19:51:09|0x00000dc4][info]	[34m[+] Base Initialization Complete![0m
[2025-09-13 19:51:09|0x00000dc4][debug]	[32m[#] Connected to 127.0.0.1:3822/ws/exe/26b8cb9a-a22e-498b-a035-621fd090cc08[0m
[2025-09-13 19:51:09|0x00000dc4][info]	[34m[+] Connect websocket to backend ok...[0m
[2025-09-13 19:51:09|0x00000dc4][debug]	[32m[#] Recv Msg: {"type":"eng","ope":"hi","time":1757764269739}[0m
[2025-09-13 19:51:09|0x00000dc4][info]	[34m[+] Init backend manager ok![0m
[2025-09-13 19:51:12|0x00000dc4][debug]	[32m[#] Recv Msg: {"type":"eng","ope":"setdelay","time":1757764272777,"data":{"Delay":46}}[0m
[2025-09-13 19:51:12|0x00000dc4][info]	[34m[*] Set New Delay: 46[0m
[2025-09-13 19:51:12|0x00000dc4][info]	[34m[*] Send: {"type":"frontend", "ope":"handleope", "time":1757764272779, "data":{"result": "setdelay_ok"}}[0m
[2025-09-13 19:51:15|0x00000dc4][debug]	[32m[#] Recv Msg: {"type":"eng","ope":"setmaxstep","time":1757764275718,"data":{"Step":23}}[0m
[2025-09-13 19:51:15|0x00000dc4][info]	[34m[+] Set Max Sim Step: 23[0m
[2025-09-13 19:51:15|0x00000dc4][info]	[34m[*] Send: {"type":"frontend", "ope":"handleope", "time":1757764275719, "data":{"result": "setmaxstep_ok"}}[0m
[2025-09-13 19:51:16|0x00000dc4][debug]	[32m[#] Recv Msg: {"type":"eng","ope":"start","time":1757764276859}[0m
