Config Path(WebParam): 2a850a7d-7f71-46cc-b927-6fd4f60c1c17\od.xml
G_MarginalPoint_Number:10
G_BaseLine_Number:17
G_Cross_Number:6
G_Link_Number:34
G_Lane_Number:68
imEngPI[0m
[2025-10-09 14:27:22|0x000029b0][info]	[34m[+] Set SimID test Over![0m
[2025-10-09 14:27:22|0x000029b0][info]	[34m[+] Set SimFiles Path: 2a850a7d-7f71-46cc-b927-6fd4f60c1c17 Over![0m
[2025-10-09 14:27:22|0x000029b0][info]	[34m[+] Use RoadNetwork File: 2a850a7d-7f71-46cc-b927-6fd4f60c1c17\map_by_ai_2.xml[0m
[2025-10-09 14:27:22|0x000029b0][info]	[34m[+] Use OD File: 2a850a7d-7f71-46cc-b927-6fd4f60c1c17\od.xml[0m
[2025-10-09 14:27:22|0x000029b0][info]	[34m[-] Launch as no plug-in![0m
[2025-10-09 14:27:22|0x000029b0][info]	[34m[+] Base Initialization Complete![0m
[2025-10-09 14:27:22|0x000029b0][debug]	[32m[#] Connected to 127.0.0.1:3822/ws/exe/2a850a7d-7f71-46cc-b927-6fd4f60c1c17[0m
[2025-10-09 14:27:22|0x000029b0][info]	[34m[+] Connect websocket to backend ok...[0m
[2025-10-09 14:27:22|0x000029b0][debug]	[32m[#] Recv Msg: {"type":"eng","ope":"hi","time":1759991242041}[0m
[2025-10-09 14:27:22|0x000029b0][info]	[34m[+] Init backend manager ok![0m
[2025-10-09 14:27:24|0x000029b0][debug]	[32m[#] Recv Msg: {"type":"eng","ope":"setdelay","time":1759991244346,"data":{"Delay":142}}[0m
[2025-10-09 14:27:24|0x000029b0][info]	[34m[*] Set New Delay: 142[0m
[2025-10-09 14:27:24|0x000029b0][info]	[34m[*] Send: {"type":"frontend", "ope":"handleope", "time":1759991244346, "data":{"result": "setdelay_ok"}}[0m
[2025-10-09 14:27:25|0x000029b0][debug]	[32m[#] Recv Msg: {"type":"eng","ope":"setmaxstep","time":1759991245852,"data":{"Step":23}}[0m
[2025-10-09 14:27:25|0x000029b0][info]	[34m[+] Set Max Sim Step: 23[0m
[2025-10-09 14:27:25|0x000029b0][info]	[34m[*] Send: {"type":"frontend", "ope":"handleope", "time":1759991245853, "data":{"result": "setmaxstep_ok"}}[0m
[2025-10-09 14:27:30|0x000029b0][debug]	[32m[#] Recv Msg: {"type":"eng","ope":"start","time":1759991250564}[0m
[2025-10-09 14:27:30|0x000029b0][info]	[34m[*] Start(Resume) Sim[0m
[2025-10-09 14:27:30|0x000029b0][info]	[34m[*] Send: {"type":"frontend", "ope":"handleope", "time":1759991250573, "data":{"result": "start_ok"}}[0m
[2025-10-09 14:27:30|0x000035bc][info]	[34m[*] Send: {"type":"frontend", "ope":"simdata", "time":1759991250723, "data":{"pos":"produce_veh", "step_num": 0, "result":[{"id":0, "link_id":0, "lane_id":1, "cell_id":0, "x":428.5, "y":384.944, "speed":14, "router":"0 5"}]}}[0m
[2025-10-09 14:27:30|0x000035bc][info]	[34m[*] Send: {"type":"frontend", "ope":"simdata", "time":1759991250879, "data":{"pos":"produce_veh", "step_num": 0, "result":[{"id":1, "link_id":4, "lane_id":0, "cell_id":0, "x":562.018, "y":233.457, "speed":14, "router":"4 1"}]}}[0m
[2025-10-09 14:27:31|0x000035bc][info]	[34m[*] Send: {"type":"frontend", "ope":"simdata", "time":1759991251033, "data":{"pos":"produce_veh", "step_num": 0, "result":[{"id":2, "link_id":8, "lane_id":0, "cell_id":0, "x":431.814, "y":614.856, "speed":14, "router":"8 10 17 14 22"}]}}[0m
[2025-10-09 14:27:31|0x000035bc][info]	[34m[*] Send: {"type":"frontend", "ope":"simdata", "time":1759991251189, "data":{"pos":"produce_veh", "step_num": 0, "result":[{"id":3, "link_id":13, "lane_id":0, "cell_id":0, "x":570.998, "y":780.499, "speed":14, "router":"13 10 17 20"}]}}[0m
[2025-10-09 14:27:31|0x000035bc][info]	[34m[*] Send: {"type":"frontend", "ope":"simdata", "time":1759991251346, "data":{"pos":"produce_veh", "step_num": 0, "result":[{"id":4, "link_id":18, "lane_id":1, "cell_id":0, "x":798.647, "y":836.239, "speed":14, "router":"18 32 28"}]}}[0m
[2025-10-09 14:27:31|0x000035bc][info]	[34m[*] Send: {"type":"frontend", "ope":"simdata", "time":1759991251503, "data":{"pos":"produce_veh", "step_num": 0, "result":[{"id":5, "link_id":21, "lane_id":1, "cell_id":0, "x":879.069, "y":228.495, "speed":14, "router":"21 14 24"}]}}[0m
[2025-10-09 14:27:31|0x000035bc][info]	[34m[*] Send: {"type":"frontend", "ope":"simdata", "time":1759991251660, "data":{"pos":"produce_veh", "step_num": 0, "result":[{"id":6, "link_id":23, "lane_id":1, "cell_id":0, "x":1372.5, "y":355.004, "speed":14, "router":"23 27 28"}]}}[0m
[2025-10-09 14:27:31|0x000035bc][info]	[34m[*] Send: {"type":"frontend", "ope":"simdata", "time":1759991251817, "data":{"pos":"produce_veh", "step_num": 0, "result":[{"id":7, "link_id":25, "lane_id":0, "cell_id":0, "x":1148.02, "y":225.5, "speed":14, "router":"25 15 16 11 12"}]}}[0m
[2025-10-09 14:27:31|0x000035bc][info]	[34m[*] Send: {"type":"frontend", "ope":"simdata", "time":1759991251973, "data":{"pos":"produce_veh", "step_num": 0, "result":[{"id":8, "link_id":29, "lane_id":0, "cell_id":0, "x":1252.29, "y":677.985, "speed":14, "router":"29 26 24"}]}}[0m
[2025-10-09 14:27:32|0x000035bc][info]	[34m[*] Send: {"type":"frontend", "ope":"simdata", "time":1759991252129, "data":{"pos":"produce_veh", "step_num": 0, "result":[{"id":9, "link_id":31, "lane_id":0, "cell_id":0, "x":1097.01, "y":787.381, "speed":14, "router":"31 26 22"}]}}[0m
[2025-10-09 14:27:32|0x000035bc][info]	[34m[*] Send: {"type":"frontend", "ope":"simdata", "time":1759991252286, "data":{"pos":"veh_run", "step_num": 0, "result":{"id":0, "in_network":true, "in_cross":false, "link_id":0, "lane_id":1, "cell_id":14, "x":442.5, "y":383.365, "cur_spd":14, "last_spd":14}}}[0m
[2025-10-09 14:27:32|0x000035bc][info]	[34m[*] Send: {"type":"frontend", "ope":"simdata", "time":1759991252441, "data":{"pos":"veh_run", "step_num": 0, "result":{"id":1, "in_network":true, "in_cross":false, "link_id":4, "lane_id":0, "cell_id":14, "x":562.518, "y":247.463, "cur_spd":14, "last_spd":14}}}[0m
[2025-10-09 14:27:32|0x000035bc][info]	[34m[*] Send: {"type":"frontend", "ope":"simdata", "time":1759991252598, "data":{"pos":"veh_run", "step_num": 0, "result":{"id":2, "in_network":true, "in_cross":false, "link_id":8, "lane_id":0, "cell_id":14, "x":445.325, "y":618.84, "cur_spd":14, "last_spd":14}}}[0m
[2025-10-09 14:27:32|0x000035bc][info]	[34m[*] Send: {"type":"frontend", "ope":"simdata", "time":1759991252754, "data":{"pos":"veh_run", "step_num": 0, "result":{"id":3, "in_network":true, "in_cross":false, "link_id":13, "lane_id":0, "cell_id":14, "x":570.932, "y":766.47, "cur_spd":14, "last_spd":14}}}[0m
[2025-10-09 14:27:32|0x000035bc][info]	[34m[*] Send: {"type":"frontend", "ope":"simdata", "time":1759991252910, "data":{"pos":"veh_run", "step_num": 0, "result":{"id":4, "in_network":true, "in_cross":false, "link_id":18, "lane_id":1, "cell_id":14, "x":801.948, "y":822.53, "cur_spd":14, "last_spd":14}}}[0m
[2025-10-09 14:27:33|0x000035bc][info]	[34m[*] Send: {"type":"frontend", "ope":"simdata", "time":1759991253066, "data":{"pos":"veh_run", "step_num": 0, "result":{"id":5, "in_network":true, "in_cross":false, "link_id":21, "lane_id":1, "cell_id":14, "x":881.014, "y":242.366, "cur_spd":14, "last_spd":14}}}[0m
[2025-10-09 14:27:33|0x000035bc][info]	[34m[*] Send: {"type":"frontend", "ope":"simdata", "time":1759991253220, "data":{"pos":"veh_run", "step_num": 0, "result":{"id":6, "in_network":true, "in_cross":false, "link_id":23, "lane_id":1, "cell_id":14, "x":1358.48, "y":355.119, "cur_spd":14, "last_spd":14}}}[0m
[2025-10-09 14:27:33|0x000035bc][info]	[34m[*] Send: {"type":"frontend", "ope":"simdata", "time":1759991253377, "data":{"pos":"veh_run", "step_num": 0, "result":{"id":7, "in_network":true, "in_cross":false, "link_id":25, "lane_id":0, "cell_id":14, "x":1148.6, "y":239.5, "cur_spd":14, "last_spd":14}}}[0m
[2025-10-09 14:27:33|0x000035bc][info]	[34m[*] Send: {"type":"frontend", "ope":"simdata", "time":1759991253533, "data":{"pos":"veh_run", "step_num": 0, "result":{"id":8, "in_network":true, "in_cross":false, "link_id":29, "lane_id":0, "cell_id":14, "x":1238.41, "y":675.844, "cur_spd":14, "last_spd":14}}}[0m
[2025-10-09 14:27:33|0x000035bc][info]	[34m[*] Send: {"type":"frontend", "ope":"simdata", "time":1759991253691, "data":{"pos":"veh_run", "step_num": 0, "result":{"id":9, "in_network":true, "in_cross":false, "link_id":31, "lane_id":0, "cell_id":14, "x":1099.38, "y":773.576, "cur_spd":14, "last_spd":14}}}[0m
