Config Path(WebParam): 31822b26-4b00-4b5a-853c-6eb3af9bf0f8\od.xml
1332CSimuFun::Get_XML_SimConfig: Fault, result is NULL
Dir: D:\traffic_pj\java_bk_pib\SimEngPIB-main\SimEngPI[0m
[2025-09-13 20:21:16|0x00005a34][info]	[34m[+] Set SimID test Over![0m
[2025-09-13 20:21:16|0x00005a34][info]	[34m[+] Set SimFiles Path: 31822b26-4b00-4b5a-853c-6eb3af9bf0f8 Over![0m
[2025-09-13 20:21:16|0x00005a34][info]	[34m[+] Use RoadNetwork File: 31822b26-4b00-4b5a-853c-6eb3af9bf0f8\map2.xml[0m
[2025-09-13 20:21:16|0x00005a34][info]	[34m[+] Use OD File: 31822b26-4b00-4b5a-853c-6eb3af9bf0f8\od.xml[0m
[2025-09-13 20:21:16|0x00005a34][info]	[34m[-] Launch as no plug-in![0m
[2025-09-13 20:21:16|0x00005a34][info]	[34m[+] Base Initialization Complete![0m
[2025-09-13 20:21:16|0x00005a34][debug]	[32m[#] Connected to 127.0.0.1:3822/ws/exe/31822b26-4b00-4b5a-853c-6eb3af9bf0f8[0m
[2025-09-13 20:21:16|0x00005a34][info]	[34m[+] Connect websocket to backend ok...[0m
[2025-09-13 20:21:16|0x00005a34][debug]	[32m[#] Recv Msg: {"type":"eng","ope":"hi","time":1757766076518}[0m
[2025-09-13 20:21:16|0x00005a34][info]	[34m[+] Init backend manager ok![0m
[2025-09-13 20:21:19|0x00005a34][debug]	[32m[#] Recv Msg: {"type":"eng","ope":"setdelay","time":1757766079328,"data":{"Delay":59}}[0m
[2025-09-13 20:21:19|0x00005a34][info]	[34m[*] Set New Delay: 59[0m
[2025-09-13 20:21:19|0x00005a34][info]	[34m[*] Send: {"type":"frontend", "ope":"handleope", "time":1757766079330, "data":{"result": "setdelay_ok"}}[0m
[2025-09-13 20:21:22|0x00005a34][debug]	[32m[#] Recv Msg: {"type":"eng","ope":"setmaxstep","time":1757766082491,"data":{"Step":23}}[0m
[2025-09-13 20:21:22|0x00005a34][info]	[34m[+] Set Max Sim Step: 23[0m
[2025-09-13 20:21:22|0x00005a34][info]	[34m[*] Send: {"type":"frontend", "ope":"handleope", "time":1757766082492, "data":{"result": "setmaxstep_ok"}}[0m
[2025-09-13 20:21:24|0x00005a34][debug]	[32m[#] Recv Msg: {"type":"eng","ope":"start","time":1757766084034}[0m
