Config Path(WebParam): 36c4b67d-6342-46ac-b114-225d176ce3d3\od.xml
G_MarginalPoint_Number:4
G_BaseLine_Number:4
G_Cross_Number:1
G_Link_Number:8
G_Lane_Number:32
n\SimEngPI[0m
[2025-10-10 15:26:47|0x00004850][info]	[34m[+] Set SimID test Over![0m
[2025-10-10 15:26:47|0x00004850][info]	[34m[+] Set SimFiles Path: 36c4b67d-6342-46ac-b114-225d176ce3d3 Over![0m
[2025-10-10 15:26:47|0x00004850][info]	[34m[+] Use RoadNetwork File: 36c4b67d-6342-46ac-b114-225d176ce3d3\single.xml[0m
[2025-10-10 15:26:47|0x00004850][info]	[34m[+] Use OD File: 36c4b67d-6342-46ac-b114-225d176ce3d3\od.xml[0m
[2025-10-10 15:26:47|0x00004850][info]	[34m[-] Launch as no plug-in![0m
[2025-10-10 15:26:47|0x00004850][info]	[34m[+] Base Initialization Complete![0m
[2025-10-10 15:26:47|0x00004850][debug]	[32m[#] Connected to 127.0.0.1:3822/ws/exe/36c4b67d-6342-46ac-b114-225d176ce3d3[0m
[2025-10-10 15:26:47|0x00004850][info]	[34m[+] Connect websocket to backend ok...[0m
[2025-10-10 15:26:47|0x00004850][debug]	[32m[#] Recv Msg: {"type":"eng","ope":"hi","time":1760081207835}[0m
[2025-10-10 15:26:47|0x00004850][info]	[34m[+] Init backend manager ok![0m
[2025-10-10 15:27:00|0x00004850][debug]	[32m[#] Recv Msg: {"type":"eng","ope":"setdelay","time":1760081220391,"data":{"Delay":127}}[0m
[2025-10-10 15:27:00|0x00004850][info]	[34m[*] Set New Delay: 127[0m
[2025-10-10 15:27:00|0x00004850][info]	[34m[*] Send: {"type":"frontend", "ope":"handleope", "time":1760081220392, "data":{"result": "setdelay_ok"}}[0m
[2025-10-10 15:27:26|0x00004850][debug]	[32m[#] Recv Msg: {"type":"eng","ope":"start","time":1760081246654}[0m
[2025-10-10 15:27:26|0x00004850][info]	[34m[*] Start(Resume) Sim[0m
[2025-10-10 15:27:26|0x00004850][info]	[34m[*] Send: {"type":"frontend", "ope":"handleope", "time":1760081246657, "data":{"result": "start_ok"}}[0m
[2025-10-10 15:27:26|0x00000594][info]	[34m[*] Send: {"type":"frontend", "ope":"simdata", "time":1760081246800, "data":{"pos":"produce_veh", "step_num": 0, "result":[{"id":0, "link_id":0, "lane_id":1, "cell_id":0, "x":382, "y":412, "speed":14, "router":"0 5"}]}}[0m
[2025-10-10 15:27:26|0x00000594][info]	[34m[*] Send: {"type":"frontend", "ope":"simdata", "time":1760081246938, "data":{"pos":"produce_veh", "step_num": 0, "result":[{"id":1, "link_id":3, "lane_id":0, "cell_id":0, "x":862, "y":392, "speed":14, "router":"3 2"}]}}[0m
[2025-10-10 15:27:27|0x00000594][info]	[34m[*] Send: {"type":"frontend", "ope":"simdata", "time":1760081247066, "data":{"pos":"produce_veh", "step_num": 0, "result":[{"id":2, "link_id":4, "lane_id":2, "cell_id":0, "x":597, "y":184, "speed":14, "router":"4 2"}]}}[0m
[2025-10-10 15:27:27|0x00000594][info]	[34m[*] Send: {"type":"frontend", "ope":"simdata", "time":1760081247201, "data":{"pos":"produce_veh", "step_num": 0, "result":[{"id":3, "link_id":7, "lane_id":0, "cell_id":0, "x":627, "y":626, "speed":14, "router":"7 5"}]}}[0m
[2025-10-10 15:27:27|0x00000594][info]	[34m[*] Send: {"type":"frontend", "ope":"simdata", "time":1760081247332, "data":{"pos":"veh_run", "step_num": 0, "result":{"id":0, "in_network":true, "in_cross":false, "link_id":0, "lane_id":1, "cell_id":14, "x":396, "y":412, "cur_spd":14, "last_spd":14}}}[0m
[2025-10-10 15:27:27|0x00000594][info]	[34m[*] Send: {"type":"frontend", "ope":"simdata", "time":1760081247467, "data":{"pos":"veh_run", "step_num": 0, "result":{"id":1, "in_network":true, "in_cross":false, "link_id":3, "lane_id":0, "cell_id":14, "x":848, "y":392, "cur_spd":14, "last_spd":14}}}[0m
[2025-10-10 15:27:27|0x00000594][info]	[34m[*] Send: {"type":"frontend", "ope":"simdata", "time":1760081247606, "data":{"pos":"veh_run", "step_num": 0, "result":{"id":2, "in_network":true, "in_cross":false, "link_id":4, "lane_id":2, "cell_id":14, "x":597, "y":198, "cur_spd":14, "last_spd":14}}}[0m
[2025-10-10 15:27:27|0x00000594][info]	[34m[*] Send: {"type":"frontend", "ope":"simdata", "time":1760081247748, "data":{"pos":"veh_run", "step_num": 0, "result":{"id":3, "in_network":true, "in_cross":false, "link_id":7, "lane_id":0, "cell_id":14, "x":627, "y":612, "cur_spd":14, "last_spd":14}}}[0m
[2025-10-10 15:27:27|0x00000594][info]	[34m[*] Send: {"type":"frontend", "ope":"simdata", "time":1760081247881, "data":{"pos":"controller_run", "step_num": 0, "result":{ "cross_id":5, "phases": [{"id":0, "color":"G", "x":607, "y":356},
{"id":1, "color":"R", "x":617, "y":356},
{"id":2, "color":"G", "x":587, "y":356},
{"id":3, "color":"R", "x":581, "y":412},
{"id":4, "color":"R", "x":581, "y":402},
{"id":5, "color":"R", "x":581, "y":432}] }}}[0m
[2025-10-10 15:27:27|0x00000594][info]	[34m[*] Send: {"type":"frontend", "ope":"simdata", "time":1760081247881, "data":{ "pos":"sim_one_step", "over_step:":0, "next_step":1 }}[0m
[2025-10-10 15:27:28|0x00000594][info]	[34m[*] Send: {"type":"frontend", "ope":"simdata", "time":1760081248012, "data":{"pos":"veh_run", "step_num": 1, "result":{"id":0, "in_network":true, "in_cross":false, "link_id":0, "lane_id":1, "cell_id":28, "x":410, "y":412, "cur_spd":14, "last_spd":14}}}[0m
[2025-10-10 15:27:28|0x00000594][info]	[34m[*] Send: {"type":"frontend", "ope":"simdata", "time":1760081248152, "data":{"pos":"veh_run", "step_num": 1, "result":{"id":1, "in_network":true, "in_cross":false, "link_id":3, "lane_id":0, "cell_id":28, "x":834, "y":392, "cur_spd":14, "last_spd":14}}}[0m
[2025-10-10 15:27:28|0x00000594][info]	[34m[*] Send: {"type":"frontend", "ope":"simdata", "time":1760081248281, "data":{"pos":"veh_run", "step_num": 1, "result":{"id":2, "in_network":true, "in_cross":false, "link_id":4, "lane_id":2, "cell_id":28, "x":597, "y":212, "cur_spd":14, "last_spd":14}}}[0m
[2025-10-10 15:27:28|0x00000594][info]	[34m[*] Send: {"type":"frontend", "ope":"simdata", "time":1760081248417, "data":{"pos":"veh_run", "step_num": 1, "result":{"id":3, "in_network":true, "in_cross":false, "link_id":7, "lane_id":0, "cell_id":28, "x":627, "y":598, "cur_spd":14, "last_spd":14}}}[0m
[2025-10-10 15:27:28|0x00000594][info]	[34m[*] Send: {"type":"frontend", "ope":"simdata", "time":1760081248547, "data":{"pos":"controller_run", "step_num": 1, "result":{ "cross_id":5, "phases": [{"id":0, "color":"G", "x":607, "y":356},
{"id":1, "color":"R", "x":617, "y":356},
{"id":2, "color":"G", "x":587, "y":356},
{"id":3, "color":"R", "x":581, "y":412},
{"id":4, "color":"R", "x":581, "y":402},
{"id":5, "color":"R", "x":581, "y":432}] }}}[0m
[2025-10-10 15:27:28|0x00000594][info]	[34m[*] Send: {"type":"frontend", "ope":"simdata", "time":1760081248547, "data":{ "pos":"sim_one_step", "over_step:":1, "next_step":2 }}[0m
[2025-10-10 15:27:28|0x00000594][info]	[34m[*] Send: {"type":"frontend", "ope":"simdata", "time":1760081248689, "data":{"pos":"produce_veh", "step_num": 2, "result":[{"id":4, "link_id":4, "lane_id":3, "cell_id":0, "x":587, "y":184, "speed":14, "router":"4 5"}]}}[0m
[2025-10-10 15:27:28|0x00000594][info]	[34m[*] Send: {"type":"frontend", "ope":"simdata", "time":1760081248817, "data":{"pos":"veh_run", "step_num": 2, "result":{"id":0, "in_network":true, "in_cross":false, "link_id":0, "lane_id":1, "cell_id":42, "x":424, "y":412, "cur_spd":14, "last_spd":14}}}[0m
[2025-10-10 15:27:28|0x00000594][info]	[34m[*] Send: {"type":"frontend", "ope":"simdata", "time":1760081248948, "data":{"pos":"veh_run", "step_num": 2, "result":{"id":1, "in_network":true, "in_cross":false, "link_id":3, "lane_id":0, "cell_id":42, "x":820, "y":392, "cur_spd":14, "last_spd":14}}}[0m
[2025-10-10 15:27:29|0x00000594][info]	[34m[*] Send: {"type":"frontend", "ope":"simdata", "time":1760081249085, "data":{"pos":"veh_run", "step_num": 2, "result":{"id":2, "in_network":true, "in_cross":false, "link_id":4, "lane_id":2, "cell_id":42, "x":597, "y":226, "cur_spd":14, "last_spd":14}}}[0m
[2025-10-10 15:27:29|0x00000594][info]	[34m[*] Send: {"type":"frontend", "ope":"simdata", "time":1760081249225, "data":{"pos":"veh_run", "step_num": 2, "result":{"id":3, "in_network":true, "in_cross":false, "link_id":7, "lane_id":0, "cell_id":42, "x":627, "y":584, "cur_spd":14, "last_spd":14}}}[0m
[2025-10-10 15:27:29|0x00000594][info]	[34m[*] Send: {"type":"frontend", "ope":"simdata", "time":1760081249356, "data":{"pos":"veh_run", "step_num": 2, "result":{"id":4, "in_network":true, "in_cross":false, "link_id":4, "lane_id":3, "cell_id":14, "x":587, "y":198, "cur_spd":14, "last_spd":14}}}[0m
[2025-10-10 15:27:29|0x00000594][info]	[34m[*] Send: {"type":"frontend", "ope":"simdata", "time":1760081249497, "data":{"pos":"controller_run", "step_num": 2, "result":{ "cross_id":5, "phases": [{"id":0, "color":"G", "x":607, "y":356},
{"id":1, "color":"R", "x":617, "y":356},
{"id":2, "color":"G", "x":587, "y":356},
{"id":3, "color":"R", "x":581, "y":412},
{"id":4, "color":"R", "x":581, "y":402},
{"id":5, "color":"R", "x":581, "y":432}] }}}[0m
[2025-10-10 15:27:29|0x00000594][info]	[34m[*] Send: {"type":"frontend", "ope":"simdata", "time":1760081249497, "data":{ "pos":"sim_one_step", "over_step:":2, "next_step":3 }}[0m
[2025-10-10 15:27:29|0x00004850][debug]	[32m[#] Recv Msg: {"type":"eng","ope":"pause","time":1760081249558}[0m
[2025-10-10 15:27:29|0x00004850][info]	[34m[*] Pause Sim[0m
[2025-10-10 15:27:29|0x00004850][info]	[34m[*] Send: {"type":"frontend", "ope":"handleope", "time":1760081249558, "data":{"result": "pause_ok"}}[0m
[2025-10-10 15:27:29|0x00000594][info]	[34m[*] Send: {"type":"frontend", "ope":"simdata", "time":1760081249635, "data":{"pos":"veh_run", "step_num": 3, "result":{"id":0, "in_network":true, "in_cross":false, "link_id":0, "lane_id":0, "cell_id":56, "x":438, "y":402, "cur_spd":14, "last_spd":14}}}[0m
[2025-10-10 15:31:45|0x00004850][debug]	[32m[#] Recv Msg: {"type":"eng","ope":"stop","time":1760081505994}[0m
[2025-10-10 15:31:45|0x00004850][debug]	[32m[#] Connected closed: 127.0.0.1:3822/ws/exe/36c4b67d-6342-46ac-b114-225d176ce3d3[0m
[2025-10-10 15:31:45|0x00004850][info]	[34m[-] connect websocket to backend close...[0m
[2025-10-10 15:31:45|0x00004850][debug]	[32m[#] EXIT![0m
