Config Path(WebParam): 399fecdd-d92d-4b56-9f9f-5f0019129823\od.xml
1332CSimuFun::Get_XML_SimConfig: Fault, result is NULL
Dir: D:\traffic_pj\java_bk_pib\SimEngPIB-main\SimEngPI[0m
[2025-09-13 20:15:11|0x0000722c][info]	[34m[+] Set SimID test Over![0m
[2025-09-13 20:15:11|0x0000722c][info]	[34m[+] Set SimFiles Path: 399fecdd-d92d-4b56-9f9f-5f0019129823 Over![0m
[2025-09-13 20:15:11|0x0000722c][info]	[34m[+] Use RoadNetwork File: 399fecdd-d92d-4b56-9f9f-5f0019129823\map2.xml[0m
[2025-09-13 20:15:11|0x0000722c][info]	[34m[+] Use OD File: 399fecdd-d92d-4b56-9f9f-5f0019129823\od.xml[0m
[2025-09-13 20:15:11|0x0000722c][info]	[34m[-] Launch as no plug-in![0m
[2025-09-13 20:15:11|0x0000722c][info]	[34m[+] Base Initialization Complete![0m
[2025-09-13 20:15:11|0x0000722c][debug]	[32m[#] Connected to 127.0.0.1:3822/ws/exe/399fecdd-d92d-4b56-9f9f-5f0019129823[0m
[2025-09-13 20:15:11|0x0000722c][info]	[34m[+] Connect websocket to backend ok...[0m
[2025-09-13 20:15:11|0x0000722c][debug]	[32m[#] Recv Msg: {"type":"eng","ope":"hi","time":1757765711100}[0m
[2025-09-13 20:15:11|0x0000722c][info]	[34m[+] Init backend manager ok![0m
[2025-09-13 20:15:26|0x0000722c][debug]	[32m[#] Recv Msg: {"type":"eng","ope":"setdelay","time":1757765726321,"data":{"Delay":78}}[0m
[2025-09-13 20:15:26|0x0000722c][info]	[34m[*] Set New Delay: 78[0m
[2025-09-13 20:15:26|0x0000722c][info]	[34m[*] Send: {"type":"frontend", "ope":"handleope", "time":1757765726324, "data":{"result": "setdelay_ok"}}[0m
[2025-09-13 20:15:33|0x0000722c][debug]	[32m[#] Recv Msg: {"type":"eng","ope":"setmaxstep","time":1757765733808,"data":{"Step":10}}[0m
[2025-09-13 20:15:33|0x0000722c][info]	[34m[+] Set Max Sim Step: 10[0m
[2025-09-13 20:15:33|0x0000722c][info]	[34m[*] Send: {"type":"frontend", "ope":"handleope", "time":1757765733811, "data":{"result": "setmaxstep_ok"}}[0m
[2025-09-13 20:15:35|0x0000722c][debug]	[32m[#] Recv Msg: {"type":"eng","ope":"start","time":1757765735160}[0m
