Config Path(WebParam): 4756c22b-686f-42fe-b8a7-ee70fa5fcf5c\od.xml
1332CSimuFun::Get_XML_SimConfig: Fault, result is NULL
Dir: D:\traffic_pj\java_bk_pib\SimEngPIB-main\SimEngPI[0m
[2025-09-13 18:51:43|0x00004924][info]	[34m[+] Set SimID test Over![0m
[2025-09-13 18:51:43|0x00004924][info]	[34m[+] Set SimFiles Path: 4756c22b-686f-42fe-b8a7-ee70fa5fcf5c Over![0m
[2025-09-13 18:51:43|0x00004924][info]	[34m[+] Use RoadNetwork File: 4756c22b-686f-42fe-b8a7-ee70fa5fcf5c\D:\traffic_pj\java_bk_pib\SimEngPIB-main\cache\4756c22b-686f-42fe-b8a7-ee70fa5fcf5c\map2.xml[0m
[2025-09-13 18:51:43|0x00004924][info]	[34m[+] Use OD File: 4756c22b-686f-42fe-b8a7-ee70fa5fcf5c\od.xml[0m
[2025-09-13 18:51:43|0x00004924][info]	[34m[-] Launch as no plug-in![0m
[2025-09-13 18:51:43|0x00004924][info]	[34m[+] Base Initialization Complete![0m
[2025-09-13 18:51:43|0x00004924][debug]	[32m[#] Connected to 127.0.0.1:3822/ws/exe/4756c22b-686f-42fe-b8a7-ee70fa5fcf5c[0m
[2025-09-13 18:51:43|0x00004924][info]	[34m[+] Connect websocket to backend ok...[0m
[2025-09-13 18:51:43|0x00004924][debug]	[32m[#] Recv Msg: {"type":"eng","ope":"hi","time":1757760703703}[0m
[2025-09-13 18:51:43|0x00004924][info]	[34m[+] Init backend manager ok![0m
[2025-09-13 18:51:47|0x00004924][debug]	[32m[#] Recv Msg: {"type":"eng","ope":"setdelay","time":1757760707133,"data":{"Delay":151}}[0m
[2025-09-13 18:51:47|0x00004924][info]	[34m[*] Set New Delay: 151[0m
[2025-09-13 18:51:47|0x00004924][info]	[34m[*] Send: {"type":"frontend", "ope":"handleope", "time":1757760707134, "data":{"result": "setdelay_ok"}}[0m
[2025-09-13 18:51:48|0x00004924][debug]	[32m[#] Recv Msg: {"type":"eng","ope":"setmaxstep","time":1757760708476,"data":{"Step":23}}[0m
[2025-09-13 18:51:48|0x00004924][info]	[34m[+] Set Max Sim Step: 23[0m
[2025-09-13 18:51:48|0x00004924][info]	[34m[*] Send: {"type":"frontend", "ope":"handleope", "time":1757760708476, "data":{"result": "setmaxstep_ok"}}[0m
[2025-09-13 18:51:49|0x00004924][debug]	[32m[#] Recv Msg: {"type":"eng","ope":"start","time":1757760709788}[0m
