Config Path(WebParam): 52a8c39c-d3b7-439d-9248-10cf8bbe5081\od.xml
G_MarginalPoint_Number:3
G_BaseLine_Number:3
G_Cross_Number:1
G_Link_Number:6
G_Lane_Number:18
n\SimEngPI[0m
[2025-10-09 22:21:42|0x00005d94][info]	[34m[+] Set SimID test Over![0m
[2025-10-09 22:21:42|0x00005d94][info]	[34m[+] Set SimFiles Path: 52a8c39c-d3b7-439d-9248-10cf8bbe5081 Over![0m
[2025-10-09 22:21:42|0x00005d94][info]	[34m[+] Use RoadNetwork File: 52a8c39c-d3b7-439d-9248-10cf8bbe5081\t_intersection.xml[0m
[2025-10-09 22:21:42|0x00005d94][info]	[34m[+] Use OD File: 52a8c39c-d3b7-439d-9248-10cf8bbe5081\od.xml[0m
[2025-10-09 22:21:42|0x00005d94][info]	[34m[-] Launch as no plug-in![0m
[2025-10-09 22:21:42|0x00005d94][info]	[34m[+] Base Initialization Complete![0m
[2025-10-09 22:21:42|0x00005d94][debug]	[32m[#] Connected to 127.0.0.1:3822/ws/exe/52a8c39c-d3b7-439d-9248-10cf8bbe5081[0m
[2025-10-09 22:21:42|0x00005d94][info]	[34m[+] Connect websocket to backend ok...[0m
[2025-10-09 22:21:42|0x00005d94][debug]	[32m[#] Recv Msg: {"type":"eng","ope":"hi","time":1760019702438}[0m
[2025-10-09 22:21:42|0x00005d94][info]	[34m[+] Init backend manager ok![0m
[2025-10-09 22:21:49|0x00005d94][debug]	[32m[#] Recv Msg: {"type":"eng","ope":"setdelay","time":1760019709851,"data":{"Delay":44}}[0m
[2025-10-09 22:21:49|0x00005d94][info]	[34m[*] Set New Delay: 44[0m
[2025-10-09 22:21:49|0x00005d94][info]	[34m[*] Send: {"type":"frontend", "ope":"handleope", "time":1760019709853, "data":{"result": "setdelay_ok"}}[0m
[2025-10-09 22:21:50|0x00005d94][debug]	[32m[#] Recv Msg: {"type":"eng","ope":"setmaxstep","time":1760019710937,"data":{"Step":23}}[0m
[2025-10-09 22:21:50|0x00005d94][info]	[34m[+] Set Max Sim Step: 23[0m
[2025-10-09 22:21:50|0x00005d94][info]	[34m[*] Send: {"type":"frontend", "ope":"handleope", "time":1760019710938, "data":{"result": "setmaxstep_ok"}}[0m
[2025-10-09 22:21:51|0x00005d94][debug]	[32m[#] Recv Msg: {"type":"eng","ope":"start","time":1760019711857}[0m
