Config Path(WebParam): 568e4e69-b869-4af8-b5e2-d28db7ffa806\od.xml
G_MarginalPoint_Number:4
G_BaseLine_Number:4
G_Cross_Number:1
G_Link_Number:8
G_Lane_Number:16
n\SimEngPI[0m
[2025-10-09 22:18:40|0x00001ddc][info]	[34m[+] Set SimID test Over![0m
[2025-10-09 22:18:40|0x00001ddc][info]	[34m[+] Set SimFiles Path: 568e4e69-b869-4af8-b5e2-d28db7ffa806 Over![0m
[2025-10-09 22:18:40|0x00001ddc][info]	[34m[+] Use RoadNetwork File: 568e4e69-b869-4af8-b5e2-d28db7ffa806\roundabout.xml[0m
[2025-10-09 22:18:40|0x00001ddc][info]	[34m[+] Use OD File: 568e4e69-b869-4af8-b5e2-d28db7ffa806\od.xml[0m
[2025-10-09 22:18:40|0x00001ddc][info]	[34m[-] Launch as no plug-in![0m
[2025-10-09 22:18:40|0x00001ddc][info]	[34m[+] Base Initialization Complete![0m
[2025-10-09 22:18:40|0x00001ddc][debug]	[32m[#] Connected to 127.0.0.1:3822/ws/exe/568e4e69-b869-4af8-b5e2-d28db7ffa806[0m
[2025-10-09 22:18:40|0x00001ddc][info]	[34m[+] Connect websocket to backend ok...[0m
[2025-10-09 22:18:40|0x00001ddc][debug]	[32m[#] Recv Msg: {"type":"eng","ope":"hi","time":1760019520499}[0m
[2025-10-09 22:18:40|0x00001ddc][info]	[34m[+] Init backend manager ok![0m
[2025-10-09 22:18:43|0x00001ddc][debug]	[32m[#] Recv Msg: {"type":"eng","ope":"setdelay","time":1760019523718,"data":{"Delay":153}}[0m
[2025-10-09 22:18:43|0x00001ddc][info]	[34m[*] Set New Delay: 153[0m
[2025-10-09 22:18:43|0x00001ddc][info]	[34m[*] Send: {"type":"frontend", "ope":"handleope", "time":1760019523719, "data":{"result": "setdelay_ok"}}[0m
[2025-10-09 22:18:44|0x00001ddc][debug]	[32m[#] Recv Msg: {"type":"eng","ope":"setmaxstep","time":1760019524382,"data":{"Step":23}}[0m
[2025-10-09 22:18:44|0x00001ddc][info]	[34m[+] Set Max Sim Step: 23[0m
[2025-10-09 22:18:44|0x00001ddc][info]	[34m[*] Send: {"type":"frontend", "ope":"handleope", "time":1760019524382, "data":{"result": "setmaxstep_ok"}}[0m
[2025-10-09 22:18:45|0x00001ddc][debug]	[32m[#] Recv Msg: {"type":"eng","ope":"start","time":1760019525286}[0m
[2025-10-09 22:18:45|0x00001ddc][info]	[34m[*] Start(Resume) Sim[0m
[2025-10-09 22:18:45|0x00001ddc][info]	[34m[*] Send: {"type":"frontend", "ope":"handleope", "time":1760019525288, "data":{"result": "start_ok"}}[0m
[2025-10-09 22:18:45|0x00003cb0][info]	[34m[*] Send: {"type":"frontend", "ope":"simdata", "time":1760019525445, "data":{"pos":"produce_veh", "step_num": 0, "result":[{"id":0, "link_id":0, "lane_id":1, "cell_id":0, "x":100.503, "y":314.998, "speed":14, "router":"0 1"}]}}[0m
[2025-10-09 22:18:45|0x00003cb0][info]	[34m[*] Send: {"type":"frontend", "ope":"simdata", "time":1760019525600, "data":{"pos":"produce_veh", "step_num": 0, "result":[{"id":1, "link_id":3, "lane_id":0, "cell_id":0, "x":499.499, "y":295.004, "speed":14, "router":"3 6"}]}}[0m
[2025-10-09 22:18:45|0x00003cb0][info]	[34m[*] Send: {"type":"frontend", "ope":"simdata", "time":1760019525755, "data":{"pos":"produce_veh", "step_num": 0, "result":[{"id":2, "link_id":4, "lane_id":0, "cell_id":0, "x":295.001, "y":100.502, "speed":14, "router":"4 2"}]}}[0m
[2025-10-09 22:18:45|0x00003cb0][info]	[34m[*] Send: {"type":"frontend", "ope":"simdata", "time":1760019525909, "data":{"pos":"produce_veh", "step_num": 0, "result":[{"id":3, "link_id":7, "lane_id":0, "cell_id":0, "x":304.996, "y":499.498, "speed":14, "router":"7 6"}]}}[0m
[2025-10-09 22:18:46|0x00003cb0][info]	[34m[*] Send: {"type":"frontend", "ope":"simdata", "time":1760019526064, "data":{"pos":"veh_run", "step_num": 0, "result":{"id":0, "in_network":true, "in_cross":false, "link_id":0, "lane_id":1, "cell_id":14, "x":114.574, "y":314.948, "cur_spd":14, "last_spd":14}}}[0m
[2025-10-09 22:18:46|0x00003cb0][info]	[34m[*] Send: {"type":"frontend", "ope":"simdata", "time":1760019526221, "data":{"pos":"veh_run", "step_num": 0, "result":{"id":1, "in_network":true, "in_cross":false, "link_id":3, "lane_id":0, "cell_id":14, "x":485.477, "y":295.102, "cur_spd":14, "last_spd":14}}}[0m
[2025-10-09 22:18:46|0x00003cb0][info]	[34m[*] Send: {"type":"frontend", "ope":"simdata", "time":1760019526376, "data":{"pos":"veh_run", "step_num": 0, "result":{"id":2, "in_network":true, "in_cross":false, "link_id":4, "lane_id":0, "cell_id":14, "x":295.024, "y":114.555, "cur_spd":14, "last_spd":14}}}[0m
[2025-10-09 22:18:46|0x00003cb0][info]	[34m[*] Send: {"type":"frontend", "ope":"simdata", "time":1760019526534, "data":{"pos":"veh_run", "step_num": 0, "result":{"id":3, "in_network":true, "in_cross":false, "link_id":7, "lane_id":0, "cell_id":14, "x":304.891, "y":485.44, "cur_spd":14, "last_spd":14}}}[0m
