Config Path(WebParam): 56f38a28-69e7-41cf-9fef-cfb0eac80818\od.xml
G_MarginalPoint_Number:4
G_BaseLine_Number:4
G_Cross_Number:1
G_Link_Number:8
G_Lane_Number:32
n\SimEngPI[0m
[2025-10-10 15:04:43|0x00004300][info]	[34m[+] Set SimID test Over![0m
[2025-10-10 15:04:43|0x00004300][info]	[34m[+] Set SimFiles Path: 56f38a28-69e7-41cf-9fef-cfb0eac80818 Over![0m
[2025-10-10 15:04:43|0x00004300][info]	[34m[+] Use RoadNetwork File: 56f38a28-69e7-41cf-9fef-cfb0eac80818\cross_intersection.xml[0m
[2025-10-10 15:04:43|0x00004300][info]	[34m[+] Use OD File: 56f38a28-69e7-41cf-9fef-cfb0eac80818\od.xml[0m
[2025-10-10 15:04:43|0x00004300][info]	[34m[-] Launch as no plug-in![0m
[2025-10-10 15:04:43|0x00004300][info]	[34m[+] Base Initialization Complete![0m
[2025-10-10 15:04:43|0x00004300][debug]	[32m[#] Connected to 127.0.0.1:3822/ws/exe/56f38a28-69e7-41cf-9fef-cfb0eac80818[0m
[2025-10-10 15:04:43|0x00004300][info]	[34m[+] Connect websocket to backend ok...[0m
[2025-10-10 15:04:43|0x00004300][debug]	[32m[#] Recv Msg: {"type":"eng","ope":"hi","time":1760079883224}[0m
[2025-10-10 15:04:43|0x00004300][info]	[34m[+] Init backend manager ok![0m
[2025-10-10 15:04:46|0x00004300][debug]	[32m[#] Recv Msg: {"type":"eng","ope":"setdelay","time":1760079886553,"data":{"Delay":124}}[0m
[2025-10-10 15:04:46|0x00004300][info]	[34m[*] Set New Delay: 124[0m
[2025-10-10 15:04:46|0x00004300][info]	[34m[*] Send: {"type":"frontend", "ope":"handleope", "time":1760079886554, "data":{"result": "setdelay_ok"}}[0m
[2025-10-10 15:04:47|0x00004300][debug]	[32m[#] Recv Msg: {"type":"eng","ope":"setmaxstep","time":1760079887242,"data":{"Step":23}}[0m
[2025-10-10 15:04:47|0x00004300][info]	[34m[+] Set Max Sim Step: 23[0m
[2025-10-10 15:04:47|0x00004300][info]	[34m[*] Send: {"type":"frontend", "ope":"handleope", "time":1760079887243, "data":{"result": "setmaxstep_ok"}}[0m
[2025-10-10 15:04:48|0x00004300][debug]	[32m[#] Recv Msg: {"type":"eng","ope":"start","time":1760079888106}[0m
[2025-10-10 15:04:48|0x00004300][info]	[34m[*] Start(Resume) Sim[0m
[2025-10-10 15:04:48|0x00004300][info]	[34m[*] Send: {"type":"frontend", "ope":"handleope", "time":1760079888111, "data":{"result": "start_ok"}}[0m
[2025-10-10 15:04:48|0x00002ad8][info]	[34m[*] Send: {"type":"frontend", "ope":"simdata", "time":1760079888237, "data":{"pos":"produce_veh", "step_num": 0, "result":[{"id":0, "link_id":0, "lane_id":1, "cell_id":0, "x":200.5, "y":314.965, "speed":14, "router":"0 6"}]}}[0m
[2025-10-10 15:04:48|0x00002ad8][info]	[34m[*] Send: {"type":"frontend", "ope":"simdata", "time":1760079888367, "data":{"pos":"produce_veh", "step_num": 0, "result":[{"id":1, "link_id":3, "lane_id":0, "cell_id":0, "x":599.5, "y":295.013, "speed":14, "router":"3 1"}]}}[0m
[2025-10-10 15:04:48|0x00002ad8][info]	[34m[*] Send: {"type":"frontend", "ope":"simdata", "time":1760079888500, "data":{"pos":"produce_veh", "step_num": 0, "result":[{"id":2, "link_id":4, "lane_id":2, "cell_id":0, "x":375, "y":100, "speed":14, "router":"4 1"}]}}[0m
[2025-10-10 15:04:48|0x00002ad8][info]	[34m[*] Send: {"type":"frontend", "ope":"simdata", "time":1760079888626, "data":{"pos":"produce_veh", "step_num": 0, "result":[{"id":3, "link_id":7, "lane_id":0, "cell_id":0, "x":405, "y":500, "speed":14, "router":"7 5"}]}}[0m
[2025-10-10 15:04:48|0x00002ad8][info]	[34m[*] Send: {"type":"frontend", "ope":"simdata", "time":1760079888758, "data":{"pos":"veh_run", "step_num": 0, "result":{"id":0, "in_network":true, "in_cross":false, "link_id":0, "lane_id":1, "cell_id":14, "x":214.5, "y":313.988, "cur_spd":14, "last_spd":14}}}[0m
[2025-10-10 15:04:48|0x00002ad8][info]	[34m[*] Send: {"type":"frontend", "ope":"simdata", "time":1760079888893, "data":{"pos":"veh_run", "step_num": 0, "result":{"id":1, "in_network":true, "in_cross":false, "link_id":3, "lane_id":0, "cell_id":14, "x":585.5, "y":295.372, "cur_spd":14, "last_spd":14}}}[0m
[2025-10-10 15:04:49|0x00002ad8][info]	[34m[*] Send: {"type":"frontend", "ope":"simdata", "time":1760079889029, "data":{"pos":"veh_run", "step_num": 0, "result":{"id":2, "in_network":true, "in_cross":false, "link_id":4, "lane_id":2, "cell_id":14, "x":375, "y":114, "cur_spd":14, "last_spd":14}}}[0m
[2025-10-10 15:04:49|0x00002ad8][info]	[34m[*] Send: {"type":"frontend", "ope":"simdata", "time":1760079889166, "data":{"pos":"veh_run", "step_num": 0, "result":{"id":3, "in_network":true, "in_cross":false, "link_id":7, "lane_id":0, "cell_id":14, "x":405, "y":486, "cur_spd":14, "last_spd":14}}}[0m
[2025-10-10 15:04:49|0x00002ad8][info]	[34m[*] Send: {"type":"frontend", "ope":"simdata", "time":1760079889293, "data":{"pos":"controller_run", "step_num": 0, "result":{ "cross_id":5, "phases": [{"id":0, "color":"G", "x":385, "y":279},
{"id":1, "color":"R", "x":395, "y":279},
{"id":2, "color":"G", "x":365, "y":279},
{"id":3, "color":"R", "x":414.5, "y":300.035},
{"id":4, "color":"R", "x":404.5, "y":300.012},
{"id":5, "color":"R", "x":434.504, "y":300.074}] }}}[0m
[2025-10-10 15:04:49|0x00002ad8][info]	[34m[*] Send: {"type":"frontend", "ope":"simdata", "time":1760079889293, "data":{ "pos":"sim_one_step", "over_step:":0, "next_step":1 }}[0m
[2025-10-10 15:04:49|0x00002ad8][info]	[34m[*] Send: {"type":"frontend", "ope":"simdata", "time":1760079889421, "data":{"pos":"veh_run", "step_num": 1, "result":{"id":0, "in_network":true, "in_cross":false, "link_id":0, "lane_id":1, "cell_id":28, "x":228.5, "y":313.012, "cur_spd":14, "last_spd":14}}}[0m
[2025-10-10 15:04:49|0x00002ad8][info]	[34m[*] Send: {"type":"frontend", "ope":"simdata", "time":1760079889550, "data":{"pos":"veh_run", "step_num": 1, "result":{"id":1, "in_network":true, "in_cross":false, "link_id":3, "lane_id":0, "cell_id":28, "x":571.5, "y":295.731, "cur_spd":14, "last_spd":14}}}[0m
[2025-10-10 15:04:49|0x00002ad8][info]	[34m[*] Send: {"type":"frontend", "ope":"simdata", "time":1760079889679, "data":{"pos":"veh_run", "step_num": 1, "result":{"id":2, "in_network":true, "in_cross":false, "link_id":4, "lane_id":2, "cell_id":28, "x":375, "y":128, "cur_spd":14, "last_spd":14}}}[0m
[2025-10-10 15:04:49|0x00002ad8][info]	[34m[*] Send: {"type":"frontend", "ope":"simdata", "time":1760079889816, "data":{"pos":"veh_run", "step_num": 1, "result":{"id":3, "in_network":true, "in_cross":false, "link_id":7, "lane_id":0, "cell_id":28, "x":405, "y":472, "cur_spd":14, "last_spd":14}}}[0m
[2025-10-10 15:04:49|0x00002ad8][info]	[34m[*] Send: {"type":"frontend", "ope":"simdata", "time":1760079889951, "data":{"pos":"controller_run", "step_num": 1, "result":{ "cross_id":5, "phases": [{"id":0, "color":"G", "x":385, "y":279},
{"id":1, "color":"R", "x":395, "y":279},
{"id":2, "color":"G", "x":365, "y":279},
{"id":3, "color":"R", "x":414.5, "y":300.035},
{"id":4, "color":"R", "x":404.5, "y":300.012},
{"id":5, "color":"R", "x":434.504, "y":300.074}] }}}[0m
[2025-10-10 15:04:49|0x00002ad8][info]	[34m[*] Send: {"type":"frontend", "ope":"simdata", "time":1760079889951, "data":{ "pos":"sim_one_step", "over_step:":1, "next_step":2 }}[0m
[2025-10-10 15:04:50|0x00002ad8][info]	[34m[*] Send: {"type":"frontend", "ope":"simdata", "time":1760079890082, "data":{"pos":"produce_veh", "step_num": 2, "result":[{"id":4, "link_id":3, "lane_id":3, "cell_id":0, "x":599.509, "y":265.104, "speed":14, "router":"3 2"}]}}[0m
[2025-10-10 15:04:50|0x00002ad8][info]	[34m[*] Send: {"type":"frontend", "ope":"simdata", "time":1760079890210, "data":{"pos":"veh_run", "step_num": 2, "result":{"id":0, "in_network":true, "in_cross":false, "link_id":0, "lane_id":1, "cell_id":42, "x":242.5, "y":312.035, "cur_spd":14, "last_spd":14}}}[0m
[2025-10-10 15:04:50|0x00002ad8][info]	[34m[*] Send: {"type":"frontend", "ope":"simdata", "time":1760079890342, "data":{"pos":"veh_run", "step_num": 2, "result":{"id":1, "in_network":true, "in_cross":false, "link_id":3, "lane_id":0, "cell_id":42, "x":557.5, "y":296.09, "cur_spd":14, "last_spd":14}}}[0m
[2025-10-10 15:04:50|0x00002ad8][info]	[34m[*] Send: {"type":"frontend", "ope":"simdata", "time":1760079890472, "data":{"pos":"veh_run", "step_num": 2, "result":{"id":2, "in_network":true, "in_cross":false, "link_id":4, "lane_id":3, "cell_id":28, "x":365, "y":128, "cur_spd":14, "last_spd":14}}}[0m
[2025-10-10 15:04:50|0x00002ad8][info]	[34m[*] Send: {"type":"frontend", "ope":"simdata", "time":1760079890602, "data":{"pos":"veh_run", "step_num": 2, "result":{"id":3, "in_network":true, "in_cross":false, "link_id":7, "lane_id":1, "cell_id":28, "x":415, "y":472, "cur_spd":14, "last_spd":14}}}[0m
[2025-10-10 15:04:50|0x00002ad8][info]	[34m[*] Send: {"type":"frontend", "ope":"simdata", "time":1760079890736, "data":{"pos":"veh_run", "step_num": 2, "result":{"id":4, "in_network":true, "in_cross":false, "link_id":3, "lane_id":3, "cell_id":14, "x":585.759, "y":268.021, "cur_spd":14, "last_spd":14}}}[0m
[2025-10-10 15:04:50|0x00002ad8][info]	[34m[*] Send: {"type":"frontend", "ope":"simdata", "time":1760079890872, "data":{"pos":"controller_run", "step_num": 2, "result":{ "cross_id":5, "phases": [{"id":0, "color":"G", "x":385, "y":279},
{"id":1, "color":"R", "x":395, "y":279},
{"id":2, "color":"G", "x":365, "y":279},
{"id":3, "color":"R", "x":414.5, "y":300.035},
{"id":4, "color":"R", "x":404.5, "y":300.012},
{"id":5, "color":"R", "x":434.504, "y":300.074}] }}}[0m
[2025-10-10 15:04:50|0x00002ad8][info]	[34m[*] Send: {"type":"frontend", "ope":"simdata", "time":1760079890872, "data":{ "pos":"sim_one_step", "over_step:":2, "next_step":3 }}[0m
[2025-10-10 15:04:50|0x00002ad8][info]	[34m[*] Send: {"type":"frontend", "ope":"simdata", "time":1760079890999, "data":{"pos":"veh_run", "step_num": 3, "result":{"id":0, "in_network":true, "in_cross":false, "link_id":0, "lane_id":1, "cell_id":56, "x":256.5, "y":311.058, "cur_spd":14, "last_spd":14}}}[0m
[2025-10-10 15:04:51|0x00002ad8][info]	[34m[*] Send: {"type":"frontend", "ope":"simdata", "time":1760079891134, "data":{"pos":"veh_run", "step_num": 3, "result":{"id":1, "in_network":true, "in_cross":false, "link_id":3, "lane_id":0, "cell_id":56, "x":543.5, "y":296.449, "cur_spd":14, "last_spd":14}}}[0m
[2025-10-10 15:04:51|0x00002ad8][info]	[34m[*] Send: {"type":"frontend", "ope":"simdata", "time":1760079891264, "data":{"pos":"veh_run", "step_num": 3, "result":{"id":2, "in_network":true, "in_cross":false, "link_id":4, "lane_id":3, "cell_id":42, "x":365, "y":142, "cur_spd":14, "last_spd":14}}}[0m
[2025-10-10 15:04:51|0x00002ad8][info]	[34m[*] Send: {"type":"frontend", "ope":"simdata", "time":1760079891395, "data":{"pos":"veh_run", "step_num": 3, "result":{"id":3, "in_network":true, "in_cross":false, "link_id":7, "lane_id":1, "cell_id":42, "x":415, "y":458, "cur_spd":14, "last_spd":14}}}[0m
[2025-10-10 15:04:51|0x00002ad8][info]	[34m[*] Send: {"type":"frontend", "ope":"simdata", "time":1760079891521, "data":{"pos":"veh_run", "step_num": 3, "result":{"id":4, "in_network":true, "in_cross":false, "link_id":3, "lane_id":3, "cell_id":28, "x":572.009, "y":270.937, "cur_spd":14, "last_spd":14}}}[0m
[2025-10-10 15:04:51|0x00002ad8][info]	[34m[*] Send: {"type":"frontend", "ope":"simdata", "time":1760079891656, "data":{"pos":"controller_run", "step_num": 3, "result":{ "cross_id":5, "phases": [{"id":0, "color":"G", "x":385, "y":279},
{"id":1, "color":"R", "x":395, "y":279},
{"id":2, "color":"G", "x":365, "y":279},
{"id":3, "color":"R", "x":414.5, "y":300.035},
{"id":4, "color":"R", "x":404.5, "y":300.012},
{"id":5, "color":"R", "x":434.504, "y":300.074}] }}}[0m
[2025-10-10 15:04:51|0x00002ad8][info]	[34m[*] Send: {"type":"frontend", "ope":"simdata", "time":1760079891656, "data":{ "pos":"sim_one_step", "over_step:":3, "next_step":4 }}[0m
[2025-10-10 15:04:51|0x00002ad8][info]	[34m[*] Send: {"type":"frontend", "ope":"simdata", "time":1760079891787, "data":{"pos":"veh_run", "step_num": 4, "result":{"id":0, "in_network":true, "in_cross":false, "link_id":0, "lane_id":2, "cell_id":56, "x":256.25, "y":318.75, "cur_spd":14, "last_spd":14}}}[0m
[2025-10-10 15:04:51|0x00002ad8][info]	[34m[*] Send: {"type":"frontend", "ope":"simdata", "time":1760079891929, "data":{"pos":"veh_run", "step_num": 4, "result":{"id":1, "in_network":true, "in_cross":false, "link_id":3, "lane_id":1, "cell_id":56, "x":543.5, "y":289.581, "cur_spd":14, "last_spd":14}}}[0m
[2025-10-10 15:04:52|0x00002ad8][info]	[34m[*] Send: {"type":"frontend", "ope":"simdata", "time":1760079892065, "data":{"pos":"veh_run", "step_num": 4, "result":{"id":2, "in_network":true, "in_cross":false, "link_id":4, "lane_id":3, "cell_id":56, "x":365, "y":156, "cur_spd":14, "last_spd":14}}}[0m
[2025-10-10 15:04:52|0x00002ad8][info]	[34m[*] Send: {"type":"frontend", "ope":"simdata", "time":1760079892202, "data":{"pos":"veh_run", "step_num": 4, "result":{"id":3, "in_network":true, "in_cross":false, "link_id":7, "lane_id":1, "cell_id":56, "x":415, "y":444, "cur_spd":14, "last_spd":14}}}[0m
[2025-10-10 15:04:52|0x00002ad8][info]	[34m[*] Send: {"type":"frontend", "ope":"simdata", "time":1760079892340, "data":{"pos":"veh_run", "step_num": 4, "result":{"id":4, "in_network":true, "in_cross":false, "link_id":3, "lane_id":2, "cell_id":42, "x":557.741, "y":281.037, "cur_spd":14, "last_spd":14}}}[0m
[2025-10-10 15:04:52|0x00002ad8][info]	[34m[*] Send: {"type":"frontend", "ope":"simdata", "time":1760079892475, "data":{"pos":"controller_run", "step_num": 4, "result":{ "cross_id":5, "phases": [{"id":0, "color":"G", "x":385, "y":279},
{"id":1, "color":"R", "x":395, "y":279},
{"id":2, "color":"G", "x":365, "y":279},
{"id":3, "color":"R", "x":414.5, "y":300.035},
{"id":4, "color":"R", "x":404.5, "y":300.012},
{"id":5, "color":"R", "x":434.504, "y":300.074}] }}}[0m
[2025-10-10 15:04:52|0x00002ad8][info]	[34m[*] Send: {"type":"frontend", "ope":"simdata", "time":1760079892475, "data":{ "pos":"sim_one_step", "over_step:":4, "next_step":5 }}[0m
[2025-10-10 15:04:52|0x00002ad8][info]	[34m[*] Send: {"type":"frontend", "ope":"simdata", "time":1760079892614, "data":{"pos":"produce_veh", "step_num": 5, "result":[{"id":5, "link_id":7, "lane_id":3, "cell_id":0, "x":435, "y":500, "speed":14, "router":"7 1"}]}}[0m
[2025-10-10 15:04:52|0x00002ad8][info]	[34m[*] Send: {"type":"frontend", "ope":"simdata", "time":1760079892750, "data":{"pos":"veh_run", "step_num": 5, "result":{"id":0, "in_network":true, "in_cross":false, "link_id":0, "lane_id":2, "cell_id":70, "x":270.188, "y":317.201, "cur_spd":14, "last_spd":14}}}[0m
[2025-10-10 15:04:52|0x00002ad8][info]	[34m[*] Send: {"type":"frontend", "ope":"simdata", "time":1760079892880, "data":{"pos":"veh_run", "step_num": 5, "result":{"id":1, "in_network":true, "in_cross":false, "link_id":3, "lane_id":1, "cell_id":70, "x":529.5, "y":290.716, "cur_spd":14, "last_spd":14}}}[0m
[2025-10-10 15:04:53|0x00002ad8][info]	[34m[*] Send: {"type":"frontend", "ope":"simdata", "time":1760079893014, "data":{"pos":"veh_run", "step_num": 5, "result":{"id":2, "in_network":true, "in_cross":false, "link_id":4, "lane_id":3, "cell_id":70, "x":365, "y":170, "cur_spd":14, "last_spd":14}}}[0m
[2025-10-10 15:04:53|0x00002ad8][info]	[34m[*] Send: {"type":"frontend", "ope":"simdata", "time":1760079893142, "data":{"pos":"veh_run", "step_num": 5, "result":{"id":3, "in_network":true, "in_cross":false, "link_id":7, "lane_id":1, "cell_id":70, "x":415, "y":430, "cur_spd":14, "last_spd":14}}}[0m
[2025-10-10 15:04:53|0x00002ad8][info]	[34m[*] Send: {"type":"frontend", "ope":"simdata", "time":1760079893279, "data":{"pos":"veh_run", "step_num": 5, "result":{"id":4, "in_network":true, "in_cross":false, "link_id":3, "lane_id":2, "cell_id":56, "x":543.821, "y":283.026, "cur_spd":14, "last_spd":14}}}[0m
[2025-10-10 15:04:53|0x00002ad8][info]	[34m[*] Send: {"type":"frontend", "ope":"simdata", "time":1760079893419, "data":{"pos":"veh_run", "step_num": 5, "result":{"id":5, "in_network":true, "in_cross":false, "link_id":7, "lane_id":3, "cell_id":14, "x":435, "y":486, "cur_spd":14, "last_spd":14}}}[0m
[2025-10-10 15:04:53|0x00002ad8][info]	[34m[*] Send: {"type":"frontend", "ope":"simdata", "time":1760079893552, "data":{"pos":"controller_run", "step_num": 5, "result":{ "cross_id":5, "phases": [{"id":0, "color":"G", "x":385, "y":279},
{"id":1, "color":"R", "x":395, "y":279},
{"id":2, "color":"G", "x":365, "y":279},
{"id":3, "color":"R", "x":414.5, "y":300.035},
{"id":4, "color":"R", "x":404.5, "y":300.012},
{"id":5, "color":"R", "x":434.504, "y":300.074}] }}}[0m
[2025-10-10 15:04:53|0x00002ad8][info]	[34m[*] Send: {"type":"frontend", "ope":"simdata", "time":1760079893552, "data":{ "pos":"sim_one_step", "over_step:":5, "next_step":6 }}[0m
[2025-10-10 15:04:53|0x00002ad8][info]	[34m[*] Send: {"type":"frontend", "ope":"simdata", "time":1760079893688, "data":{"pos":"veh_run", "step_num": 6, "result":{"id":0, "in_network":true, "in_cross":false, "link_id":0, "lane_id":2, "cell_id":84, "x":284.126, "y":315.653, "cur_spd":14, "last_spd":14}}}[0m
[2025-10-10 15:04:53|0x00002ad8][info]	[34m[*] Send: {"type":"frontend", "ope":"simdata", "time":1760079893825, "data":{"pos":"veh_run", "step_num": 6, "result":{"id":1, "in_network":true, "in_cross":false, "link_id":3, "lane_id":1, "cell_id":84, "x":515.5, "y":291.851, "cur_spd":14, "last_spd":14}}}[0m
[2025-10-10 15:04:53|0x00002ad8][info]	[34m[*] Send: {"type":"frontend", "ope":"simdata", "time":1760079893958, "data":{"pos":"veh_run", "step_num": 6, "result":{"id":2, "in_network":true, "in_cross":false, "link_id":4, "lane_id":3, "cell_id":84, "x":365, "y":184, "cur_spd":14, "last_spd":14}}}[0m
[2025-10-10 15:04:54|0x00002ad8][info]	[34m[*] Send: {"type":"frontend", "ope":"simdata", "time":1760079894086, "data":{"pos":"veh_run", "step_num": 6, "result":{"id":3, "in_network":true, "in_cross":false, "link_id":7, "lane_id":1, "cell_id":84, "x":415, "y":416, "cur_spd":14, "last_spd":14}}}[0m
[2025-10-10 15:04:54|0x00002ad8][info]	[34m[*] Send: {"type":"frontend", "ope":"simdata", "time":1760079894211, "data":{"pos":"veh_run", "step_num": 6, "result":{"id":4, "in_network":true, "in_cross":false, "link_id":3, "lane_id":1, "cell_id":70, "x":529.5, "y":290.716, "cur_spd":13, "last_spd":14}}}[0m
[2025-10-10 15:04:54|0x00002ad8][info]	[34m[*] Send: {"type":"frontend", "ope":"simdata", "time":1760079894344, "data":{"pos":"veh_run", "step_num": 6, "result":{"id":5, "in_network":true, "in_cross":false, "link_id":7, "lane_id":3, "cell_id":28, "x":435, "y":472, "cur_spd":14, "last_spd":14}}}[0m
[2025-10-10 15:04:54|0x00002ad8][info]	[34m[*] Send: {"type":"frontend", "ope":"simdata", "time":1760079894480, "data":{"pos":"controller_run", "step_num": 6, "result":{ "cross_id":5, "phases": [{"id":0, "color":"G", "x":385, "y":279},
{"id":1, "color":"R", "x":395, "y":279},
{"id":2, "color":"G", "x":365, "y":279},
{"id":3, "color":"R", "x":414.5, "y":300.035},
{"id":4, "color":"R", "x":404.5, "y":300.012},
{"id":5, "color":"R", "x":434.504, "y":300.074}] }}}[0m
[2025-10-10 15:04:54|0x00002ad8][info]	[34m[*] Send: {"type":"frontend", "ope":"simdata", "time":1760079894480, "data":{ "pos":"sim_one_step", "over_step:":6, "next_step":7 }}[0m
[2025-10-10 15:04:54|0x00002ad8][info]	[34m[*] Send: {"type":"frontend", "ope":"simdata", "time":1760079894610, "data":{"pos":"veh_run", "step_num": 7, "result":{"id":0, "in_network":true, "in_cross":false, "link_id":0, "lane_id":2, "cell_id":98, "x":298.064, "y":314.104, "cur_spd":14, "last_spd":14}}}[0m
[2025-10-10 15:04:54|0x00002ad8][info]	[34m[*] Send: {"type":"frontend", "ope":"simdata", "time":1760079894745, "data":{"pos":"veh_run", "step_num": 7, "result":{"id":1, "in_network":true, "in_cross":false, "link_id":3, "lane_id":1, "cell_id":98, "x":501.5, "y":292.986, "cur_spd":14, "last_spd":14}}}[0m
[2025-10-10 15:04:54|0x00002ad8][info]	[34m[*] Send: {"type":"frontend", "ope":"simdata", "time":1760079894880, "data":{"pos":"veh_run", "step_num": 7, "result":{"id":2, "in_network":true, "in_cross":false, "link_id":4, "lane_id":3, "cell_id":98, "x":365, "y":198, "cur_spd":14, "last_spd":14}}}[0m
[2025-10-10 15:04:55|0x00002ad8][info]	[34m[*] Send: {"type":"frontend", "ope":"simdata", "time":1760079895010, "data":{"pos":"veh_run", "step_num": 7, "result":{"id":3, "in_network":true, "in_cross":false, "link_id":7, "lane_id":1, "cell_id":98, "x":415, "y":402, "cur_spd":14, "last_spd":14}}}[0m
[2025-10-10 15:04:55|0x00002ad8][info]	[34m[*] Send: {"type":"frontend", "ope":"simdata", "time":1760079895142, "data":{"pos":"veh_run", "step_num": 7, "result":{"id":4, "in_network":true, "in_cross":false, "link_id":3, "lane_id":1, "cell_id":84, "x":515.5, "y":291.851, "cur_spd":14, "last_spd":13}}}[0m
[2025-10-10 15:04:55|0x00002ad8][info]	[34m[*] Send: {"type":"frontend", "ope":"simdata", "time":1760079895274, "data":{"pos":"veh_run", "step_num": 7, "result":{"id":5, "in_network":true, "in_cross":false, "link_id":7, "lane_id":3, "cell_id":42, "x":435, "y":458, "cur_spd":14, "last_spd":14}}}[0m
[2025-10-10 15:04:55|0x00002ad8][info]	[34m[*] Send: {"type":"frontend", "ope":"simdata", "time":1760079895400, "data":{"pos":"controller_run", "step_num": 7, "result":{ "cross_id":5, "phases": [{"id":0, "color":"G", "x":385, "y":279},
{"id":1, "color":"R", "x":395, "y":279},
{"id":2, "color":"G", "x":365, "y":279},
{"id":3, "color":"R", "x":414.5, "y":300.035},
{"id":4, "color":"R", "x":404.5, "y":300.012},
{"id":5, "color":"R", "x":434.504, "y":300.074}] }}}[0m
[2025-10-10 15:04:55|0x00002ad8][info]	[34m[*] Send: {"type":"frontend", "ope":"simdata", "time":1760079895400, "data":{ "pos":"sim_one_step", "over_step:":7, "next_step":8 }}[0m
[2025-10-10 15:04:55|0x00002ad8][info]	[34m[*] Send: {"type":"frontend", "ope":"simdata", "time":1760079895530, "data":{"pos":"veh_run", "step_num": 8, "result":{"id":0, "in_network":true, "in_cross":false, "link_id":0, "lane_id":3, "cell_id":98, "x":297.669, "y":320.454, "cur_spd":14, "last_spd":14}}}[0m
[2025-10-10 15:04:55|0x00002ad8][info]	[34m[*] Send: {"type":"frontend", "ope":"simdata", "time":1760079895662, "data":{"pos":"veh_run", "step_num": 8, "result":{"id":1, "in_network":true, "in_cross":false, "link_id":3, "lane_id":1, "cell_id":112, "x":487.5, "y":294.122, "cur_spd":14, "last_spd":14}}}[0m
[2025-10-10 15:04:55|0x00002ad8][info]	[34m[*] Send: {"type":"frontend", "ope":"simdata", "time":1760079895788, "data":{"pos":"veh_run", "step_num": 8, "result":{"id":2, "in_network":true, "in_cross":false, "link_id":4, "lane_id":3, "cell_id":112, "x":365, "y":212, "cur_spd":14, "last_spd":14}}}[0m
[2025-10-10 15:04:55|0x00002ad8][info]	[34m[*] Send: {"type":"frontend", "ope":"simdata", "time":1760079895925, "data":{"pos":"veh_run", "step_num": 8, "result":{"id":3, "in_network":true, "in_cross":false, "link_id":7, "lane_id":1, "cell_id":112, "x":415, "y":388, "cur_spd":14, "last_spd":14}}}[0m
[2025-10-10 15:04:56|0x00002ad8][info]	[34m[*] Send: {"type":"frontend", "ope":"simdata", "time":1760079896060, "data":{"pos":"veh_run", "step_num": 8, "result":{"id":4, "in_network":true, "in_cross":false, "link_id":3, "lane_id":0, "cell_id":98, "x":501.5, "y":297.526, "cur_spd":14, "last_spd":14}}}[0m
[2025-10-10 15:04:56|0x00002ad8][info]	[34m[*] Send: {"type":"frontend", "ope":"simdata", "time":1760079896187, "data":{"pos":"veh_run", "step_num": 8, "result":{"id":5, "in_network":true, "in_cross":false, "link_id":7, "lane_id":2, "cell_id":56, "x":425, "y":444, "cur_spd":14, "last_spd":14}}}[0m
[2025-10-10 15:04:56|0x00002ad8][info]	[34m[*] Send: {"type":"frontend", "ope":"simdata", "time":1760079896315, "data":{"pos":"controller_run", "step_num": 8, "result":{ "cross_id":5, "phases": [{"id":0, "color":"G", "x":385, "y":279},
{"id":1, "color":"R", "x":395, "y":279},
{"id":2, "color":"G", "x":365, "y":279},
{"id":3, "color":"R", "x":414.5, "y":300.035},
{"id":4, "color":"R", "x":404.5, "y":300.012},
{"id":5, "color":"R", "x":434.504, "y":300.074}] }}}[0m
[2025-10-10 15:04:56|0x00002ad8][info]	[34m[*] Send: {"type":"frontend", "ope":"simdata", "time":1760079896315, "data":{ "pos":"sim_one_step", "over_step:":8, "next_step":9 }}[0m
[2025-10-10 15:04:56|0x00002ad8][info]	[34m[*] Send: {"type":"frontend", "ope":"simdata", "time":1760079896441, "data":{"pos":"veh_run", "step_num": 9, "result":{"id":0, "in_network":true, "in_cross":false, "link_id":0, "lane_id":3, "cell_id":112, "x":311.551, "y":318.386, "cur_spd":14, "last_spd":14}}}[0m
[2025-10-10 15:04:56|0x00002ad8][info]	[34m[*] Send: {"type":"frontend", "ope":"simdata", "time":1760079896571, "data":{"pos":"veh_run", "step_num": 9, "result":{"id":1, "in_network":true, "in_cross":false, "link_id":3, "lane_id":1, "cell_id":126, "x":473.5, "y":295.257, "cur_spd":14, "last_spd":14}}}[0m
[2025-10-10 15:04:56|0x00002ad8][info]	[34m[*] Send: {"type":"frontend", "ope":"simdata", "time":1760079896702, "data":{"pos":"veh_run", "step_num": 9, "result":{"id":2, "in_network":true, "in_cross":false, "link_id":4, "lane_id":3, "cell_id":126, "x":365, "y":226, "cur_spd":14, "last_spd":14}}}[0m
[2025-10-10 15:04:56|0x00002ad8][info]	[34m[*] Send: {"type":"frontend", "ope":"simdata", "time":1760079896835, "data":{"pos":"veh_run", "step_num": 9, "result":{"id":3, "in_network":true, "in_cross":false, "link_id":7, "lane_id":1, "cell_id":126, "x":415, "y":374, "cur_spd":14, "last_spd":14}}}[0m
[2025-10-10 15:04:56|0x00002ad8][info]	[34m[*] Send: {"type":"frontend", "ope":"simdata", "time":1760079896960, "data":{"pos":"veh_run", "step_num": 9, "result":{"id":4, "in_network":true, "in_cross":false, "link_id":3, "lane_id":0, "cell_id":112, "x":487.5, "y":297.885, "cur_spd":14, "last_spd":14}}}[0m
[2025-10-10 15:04:57|0x00002ad8][info]	[34m[*] Send: {"type":"frontend", "ope":"simdata", "time":1760079897100, "data":{"pos":"veh_run", "step_num": 9, "result":{"id":5, "in_network":true, "in_cross":false, "link_id":7, "lane_id":2, "cell_id":70, "x":425, "y":430, "cur_spd":14, "last_spd":14}}}[0m
[2025-10-10 15:04:57|0x00002ad8][info]	[34m[*] Send: {"type":"frontend", "ope":"simdata", "time":1760079897230, "data":{"pos":"controller_run", "step_num": 9, "result":{ "cross_id":5, "phases": [{"id":0, "color":"G", "x":385, "y":279},
{"id":1, "color":"R", "x":395, "y":279},
{"id":2, "color":"G", "x":365, "y":279},
{"id":3, "color":"R", "x":414.5, "y":300.035},
{"id":4, "color":"R", "x":404.5, "y":300.012},
{"id":5, "color":"R", "x":434.504, "y":300.074}] }}}[0m
[2025-10-10 15:04:57|0x00002ad8][info]	[34m[*] Send: {"type":"frontend", "ope":"simdata", "time":1760079897230, "data":{ "pos":"sim_one_step", "over_step:":9, "next_step":10 }}[0m
[2025-10-10 15:04:57|0x00002ad8][info]	[34m[*] Send: {"type":"frontend", "ope":"simdata", "time":1760079897365, "data":{"pos":"veh_run", "step_num": 10, "result":{"id":0, "in_network":true, "in_cross":false, "link_id":0, "lane_id":3, "cell_id":126, "x":325.432, "y":316.319, "cur_spd":14, "last_spd":14}}}[0m
[2025-10-10 15:04:57|0x00002ad8][info]	[34m[*] Send: {"type":"frontend", "ope":"simdata", "time":1760079897490, "data":{"pos":"veh_run", "step_num": 10, "result":{"id":1, "in_network":true, "in_cross":false, "link_id":3, "lane_id":1, "cell_id":140, "x":459.5, "y":296.392, "cur_spd":14, "last_spd":14}}}[0m
[2025-10-10 15:04:57|0x00002ad8][info]	[34m[*] Send: {"type":"frontend", "ope":"simdata", "time":1760079897625, "data":{"pos":"veh_run", "step_num": 10, "result":{"id":2, "in_network":true, "in_cross":false, "link_id":4, "lane_id":3, "cell_id":140, "x":365, "y":240, "cur_spd":14, "last_spd":14}}}[0m
[2025-10-10 15:04:57|0x00002ad8][info]	[34m[*] Send: {"type":"frontend", "ope":"simdata", "time":1760079897760, "data":{"pos":"veh_run", "step_num": 10, "result":{"id":3, "in_network":true, "in_cross":false, "link_id":7, "lane_id":1, "cell_id":140, "x":415, "y":360, "cur_spd":14, "last_spd":14}}}[0m
[2025-10-10 15:04:57|0x00002ad8][info]	[34m[*] Send: {"type":"frontend", "ope":"simdata", "time":1760079897894, "data":{"pos":"veh_run", "step_num": 10, "result":{"id":4, "in_network":true, "in_cross":false, "link_id":3, "lane_id":0, "cell_id":126, "x":473.5, "y":298.244, "cur_spd":14, "last_spd":14}}}[0m
[2025-10-10 15:04:58|0x00002ad8][info]	[34m[*] Send: {"type":"frontend", "ope":"simdata", "time":1760079898025, "data":{"pos":"veh_run", "step_num": 10, "result":{"id":5, "in_network":true, "in_cross":false, "link_id":7, "lane_id":2, "cell_id":84, "x":425, "y":416, "cur_spd":14, "last_spd":14}}}[0m
[2025-10-10 15:04:58|0x00002ad8][info]	[34m[*] Send: {"type":"frontend", "ope":"simdata", "time":1760079898159, "data":{"pos":"controller_run", "step_num": 10, "result":{ "cross_id":5, "phases": [{"id":0, "color":"G", "x":385, "y":279},
{"id":1, "color":"R", "x":395, "y":279},
{"id":2, "color":"G", "x":365, "y":279},
{"id":3, "color":"R", "x":414.5, "y":300.035},
{"id":4, "color":"R", "x":404.5, "y":300.012},
{"id":5, "color":"R", "x":434.504, "y":300.074}] }}}[0m
[2025-10-10 15:04:58|0x00002ad8][info]	[34m[*] Send: {"type":"frontend", "ope":"simdata", "time":1760079898159, "data":{ "pos":"sim_one_step", "over_step:":10, "next_step":11 }}[0m
[2025-10-10 15:04:58|0x00002ad8][info]	[34m[*] Send: {"type":"frontend", "ope":"simdata", "time":1760079898295, "data":{"pos":"veh_run", "step_num": 11, "result":{"id":0, "in_network":true, "in_cross":false, "link_id":0, "lane_id":3, "cell_id":140, "x":339.314, "y":314.251, "cur_spd":14, "last_spd":14}}}[0m
[2025-10-10 15:04:58|0x00002ad8][info]	[34m[*] Send: {"type":"frontend", "ope":"simdata", "time":1760079898421, "data":{"pos":"veh_run", "step_num": 11, "result":{"id":1, "in_network":true, "in_cross":false, "link_id":3, "lane_id":1, "cell_id":152, "x":447.5, "y":297.365, "cur_spd":12, "last_spd":14}}}[0m
[2025-10-10 15:04:58|0x00002ad8][info]	[34m[*] Send: {"type":"frontend", "ope":"simdata", "time":1760079898549, "data":{"pos":"veh_run", "step_num": 11, "result":{"id":2, "in_network":true, "in_cross":false, "link_id":4, "lane_id":3, "cell_id":154, "x":365, "y":254, "cur_spd":14, "last_spd":14}}}[0m
[2025-10-10 15:04:58|0x00002ad8][info]	[34m[*] Send: {"type":"frontend", "ope":"simdata", "time":1760079898681, "data":{"pos":"veh_run", "step_num": 11, "result":{"id":3, "in_network":true, "in_cross":false, "link_id":7, "lane_id":1, "cell_id":154, "x":415, "y":346, "cur_spd":14, "last_spd":14}}}[0m
[2025-10-10 15:04:58|0x00002ad8][info]	[34m[*] Send: {"type":"frontend", "ope":"simdata", "time":1760079898810, "data":{"pos":"veh_run", "step_num": 11, "result":{"id":4, "in_network":true, "in_cross":false, "link_id":3, "lane_id":0, "cell_id":140, "x":459.5, "y":298.603, "cur_spd":14, "last_spd":14}}}[0m
[2025-10-10 15:04:58|0x00002ad8][info]	[34m[*] Send: {"type":"frontend", "ope":"simdata", "time":1760079898947, "data":{"pos":"veh_run", "step_num": 11, "result":{"id":5, "in_network":true, "in_cross":false, "link_id":7, "lane_id":2, "cell_id":98, "x":425, "y":402, "cur_spd":14, "last_spd":14}}}[0m
[2025-10-10 15:04:59|0x00002ad8][info]	[34m[*] Send: {"type":"frontend", "ope":"simdata", "time":1760079899077, "data":{"pos":"controller_run", "step_num": 11, "result":{ "cross_id":5, "phases": [{"id":0, "color":"G", "x":385, "y":279},
{"id":1, "color":"R", "x":395, "y":279},
{"id":2, "color":"G", "x":365, "y":279},
{"id":3, "color":"R", "x":414.5, "y":300.035},
{"id":4, "color":"R", "x":404.5, "y":300.012},
{"id":5, "color":"R", "x":434.504, "y":300.074}] }}}[0m
[2025-10-10 15:04:59|0x00002ad8][info]	[34m[*] Send: {"type":"frontend", "ope":"simdata", "time":1760079899077, "data":{ "pos":"sim_one_step", "over_step:":11, "next_step":12 }}[0m
[2025-10-10 15:04:59|0x00002ad8][info]	[34m[*] Send: {"type":"frontend", "ope":"simdata", "time":1760079899214, "data":{"pos":"veh_run", "step_num": 12, "result":{"id":0, "in_network":true, "in_cross":false, "link_id":0, "lane_id":3, "cell_id":154, "x":353.196, "y":312.184, "cur_spd":14, "last_spd":14}}}[0m
[2025-10-10 15:04:59|0x00002ad8][info]	[34m[*] Send: {"type":"frontend", "ope":"simdata", "time":1760079899350, "data":{"pos":"veh_run", "step_num": 12, "result":{"id":1, "in_network":true, "in_cross":false, "link_id":3, "lane_id":1, "cell_id":162, "x":437.5, "y":298.176, "cur_spd":10, "last_spd":12}}}[0m
[2025-10-10 15:04:59|0x00002ad8][info]	[34m[*] Send: {"type":"frontend", "ope":"simdata", "time":1760079899489, "data":{"pos":"veh_run", "step_num": 12, "result":{"id":2, "in_network":true, "in_cross":false, "link_id":4, "lane_id":3, "cell_id":168, "x":365, "y":268, "cur_spd":14, "last_spd":14}}}[0m
[2025-10-10 15:04:59|0x00002ad8][info]	[34m[*] Send: {"type":"frontend", "ope":"simdata", "time":1760079899627, "data":{"pos":"veh_run", "step_num": 12, "result":{"id":3, "in_network":true, "in_cross":false, "link_id":7, "lane_id":1, "cell_id":168, "x":415, "y":332, "cur_spd":14, "last_spd":14}}}[0m
[2025-10-10 15:04:59|0x00002ad8][info]	[34m[*] Send: {"type":"frontend", "ope":"simdata", "time":1760079899759, "data":{"pos":"veh_run", "step_num": 12, "result":{"id":4, "in_network":true, "in_cross":false, "link_id":3, "lane_id":0, "cell_id":154, "x":445.5, "y":298.962, "cur_spd":14, "last_spd":14}}}[0m
[2025-10-10 15:04:59|0x00002ad8][info]	[34m[*] Send: {"type":"frontend", "ope":"simdata", "time":1760079899899, "data":{"pos":"veh_run", "step_num": 12, "result":{"id":5, "in_network":true, "in_cross":false, "link_id":7, "lane_id":2, "cell_id":110, "x":425, "y":390, "cur_spd":12, "last_spd":14}}}[0m
[2025-10-10 15:05:00|0x00002ad8][info]	[34m[*] Send: {"type":"frontend", "ope":"simdata", "time":1760079900034, "data":{"pos":"controller_run", "step_num": 12, "result":{ "cross_id":5, "phases": [{"id":0, "color":"G", "x":385, "y":279},
{"id":1, "color":"R", "x":395, "y":279},
{"id":2, "color":"G", "x":365, "y":279},
{"id":3, "color":"R", "x":414.5, "y":300.035},
{"id":4, "color":"R", "x":404.5, "y":300.012},
{"id":5, "color":"R", "x":434.504, "y":300.074}] }}}[0m
[2025-10-10 15:05:00|0x00002ad8][info]	[34m[*] Send: {"type":"frontend", "ope":"simdata", "time":1760079900034, "data":{ "pos":"sim_one_step", "over_step:":12, "next_step":13 }}[0m
[2025-10-10 15:05:00|0x00002ad8][info]	[34m[*] Send: {"type":"frontend", "ope":"simdata", "time":1760079900170, "data":{"pos":"produce_veh", "step_num": 13, "result":[{"id":6, "link_id":7, "lane_id":3, "cell_id":0, "x":435, "y":500, "speed":14, "router":"7 2"}]}}[0m
[2025-10-10 15:05:00|0x00002ad8][info]	[34m[*] Send: {"type":"frontend", "ope":"simdata", "time":1760079900305, "data":{"pos":"veh_run", "step_num": 13, "result":{"id":0, "in_network":true, "in_cross":false, "link_id":0, "lane_id":3, "cell_id":168, "x":367.078, "y":310.116, "cur_spd":14, "last_spd":14}}}[0m
[2025-10-10 15:05:00|0x00002ad8][info]	[34m[*] Send: {"type":"frontend", "ope":"simdata", "time":1760079900435, "data":{"pos":"veh_run", "step_num": 13, "result":{"id":1, "in_network":true, "in_cross":false, "link_id":3, "lane_id":1, "cell_id":169, "x":430.5, "y":298.743, "cur_spd":7, "last_spd":10}}}[0m
[2025-10-10 15:05:00|0x00002ad8][info]	[34m[*] Send: {"type":"frontend", "ope":"simdata", "time":1760079900574, "data":{"pos":"veh_run", "step_num": 13, "result":{"id":2, "in_network":true, "in_cross":true, "cross_id":0, "lane_id":32, "cell_id":0, "x":365, "y":280, "cur_spd":1, "last_spd":14}}}[0m
[2025-10-10 15:05:00|0x00002ad8][info]	[34m[*] Send: {"type":"frontend", "ope":"simdata", "time":1760079900712, "data":{"pos":"veh_run", "step_num": 13, "result":{"id":3, "in_network":true, "in_cross":true, "cross_id":0, "lane_id":38, "cell_id":0, "x":415, "y":320, "cur_spd":1, "last_spd":14}}}[0m
[2025-10-10 15:05:00|0x00002ad8][info]	[34m[*] Send: {"type":"frontend", "ope":"simdata", "time":1760079900845, "data":{"pos":"veh_run", "step_num": 13, "result":{"id":4, "in_network":true, "in_cross":false, "link_id":3, "lane_id":0, "cell_id":165, "x":434.5, "y":299.244, "cur_spd":11, "last_spd":14}}}[0m
[2025-10-10 15:05:00|0x00002ad8][info]	[34m[*] Send: {"type":"frontend", "ope":"simdata", "time":1760079900985, "data":{"pos":"veh_run", "step_num": 13, "result":{"id":5, "in_network":true, "in_cross":false, "link_id":7, "lane_id":2, "cell_id":120, "x":425, "y":380, "cur_spd":10, "last_spd":12}}}[0m
[2025-10-10 15:05:01|0x00002ad8][info]	[34m[*] Send: {"type":"frontend", "ope":"simdata", "time":1760079901123, "data":{"pos":"veh_run", "step_num": 13, "result":{"id":6, "in_network":true, "in_cross":false, "link_id":7, "lane_id":3, "cell_id":14, "x":435, "y":486, "cur_spd":14, "last_spd":14}}}[0m
[2025-10-10 15:05:01|0x00002ad8][info]	[34m[*] Send: {"type":"frontend", "ope":"simdata", "time":1760079901262, "data":{"pos":"controller_run", "step_num": 13, "result":{ "cross_id":5, "phases": [{"id":0, "color":"G", "x":385, "y":279},
{"id":1, "color":"R", "x":395, "y":279},
{"id":2, "color":"G", "x":365, "y":279},
{"id":3, "color":"R", "x":414.5, "y":300.035},
{"id":4, "color":"R", "x":404.5, "y":300.012},
{"id":5, "color":"R", "x":434.504, "y":300.074}] }}}[0m
[2025-10-10 15:05:01|0x00002ad8][info]	[34m[*] Send: {"type":"frontend", "ope":"simdata", "time":1760079901262, "data":{ "pos":"sim_one_step", "over_step:":13, "next_step":14 }}[0m
[2025-10-10 15:05:01|0x00002ad8][info]	[34m[*] Send: {"type":"frontend", "ope":"simdata", "time":1760079901394, "data":{"pos":"produce_veh", "step_num": 14, "result":[{"id":7, "link_id":7, "lane_id":2, "cell_id":0, "x":425, "y":500, "speed":14, "router":"7 2"}]}}[0m
[2025-10-10 15:05:01|0x00002ad8][info]	[34m[*] Send: {"type":"frontend", "ope":"simdata", "time":1760079901527, "data":{"pos":"veh_run", "step_num": 14, "result":{"id":0, "in_network":true, "in_cross":false, "link_id":0, "lane_id":3, "cell_id":182, "x":380.96, "y":308.049, "cur_spd":14, "last_spd":14}}}[0m
[2025-10-10 15:05:01|0x00002ad8][info]	[34m[*] Send: {"type":"frontend", "ope":"simdata", "time":1760079901665, "data":{"pos":"veh_run", "step_num": 14, "result":{"id":1, "in_network":true, "in_cross":false, "link_id":3, "lane_id":1, "cell_id":174, "x":425.5, "y":299.149, "cur_spd":5, "last_spd":7}}}[0m
[2025-10-10 15:05:01|0x00002ad8][info]	[34m[*] Send: {"type":"frontend", "ope":"simdata", "time":1760079901798, "data":{"pos":"veh_run", "step_num": 14, "result":{"id":2, "in_network":true, "in_cross":true, "cross_id":0, "lane_id":32, "cell_id":1, "x":368.889, "y":281.111, "cur_spd":1, "last_spd":1}}}[0m
[2025-10-10 15:05:01|0x00002ad8][info]	[34m[*] Send: {"type":"frontend", "ope":"simdata", "time":1760079901931, "data":{"pos":"veh_run", "step_num": 14, "result":{"id":3, "in_network":true, "in_cross":true, "cross_id":0, "lane_id":38, "cell_id":1, "x":415, "y":316, "cur_spd":1, "last_spd":1}}}[0m
[2025-10-10 15:05:02|0x00002ad8][info]	[34m[*] Send: {"type":"frontend", "ope":"simdata", "time":1760079902064, "data":{"pos":"veh_run", "step_num": 14, "result":{"id":4, "in_network":true, "in_cross":false, "link_id":3, "lane_id":0, "cell_id":174, "x":425.5, "y":299.474, "cur_spd":9, "last_spd":11}}}[0m
[2025-10-10 15:05:02|0x00002ad8][info]	[34m[*] Send: {"type":"frontend", "ope":"simdata", "time":1760079902200, "data":{"pos":"veh_run", "step_num": 14, "result":{"id":5, "in_network":true, "in_cross":false, "link_id":7, "lane_id":2, "cell_id":127, "x":425, "y":373, "cur_spd":7, "last_spd":10}}}[0m
[2025-10-10 15:05:02|0x00002ad8][info]	[34m[*] Send: {"type":"frontend", "ope":"simdata", "time":1760079902334, "data":{"pos":"veh_run", "step_num": 14, "result":{"id":6, "in_network":true, "in_cross":false, "link_id":7, "lane_id":3, "cell_id":28, "x":435, "y":472, "cur_spd":14, "last_spd":14}}}[0m
[2025-10-10 15:05:02|0x00002ad8][info]	[34m[*] Send: {"type":"frontend", "ope":"simdata", "time":1760079902470, "data":{"pos":"veh_run", "step_num": 14, "result":{"id":7, "in_network":true, "in_cross":false, "link_id":7, "lane_id":2, "cell_id":14, "x":425, "y":486, "cur_spd":14, "last_spd":14}}}[0m
[2025-10-10 15:05:02|0x00002ad8][info]	[34m[*] Send: {"type":"frontend", "ope":"simdata", "time":1760079902600, "data":{"pos":"controller_run", "step_num": 14, "result":{ "cross_id":5, "phases": [{"id":0, "color":"G", "x":385, "y":279},
{"id":1, "color":"R", "x":395, "y":279},
{"id":2, "color":"G", "x":365, "y":279},
{"id":3, "color":"R", "x":414.5, "y":300.035},
{"id":4, "color":"R", "x":404.5, "y":300.012},
{"id":5, "color":"R", "x":434.504, "y":300.074}] }}}[0m
[2025-10-10 15:05:02|0x00002ad8][info]	[34m[*] Send: {"type":"frontend", "ope":"simdata", "time":1760079902600, "data":{ "pos":"sim_one_step", "over_step:":14, "next_step":15 }}[0m
[2025-10-10 15:05:02|0x00002ad8][info]	[34m[*] Send: {"type":"frontend", "ope":"simdata", "time":1760079902734, "data":{"pos":"veh_run", "step_num": 15, "result":{"id":0, "in_network":true, "in_cross":false, "link_id":0, "lane_id":3, "cell_id":196, "x":394.842, "y":305.981, "cur_spd":14, "last_spd":14}}}[0m
[2025-10-10 15:05:02|0x00002ad8][info]	[34m[*] Send: {"type":"frontend", "ope":"simdata", "time":1760079902864, "data":{"pos":"veh_run", "step_num": 15, "result":{"id":1, "in_network":true, "in_cross":false, "link_id":3, "lane_id":1, "cell_id":177, "x":422.5, "y":299.392, "cur_spd":3, "last_spd":5}}}[0m
[2025-10-10 15:05:02|0x00002ad8][info]	[34m[*] Send: {"type":"frontend", "ope":"simdata", "time":1760079902994, "data":{"pos":"veh_run", "step_num": 15, "result":{"id":2, "in_network":true, "in_cross":true, "cross_id":0, "lane_id":32, "cell_id":2, "x":376.667, "y":283.333, "cur_spd":1, "last_spd":1}}}[0m
[2025-10-10 15:05:03|0x00002ad8][info]	[34m[*] Send: {"type":"frontend", "ope":"simdata", "time":1760079903130, "data":{"pos":"veh_run", "step_num": 15, "result":{"id":3, "in_network":true, "in_cross":true, "cross_id":0, "lane_id":38, "cell_id":2, "x":415, "y":308, "cur_spd":1, "last_spd":1}}}[0m
[2025-10-10 15:05:03|0x00002ad8][info]	[34m[*] Send: {"type":"frontend", "ope":"simdata", "time":1760079903265, "data":{"pos":"veh_run", "step_num": 15, "result":{"id":4, "in_network":true, "in_cross":false, "link_id":3, "lane_id":0, "cell_id":180, "x":419.5, "y":299.628, "cur_spd":6, "last_spd":9}}}[0m
[2025-10-10 15:05:03|0x00002ad8][info]	[34m[*] Send: {"type":"frontend", "ope":"simdata", "time":1760079903392, "data":{"pos":"veh_run", "step_num": 15, "result":{"id":5, "in_network":true, "in_cross":false, "link_id":7, "lane_id":1, "cell_id":132, "x":415, "y":368, "cur_spd":3, "last_spd":7}}}[0m
[2025-10-10 15:05:03|0x00002ad8][info]	[34m[*] Send: {"type":"frontend", "ope":"simdata", "time":1760079903526, "data":{"pos":"veh_run", "step_num": 15, "result":{"id":6, "in_network":true, "in_cross":false, "link_id":7, "lane_id":3, "cell_id":42, "x":435, "y":458, "cur_spd":14, "last_spd":14}}}[0m
[2025-10-10 15:05:03|0x00002ad8][info]	[34m[*] Send: {"type":"frontend", "ope":"simdata", "time":1760079903665, "data":{"pos":"veh_run", "step_num": 15, "result":{"id":7, "in_network":true, "in_cross":false, "link_id":7, "lane_id":2, "cell_id":28, "x":425, "y":472, "cur_spd":14, "last_spd":14}}}[0m
[2025-10-10 15:05:03|0x00002ad8][info]	[34m[*] Send: {"type":"frontend", "ope":"simdata", "time":1760079903800, "data":{"pos":"controller_run", "step_num": 15, "result":{ "cross_id":5, "phases": [{"id":0, "color":"R", "x":385, "y":279},
{"id":1, "color":"G", "x":395, "y":279},
{"id":2, "color":"R", "x":365, "y":279},
{"id":3, "color":"R", "x":414.5, "y":300.035},
{"id":4, "color":"R", "x":404.5, "y":300.012},
{"id":5, "color":"R", "x":434.504, "y":300.074}] }}}[0m
[2025-10-10 15:05:03|0x00002ad8][info]	[34m[*] Send: {"type":"frontend", "ope":"simdata", "time":1760079903800, "data":{ "pos":"sim_one_step", "over_step:":15, "next_step":16 }}[0m
[2025-10-10 15:05:03|0x00002ad8][info]	[34m[*] Send: {"type":"frontend", "ope":"simdata", "time":1760079903935, "data":{"pos":"produce_veh", "step_num": 16, "result":[{"id":8, "link_id":3, "lane_id":1, "cell_id":0, "x":599.5, "y":285.041, "speed":14, "router":"3 5"}]}}[0m
[2025-10-10 15:05:04|0x00002ad8][info]	[34m[*] Send: {"type":"frontend", "ope":"simdata", "time":1760079904069, "data":{"pos":"veh_run", "step_num": 16, "result":{"id":0, "in_network":true, "in_cross":false, "link_id":0, "lane_id":3, "cell_id":207, "x":405.749, "y":304.357, "cur_spd":11, "last_spd":14}}}[0m
[2025-10-10 15:05:04|0x00002ad8][info]	[34m[*] Send: {"type":"frontend", "ope":"simdata", "time":1760079904200, "data":{"pos":"veh_run", "step_num": 16, "result":{"id":1, "in_network":true, "in_cross":false, "link_id":3, "lane_id":1, "cell_id":178, "x":421.5, "y":299.473, "cur_spd":1, "last_spd":3}}}[0m
[2025-10-10 15:05:04|0x00002ad8][info]	[34m[*] Send: {"type":"frontend", "ope":"simdata", "time":1760079904338, "data":{"pos":"veh_run", "step_num": 16, "result":{"id":2, "in_network":true, "in_cross":true, "cross_id":0, "lane_id":32, "cell_id":3, "x":384.444, "y":285.556, "cur_spd":1, "last_spd":1}}}[0m
[2025-10-10 15:05:04|0x00002ad8][info]	[34m[*] Send: {"type":"frontend", "ope":"simdata", "time":1760079904475, "data":{"pos":"veh_run", "step_num": 16, "result":{"id":3, "in_network":true, "in_cross":true, "cross_id":0, "lane_id":38, "cell_id":3, "x":415, "y":300, "cur_spd":1, "last_spd":1}}}[0m
[2025-10-10 15:05:04|0x00002ad8][info]	[34m[*] Send: {"type":"frontend", "ope":"simdata", "time":1760079904606, "data":{"pos":"veh_run", "step_num": 16, "result":{"id":4, "in_network":true, "in_cross":false, "link_id":3, "lane_id":0, "cell_id":185, "x":414.5, "y":299.756, "cur_spd":5, "last_spd":6}}}[0m
[2025-10-10 15:05:04|0x00002ad8][info]	[34m[*] Send: {"type":"frontend", "ope":"simdata", "time":1760079904737, "data":{"pos":"veh_run", "step_num": 16, "result":{"id":5, "in_network":true, "in_cross":false, "link_id":7, "lane_id":1, "cell_id":136, "x":415, "y":364, "cur_spd":4, "last_spd":3}}}[0m
[2025-10-10 15:05:04|0x00002ad8][info]	[34m[*] Send: {"type":"frontend", "ope":"simdata", "time":1760079904869, "data":{"pos":"veh_run", "step_num": 16, "result":{"id":6, "in_network":true, "in_cross":false, "link_id":7, "lane_id":3, "cell_id":56, "x":435, "y":444, "cur_spd":14, "last_spd":14}}}[0m
[2025-10-10 15:05:05|0x00002ad8][info]	[34m[*] Send: {"type":"frontend", "ope":"simdata", "time":1760079905003, "data":{"pos":"veh_run", "step_num": 16, "result":{"id":7, "in_network":true, "in_cross":false, "link_id":7, "lane_id":2, "cell_id":42, "x":425, "y":458, "cur_spd":14, "last_spd":14}}}[0m
[2025-10-10 15:05:05|0x00002ad8][info]	[34m[*] Send: {"type":"frontend", "ope":"simdata", "time":1760079905138, "data":{"pos":"veh_run", "step_num": 16, "result":{"id":8, "in_network":true, "in_cross":false, "link_id":3, "lane_id":1, "cell_id":14, "x":585.5, "y":286.176, "cur_spd":14, "last_spd":14}}}[0m
[2025-10-10 15:05:05|0x00002ad8][info]	[34m[*] Send: {"type":"frontend", "ope":"simdata", "time":1760079905266, "data":{"pos":"controller_run", "step_num": 16, "result":{ "cross_id":5, "phases": [{"id":0, "color":"R", "x":385, "y":279},
{"id":1, "color":"G", "x":395, "y":279},
{"id":2, "color":"R", "x":365, "y":279},
{"id":3, "color":"R", "x":414.5, "y":300.035},
{"id":4, "color":"R", "x":404.5, "y":300.012},
{"id":5, "color":"R", "x":434.504, "y":300.074}] }}}[0m
[2025-10-10 15:05:05|0x00002ad8][info]	[34m[*] Send: {"type":"frontend", "ope":"simdata", "time":1760079905266, "data":{ "pos":"sim_one_step", "over_step:":16, "next_step":17 }}[0m
[2025-10-10 15:05:05|0x00002ad8][info]	[34m[*] Send: {"type":"frontend", "ope":"simdata", "time":1760079905400, "data":{"pos":"veh_run", "step_num": 17, "result":{"id":0, "in_network":true, "in_cross":false, "link_id":0, "lane_id":3, "cell_id":216, "x":414.673, "y":303.027, "cur_spd":9, "last_spd":11}}}[0m
[2025-10-10 15:05:05|0x00002ad8][info]	[34m[*] Send: {"type":"frontend", "ope":"simdata", "time":1760079905530, "data":{"pos":"veh_run", "step_num": 17, "result":{"id":1, "in_network":true, "in_cross":false, "link_id":3, "lane_id":1, "cell_id":179, "x":420.5, "y":299.554, "cur_spd":1, "last_spd":1}}}[0m
[2025-10-10 15:05:05|0x00002ad8][info]	[34m[*] Send: {"type":"frontend", "ope":"simdata", "time":1760079905664, "data":{"pos":"veh_run", "step_num": 17, "result":{"id":2, "in_network":true, "in_cross":true, "cross_id":0, "lane_id":32, "cell_id":4, "x":392.222, "y":287.778, "cur_spd":1, "last_spd":1}}}[0m
[2025-10-10 15:05:05|0x00002ad8][info]	[34m[*] Send: {"type":"frontend", "ope":"simdata", "time":1760079905796, "data":{"pos":"veh_run", "step_num": 17, "result":{"id":3, "in_network":true, "in_cross":true, "cross_id":0, "lane_id":38, "cell_id":4, "x":415, "y":292, "cur_spd":1, "last_spd":1}}}[0m
[2025-10-10 15:05:05|0x00002ad8][info]	[34m[*] Send: {"type":"frontend", "ope":"simdata", "time":1760079905930, "data":{"pos":"veh_run", "step_num": 17, "result":{"id":4, "in_network":true, "in_cross":false, "link_id":3, "lane_id":0, "cell_id":187, "x":412.5, "y":299.808, "cur_spd":2, "last_spd":5}}}[0m
[2025-10-10 15:05:06|0x00002ad8][info]	[34m[*] Send: {"type":"frontend", "ope":"simdata", "time":1760079906059, "data":{"pos":"veh_run", "step_num": 17, "result":{"id":5, "in_network":true, "in_cross":false, "link_id":7, "lane_id":1, "cell_id":137, "x":415, "y":363, "cur_spd":1, "last_spd":4}}}[0m
[2025-10-10 15:05:06|0x00002ad8][info]	[34m[*] Send: {"type":"frontend", "ope":"simdata", "time":1760079906192, "data":{"pos":"veh_run", "step_num": 17, "result":{"id":6, "in_network":true, "in_cross":false, "link_id":7, "lane_id":3, "cell_id":70, "x":435, "y":430, "cur_spd":14, "last_spd":14}}}[0m
[2025-10-10 15:05:06|0x00002ad8][info]	[34m[*] Send: {"type":"frontend", "ope":"simdata", "time":1760079906320, "data":{"pos":"veh_run", "step_num": 17, "result":{"id":7, "in_network":true, "in_cross":false, "link_id":7, "lane_id":2, "cell_id":56, "x":425, "y":444, "cur_spd":14, "last_spd":14}}}[0m
[2025-10-10 15:05:06|0x00002ad8][info]	[34m[*] Send: {"type":"frontend", "ope":"simdata", "time":1760079906460, "data":{"pos":"veh_run", "step_num": 17, "result":{"id":8, "in_network":true, "in_cross":false, "link_id":3, "lane_id":2, "cell_id":14, "x":585.582, "y":277.06, "cur_spd":14, "last_spd":14}}}[0m
[2025-10-10 15:05:06|0x00002ad8][info]	[34m[*] Send: {"type":"frontend", "ope":"simdata", "time":1760079906593, "data":{"pos":"controller_run", "step_num": 17, "result":{ "cross_id":5, "phases": [{"id":0, "color":"R", "x":385, "y":279},
{"id":1, "color":"G", "x":395, "y":279},
{"id":2, "color":"R", "x":365, "y":279},
{"id":3, "color":"R", "x":414.5, "y":300.035},
{"id":4, "color":"R", "x":404.5, "y":300.012},
{"id":5, "color":"R", "x":434.504, "y":300.074}] }}}[0m
[2025-10-10 15:05:06|0x00002ad8][info]	[34m[*] Send: {"type":"frontend", "ope":"simdata", "time":1760079906593, "data":{ "pos":"sim_one_step", "over_step:":17, "next_step":18 }}[0m
[2025-10-10 15:05:06|0x00002ad8][info]	[34m[*] Send: {"type":"frontend", "ope":"simdata", "time":1760079906726, "data":{"pos":"veh_run", "step_num": 18, "result":{"id":0, "in_network":true, "in_cross":false, "link_id":0, "lane_id":3, "cell_id":222, "x":420.622, "y":302.141, "cur_spd":6, "last_spd":9}}}[0m
[2025-10-10 15:05:06|0x00002ad8][info]	[34m[*] Send: {"type":"frontend", "ope":"simdata", "time":1760079906854, "data":{"pos":"veh_run", "step_num": 18, "result":{"id":1, "in_network":true, "in_cross":false, "link_id":3, "lane_id":1, "cell_id":179, "x":420.5, "y":299.554, "cur_spd":0, "last_spd":1}}}[0m
[2025-10-10 15:05:06|0x00002ad8][info]	[34m[*] Send: {"type":"frontend", "ope":"simdata", "time":1760079906984, "data":{"pos":"veh_run", "step_num": 18, "result":{"id":2, "in_network":true, "in_cross":true, "cross_id":0, "lane_id":32, "cell_id":5, "x":400, "y":290, "cur_spd":1, "last_spd":1}}}[0m
[2025-10-10 15:05:07|0x00002ad8][info]	[34m[*] Send: {"type":"frontend", "ope":"simdata", "time":1760079907115, "data":{"pos":"veh_run", "step_num": 18, "result":{"id":3, "in_network":true, "in_cross":true, "cross_id":0, "lane_id":38, "cell_id":5, "x":415, "y":284, "cur_spd":1, "last_spd":1}}}[0m
[2025-10-10 15:05:07|0x00002ad8][info]	[34m[*] Send: {"type":"frontend", "ope":"simdata", "time":1760079907240, "data":{"pos":"veh_run", "step_num": 18, "result":{"id":4, "in_network":true, "in_cross":false, "link_id":3, "lane_id":0, "cell_id":189, "x":410.5, "y":299.859, "cur_spd":2, "last_spd":2}}}[0m
[2025-10-10 15:05:07|0x00002ad8][info]	[34m[*] Send: {"type":"frontend", "ope":"simdata", "time":1760079907368, "data":{"pos":"veh_run", "step_num": 18, "result":{"id":5, "in_network":true, "in_cross":false, "link_id":7, "lane_id":1, "cell_id":138, "x":415, "y":362, "cur_spd":1, "last_spd":1}}}[0m
[2025-10-10 15:05:07|0x00002ad8][info]	[34m[*] Send: {"type":"frontend", "ope":"simdata", "time":1760079907503, "data":{"pos":"veh_run", "step_num": 18, "result":{"id":6, "in_network":true, "in_cross":false, "link_id":7, "lane_id":3, "cell_id":84, "x":435, "y":416, "cur_spd":14, "last_spd":14}}}[0m
[2025-10-10 15:05:07|0x00002ad8][info]	[34m[*] Send: {"type":"frontend", "ope":"simdata", "time":1760079907640, "data":{"pos":"veh_run", "step_num": 18, "result":{"id":7, "in_network":true, "in_cross":false, "link_id":7, "lane_id":2, "cell_id":70, "x":425, "y":430, "cur_spd":14, "last_spd":14}}}[0m
[2025-10-10 15:05:07|0x00002ad8][info]	[34m[*] Send: {"type":"frontend", "ope":"simdata", "time":1760079907769, "data":{"pos":"veh_run", "step_num": 18, "result":{"id":8, "in_network":true, "in_cross":false, "link_id":3, "lane_id":2, "cell_id":28, "x":571.662, "y":279.048, "cur_spd":14, "last_spd":14}}}[0m
[2025-10-10 15:05:07|0x00002ad8][info]	[34m[*] Send: {"type":"frontend", "ope":"simdata", "time":1760079907905, "data":{"pos":"controller_run", "step_num": 18, "result":{ "cross_id":5, "phases": [{"id":0, "color":"R", "x":385, "y":279},
{"id":1, "color":"G", "x":395, "y":279},
{"id":2, "color":"R", "x":365, "y":279},
{"id":3, "color":"R", "x":414.5, "y":300.035},
{"id":4, "color":"R", "x":404.5, "y":300.012},
{"id":5, "color":"R", "x":434.504, "y":300.074}] }}}[0m
[2025-10-10 15:05:07|0x00002ad8][info]	[34m[*] Send: {"type":"frontend", "ope":"simdata", "time":1760079907905, "data":{ "pos":"sim_one_step", "over_step:":18, "next_step":19 }}[0m
[2025-10-10 15:05:08|0x00002ad8][info]	[34m[*] Send: {"type":"frontend", "ope":"simdata", "time":1760079908037, "data":{"pos":"veh_run", "step_num": 19, "result":{"id":0, "in_network":true, "in_cross":false, "link_id":0, "lane_id":3, "cell_id":227, "x":425.58, "y":301.403, "cur_spd":5, "last_spd":6}}}[0m
[2025-10-10 15:05:08|0x00002ad8][info]	[34m[*] Send: {"type":"frontend", "ope":"simdata", "time":1760079908169, "data":{"pos":"veh_run", "step_num": 19, "result":{"id":1, "in_network":true, "in_cross":false, "link_id":3, "lane_id":1, "cell_id":180, "x":419.5, "y":299.635, "cur_spd":1, "last_spd":0}}}[0m
[2025-10-10 15:05:08|0x00002ad8][info]	[34m[*] Send: {"type":"frontend", "ope":"simdata", "time":1760079908294, "data":{"pos":"veh_run", "step_num": 19, "result":{"id":2, "in_network":true, "in_cross":true, "cross_id":0, "lane_id":32, "cell_id":6, "x":407.778, "y":292.222, "cur_spd":1, "last_spd":1}}}[0m
[2025-10-10 15:05:08|0x00002ad8][info]	[34m[*] Send: {"type":"frontend", "ope":"simdata", "time":1760079908428, "data":{"pos":"veh_run", "step_num": 19, "result":{"id":3, "in_network":true, "in_cross":false, "link_id":5, "lane_id":1, "cell_id":0, "x":415, "y":280, "cur_spd":8, "last_spd":1}}}[0m
[2025-10-10 15:05:08|0x00002ad8][info]	[34m[*] Send: {"type":"frontend", "ope":"simdata", "time":1760079908559, "data":{"pos":"veh_run", "step_num": 19, "result":{"id":4, "in_network":true, "in_cross":false, "link_id":3, "lane_id":0, "cell_id":189, "x":410.5, "y":299.859, "cur_spd":0, "last_spd":2}}}[0m
[2025-10-10 15:05:08|0x00002ad8][info]	[34m[*] Send: {"type":"frontend", "ope":"simdata", "time":1760079908694, "data":{"pos":"veh_run", "step_num": 19, "result":{"id":5, "in_network":true, "in_cross":false, "link_id":7, "lane_id":1, "cell_id":138, "x":415, "y":362, "cur_spd":0, "last_spd":1}}}[0m
[2025-10-10 15:05:08|0x00002ad8][info]	[34m[*] Send: {"type":"frontend", "ope":"simdata", "time":1760079908819, "data":{"pos":"veh_run", "step_num": 19, "result":{"id":6, "in_network":true, "in_cross":false, "link_id":7, "lane_id":3, "cell_id":98, "x":435, "y":402, "cur_spd":14, "last_spd":14}}}[0m
[2025-10-10 15:05:08|0x00002ad8][info]	[34m[*] Send: {"type":"frontend", "ope":"simdata", "time":1760079908952, "data":{"pos":"veh_run", "step_num": 19, "result":{"id":7, "in_network":true, "in_cross":false, "link_id":7, "lane_id":2, "cell_id":84, "x":425, "y":416, "cur_spd":14, "last_spd":14}}}[0m
[2025-10-10 15:05:09|0x00002ad8][info]	[34m[*] Send: {"type":"frontend", "ope":"simdata", "time":1760079909090, "data":{"pos":"veh_run", "step_num": 19, "result":{"id":8, "in_network":true, "in_cross":false, "link_id":3, "lane_id":3, "cell_id":28, "x":572.009, "y":270.937, "cur_spd":14, "last_spd":14}}}[0m
[2025-10-10 15:05:09|0x00002ad8][info]	[34m[*] Send: {"type":"frontend", "ope":"simdata", "time":1760079909220, "data":{"pos":"controller_run", "step_num": 19, "result":{ "cross_id":5, "phases": [{"id":0, "color":"R", "x":385, "y":279},
{"id":1, "color":"G", "x":395, "y":279},
{"id":2, "color":"R", "x":365, "y":279},
{"id":3, "color":"R", "x":414.5, "y":300.035},
{"id":4, "color":"R", "x":404.5, "y":300.012},
{"id":5, "color":"R", "x":434.504, "y":300.074}] }}}[0m
[2025-10-10 15:05:09|0x00002ad8][info]	[34m[*] Send: {"type":"frontend", "ope":"simdata", "time":1760079909220, "data":{ "pos":"sim_one_step", "over_step:":19, "next_step":20 }}[0m
[2025-10-10 15:05:09|0x00002ad8][info]	[34m[*] Send: {"type":"frontend", "ope":"simdata", "time":1760079909359, "data":{"pos":"veh_run", "step_num": 20, "result":{"id":0, "in_network":true, "in_cross":false, "link_id":0, "lane_id":3, "cell_id":229, "x":427.563, "y":301.108, "cur_spd":2, "last_spd":5}}}[0m
[2025-10-10 15:05:09|0x00002ad8][info]	[34m[*] Send: {"type":"frontend", "ope":"simdata", "time":1760079909486, "data":{"pos":"veh_run", "step_num": 20, "result":{"id":1, "in_network":true, "in_cross":false, "link_id":3, "lane_id":1, "cell_id":180, "x":419.5, "y":299.635, "cur_spd":0, "last_spd":1}}}[0m
[2025-10-10 15:05:09|0x00002ad8][info]	[34m[*] Send: {"type":"frontend", "ope":"simdata", "time":1760079909614, "data":{"pos":"veh_run", "step_num": 20, "result":{"id":2, "in_network":true, "in_cross":true, "cross_id":0, "lane_id":32, "cell_id":7, "x":415.556, "y":294.444, "cur_spd":1, "last_spd":1}}}[0m
[2025-10-10 15:05:09|0x00002ad8][info]	[34m[*] Send: {"type":"frontend", "ope":"simdata", "time":1760079909745, "data":{"pos":"veh_run", "step_num": 20, "result":{"id":3, "in_network":true, "in_cross":false, "link_id":5, "lane_id":1, "cell_id":10, "x":415, "y":270, "cur_spd":10, "last_spd":8}}}[0m
[2025-10-10 15:05:09|0x00002ad8][info]	[34m[*] Send: {"type":"frontend", "ope":"simdata", "time":1760079909877, "data":{"pos":"veh_run", "step_num": 20, "result":{"id":4, "in_network":true, "in_cross":false, "link_id":3, "lane_id":0, "cell_id":190, "x":409.5, "y":299.885, "cur_spd":1, "last_spd":0}}}[0m
[2025-10-10 15:05:10|0x00002ad8][info]	[34m[*] Send: {"type":"frontend", "ope":"simdata", "time":1760079910013, "data":{"pos":"veh_run", "step_num": 20, "result":{"id":5, "in_network":true, "in_cross":false, "link_id":7, "lane_id":1, "cell_id":139, "x":415, "y":361, "cur_spd":1, "last_spd":0}}}[0m
[2025-10-10 15:05:10|0x00002ad8][info]	[34m[*] Send: {"type":"frontend", "ope":"simdata", "time":1760079910140, "data":{"pos":"veh_run", "step_num": 20, "result":{"id":6, "in_network":true, "in_cross":false, "link_id":7, "lane_id":3, "cell_id":112, "x":435, "y":388, "cur_spd":14, "last_spd":14}}}[0m
[2025-10-10 15:05:10|0x00002ad8][info]	[34m[*] Send: {"type":"frontend", "ope":"simdata", "time":1760079910271, "data":{"pos":"veh_run", "step_num": 20, "result":{"id":7, "in_network":true, "in_cross":false, "link_id":7, "lane_id":2, "cell_id":98, "x":425, "y":402, "cur_spd":14, "last_spd":14}}}[0m
[2025-10-10 15:05:10|0x00002ad8][info]	[34m[*] Send: {"type":"frontend", "ope":"simdata", "time":1760079910400, "data":{"pos":"veh_run", "step_num": 20, "result":{"id":8, "in_network":true, "in_cross":false, "link_id":3, "lane_id":3, "cell_id":42, "x":558.259, "y":273.854, "cur_spd":14, "last_spd":14}}}[0m
[2025-10-10 15:05:10|0x00002ad8][info]	[34m[*] Send: {"type":"frontend", "ope":"simdata", "time":1760079910528, "data":{"pos":"controller_run", "step_num": 20, "result":{ "cross_id":5, "phases": [{"id":0, "color":"R", "x":385, "y":279},
{"id":1, "color":"G", "x":395, "y":279},
{"id":2, "color":"R", "x":365, "y":279},
{"id":3, "color":"R", "x":414.5, "y":300.035},
{"id":4, "color":"R", "x":404.5, "y":300.012},
{"id":5, "color":"R", "x":434.504, "y":300.074}] }}}[0m
[2025-10-10 15:05:10|0x00002ad8][info]	[34m[*] Send: {"type":"frontend", "ope":"simdata", "time":1760079910528, "data":{ "pos":"sim_one_step", "over_step:":20, "next_step":21 }}[0m
[2025-10-10 15:05:10|0x00002ad8][info]	[34m[*] Send: {"type":"frontend", "ope":"simdata", "time":1760079910664, "data":{"pos":"produce_veh", "step_num": 21, "result":[{"id":9, "link_id":0, "lane_id":2, "cell_id":0, "x":200.498, "y":324.945, "speed":14, "router":"0 1"}]}}[0m
[2025-10-10 15:05:10|0x00002ad8][info]	[34m[*] Send: {"type":"frontend", "ope":"simdata", "time":1760079910800, "data":{"pos":"veh_run", "step_num": 21, "result":{"id":0, "in_network":true, "in_cross":false, "link_id":0, "lane_id":3, "cell_id":231, "x":429.546, "y":300.812, "cur_spd":2, "last_spd":2}}}[0m
[2025-10-10 15:05:10|0x00002ad8][info]	[34m[*] Send: {"type":"frontend", "ope":"simdata", "time":1760079910929, "data":{"pos":"veh_run", "step_num": 21, "result":{"id":1, "in_network":true, "in_cross":false, "link_id":3, "lane_id":1, "cell_id":180, "x":419.5, "y":299.635, "cur_spd":0, "last_spd":0}}}[0m
[2025-10-10 15:05:11|0x00002ad8][info]	[34m[*] Send: {"type":"frontend", "ope":"simdata", "time":1760079911064, "data":{"pos":"veh_run", "step_num": 21, "result":{"id":2, "in_network":true, "in_cross":true, "cross_id":0, "lane_id":32, "cell_id":8, "x":423.333, "y":296.667, "cur_spd":1, "last_spd":1}}}[0m
[2025-10-10 15:05:11|0x00002ad8][info]	[34m[*] Send: {"type":"frontend", "ope":"simdata", "time":1760079911195, "data":{"pos":"veh_run", "step_num": 21, "result":{"id":3, "in_network":true, "in_cross":false, "link_id":5, "lane_id":1, "cell_id":22, "x":415, "y":258, "cur_spd":12, "last_spd":10}}}[0m
[2025-10-10 15:05:11|0x00002ad8][info]	[34m[*] Send: {"type":"frontend", "ope":"simdata", "time":1760079911333, "data":{"pos":"veh_run", "step_num": 21, "result":{"id":4, "in_network":true, "in_cross":false, "link_id":3, "lane_id":0, "cell_id":190, "x":409.5, "y":299.885, "cur_spd":0, "last_spd":1}}}[0m
[2025-10-10 15:05:11|0x00002ad8][info]	[34m[*] Send: {"type":"frontend", "ope":"simdata", "time":1760079911459, "data":{"pos":"veh_run", "step_num": 21, "result":{"id":5, "in_network":true, "in_cross":false, "link_id":7, "lane_id":0, "cell_id":139, "x":405, "y":361, "cur_spd":0, "last_spd":1}}}[0m
[2025-10-10 15:05:11|0x00002ad8][info]	[34m[*] Send: {"type":"frontend", "ope":"simdata", "time":1760079911590, "data":{"pos":"veh_run", "step_num": 21, "result":{"id":6, "in_network":true, "in_cross":false, "link_id":7, "lane_id":3, "cell_id":126, "x":435, "y":374, "cur_spd":14, "last_spd":14}}}[0m
[2025-10-10 15:05:11|0x00002ad8][info]	[34m[*] Send: {"type":"frontend", "ope":"simdata", "time":1760079911730, "data":{"pos":"veh_run", "step_num": 21, "result":{"id":7, "in_network":true, "in_cross":false, "link_id":7, "lane_id":2, "cell_id":110, "x":425, "y":390, "cur_spd":12, "last_spd":14}}}[0m
[2025-10-10 15:05:11|0x00002ad8][info]	[34m[*] Send: {"type":"frontend", "ope":"simdata", "time":1760079911859, "data":{"pos":"veh_run", "step_num": 21, "result":{"id":8, "in_network":true, "in_cross":false, "link_id":3, "lane_id":3, "cell_id":56, "x":544.509, "y":276.771, "cur_spd":14, "last_spd":14}}}[0m
[2025-10-10 15:05:11|0x00002ad8][info]	[34m[*] Send: {"type":"frontend", "ope":"simdata", "time":1760079911994, "data":{"pos":"veh_run", "step_num": 21, "result":{"id":9, "in_network":true, "in_cross":false, "link_id":0, "lane_id":2, "cell_id":14, "x":214.436, "y":323.396, "cur_spd":14, "last_spd":14}}}[0m
[2025-10-10 15:05:12|0x00002ad8][info]	[34m[*] Send: {"type":"frontend", "ope":"simdata", "time":1760079912130, "data":{"pos":"controller_run", "step_num": 21, "result":{ "cross_id":5, "phases": [{"id":0, "color":"R", "x":385, "y":279},
{"id":1, "color":"G", "x":395, "y":279},
{"id":2, "color":"R", "x":365, "y":279},
{"id":3, "color":"R", "x":414.5, "y":300.035},
{"id":4, "color":"R", "x":404.5, "y":300.012},
{"id":5, "color":"R", "x":434.504, "y":300.074}] }}}[0m
[2025-10-10 15:05:12|0x00002ad8][info]	[34m[*] Send: {"type":"frontend", "ope":"simdata", "time":1760079912130, "data":{ "pos":"sim_one_step", "over_step:":21, "next_step":22 }}[0m
[2025-10-10 15:05:12|0x00002ad8][info]	[34m[*] Send: {"type":"frontend", "ope":"simdata", "time":1760079912264, "data":{"pos":"veh_run", "step_num": 22, "result":{"id":0, "in_network":true, "in_cross":false, "link_id":0, "lane_id":3, "cell_id":231, "x":429.546, "y":300.812, "cur_spd":0, "last_spd":2}}}[0m
[2025-10-10 15:05:12|0x00002ad8][info]	[34m[*] Send: {"type":"frontend", "ope":"simdata", "time":1760079912401, "data":{"pos":"veh_run", "step_num": 22, "result":{"id":1, "in_network":true, "in_cross":false, "link_id":3, "lane_id":1, "cell_id":180, "x":419.5, "y":299.635, "cur_spd":0, "last_spd":0}}}[0m
[2025-10-10 15:05:12|0x00002ad8][info]	[34m[*] Send: {"type":"frontend", "ope":"simdata", "time":1760079912529, "data":{"pos":"veh_run", "step_num": 22, "result":{"id":2, "in_network":true, "in_cross":true, "cross_id":0, "lane_id":32, "cell_id":9, "x":431.111, "y":298.889, "cur_spd":1, "last_spd":1}}}[0m
[2025-10-10 15:05:12|0x00002ad8][info]	[34m[*] Send: {"type":"frontend", "ope":"simdata", "time":1760079912662, "data":{"pos":"veh_run", "step_num": 22, "result":{"id":3, "in_network":true, "in_cross":false, "link_id":5, "lane_id":1, "cell_id":35, "x":415, "y":245, "cur_spd":13, "last_spd":12}}}[0m
[2025-10-10 15:05:12|0x00002ad8][info]	[34m[*] Send: {"type":"frontend", "ope":"simdata", "time":1760079912795, "data":{"pos":"veh_run", "step_num": 22, "result":{"id":4, "in_network":true, "in_cross":false, "link_id":3, "lane_id":0, "cell_id":190, "x":409.5, "y":299.885, "cur_spd":0, "last_spd":0}}}[0m
[2025-10-10 15:05:12|0x00002ad8][info]	[34m[*] Send: {"type":"frontend", "ope":"simdata", "time":1760079912920, "data":{"pos":"veh_run", "step_num": 22, "result":{"id":5, "in_network":true, "in_cross":false, "link_id":7, "lane_id":0, "cell_id":140, "x":405, "y":360, "cur_spd":1, "last_spd":0}}}[0m
[2025-10-10 15:05:13|0x00002ad8][info]	[34m[*] Send: {"type":"frontend", "ope":"simdata", "time":1760079913060, "data":{"pos":"veh_run", "step_num": 22, "result":{"id":6, "in_network":true, "in_cross":false, "link_id":7, "lane_id":3, "cell_id":140, "x":435, "y":360, "cur_spd":14, "last_spd":14}}}[0m
[2025-10-10 15:05:13|0x00002ad8][info]	[34m[*] Send: {"type":"frontend", "ope":"simdata", "time":1760079913188, "data":{"pos":"veh_run", "step_num": 22, "result":{"id":7, "in_network":true, "in_cross":false, "link_id":7, "lane_id":2, "cell_id":120, "x":425, "y":380, "cur_spd":10, "last_spd":12}}}[0m
[2025-10-10 15:05:13|0x00002ad8][info]	[34m[*] Send: {"type":"frontend", "ope":"simdata", "time":1760079913320, "data":{"pos":"veh_run", "step_num": 22, "result":{"id":8, "in_network":true, "in_cross":false, "link_id":3, "lane_id":3, "cell_id":70, "x":530.759, "y":279.687, "cur_spd":14, "last_spd":14}}}[0m
[2025-10-10 15:05:13|0x00002ad8][info]	[34m[*] Send: {"type":"frontend", "ope":"simdata", "time":1760079913456, "data":{"pos":"veh_run", "step_num": 22, "result":{"id":9, "in_network":true, "in_cross":false, "link_id":0, "lane_id":2, "cell_id":28, "x":228.374, "y":321.847, "cur_spd":14, "last_spd":14}}}[0m
[2025-10-10 15:05:13|0x00002ad8][info]	[34m[*] Send: {"type":"frontend", "ope":"simdata", "time":1760079913594, "data":{"pos":"controller_run", "step_num": 22, "result":{ "cross_id":5, "phases": [{"id":0, "color":"R", "x":385, "y":279},
{"id":1, "color":"G", "x":395, "y":279},
{"id":2, "color":"R", "x":365, "y":279},
{"id":3, "color":"R", "x":414.5, "y":300.035},
{"id":4, "color":"R", "x":404.5, "y":300.012},
{"id":5, "color":"R", "x":434.504, "y":300.074}] }}}[0m
[2025-10-10 15:05:13|0x00002ad8][info]	[34m[*] Send: {"type":"frontend", "ope":"simdata", "time":1760079913594, "data":{ "pos":"sim_one_step", "over_step:":22, "next_step":23 }}[0m
[2025-10-10 15:06:21|0x00004300][debug]	[32m[#] Recv Msg: {"type":"eng","ope":"stop","time":1760079981382}[0m
[2025-10-10 15:06:21|0x00004300][debug]	[32m[#] Connected closed: 127.0.0.1:3822/ws/exe/56f38a28-69e7-41cf-9fef-cfb0eac80818[0m
[2025-10-10 15:06:21|0x00004300][info]	[34m[-] connect websocket to backend close...[0m
[2025-10-10 15:06:21|0x00004300][debug]	[32m[#] EXIT![0m
