Config Path(WebParam): 591909c2-9888-41f9-ad8f-e96bba2a40b9\od.xml
G_MarginalPoint_Number:4
G_BaseLine_Number:4
G_Cross_Number:1
G_Link_Number:8
G_Lane_Number:16
n\SimEngPI[0m
[2025-10-09 15:21:54|0x00004e84][info]	[34m[+] Set SimID test Over![0m
[2025-10-09 15:21:54|0x00004e84][info]	[34m[+] Set SimFiles Path: 591909c2-9888-41f9-ad8f-e96bba2a40b9 Over![0m
[2025-10-09 15:21:54|0x00004e84][info]	[34m[+] Use RoadNetwork File: 591909c2-9888-41f9-ad8f-e96bba2a40b9\map_by_ai_5.xml[0m
[2025-10-09 15:21:54|0x00004e84][info]	[34m[+] Use OD File: 591909c2-9888-41f9-ad8f-e96bba2a40b9\od.xml[0m
[2025-10-09 15:21:54|0x00004e84][info]	[34m[-] Launch as no plug-in![0m
[2025-10-09 15:21:54|0x00004e84][info]	[34m[+] Base Initialization Complete![0m
[2025-10-09 15:21:54|0x00004e84][debug]	[32m[#] Connected to 127.0.0.1:3822/ws/exe/591909c2-9888-41f9-ad8f-e96bba2a40b9[0m
[2025-10-09 15:21:54|0x00004e84][info]	[34m[+] Connect websocket to backend ok...[0m
[2025-10-09 15:21:54|0x00004e84][debug]	[32m[#] Recv Msg: {"type":"eng","ope":"hi","time":1759994514524}[0m
[2025-10-09 15:21:54|0x00004e84][info]	[34m[+] Init backend manager ok![0m
[2025-10-09 15:21:57|0x00004e84][debug]	[32m[#] Recv Msg: {"type":"eng","ope":"setdelay","time":1759994517654,"data":{"Delay":175}}[0m
[2025-10-09 15:21:57|0x00004e84][info]	[34m[*] Set New Delay: 175[0m
[2025-10-09 15:21:57|0x00004e84][info]	[34m[*] Send: {"type":"frontend", "ope":"handleope", "time":1759994517654, "data":{"result": "setdelay_ok"}}[0m
[2025-10-09 15:21:58|0x00004e84][debug]	[32m[#] Recv Msg: {"type":"eng","ope":"setmaxstep","time":1759994518309,"data":{"Step":23}}[0m
[2025-10-09 15:21:58|0x00004e84][info]	[34m[+] Set Max Sim Step: 23[0m
[2025-10-09 15:21:58|0x00004e84][info]	[34m[*] Send: {"type":"frontend", "ope":"handleope", "time":1759994518310, "data":{"result": "setmaxstep_ok"}}[0m
[2025-10-09 15:21:59|0x00004e84][debug]	[32m[#] Recv Msg: {"type":"eng","ope":"start","time":1759994519045}[0m
[2025-10-09 15:21:59|0x00004e84][info]	[34m[*] Start(Resume) Sim[0m
[2025-10-09 15:21:59|0x00004e84][info]	[34m[*] Send: {"type":"frontend", "ope":"handleope", "time":1759994519048, "data":{"result": "start_ok"}}[0m
[2025-10-09 15:21:59|0x00006cb0][info]	[34m[*] Send: {"type":"frontend", "ope":"simdata", "time":1759994519238, "data":{"pos":"produce_veh", "step_num": 0, "result":[{"id":0, "link_id":0, "lane_id":1, "cell_id":0, "x":300.5, "y":314.965, "speed":14, "router":"0 1"}]}}[0m
[2025-10-09 15:21:59|0x00006cb0][info]	[34m[*] Send: {"type":"frontend", "ope":"simdata", "time":1759994519424, "data":{"pos":"produce_veh", "step_num": 0, "result":[{"id":1, "link_id":3, "lane_id":0, "cell_id":0, "x":699.5, "y":295.013, "speed":14, "router":"3 1"}]}}[0m
[2025-10-09 15:21:59|0x00006cb0][info]	[34m[*] Send: {"type":"frontend", "ope":"simdata", "time":1759994519610, "data":{"pos":"produce_veh", "step_num": 0, "result":[{"id":2, "link_id":4, "lane_id":0, "cell_id":0, "x":495.025, "y":100.5, "speed":14, "router":"4 6"}]}}[0m
[2025-10-09 15:21:59|0x00006cb0][info]	[34m[*] Send: {"type":"frontend", "ope":"simdata", "time":1759994519797, "data":{"pos":"produce_veh", "step_num": 0, "result":[{"id":3, "link_id":7, "lane_id":0, "cell_id":0, "x":505, "y":500, "speed":14, "router":"7 2"}]}}[0m
[2025-10-09 15:21:59|0x00006cb0][info]	[34m[*] Send: {"type":"frontend", "ope":"simdata", "time":1759994519984, "data":{"pos":"veh_run", "step_num": 0, "result":{"id":0, "in_network":true, "in_cross":false, "link_id":0, "lane_id":1, "cell_id":14, "x":314.5, "y":313.988, "cur_spd":14, "last_spd":14}}}[0m
[2025-10-09 15:22:00|0x00006cb0][info]	[34m[*] Send: {"type":"frontend", "ope":"simdata", "time":1759994520172, "data":{"pos":"veh_run", "step_num": 0, "result":{"id":1, "in_network":true, "in_cross":false, "link_id":3, "lane_id":0, "cell_id":14, "x":685.5, "y":295.372, "cur_spd":14, "last_spd":14}}}[0m
[2025-10-09 15:22:00|0x00006cb0][info]	[34m[*] Send: {"type":"frontend", "ope":"simdata", "time":1759994520359, "data":{"pos":"veh_run", "step_num": 0, "result":{"id":2, "in_network":true, "in_cross":false, "link_id":4, "lane_id":0, "cell_id":14, "x":495.725, "y":114.5, "cur_spd":14, "last_spd":14}}}[0m
[2025-10-09 15:22:00|0x00006cb0][info]	[34m[*] Send: {"type":"frontend", "ope":"simdata", "time":1759994520545, "data":{"pos":"veh_run", "step_num": 0, "result":{"id":3, "in_network":true, "in_cross":false, "link_id":7, "lane_id":0, "cell_id":14, "x":505, "y":486, "cur_spd":14, "last_spd":14}}}[0m
