Config Path(WebParam): 5d817903-12bf-47bf-8f4d-f8a1ba83ff30\od.xml
G_MarginalPoint_Number:10
G_BaseLine_Number:17
G_Cross_Number:6
G_Link_Number:34
G_Lane_Number:68
imEngPI[0m
[2025-10-09 14:59:11|0x00002690][info]	[34m[+] Set SimID test Over![0m
[2025-10-09 14:59:11|0x00002690][info]	[34m[+] Set SimFiles Path: 5d817903-12bf-47bf-8f4d-f8a1ba83ff30 Over![0m
[2025-10-09 14:59:11|0x00002690][info]	[34m[+] Use RoadNetwork File: 5d817903-12bf-47bf-8f4d-f8a1ba83ff30\map_by_ai_3.xml[0m
[2025-10-09 14:59:11|0x00002690][info]	[34m[+] Use OD File: 5d817903-12bf-47bf-8f4d-f8a1ba83ff30\od.xml[0m
[2025-10-09 14:59:11|0x00002690][info]	[34m[-] Launch as no plug-in![0m
[2025-10-09 14:59:11|0x00002690][info]	[34m[+] Base Initialization Complete![0m
[2025-10-09 14:59:11|0x00002690][debug]	[32m[#] Connected to 127.0.0.1:3822/ws/exe/5d817903-12bf-47bf-8f4d-f8a1ba83ff30[0m
[2025-10-09 14:59:11|0x00002690][info]	[34m[+] Connect websocket to backend ok...[0m
[2025-10-09 14:59:11|0x00002690][debug]	[32m[#] Recv Msg: {"type":"eng","ope":"hi","time":1759993151624}[0m
[2025-10-09 14:59:11|0x00002690][info]	[34m[+] Init backend manager ok![0m
[2025-10-09 14:59:15|0x00002690][debug]	[32m[#] Recv Msg: {"type":"eng","ope":"setdelay","time":1759993155683,"data":{"Delay":200}}[0m
[2025-10-09 14:59:15|0x00002690][info]	[34m[*] Set New Delay: 200[0m
[2025-10-09 14:59:15|0x00002690][info]	[34m[*] Send: {"type":"frontend", "ope":"handleope", "time":1759993155684, "data":{"result": "setdelay_ok"}}[0m
[2025-10-09 14:59:16|0x00002690][debug]	[32m[#] Recv Msg: {"type":"eng","ope":"setmaxstep","time":1759993156226,"data":{"Step":23}}[0m
[2025-10-09 14:59:16|0x00002690][info]	[34m[+] Set Max Sim Step: 23[0m
[2025-10-09 14:59:16|0x00002690][info]	[34m[*] Send: {"type":"frontend", "ope":"handleope", "time":1759993156227, "data":{"result": "setmaxstep_ok"}}[0m
[2025-10-09 14:59:16|0x00002690][debug]	[32m[#] Recv Msg: {"type":"eng","ope":"start","time":1759993156954}[0m
[2025-10-09 14:59:16|0x00002690][info]	[34m[*] Start(Resume) Sim[0m
[2025-10-09 14:59:16|0x00002690][info]	[34m[*] Send: {"type":"frontend", "ope":"handleope", "time":1759993156962, "data":{"result": "start_ok"}}[0m
[2025-10-09 14:59:17|0x00007300][info]	[34m[*] Send: {"type":"frontend", "ope":"simdata", "time":1759993157169, "data":{"pos":"produce_veh", "step_num": 0, "result":[{"id":0, "link_id":0, "lane_id":1, "cell_id":0, "x":428.5, "y":384.944, "speed":14, "router":"0 6 10 19"}]}}[0m
[2025-10-09 14:59:17|0x00007300][info]	[34m[*] Send: {"type":"frontend", "ope":"simdata", "time":1759993157373, "data":{"pos":"produce_veh", "step_num": 0, "result":[{"id":1, "link_id":4, "lane_id":0, "cell_id":0, "x":561.022, "y":233.5, "speed":14, "router":"4 6 10 32 30"}]}}[0m
[2025-10-09 14:59:17|0x00007300][info]	[34m[*] Send: {"type":"frontend", "ope":"simdata", "time":1759993157574, "data":{"pos":"produce_veh", "step_num": 0, "result":[{"id":2, "link_id":8, "lane_id":0, "cell_id":0, "x":431.814, "y":614.856, "speed":14, "router":"8 10 17 20"}]}}[0m
[2025-10-09 14:59:17|0x00007300][info]	[34m[*] Send: {"type":"frontend", "ope":"simdata", "time":1759993157777, "data":{"pos":"produce_veh", "step_num": 0, "result":[{"id":3, "link_id":13, "lane_id":0, "cell_id":0, "x":570.998, "y":780.499, "speed":14, "router":"13 10 17 14 24"}]}}[0m
[2025-10-09 14:59:17|0x00007300][info]	[34m[*] Send: {"type":"frontend", "ope":"simdata", "time":1759993157979, "data":{"pos":"produce_veh", "step_num": 0, "result":[{"id":4, "link_id":18, "lane_id":1, "cell_id":0, "x":798.647, "y":836.239, "speed":14, "router":"18 11 7 5"}]}}[0m
[2025-10-09 14:59:18|0x00007300][info]	[34m[*] Send: {"type":"frontend", "ope":"simdata", "time":1759993158183, "data":{"pos":"produce_veh", "step_num": 0, "result":[{"id":5, "link_id":21, "lane_id":1, "cell_id":0, "x":879.069, "y":228.495, "speed":14, "router":"21 20"}]}}[0m
[2025-10-09 14:59:18|0x00007300][info]	[34m[*] Send: {"type":"frontend", "ope":"simdata", "time":1759993158386, "data":{"pos":"produce_veh", "step_num": 0, "result":[{"id":6, "link_id":23, "lane_id":1, "cell_id":0, "x":1372.5, "y":355.004, "speed":14, "router":"23 22"}]}}[0m
[2025-10-09 14:59:18|0x00007300][info]	[34m[*] Send: {"type":"frontend", "ope":"simdata", "time":1759993158588, "data":{"pos":"produce_veh", "step_num": 0, "result":[{"id":7, "link_id":25, "lane_id":0, "cell_id":0, "x":1148.02, "y":225.5, "speed":14, "router":"25 15 3 1"}]}}[0m
[2025-10-09 14:59:18|0x00007300][info]	[34m[*] Send: {"type":"frontend", "ope":"simdata", "time":1759993158793, "data":{"pos":"produce_veh", "step_num": 0, "result":[{"id":8, "link_id":29, "lane_id":0, "cell_id":0, "x":1252.29, "y":677.985, "speed":14, "router":"29 33 19"}]}}[0m
[2025-10-09 14:59:19|0x00007300][info]	[34m[*] Send: {"type":"frontend", "ope":"simdata", "time":1759993159009, "data":{"pos":"produce_veh", "step_num": 0, "result":[{"id":9, "link_id":31, "lane_id":0, "cell_id":0, "x":1097.01, "y":787.381, "speed":14, "router":"31 33 11 12"}]}}[0m
[2025-10-09 14:59:19|0x00007300][info]	[34m[*] Send: {"type":"frontend", "ope":"simdata", "time":1759993159211, "data":{"pos":"veh_run", "step_num": 0, "result":{"id":0, "in_network":true, "in_cross":false, "link_id":0, "lane_id":1, "cell_id":14, "x":442.5, "y":383.365, "cur_spd":14, "last_spd":14}}}[0m
[2025-10-09 14:59:19|0x00007300][info]	[34m[*] Send: {"type":"frontend", "ope":"simdata", "time":1759993159413, "data":{"pos":"veh_run", "step_num": 0, "result":{"id":1, "in_network":true, "in_cross":false, "link_id":4, "lane_id":0, "cell_id":14, "x":561.647, "y":247.5, "cur_spd":14, "last_spd":14}}}[0m
[2025-10-09 14:59:19|0x00007300][info]	[34m[*] Send: {"type":"frontend", "ope":"simdata", "time":1759993159616, "data":{"pos":"veh_run", "step_num": 0, "result":{"id":2, "in_network":true, "in_cross":false, "link_id":8, "lane_id":0, "cell_id":14, "x":445.325, "y":618.84, "cur_spd":14, "last_spd":14}}}[0m
[2025-10-09 14:59:19|0x00007300][info]	[34m[*] Send: {"type":"frontend", "ope":"simdata", "time":1759993159819, "data":{"pos":"veh_run", "step_num": 0, "result":{"id":3, "in_network":true, "in_cross":false, "link_id":13, "lane_id":0, "cell_id":14, "x":570.932, "y":766.47, "cur_spd":14, "last_spd":14}}}[0m
[2025-10-09 14:59:20|0x00007300][info]	[34m[*] Send: {"type":"frontend", "ope":"simdata", "time":1759993160020, "data":{"pos":"veh_run", "step_num": 0, "result":{"id":4, "in_network":true, "in_cross":false, "link_id":18, "lane_id":1, "cell_id":14, "x":801.948, "y":822.53, "cur_spd":14, "last_spd":14}}}[0m
[2025-10-09 14:59:20|0x00007300][info]	[34m[*] Send: {"type":"frontend", "ope":"simdata", "time":1759993160223, "data":{"pos":"veh_run", "step_num": 0, "result":{"id":5, "in_network":true, "in_cross":false, "link_id":21, "lane_id":1, "cell_id":14, "x":881.014, "y":242.366, "cur_spd":14, "last_spd":14}}}[0m
[2025-10-09 14:59:20|0x00007300][info]	[34m[*] Send: {"type":"frontend", "ope":"simdata", "time":1759993160425, "data":{"pos":"veh_run", "step_num": 0, "result":{"id":6, "in_network":true, "in_cross":false, "link_id":23, "lane_id":1, "cell_id":14, "x":1358.48, "y":355.119, "cur_spd":14, "last_spd":14}}}[0m
[2025-10-09 14:59:20|0x00007300][info]	[34m[*] Send: {"type":"frontend", "ope":"simdata", "time":1759993160628, "data":{"pos":"veh_run", "step_num": 0, "result":{"id":7, "in_network":true, "in_cross":false, "link_id":25, "lane_id":0, "cell_id":14, "x":1148.6, "y":239.5, "cur_spd":14, "last_spd":14}}}[0m
[2025-10-09 14:59:20|0x00007300][info]	[34m[*] Send: {"type":"frontend", "ope":"simdata", "time":1759993160830, "data":{"pos":"veh_run", "step_num": 0, "result":{"id":8, "in_network":true, "in_cross":false, "link_id":29, "lane_id":0, "cell_id":14, "x":1238.41, "y":675.844, "cur_spd":14, "last_spd":14}}}[0m
[2025-10-09 14:59:21|0x00007300][info]	[34m[*] Send: {"type":"frontend", "ope":"simdata", "time":1759993161048, "data":{"pos":"veh_run", "step_num": 0, "result":{"id":9, "in_network":true, "in_cross":false, "link_id":31, "lane_id":0, "cell_id":14, "x":1099.38, "y":773.576, "cur_spd":14, "last_spd":14}}}[0m
