Config Path(WebParam): 6398043e-3d72-4b13-9088-647686da23f8\od.xml
G_MarginalPoint_Number:4
G_BaseLine_Number:4
G_Cross_Number:1
G_Link_Number:8
G_Lane_Number:16
n\SimEngPI[0m
[2025-10-09 21:54:44|0x00005d14][info]	[34m[+] Set SimID test Over![0m
[2025-10-09 21:54:44|0x00005d14][info]	[34m[+] Set SimFiles Path: 6398043e-3d72-4b13-9088-647686da23f8 Over![0m
[2025-10-09 21:54:44|0x00005d14][info]	[34m[+] Use RoadNetwork File: 6398043e-3d72-4b13-9088-647686da23f8\roundabout.xml[0m
[2025-10-09 21:54:44|0x00005d14][info]	[34m[+] Use OD File: 6398043e-3d72-4b13-9088-647686da23f8\od.xml[0m
[2025-10-09 21:54:44|0x00005d14][info]	[34m[-] Launch as no plug-in![0m
[2025-10-09 21:54:44|0x00005d14][info]	[34m[+] Base Initialization Complete![0m
[2025-10-09 21:54:44|0x00005d14][debug]	[32m[#] Connected to 127.0.0.1:3822/ws/exe/6398043e-3d72-4b13-9088-647686da23f8[0m
[2025-10-09 21:54:44|0x00005d14][info]	[34m[+] Connect websocket to backend ok...[0m
[2025-10-09 21:54:44|0x00005d14][debug]	[32m[#] Recv Msg: {"type":"eng","ope":"hi","time":1760018084979}[0m
[2025-10-09 21:54:44|0x00005d14][info]	[34m[+] Init backend manager ok![0m
[2025-10-09 21:54:49|0x00005d14][debug]	[32m[#] Recv Msg: {"type":"eng","ope":"setdelay","time":1760018089095,"data":{"Delay":87}}[0m
[2025-10-09 21:54:49|0x00005d14][info]	[34m[*] Set New Delay: 87[0m
[2025-10-09 21:54:49|0x00005d14][info]	[34m[*] Send: {"type":"frontend", "ope":"handleope", "time":1760018089096, "data":{"result": "setdelay_ok"}}[0m
[2025-10-09 21:54:49|0x00005d14][debug]	[32m[#] Recv Msg: {"type":"eng","ope":"setmaxstep","time":1760018089808,"data":{"Step":23}}[0m
[2025-10-09 21:54:49|0x00005d14][info]	[34m[+] Set Max Sim Step: 23[0m
[2025-10-09 21:54:49|0x00005d14][info]	[34m[*] Send: {"type":"frontend", "ope":"handleope", "time":1760018089809, "data":{"result": "setmaxstep_ok"}}[0m
[2025-10-09 21:54:50|0x00005d14][debug]	[32m[#] Recv Msg: {"type":"eng","ope":"start","time":1760018090360}[0m
[2025-10-09 21:54:50|0x00005d14][info]	[34m[*] Start(Resume) Sim[0m
[2025-10-09 21:54:50|0x00005d14][info]	[34m[*] Send: {"type":"frontend", "ope":"handleope", "time":1760018090363, "data":{"result": "start_ok"}}[0m
[2025-10-09 21:54:50|0x00006e34][info]	[34m[*] Send: {"type":"frontend", "ope":"simdata", "time":1760018090466, "data":{"pos":"produce_veh", "step_num": 0, "result":[{"id":0, "link_id":0, "lane_id":1, "cell_id":0, "x":100.503, "y":314.998, "speed":14, "router":"0 1"}]}}[0m
[2025-10-09 21:54:50|0x00006e34][info]	[34m[*] Send: {"type":"frontend", "ope":"simdata", "time":1760018090561, "data":{"pos":"produce_veh", "step_num": 0, "result":[{"id":1, "link_id":3, "lane_id":0, "cell_id":0, "x":499.499, "y":295.004, "speed":14, "router":"3 1"}]}}[0m
[2025-10-09 21:54:50|0x00006e34][info]	[34m[*] Send: {"type":"frontend", "ope":"simdata", "time":1760018090654, "data":{"pos":"produce_veh", "step_num": 0, "result":[{"id":2, "link_id":4, "lane_id":0, "cell_id":0, "x":295.001, "y":100.502, "speed":14, "router":"4 6"}]}}[0m
[2025-10-09 21:54:50|0x00006e34][info]	[34m[*] Send: {"type":"frontend", "ope":"simdata", "time":1760018090746, "data":{"pos":"produce_veh", "step_num": 0, "result":[{"id":3, "link_id":7, "lane_id":0, "cell_id":0, "x":304.996, "y":499.498, "speed":14, "router":"7 6"}]}}[0m
[2025-10-09 21:54:50|0x00006e34][info]	[34m[*] Send: {"type":"frontend", "ope":"simdata", "time":1760018090838, "data":{"pos":"veh_run", "step_num": 0, "result":{"id":0, "in_network":true, "in_cross":false, "link_id":0, "lane_id":1, "cell_id":14, "x":114.574, "y":314.948, "cur_spd":14, "last_spd":14}}}[0m
[2025-10-09 21:54:50|0x00006e34][info]	[34m[*] Send: {"type":"frontend", "ope":"simdata", "time":1760018090932, "data":{"pos":"veh_run", "step_num": 0, "result":{"id":1, "in_network":true, "in_cross":false, "link_id":3, "lane_id":0, "cell_id":14, "x":485.477, "y":295.102, "cur_spd":14, "last_spd":14}}}[0m
[2025-10-09 21:54:51|0x00006e34][info]	[34m[*] Send: {"type":"frontend", "ope":"simdata", "time":1760018091024, "data":{"pos":"veh_run", "step_num": 0, "result":{"id":2, "in_network":true, "in_cross":false, "link_id":4, "lane_id":0, "cell_id":14, "x":295.024, "y":114.555, "cur_spd":14, "last_spd":14}}}[0m
[2025-10-09 21:54:51|0x00006e34][info]	[34m[*] Send: {"type":"frontend", "ope":"simdata", "time":1760018091117, "data":{"pos":"veh_run", "step_num": 0, "result":{"id":3, "in_network":true, "in_cross":false, "link_id":7, "lane_id":0, "cell_id":14, "x":304.891, "y":485.44, "cur_spd":14, "last_spd":14}}}[0m
