Config Path(WebParam): 86af285c-7458-4da5-808e-ebff84095ace\od.xml
G_MarginalPoint_Number:3
G_BaseLine_Number:3
G_Cross_Number:1
G_Link_Number:6
G_Lane_Number:18
n\SimEngPI[0m
[2025-10-09 21:54:03|0x00001698][info]	[34m[+] Set SimID test Over![0m
[2025-10-09 21:54:03|0x00001698][info]	[34m[+] Set SimFiles Path: 86af285c-7458-4da5-808e-ebff84095ace Over![0m
[2025-10-09 21:54:03|0x00001698][info]	[34m[+] Use RoadNetwork File: 86af285c-7458-4da5-808e-ebff84095ace\t_intersection.xml[0m
[2025-10-09 21:54:03|0x00001698][info]	[34m[+] Use OD File: 86af285c-7458-4da5-808e-ebff84095ace\od.xml[0m
[2025-10-09 21:54:03|0x00001698][info]	[34m[-] Launch as no plug-in![0m
[2025-10-09 21:54:03|0x00001698][info]	[34m[+] Base Initialization Complete![0m
[2025-10-09 21:54:03|0x00001698][debug]	[32m[#] Connected to 127.0.0.1:3822/ws/exe/86af285c-7458-4da5-808e-ebff84095ace[0m
[2025-10-09 21:54:03|0x00001698][info]	[34m[+] Connect websocket to backend ok...[0m
[2025-10-09 21:54:03|0x00001698][debug]	[32m[#] Recv Msg: {"type":"eng","ope":"hi","time":1760018043736}[0m
[2025-10-09 21:54:03|0x00001698][info]	[34m[+] Init backend manager ok![0m
[2025-10-09 21:54:07|0x00001698][debug]	[32m[#] Recv Msg: {"type":"eng","ope":"setdelay","time":1760018047546,"data":{"Delay":109}}[0m
[2025-10-09 21:54:07|0x00001698][info]	[34m[*] Set New Delay: 109[0m
[2025-10-09 21:54:07|0x00001698][info]	[34m[*] Send: {"type":"frontend", "ope":"handleope", "time":1760018047547, "data":{"result": "setdelay_ok"}}[0m
[2025-10-09 21:54:08|0x00001698][debug]	[32m[#] Recv Msg: {"type":"eng","ope":"setmaxstep","time":1760018048184,"data":{"Step":23}}[0m
[2025-10-09 21:54:08|0x00001698][info]	[34m[+] Set Max Sim Step: 23[0m
[2025-10-09 21:54:08|0x00001698][info]	[34m[*] Send: {"type":"frontend", "ope":"handleope", "time":1760018048184, "data":{"result": "setmaxstep_ok"}}[0m
[2025-10-09 21:54:08|0x00001698][debug]	[32m[#] Recv Msg: {"type":"eng","ope":"start","time":1760018048816}[0m
