Config Path(WebParam): 90b11469-b957-4675-9dbb-39fd04ddfd6e\od.xml
G_MarginalPoint_Number:3
G_BaseLine_Number:3
G_Cross_Number:1
G_Link_Number:6
G_Lane_Number:18
n\SimEngPI[0m
[2025-10-09 16:49:48|0x00007670][info]	[34m[+] Set SimID test Over![0m
[2025-10-09 16:49:48|0x00007670][info]	[34m[+] Set SimFiles Path: 90b11469-b957-4675-9dbb-39fd04ddfd6e Over![0m
[2025-10-09 16:49:48|0x00007670][info]	[34m[+] Use RoadNetwork File: 90b11469-b957-4675-9dbb-39fd04ddfd6e\t_intersection.xml[0m
[2025-10-09 16:49:48|0x00007670][info]	[34m[+] Use OD File: 90b11469-b957-4675-9dbb-39fd04ddfd6e\od.xml[0m
[2025-10-09 16:49:48|0x00007670][info]	[34m[-] Launch as no plug-in![0m
[2025-10-09 16:49:48|0x00007670][info]	[34m[+] Base Initialization Complete![0m
[2025-10-09 16:49:48|0x00007670][debug]	[32m[#] Connected to 127.0.0.1:3822/ws/exe/90b11469-b957-4675-9dbb-39fd04ddfd6e[0m
[2025-10-09 16:49:48|0x00007670][info]	[34m[+] Connect websocket to backend ok...[0m
[2025-10-09 16:49:48|0x00007670][debug]	[32m[#] Recv Msg: {"type":"eng","ope":"hi","time":1759999788187}[0m
[2025-10-09 16:49:48|0x00007670][info]	[34m[+] Init backend manager ok![0m
[2025-10-09 16:49:51|0x00007670][debug]	[32m[#] Recv Msg: {"type":"eng","ope":"setdelay","time":1759999791569,"data":{"Delay":84}}[0m
[2025-10-09 16:49:51|0x00007670][info]	[34m[*] Set New Delay: 84[0m
[2025-10-09 16:49:51|0x00007670][info]	[34m[*] Send: {"type":"frontend", "ope":"handleope", "time":1759999791570, "data":{"result": "setdelay_ok"}}[0m
[2025-10-09 16:49:52|0x00007670][debug]	[32m[#] Recv Msg: {"type":"eng","ope":"setmaxstep","time":1759999792427,"data":{"Step":23}}[0m
[2025-10-09 16:49:52|0x00007670][info]	[34m[+] Set Max Sim Step: 23[0m
[2025-10-09 16:49:52|0x00007670][info]	[34m[*] Send: {"type":"frontend", "ope":"handleope", "time":1759999792428, "data":{"result": "setmaxstep_ok"}}[0m
[2025-10-09 16:49:53|0x00007670][debug]	[32m[#] Recv Msg: {"type":"eng","ope":"start","time":1759999793220}[0m
