Config Path(WebParam): 9a9aa31b-83c1-4420-b708-7e86a40b0d6f\od.xml
G_MarginalPoint_Number:4
G_BaseLine_Number:4
G_Cross_Number:1
G_Link_Number:8
G_Lane_Number:32
n\SimEngPI[0m
[2025-10-10 15:09:50|0x00004834][info]	[34m[+] Set SimID test Over![0m
[2025-10-10 15:09:50|0x00004834][info]	[34m[+] Set SimFiles Path: 9a9aa31b-83c1-4420-b708-7e86a40b0d6f Over![0m
[2025-10-10 15:09:50|0x00004834][info]	[34m[+] Use RoadNetwork File: 9a9aa31b-83c1-4420-b708-7e86a40b0d6f\cross_intersection.xml[0m
[2025-10-10 15:09:50|0x00004834][info]	[34m[+] Use OD File: 9a9aa31b-83c1-4420-b708-7e86a40b0d6f\od.xml[0m
[2025-10-10 15:09:50|0x00004834][info]	[34m[-] Launch as no plug-in![0m
[2025-10-10 15:09:50|0x00004834][info]	[34m[+] Base Initialization Complete![0m
[2025-10-10 15:09:50|0x00004834][debug]	[32m[#] Connected to 127.0.0.1:3822/ws/exe/9a9aa31b-83c1-4420-b708-7e86a40b0d6f[0m
[2025-10-10 15:09:50|0x00004834][info]	[34m[+] Connect websocket to backend ok...[0m
[2025-10-10 15:09:50|0x00004834][debug]	[32m[#] Recv Msg: {"type":"eng","ope":"hi","time":1760080190865}[0m
[2025-10-10 15:09:50|0x00004834][info]	[34m[+] Init backend manager ok![0m
[2025-10-10 15:09:52|0x00004834][debug]	[32m[#] Recv Msg: {"type":"eng","ope":"setdelay","time":1760080192288,"data":{"Delay":229}}[0m
[2025-10-10 15:09:52|0x00004834][info]	[34m[*] Set New Delay: 229[0m
[2025-10-10 15:09:52|0x00004834][info]	[34m[*] Send: {"type":"frontend", "ope":"handleope", "time":1760080192289, "data":{"result": "setdelay_ok"}}[0m
[2025-10-10 15:09:54|0x00004834][debug]	[32m[#] Recv Msg: {"type":"eng","ope":"setmaxstep","time":1760080194538,"data":{"Step":23}}[0m
[2025-10-10 15:09:54|0x00004834][info]	[34m[+] Set Max Sim Step: 23[0m
[2025-10-10 15:09:54|0x00004834][info]	[34m[*] Send: {"type":"frontend", "ope":"handleope", "time":1760080194539, "data":{"result": "setmaxstep_ok"}}[0m
[2025-10-10 15:09:55|0x00004834][debug]	[32m[#] Recv Msg: {"type":"eng","ope":"start","time":1760080195226}[0m
[2025-10-10 15:09:55|0x00004834][info]	[34m[*] Start(Resume) Sim[0m
[2025-10-10 15:09:55|0x00004834][info]	[34m[*] Send: {"type":"frontend", "ope":"handleope", "time":1760080195228, "data":{"result": "start_ok"}}[0m
[2025-10-10 15:09:55|0x00002168][info]	[34m[*] Send: {"type":"frontend", "ope":"simdata", "time":1760080195461, "data":{"pos":"produce_veh", "step_num": 0, "result":[{"id":0, "link_id":0, "lane_id":1, "cell_id":0, "x":200.5, "y":314.965, "speed":14, "router":"0 2"}]}}[0m
[2025-10-10 15:09:55|0x00002168][info]	[34m[*] Send: {"type":"frontend", "ope":"simdata", "time":1760080195700, "data":{"pos":"produce_veh", "step_num": 0, "result":[{"id":1, "link_id":3, "lane_id":0, "cell_id":0, "x":599.5, "y":295.013, "speed":14, "router":"3 2"}]}}[0m
[2025-10-10 15:09:55|0x00002168][info]	[34m[*] Send: {"type":"frontend", "ope":"simdata", "time":1760080195937, "data":{"pos":"produce_veh", "step_num": 0, "result":[{"id":2, "link_id":4, "lane_id":2, "cell_id":0, "x":375, "y":100, "speed":14, "router":"4 2"}]}}[0m
[2025-10-10 15:09:56|0x00002168][info]	[34m[*] Send: {"type":"frontend", "ope":"simdata", "time":1760080196171, "data":{"pos":"produce_veh", "step_num": 0, "result":[{"id":3, "link_id":7, "lane_id":0, "cell_id":0, "x":405, "y":500, "speed":14, "router":"7 2"}]}}[0m
[2025-10-10 15:09:56|0x00002168][info]	[34m[*] Send: {"type":"frontend", "ope":"simdata", "time":1760080196404, "data":{"pos":"veh_run", "step_num": 0, "result":{"id":0, "in_network":true, "in_cross":false, "link_id":0, "lane_id":1, "cell_id":14, "x":214.5, "y":313.988, "cur_spd":14, "last_spd":14}}}[0m
[2025-10-10 15:09:56|0x00002168][info]	[34m[*] Send: {"type":"frontend", "ope":"simdata", "time":1760080196642, "data":{"pos":"veh_run", "step_num": 0, "result":{"id":1, "in_network":true, "in_cross":false, "link_id":3, "lane_id":0, "cell_id":14, "x":585.5, "y":295.372, "cur_spd":14, "last_spd":14}}}[0m
[2025-10-10 15:09:56|0x00002168][info]	[34m[*] Send: {"type":"frontend", "ope":"simdata", "time":1760080196876, "data":{"pos":"veh_run", "step_num": 0, "result":{"id":2, "in_network":true, "in_cross":false, "link_id":4, "lane_id":2, "cell_id":14, "x":375, "y":114, "cur_spd":14, "last_spd":14}}}[0m
[2025-10-10 15:09:57|0x00002168][info]	[34m[*] Send: {"type":"frontend", "ope":"simdata", "time":1760080197115, "data":{"pos":"veh_run", "step_num": 0, "result":{"id":3, "in_network":true, "in_cross":false, "link_id":7, "lane_id":0, "cell_id":14, "x":405, "y":486, "cur_spd":14, "last_spd":14}}}[0m
[2025-10-10 15:09:57|0x00002168][info]	[34m[*] Send: {"type":"frontend", "ope":"simdata", "time":1760080197348, "data":{"pos":"controller_run", "step_num": 0, "result":{ "cross_id":5, "phases": [{"id":0, "color":"G", "x":385, "y":279},
{"id":1, "color":"R", "x":395, "y":279},
{"id":2, "color":"G", "x":365, "y":279},
{"id":3, "color":"R", "x":414.5, "y":300.035},
{"id":4, "color":"R", "x":404.5, "y":300.012},
{"id":5, "color":"R", "x":434.504, "y":300.074}] }}}[0m
[2025-10-10 15:09:57|0x00002168][info]	[34m[*] Send: {"type":"frontend", "ope":"simdata", "time":1760080197348, "data":{ "pos":"sim_one_step", "over_step:":0, "next_step":1 }}[0m
[2025-10-10 15:09:57|0x00002168][info]	[34m[*] Send: {"type":"frontend", "ope":"simdata", "time":1760080197581, "data":{"pos":"veh_run", "step_num": 1, "result":{"id":0, "in_network":true, "in_cross":false, "link_id":0, "lane_id":1, "cell_id":28, "x":228.5, "y":313.012, "cur_spd":14, "last_spd":14}}}[0m
[2025-10-10 15:09:57|0x00002168][info]	[34m[*] Send: {"type":"frontend", "ope":"simdata", "time":1760080197811, "data":{"pos":"veh_run", "step_num": 1, "result":{"id":1, "in_network":true, "in_cross":false, "link_id":3, "lane_id":0, "cell_id":28, "x":571.5, "y":295.731, "cur_spd":14, "last_spd":14}}}[0m
[2025-10-10 15:09:58|0x00002168][info]	[34m[*] Send: {"type":"frontend", "ope":"simdata", "time":1760080198045, "data":{"pos":"veh_run", "step_num": 1, "result":{"id":2, "in_network":true, "in_cross":false, "link_id":4, "lane_id":2, "cell_id":28, "x":375, "y":128, "cur_spd":14, "last_spd":14}}}[0m
[2025-10-10 15:09:58|0x00002168][info]	[34m[*] Send: {"type":"frontend", "ope":"simdata", "time":1760080198289, "data":{"pos":"veh_run", "step_num": 1, "result":{"id":3, "in_network":true, "in_cross":false, "link_id":7, "lane_id":0, "cell_id":28, "x":405, "y":472, "cur_spd":14, "last_spd":14}}}[0m
[2025-10-10 15:09:58|0x00002168][info]	[34m[*] Send: {"type":"frontend", "ope":"simdata", "time":1760080198526, "data":{"pos":"controller_run", "step_num": 1, "result":{ "cross_id":5, "phases": [{"id":0, "color":"G", "x":385, "y":279},
{"id":1, "color":"R", "x":395, "y":279},
{"id":2, "color":"G", "x":365, "y":279},
{"id":3, "color":"R", "x":414.5, "y":300.035},
{"id":4, "color":"R", "x":404.5, "y":300.012},
{"id":5, "color":"R", "x":434.504, "y":300.074}] }}}[0m
[2025-10-10 15:09:58|0x00002168][info]	[34m[*] Send: {"type":"frontend", "ope":"simdata", "time":1760080198526, "data":{ "pos":"sim_one_step", "over_step:":1, "next_step":2 }}[0m
[2025-10-10 15:09:58|0x00002168][info]	[34m[*] Send: {"type":"frontend", "ope":"simdata", "time":1760080198765, "data":{"pos":"veh_run", "step_num": 2, "result":{"id":0, "in_network":true, "in_cross":false, "link_id":0, "lane_id":1, "cell_id":42, "x":242.5, "y":312.035, "cur_spd":14, "last_spd":14}}}[0m
[2025-10-10 15:09:59|0x00002168][info]	[34m[*] Send: {"type":"frontend", "ope":"simdata", "time":1760080199004, "data":{"pos":"veh_run", "step_num": 2, "result":{"id":1, "in_network":true, "in_cross":false, "link_id":3, "lane_id":0, "cell_id":42, "x":557.5, "y":296.09, "cur_spd":14, "last_spd":14}}}[0m
[2025-10-10 15:09:59|0x00002168][info]	[34m[*] Send: {"type":"frontend", "ope":"simdata", "time":1760080199240, "data":{"pos":"veh_run", "step_num": 2, "result":{"id":2, "in_network":true, "in_cross":false, "link_id":4, "lane_id":2, "cell_id":42, "x":375, "y":142, "cur_spd":14, "last_spd":14}}}[0m
[2025-10-10 15:09:59|0x00002168][info]	[34m[*] Send: {"type":"frontend", "ope":"simdata", "time":1760080199480, "data":{"pos":"veh_run", "step_num": 2, "result":{"id":3, "in_network":true, "in_cross":false, "link_id":7, "lane_id":0, "cell_id":42, "x":405, "y":458, "cur_spd":14, "last_spd":14}}}[0m
[2025-10-10 15:09:59|0x00002168][info]	[34m[*] Send: {"type":"frontend", "ope":"simdata", "time":1760080199715, "data":{"pos":"controller_run", "step_num": 2, "result":{ "cross_id":5, "phases": [{"id":0, "color":"G", "x":385, "y":279},
{"id":1, "color":"R", "x":395, "y":279},
{"id":2, "color":"G", "x":365, "y":279},
{"id":3, "color":"R", "x":414.5, "y":300.035},
{"id":4, "color":"R", "x":404.5, "y":300.012},
{"id":5, "color":"R", "x":434.504, "y":300.074}] }}}[0m
[2025-10-10 15:09:59|0x00002168][info]	[34m[*] Send: {"type":"frontend", "ope":"simdata", "time":1760080199715, "data":{ "pos":"sim_one_step", "over_step:":2, "next_step":3 }}[0m
[2025-10-10 15:09:59|0x00004834][debug]	[32m[#] Recv Msg: {"type":"eng","ope":"pause","time":1760080199929}[0m
[2025-10-10 15:09:59|0x00004834][info]	[34m[*] Pause Sim[0m
[2025-10-10 15:09:59|0x00004834][info]	[34m[*] Send: {"type":"frontend", "ope":"handleope", "time":1760080199930, "data":{"result": "pause_ok"}}[0m
[2025-10-10 15:09:59|0x00002168][info]	[34m[*] Send: {"type":"frontend", "ope":"simdata", "time":1760080199946, "data":{"pos":"produce_veh", "step_num": 3, "result":[{"id":4, "link_id":3, "lane_id":3, "cell_id":0, "x":599.509, "y":265.104, "speed":14, "router":"3 5"}]}}[0m
[2025-10-10 15:26:13|0x00004834][debug]	[32m[#] Recv Msg: {"type":"eng","ope":"stop","time":1760081173268}[0m
[2025-10-10 15:26:13|0x00004834][debug]	[32m[#] Connected closed: 127.0.0.1:3822/ws/exe/9a9aa31b-83c1-4420-b708-7e86a40b0d6f[0m
[2025-10-10 15:26:13|0x00004834][info]	[34m[-] connect websocket to backend close...[0m
[2025-10-10 15:26:13|0x00004834][debug]	[32m[#] EXIT![0m
