Config Path(WebParam): 9cf66008-9935-4880-81c9-a83138248c3f\od.xml
G_MarginalPoint_Number:4
G_BaseLine_Number:4
G_Cross_Number:1
G_Link_Number:8
G_Lane_Number:32
n\SimEngPI[0m
[2025-10-09 16:55:05|0x00006df4][info]	[34m[+] Set SimID test Over![0m
[2025-10-09 16:55:05|0x00006df4][info]	[34m[+] Set SimFiles Path: 9cf66008-9935-4880-81c9-a83138248c3f Over![0m
[2025-10-09 16:55:05|0x00006df4][info]	[34m[+] Use RoadNetwork File: 9cf66008-9935-4880-81c9-a83138248c3f\cross_intersection.xml[0m
[2025-10-09 16:55:05|0x00006df4][info]	[34m[+] Use OD File: 9cf66008-9935-4880-81c9-a83138248c3f\od.xml[0m
[2025-10-09 16:55:05|0x00006df4][info]	[34m[-] Launch as no plug-in![0m
[2025-10-09 16:55:05|0x00006df4][info]	[34m[+] Base Initialization Complete![0m
[2025-10-09 16:55:05|0x00006df4][debug]	[32m[#] Connected to 127.0.0.1:3822/ws/exe/9cf66008-9935-4880-81c9-a83138248c3f[0m
[2025-10-09 16:55:05|0x00006df4][info]	[34m[+] Connect websocket to backend ok...[0m
[2025-10-09 16:55:05|0x00006df4][debug]	[32m[#] Recv Msg: {"type":"eng","ope":"hi","time":1760000105027}[0m
[2025-10-09 16:55:05|0x00006df4][info]	[34m[+] Init backend manager ok![0m
[2025-10-09 16:55:08|0x00006df4][debug]	[32m[#] Recv Msg: {"type":"eng","ope":"setdelay","time":1760000108821,"data":{"Delay":131}}[0m
[2025-10-09 16:55:08|0x00006df4][info]	[34m[*] Set New Delay: 131[0m
[2025-10-09 16:55:08|0x00006df4][info]	[34m[*] Send: {"type":"frontend", "ope":"handleope", "time":1760000108822, "data":{"result": "setdelay_ok"}}[0m
[2025-10-09 16:55:09|0x00006df4][debug]	[32m[#] Recv Msg: {"type":"eng","ope":"setmaxstep","time":1760000109354,"data":{"Step":23}}[0m
[2025-10-09 16:55:09|0x00006df4][info]	[34m[+] Set Max Sim Step: 23[0m
[2025-10-09 16:55:09|0x00006df4][info]	[34m[*] Send: {"type":"frontend", "ope":"handleope", "time":1760000109355, "data":{"result": "setmaxstep_ok"}}[0m
[2025-10-09 16:55:10|0x00006df4][debug]	[32m[#] Recv Msg: {"type":"eng","ope":"start","time":1760000110186}[0m
[2025-10-09 16:55:10|0x00006df4][info]	[34m[*] Start(Resume) Sim[0m
[2025-10-09 16:55:10|0x00006df4][info]	[34m[*] Send: {"type":"frontend", "ope":"handleope", "time":1760000110190, "data":{"result": "start_ok"}}[0m
[2025-10-09 16:55:10|0x000073d0][info]	[34m[*] Send: {"type":"frontend", "ope":"simdata", "time":1760000110336, "data":{"pos":"produce_veh", "step_num": 0, "result":[{"id":0, "link_id":0, "lane_id":1, "cell_id":0, "x":200.5, "y":314.965, "speed":14, "router":"0 5"}]}}[0m
[2025-10-09 16:55:10|0x000073d0][info]	[34m[*] Send: {"type":"frontend", "ope":"simdata", "time":1760000110469, "data":{"pos":"produce_veh", "step_num": 0, "result":[{"id":1, "link_id":3, "lane_id":0, "cell_id":0, "x":599.5, "y":295.013, "speed":14, "router":"3 6"}]}}[0m
[2025-10-09 16:55:10|0x000073d0][info]	[34m[*] Send: {"type":"frontend", "ope":"simdata", "time":1760000110603, "data":{"pos":"produce_veh", "step_num": 0, "result":[{"id":2, "link_id":4, "lane_id":2, "cell_id":0, "x":375, "y":100, "speed":14, "router":"4 1"}]}}[0m
[2025-10-09 16:55:10|0x000073d0][info]	[34m[*] Send: {"type":"frontend", "ope":"simdata", "time":1760000110735, "data":{"pos":"produce_veh", "step_num": 0, "result":[{"id":3, "link_id":7, "lane_id":0, "cell_id":0, "x":405, "y":500, "speed":14, "router":"7 1"}]}}[0m
[2025-10-09 16:55:10|0x000073d0][info]	[34m[*] Send: {"type":"frontend", "ope":"simdata", "time":1760000110869, "data":{"pos":"veh_run", "step_num": 0, "result":{"id":0, "in_network":true, "in_cross":false, "link_id":0, "lane_id":1, "cell_id":14, "x":214.5, "y":313.988, "cur_spd":14, "last_spd":14}}}[0m
[2025-10-09 16:55:11|0x000073d0][info]	[34m[*] Send: {"type":"frontend", "ope":"simdata", "time":1760000111003, "data":{"pos":"veh_run", "step_num": 0, "result":{"id":1, "in_network":true, "in_cross":false, "link_id":3, "lane_id":0, "cell_id":14, "x":585.5, "y":295.372, "cur_spd":14, "last_spd":14}}}[0m
[2025-10-09 16:55:11|0x000073d0][info]	[34m[*] Send: {"type":"frontend", "ope":"simdata", "time":1760000111136, "data":{"pos":"veh_run", "step_num": 0, "result":{"id":2, "in_network":true, "in_cross":false, "link_id":4, "lane_id":2, "cell_id":14, "x":375, "y":114, "cur_spd":14, "last_spd":14}}}[0m
[2025-10-09 16:55:11|0x000073d0][info]	[34m[*] Send: {"type":"frontend", "ope":"simdata", "time":1760000111269, "data":{"pos":"veh_run", "step_num": 0, "result":{"id":3, "in_network":true, "in_cross":false, "link_id":7, "lane_id":0, "cell_id":14, "x":405, "y":486, "cur_spd":14, "last_spd":14}}}[0m
[2025-10-09 16:55:11|0x000073d0][info]	[34m[*] Send: {"type":"frontend", "ope":"simdata", "time":1760000111404, "data":{"pos":"controller_run", "step_num": 0, "result":{ "cross_id":5, "phases": [{"id":0, "color":"G", "x":385, "y":279},
{"id":1, "color":"R", "x":395, "y":279},
{"id":2, "color":"G", "x":365, "y":279},
{"id":3, "color":"R", "x":414.5, "y":300.035},
{"id":4, "color":"R", "x":404.5, "y":300.012},
{"id":5, "color":"R", "x":434.504, "y":300.074}] }}}[0m
[2025-10-09 16:55:11|0x000073d0][info]	[34m[*] Send: {"type":"frontend", "ope":"simdata", "time":1760000111404, "data":{ "pos":"sim_one_step", "over_step:":0, "next_step":1 }}[0m
[2025-10-09 16:55:11|0x000073d0][info]	[34m[*] Send: {"type":"frontend", "ope":"simdata", "time":1760000111535, "data":{"pos":"veh_run", "step_num": 1, "result":{"id":0, "in_network":true, "in_cross":false, "link_id":0, "lane_id":1, "cell_id":28, "x":228.5, "y":313.012, "cur_spd":14, "last_spd":14}}}[0m
[2025-10-09 16:55:11|0x000073d0][info]	[34m[*] Send: {"type":"frontend", "ope":"simdata", "time":1760000111671, "data":{"pos":"veh_run", "step_num": 1, "result":{"id":1, "in_network":true, "in_cross":false, "link_id":3, "lane_id":0, "cell_id":28, "x":571.5, "y":295.731, "cur_spd":14, "last_spd":14}}}[0m
[2025-10-09 16:55:11|0x000073d0][info]	[34m[*] Send: {"type":"frontend", "ope":"simdata", "time":1760000111802, "data":{"pos":"veh_run", "step_num": 1, "result":{"id":2, "in_network":true, "in_cross":false, "link_id":4, "lane_id":2, "cell_id":28, "x":375, "y":128, "cur_spd":14, "last_spd":14}}}[0m
[2025-10-09 16:55:11|0x000073d0][info]	[34m[*] Send: {"type":"frontend", "ope":"simdata", "time":1760000111936, "data":{"pos":"veh_run", "step_num": 1, "result":{"id":3, "in_network":true, "in_cross":false, "link_id":7, "lane_id":0, "cell_id":28, "x":405, "y":472, "cur_spd":14, "last_spd":14}}}[0m
[2025-10-09 16:55:12|0x000073d0][info]	[34m[*] Send: {"type":"frontend", "ope":"simdata", "time":1760000112070, "data":{"pos":"controller_run", "step_num": 1, "result":{ "cross_id":5, "phases": [{"id":0, "color":"G", "x":385, "y":279},
{"id":1, "color":"R", "x":395, "y":279},
{"id":2, "color":"G", "x":365, "y":279},
{"id":3, "color":"R", "x":414.5, "y":300.035},
{"id":4, "color":"R", "x":404.5, "y":300.012},
{"id":5, "color":"R", "x":434.504, "y":300.074}] }}}[0m
[2025-10-09 16:55:12|0x000073d0][info]	[34m[*] Send: {"type":"frontend", "ope":"simdata", "time":1760000112070, "data":{ "pos":"sim_one_step", "over_step:":1, "next_step":2 }}[0m
[2025-10-09 16:55:12|0x000073d0][info]	[34m[*] Send: {"type":"frontend", "ope":"simdata", "time":1760000112203, "data":{"pos":"produce_veh", "step_num": 2, "result":[{"id":4, "link_id":7, "lane_id":1, "cell_id":0, "x":415, "y":500, "speed":14, "router":"7 2"}]}}[0m
[2025-10-09 16:55:12|0x000073d0][info]	[34m[*] Send: {"type":"frontend", "ope":"simdata", "time":1760000112336, "data":{"pos":"veh_run", "step_num": 2, "result":{"id":0, "in_network":true, "in_cross":false, "link_id":0, "lane_id":1, "cell_id":42, "x":242.5, "y":312.035, "cur_spd":14, "last_spd":14}}}[0m
[2025-10-09 16:55:12|0x000073d0][info]	[34m[*] Send: {"type":"frontend", "ope":"simdata", "time":1760000112469, "data":{"pos":"veh_run", "step_num": 2, "result":{"id":1, "in_network":true, "in_cross":false, "link_id":3, "lane_id":0, "cell_id":42, "x":557.5, "y":296.09, "cur_spd":14, "last_spd":14}}}[0m
[2025-10-09 16:55:12|0x000073d0][info]	[34m[*] Send: {"type":"frontend", "ope":"simdata", "time":1760000112603, "data":{"pos":"veh_run", "step_num": 2, "result":{"id":2, "in_network":true, "in_cross":false, "link_id":4, "lane_id":2, "cell_id":42, "x":375, "y":142, "cur_spd":14, "last_spd":14}}}[0m
[2025-10-09 16:55:12|0x000073d0][info]	[34m[*] Send: {"type":"frontend", "ope":"simdata", "time":1760000112738, "data":{"pos":"veh_run", "step_num": 2, "result":{"id":3, "in_network":true, "in_cross":false, "link_id":7, "lane_id":0, "cell_id":42, "x":405, "y":458, "cur_spd":14, "last_spd":14}}}[0m
[2025-10-09 16:55:12|0x000073d0][info]	[34m[*] Send: {"type":"frontend", "ope":"simdata", "time":1760000112870, "data":{"pos":"veh_run", "step_num": 2, "result":{"id":4, "in_network":true, "in_cross":false, "link_id":7, "lane_id":1, "cell_id":14, "x":415, "y":486, "cur_spd":14, "last_spd":14}}}[0m
[2025-10-09 16:55:13|0x000073d0][info]	[34m[*] Send: {"type":"frontend", "ope":"simdata", "time":1760000113004, "data":{"pos":"controller_run", "step_num": 2, "result":{ "cross_id":5, "phases": [{"id":0, "color":"G", "x":385, "y":279},
{"id":1, "color":"R", "x":395, "y":279},
{"id":2, "color":"G", "x":365, "y":279},
{"id":3, "color":"R", "x":414.5, "y":300.035},
{"id":4, "color":"R", "x":404.5, "y":300.012},
{"id":5, "color":"R", "x":434.504, "y":300.074}] }}}[0m
[2025-10-09 16:55:13|0x000073d0][info]	[34m[*] Send: {"type":"frontend", "ope":"simdata", "time":1760000113004, "data":{ "pos":"sim_one_step", "over_step:":2, "next_step":3 }}[0m
[2025-10-09 16:55:13|0x000073d0][info]	[34m[*] Send: {"type":"frontend", "ope":"simdata", "time":1760000113137, "data":{"pos":"veh_run", "step_num": 3, "result":{"id":0, "in_network":true, "in_cross":false, "link_id":0, "lane_id":1, "cell_id":56, "x":256.5, "y":311.058, "cur_spd":14, "last_spd":14}}}[0m
[2025-10-09 16:55:13|0x000073d0][info]	[34m[*] Send: {"type":"frontend", "ope":"simdata", "time":1760000113269, "data":{"pos":"veh_run", "step_num": 3, "result":{"id":1, "in_network":true, "in_cross":false, "link_id":3, "lane_id":0, "cell_id":56, "x":543.5, "y":296.449, "cur_spd":14, "last_spd":14}}}[0m
[2025-10-09 16:55:13|0x000073d0][info]	[34m[*] Send: {"type":"frontend", "ope":"simdata", "time":1760000113404, "data":{"pos":"veh_run", "step_num": 3, "result":{"id":2, "in_network":true, "in_cross":false, "link_id":4, "lane_id":2, "cell_id":56, "x":375, "y":156, "cur_spd":14, "last_spd":14}}}[0m
[2025-10-09 16:55:13|0x000073d0][info]	[34m[*] Send: {"type":"frontend", "ope":"simdata", "time":1760000113536, "data":{"pos":"veh_run", "step_num": 3, "result":{"id":3, "in_network":true, "in_cross":false, "link_id":7, "lane_id":0, "cell_id":56, "x":405, "y":444, "cur_spd":14, "last_spd":14}}}[0m
[2025-10-09 16:55:13|0x000073d0][info]	[34m[*] Send: {"type":"frontend", "ope":"simdata", "time":1760000113668, "data":{"pos":"veh_run", "step_num": 3, "result":{"id":4, "in_network":true, "in_cross":false, "link_id":7, "lane_id":2, "cell_id":14, "x":425, "y":486, "cur_spd":14, "last_spd":14}}}[0m
[2025-10-09 16:55:13|0x000073d0][info]	[34m[*] Send: {"type":"frontend", "ope":"simdata", "time":1760000113803, "data":{"pos":"controller_run", "step_num": 3, "result":{ "cross_id":5, "phases": [{"id":0, "color":"G", "x":385, "y":279},
{"id":1, "color":"R", "x":395, "y":279},
{"id":2, "color":"G", "x":365, "y":279},
{"id":3, "color":"R", "x":414.5, "y":300.035},
{"id":4, "color":"R", "x":404.5, "y":300.012},
{"id":5, "color":"R", "x":434.504, "y":300.074}] }}}[0m
[2025-10-09 16:55:13|0x000073d0][info]	[34m[*] Send: {"type":"frontend", "ope":"simdata", "time":1760000113803, "data":{ "pos":"sim_one_step", "over_step:":3, "next_step":4 }}[0m
[2025-10-09 16:55:13|0x000073d0][info]	[34m[*] Send: {"type":"frontend", "ope":"simdata", "time":1760000113936, "data":{"pos":"produce_veh", "step_num": 4, "result":[{"id":5, "link_id":3, "lane_id":2, "cell_id":0, "x":599.503, "y":275.071, "speed":14, "router":"3 5"}]}}[0m
[2025-10-09 16:55:14|0x000073d0][info]	[34m[*] Send: {"type":"frontend", "ope":"simdata", "time":1760000114070, "data":{"pos":"produce_veh", "step_num": 4, "result":[{"id":6, "link_id":4, "lane_id":2, "cell_id":0, "x":375, "y":100, "speed":14, "router":"4 5"}]}}[0m
[2025-10-09 16:55:14|0x000073d0][info]	[34m[*] Send: {"type":"frontend", "ope":"simdata", "time":1760000114203, "data":{"pos":"veh_run", "step_num": 4, "result":{"id":0, "in_network":true, "in_cross":false, "link_id":0, "lane_id":0, "cell_id":70, "x":270.5, "y":303.28, "cur_spd":14, "last_spd":14}}}[0m
[2025-10-09 16:55:14|0x000073d0][info]	[34m[*] Send: {"type":"frontend", "ope":"simdata", "time":1760000114337, "data":{"pos":"veh_run", "step_num": 4, "result":{"id":1, "in_network":true, "in_cross":false, "link_id":3, "lane_id":0, "cell_id":70, "x":529.5, "y":296.808, "cur_spd":14, "last_spd":14}}}[0m
[2025-10-09 16:55:14|0x000073d0][info]	[34m[*] Send: {"type":"frontend", "ope":"simdata", "time":1760000114483, "data":{"pos":"veh_run", "step_num": 4, "result":{"id":2, "in_network":true, "in_cross":false, "link_id":4, "lane_id":2, "cell_id":70, "x":375, "y":170, "cur_spd":14, "last_spd":14}}}[0m
[2025-10-09 16:55:14|0x000073d0][info]	[34m[*] Send: {"type":"frontend", "ope":"simdata", "time":1760000114620, "data":{"pos":"veh_run", "step_num": 4, "result":{"id":3, "in_network":true, "in_cross":false, "link_id":7, "lane_id":0, "cell_id":70, "x":405, "y":430, "cur_spd":14, "last_spd":14}}}[0m
[2025-10-09 16:55:14|0x000073d0][info]	[34m[*] Send: {"type":"frontend", "ope":"simdata", "time":1760000114753, "data":{"pos":"veh_run", "step_num": 4, "result":{"id":4, "in_network":true, "in_cross":false, "link_id":7, "lane_id":2, "cell_id":28, "x":425, "y":472, "cur_spd":14, "last_spd":14}}}[0m
[2025-10-09 16:55:14|0x000073d0][info]	[34m[*] Send: {"type":"frontend", "ope":"simdata", "time":1760000114886, "data":{"pos":"veh_run", "step_num": 4, "result":{"id":5, "in_network":true, "in_cross":false, "link_id":3, "lane_id":2, "cell_id":14, "x":585.582, "y":277.06, "cur_spd":14, "last_spd":14}}}[0m
[2025-10-09 16:55:15|0x000073d0][info]	[34m[*] Send: {"type":"frontend", "ope":"simdata", "time":1760000115019, "data":{"pos":"veh_run", "step_num": 4, "result":{"id":6, "in_network":true, "in_cross":false, "link_id":4, "lane_id":2, "cell_id":14, "x":375, "y":114, "cur_spd":14, "last_spd":14}}}[0m
[2025-10-09 16:55:15|0x000073d0][info]	[34m[*] Send: {"type":"frontend", "ope":"simdata", "time":1760000115153, "data":{"pos":"controller_run", "step_num": 4, "result":{ "cross_id":5, "phases": [{"id":0, "color":"G", "x":385, "y":279},
{"id":1, "color":"R", "x":395, "y":279},
{"id":2, "color":"G", "x":365, "y":279},
{"id":3, "color":"R", "x":414.5, "y":300.035},
{"id":4, "color":"R", "x":404.5, "y":300.012},
{"id":5, "color":"R", "x":434.504, "y":300.074}] }}}[0m
[2025-10-09 16:55:15|0x000073d0][info]	[34m[*] Send: {"type":"frontend", "ope":"simdata", "time":1760000115153, "data":{ "pos":"sim_one_step", "over_step:":4, "next_step":5 }}[0m
[2025-10-09 16:55:15|0x000073d0][info]	[34m[*] Send: {"type":"frontend", "ope":"simdata", "time":1760000115286, "data":{"pos":"produce_veh", "step_num": 5, "result":[{"id":7, "link_id":0, "lane_id":2, "cell_id":0, "x":200.498, "y":324.945, "speed":14, "router":"0 5"}]}}[0m
[2025-10-09 16:55:15|0x000073d0][info]	[34m[*] Send: {"type":"frontend", "ope":"simdata", "time":1760000115420, "data":{"pos":"veh_run", "step_num": 5, "result":{"id":0, "in_network":true, "in_cross":false, "link_id":0, "lane_id":0, "cell_id":84, "x":284.5, "y":302.939, "cur_spd":14, "last_spd":14}}}[0m
[2025-10-09 16:55:15|0x000073d0][info]	[34m[*] Send: {"type":"frontend", "ope":"simdata", "time":1760000115552, "data":{"pos":"veh_run", "step_num": 5, "result":{"id":1, "in_network":true, "in_cross":false, "link_id":3, "lane_id":0, "cell_id":84, "x":515.5, "y":297.167, "cur_spd":14, "last_spd":14}}}[0m
[2025-10-09 16:55:15|0x000073d0][info]	[34m[*] Send: {"type":"frontend", "ope":"simdata", "time":1760000115688, "data":{"pos":"veh_run", "step_num": 5, "result":{"id":2, "in_network":true, "in_cross":false, "link_id":4, "lane_id":2, "cell_id":84, "x":375, "y":184, "cur_spd":14, "last_spd":14}}}[0m
[2025-10-09 16:55:15|0x000073d0][info]	[34m[*] Send: {"type":"frontend", "ope":"simdata", "time":1760000115820, "data":{"pos":"veh_run", "step_num": 5, "result":{"id":3, "in_network":true, "in_cross":false, "link_id":7, "lane_id":0, "cell_id":84, "x":405, "y":416, "cur_spd":14, "last_spd":14}}}[0m
[2025-10-09 16:55:15|0x000073d0][info]	[34m[*] Send: {"type":"frontend", "ope":"simdata", "time":1760000115952, "data":{"pos":"veh_run", "step_num": 5, "result":{"id":4, "in_network":true, "in_cross":false, "link_id":7, "lane_id":3, "cell_id":28, "x":435, "y":472, "cur_spd":14, "last_spd":14}}}[0m
[2025-10-09 16:55:16|0x000073d0][info]	[34m[*] Send: {"type":"frontend", "ope":"simdata", "time":1760000116087, "data":{"pos":"veh_run", "step_num": 5, "result":{"id":5, "in_network":true, "in_cross":false, "link_id":3, "lane_id":2, "cell_id":28, "x":571.662, "y":279.048, "cur_spd":14, "last_spd":14}}}[0m
[2025-10-09 16:55:16|0x000073d0][info]	[34m[*] Send: {"type":"frontend", "ope":"simdata", "time":1760000116221, "data":{"pos":"veh_run", "step_num": 5, "result":{"id":6, "in_network":true, "in_cross":false, "link_id":4, "lane_id":2, "cell_id":28, "x":375, "y":128, "cur_spd":14, "last_spd":14}}}[0m
[2025-10-09 16:55:16|0x000073d0][info]	[34m[*] Send: {"type":"frontend", "ope":"simdata", "time":1760000116353, "data":{"pos":"veh_run", "step_num": 5, "result":{"id":7, "in_network":true, "in_cross":false, "link_id":0, "lane_id":2, "cell_id":14, "x":214.436, "y":323.396, "cur_spd":14, "last_spd":14}}}[0m
[2025-10-09 16:55:16|0x000073d0][info]	[34m[*] Send: {"type":"frontend", "ope":"simdata", "time":1760000116487, "data":{"pos":"controller_run", "step_num": 5, "result":{ "cross_id":5, "phases": [{"id":0, "color":"G", "x":385, "y":279},
{"id":1, "color":"R", "x":395, "y":279},
{"id":2, "color":"G", "x":365, "y":279},
{"id":3, "color":"R", "x":414.5, "y":300.035},
{"id":4, "color":"R", "x":404.5, "y":300.012},
{"id":5, "color":"R", "x":434.504, "y":300.074}] }}}[0m
[2025-10-09 16:55:16|0x000073d0][info]	[34m[*] Send: {"type":"frontend", "ope":"simdata", "time":1760000116487, "data":{ "pos":"sim_one_step", "over_step:":5, "next_step":6 }}[0m
[2025-10-09 16:55:16|0x000073d0][info]	[34m[*] Send: {"type":"frontend", "ope":"simdata", "time":1760000116619, "data":{"pos":"veh_run", "step_num": 6, "result":{"id":0, "in_network":true, "in_cross":false, "link_id":0, "lane_id":0, "cell_id":98, "x":298.5, "y":302.598, "cur_spd":14, "last_spd":14}}}[0m
[2025-10-09 16:55:16|0x000073d0][info]	[34m[*] Send: {"type":"frontend", "ope":"simdata", "time":1760000116752, "data":{"pos":"veh_run", "step_num": 6, "result":{"id":1, "in_network":true, "in_cross":false, "link_id":3, "lane_id":0, "cell_id":98, "x":501.5, "y":297.526, "cur_spd":14, "last_spd":14}}}[0m
[2025-10-09 16:55:16|0x000073d0][info]	[34m[*] Send: {"type":"frontend", "ope":"simdata", "time":1760000116888, "data":{"pos":"veh_run", "step_num": 6, "result":{"id":2, "in_network":true, "in_cross":false, "link_id":4, "lane_id":2, "cell_id":98, "x":375, "y":198, "cur_spd":14, "last_spd":14}}}[0m
[2025-10-09 16:55:17|0x000073d0][info]	[34m[*] Send: {"type":"frontend", "ope":"simdata", "time":1760000117035, "data":{"pos":"veh_run", "step_num": 6, "result":{"id":3, "in_network":true, "in_cross":false, "link_id":7, "lane_id":0, "cell_id":98, "x":405, "y":402, "cur_spd":14, "last_spd":14}}}[0m
[2025-10-09 16:55:17|0x000073d0][info]	[34m[*] Send: {"type":"frontend", "ope":"simdata", "time":1760000117169, "data":{"pos":"veh_run", "step_num": 6, "result":{"id":4, "in_network":true, "in_cross":false, "link_id":7, "lane_id":3, "cell_id":42, "x":435, "y":458, "cur_spd":14, "last_spd":14}}}[0m
[2025-10-09 16:55:17|0x000073d0][info]	[34m[*] Send: {"type":"frontend", "ope":"simdata", "time":1760000117321, "data":{"pos":"veh_run", "step_num": 6, "result":{"id":5, "in_network":true, "in_cross":false, "link_id":3, "lane_id":2, "cell_id":42, "x":557.741, "y":281.037, "cur_spd":14, "last_spd":14}}}[0m
[2025-10-09 16:55:17|0x000073d0][info]	[34m[*] Send: {"type":"frontend", "ope":"simdata", "time":1760000117453, "data":{"pos":"veh_run", "step_num": 6, "result":{"id":6, "in_network":true, "in_cross":false, "link_id":4, "lane_id":1, "cell_id":42, "x":385, "y":142, "cur_spd":14, "last_spd":14}}}[0m
[2025-10-09 16:55:17|0x000073d0][info]	[34m[*] Send: {"type":"frontend", "ope":"simdata", "time":1760000117586, "data":{"pos":"veh_run", "step_num": 6, "result":{"id":7, "in_network":true, "in_cross":false, "link_id":0, "lane_id":1, "cell_id":28, "x":228.5, "y":313.012, "cur_spd":14, "last_spd":14}}}[0m
[2025-10-09 16:55:17|0x000073d0][info]	[34m[*] Send: {"type":"frontend", "ope":"simdata", "time":1760000117720, "data":{"pos":"controller_run", "step_num": 6, "result":{ "cross_id":5, "phases": [{"id":0, "color":"G", "x":385, "y":279},
{"id":1, "color":"R", "x":395, "y":279},
{"id":2, "color":"G", "x":365, "y":279},
{"id":3, "color":"R", "x":414.5, "y":300.035},
{"id":4, "color":"R", "x":404.5, "y":300.012},
{"id":5, "color":"R", "x":434.504, "y":300.074}] }}}[0m
[2025-10-09 16:55:17|0x000073d0][info]	[34m[*] Send: {"type":"frontend", "ope":"simdata", "time":1760000117720, "data":{ "pos":"sim_one_step", "over_step:":6, "next_step":7 }}[0m
[2025-10-09 16:55:17|0x000073d0][info]	[34m[*] Send: {"type":"frontend", "ope":"simdata", "time":1760000117853, "data":{"pos":"veh_run", "step_num": 7, "result":{"id":0, "in_network":true, "in_cross":false, "link_id":0, "lane_id":0, "cell_id":112, "x":312.5, "y":302.256, "cur_spd":14, "last_spd":14}}}[0m
[2025-10-09 16:55:17|0x000073d0][info]	[34m[*] Send: {"type":"frontend", "ope":"simdata", "time":1760000117987, "data":{"pos":"veh_run", "step_num": 7, "result":{"id":1, "in_network":true, "in_cross":false, "link_id":3, "lane_id":0, "cell_id":112, "x":487.5, "y":297.885, "cur_spd":14, "last_spd":14}}}[0m
[2025-10-09 16:55:18|0x000073d0][info]	[34m[*] Send: {"type":"frontend", "ope":"simdata", "time":1760000118133, "data":{"pos":"veh_run", "step_num": 7, "result":{"id":2, "in_network":true, "in_cross":false, "link_id":4, "lane_id":3, "cell_id":98, "x":365, "y":198, "cur_spd":13, "last_spd":14}}}[0m
[2025-10-09 16:55:18|0x000073d0][info]	[34m[*] Send: {"type":"frontend", "ope":"simdata", "time":1760000118271, "data":{"pos":"veh_run", "step_num": 7, "result":{"id":3, "in_network":true, "in_cross":false, "link_id":7, "lane_id":0, "cell_id":112, "x":405, "y":388, "cur_spd":14, "last_spd":14}}}[0m
[2025-10-09 16:55:18|0x000073d0][info]	[34m[*] Send: {"type":"frontend", "ope":"simdata", "time":1760000118403, "data":{"pos":"veh_run", "step_num": 7, "result":{"id":4, "in_network":true, "in_cross":false, "link_id":7, "lane_id":3, "cell_id":56, "x":435, "y":444, "cur_spd":14, "last_spd":14}}}[0m
[2025-10-09 16:55:18|0x000073d0][info]	[34m[*] Send: {"type":"frontend", "ope":"simdata", "time":1760000118537, "data":{"pos":"veh_run", "step_num": 7, "result":{"id":5, "in_network":true, "in_cross":false, "link_id":3, "lane_id":2, "cell_id":56, "x":543.821, "y":283.026, "cur_spd":14, "last_spd":14}}}[0m
[2025-10-09 16:55:18|0x000073d0][info]	[34m[*] Send: {"type":"frontend", "ope":"simdata", "time":1760000118670, "data":{"pos":"veh_run", "step_num": 7, "result":{"id":6, "in_network":true, "in_cross":false, "link_id":4, "lane_id":1, "cell_id":56, "x":385, "y":156, "cur_spd":14, "last_spd":14}}}[0m
[2025-10-09 16:55:18|0x000073d0][info]	[34m[*] Send: {"type":"frontend", "ope":"simdata", "time":1760000118802, "data":{"pos":"veh_run", "step_num": 7, "result":{"id":7, "in_network":true, "in_cross":false, "link_id":0, "lane_id":1, "cell_id":42, "x":242.5, "y":312.035, "cur_spd":14, "last_spd":14}}}[0m
[2025-10-09 16:55:18|0x000073d0][info]	[34m[*] Send: {"type":"frontend", "ope":"simdata", "time":1760000118935, "data":{"pos":"controller_run", "step_num": 7, "result":{ "cross_id":5, "phases": [{"id":0, "color":"G", "x":385, "y":279},
{"id":1, "color":"R", "x":395, "y":279},
{"id":2, "color":"G", "x":365, "y":279},
{"id":3, "color":"R", "x":414.5, "y":300.035},
{"id":4, "color":"R", "x":404.5, "y":300.012},
{"id":5, "color":"R", "x":434.504, "y":300.074}] }}}[0m
[2025-10-09 16:55:18|0x000073d0][info]	[34m[*] Send: {"type":"frontend", "ope":"simdata", "time":1760000118935, "data":{ "pos":"sim_one_step", "over_step:":7, "next_step":8 }}[0m
[2025-10-09 16:55:19|0x000073d0][info]	[34m[*] Send: {"type":"frontend", "ope":"simdata", "time":1760000119071, "data":{"pos":"veh_run", "step_num": 8, "result":{"id":0, "in_network":true, "in_cross":false, "link_id":0, "lane_id":0, "cell_id":126, "x":326.5, "y":301.915, "cur_spd":14, "last_spd":14}}}[0m
[2025-10-09 16:55:19|0x000073d0][info]	[34m[*] Send: {"type":"frontend", "ope":"simdata", "time":1760000119203, "data":{"pos":"veh_run", "step_num": 8, "result":{"id":1, "in_network":true, "in_cross":false, "link_id":3, "lane_id":0, "cell_id":126, "x":473.5, "y":298.244, "cur_spd":14, "last_spd":14}}}[0m
[2025-10-09 16:55:19|0x000073d0][info]	[34m[*] Send: {"type":"frontend", "ope":"simdata", "time":1760000119336, "data":{"pos":"veh_run", "step_num": 8, "result":{"id":2, "in_network":true, "in_cross":false, "link_id":4, "lane_id":3, "cell_id":112, "x":365, "y":212, "cur_spd":14, "last_spd":13}}}[0m
[2025-10-09 16:55:19|0x000073d0][info]	[34m[*] Send: {"type":"frontend", "ope":"simdata", "time":1760000119469, "data":{"pos":"veh_run", "step_num": 8, "result":{"id":3, "in_network":true, "in_cross":false, "link_id":7, "lane_id":0, "cell_id":126, "x":405, "y":374, "cur_spd":14, "last_spd":14}}}[0m
[2025-10-09 16:55:19|0x000073d0][info]	[34m[*] Send: {"type":"frontend", "ope":"simdata", "time":1760000119603, "data":{"pos":"veh_run", "step_num": 8, "result":{"id":4, "in_network":true, "in_cross":false, "link_id":7, "lane_id":3, "cell_id":70, "x":435, "y":430, "cur_spd":14, "last_spd":14}}}[0m
[2025-10-09 16:55:19|0x000073d0][info]	[34m[*] Send: {"type":"frontend", "ope":"simdata", "time":1760000119736, "data":{"pos":"veh_run", "step_num": 8, "result":{"id":5, "in_network":true, "in_cross":false, "link_id":3, "lane_id":2, "cell_id":70, "x":529.901, "y":285.014, "cur_spd":14, "last_spd":14}}}[0m
[2025-10-09 16:55:19|0x000073d0][info]	[34m[*] Send: {"type":"frontend", "ope":"simdata", "time":1760000119869, "data":{"pos":"veh_run", "step_num": 8, "result":{"id":6, "in_network":true, "in_cross":false, "link_id":4, "lane_id":0, "cell_id":70, "x":395, "y":170, "cur_spd":14, "last_spd":14}}}[0m
[2025-10-09 16:55:20|0x000073d0][info]	[34m[*] Send: {"type":"frontend", "ope":"simdata", "time":1760000120003, "data":{"pos":"veh_run", "step_num": 8, "result":{"id":7, "in_network":true, "in_cross":false, "link_id":0, "lane_id":1, "cell_id":56, "x":256.5, "y":311.058, "cur_spd":14, "last_spd":14}}}[0m
[2025-10-09 16:55:20|0x000073d0][info]	[34m[*] Send: {"type":"frontend", "ope":"simdata", "time":1760000120136, "data":{"pos":"controller_run", "step_num": 8, "result":{ "cross_id":5, "phases": [{"id":0, "color":"G", "x":385, "y":279},
{"id":1, "color":"R", "x":395, "y":279},
{"id":2, "color":"G", "x":365, "y":279},
{"id":3, "color":"R", "x":414.5, "y":300.035},
{"id":4, "color":"R", "x":404.5, "y":300.012},
{"id":5, "color":"R", "x":434.504, "y":300.074}] }}}[0m
[2025-10-09 16:55:20|0x000073d0][info]	[34m[*] Send: {"type":"frontend", "ope":"simdata", "time":1760000120136, "data":{ "pos":"sim_one_step", "over_step:":8, "next_step":9 }}[0m
[2025-10-09 16:55:20|0x000073d0][info]	[34m[*] Send: {"type":"frontend", "ope":"simdata", "time":1760000120269, "data":{"pos":"veh_run", "step_num": 9, "result":{"id":0, "in_network":true, "in_cross":false, "link_id":0, "lane_id":0, "cell_id":140, "x":340.5, "y":301.573, "cur_spd":14, "last_spd":14}}}[0m
[2025-10-09 16:55:20|0x000073d0][info]	[34m[*] Send: {"type":"frontend", "ope":"simdata", "time":1760000120404, "data":{"pos":"veh_run", "step_num": 9, "result":{"id":1, "in_network":true, "in_cross":false, "link_id":3, "lane_id":0, "cell_id":140, "x":459.5, "y":298.603, "cur_spd":14, "last_spd":14}}}[0m
[2025-10-09 16:55:20|0x000073d0][info]	[34m[*] Send: {"type":"frontend", "ope":"simdata", "time":1760000120537, "data":{"pos":"veh_run", "step_num": 9, "result":{"id":2, "in_network":true, "in_cross":false, "link_id":4, "lane_id":3, "cell_id":126, "x":365, "y":226, "cur_spd":14, "last_spd":14}}}[0m
[2025-10-09 16:55:20|0x000073d0][info]	[34m[*] Send: {"type":"frontend", "ope":"simdata", "time":1760000120670, "data":{"pos":"veh_run", "step_num": 9, "result":{"id":3, "in_network":true, "in_cross":false, "link_id":7, "lane_id":0, "cell_id":140, "x":405, "y":360, "cur_spd":14, "last_spd":14}}}[0m
[2025-10-09 16:55:20|0x000073d0][info]	[34m[*] Send: {"type":"frontend", "ope":"simdata", "time":1760000120803, "data":{"pos":"veh_run", "step_num": 9, "result":{"id":4, "in_network":true, "in_cross":false, "link_id":7, "lane_id":3, "cell_id":84, "x":435, "y":416, "cur_spd":14, "last_spd":14}}}[0m
[2025-10-09 16:55:20|0x000073d0][info]	[34m[*] Send: {"type":"frontend", "ope":"simdata", "time":1760000120936, "data":{"pos":"veh_run", "step_num": 9, "result":{"id":5, "in_network":true, "in_cross":false, "link_id":3, "lane_id":2, "cell_id":84, "x":515.98, "y":287.003, "cur_spd":14, "last_spd":14}}}[0m
[2025-10-09 16:55:21|0x000073d0][info]	[34m[*] Send: {"type":"frontend", "ope":"simdata", "time":1760000121068, "data":{"pos":"veh_run", "step_num": 9, "result":{"id":6, "in_network":true, "in_cross":false, "link_id":4, "lane_id":0, "cell_id":84, "x":395, "y":184, "cur_spd":14, "last_spd":14}}}[0m
[2025-10-09 16:55:21|0x000073d0][info]	[34m[*] Send: {"type":"frontend", "ope":"simdata", "time":1760000121202, "data":{"pos":"veh_run", "step_num": 9, "result":{"id":7, "in_network":true, "in_cross":false, "link_id":0, "lane_id":1, "cell_id":70, "x":270.5, "y":310.081, "cur_spd":14, "last_spd":14}}}[0m
[2025-10-09 16:55:21|0x000073d0][info]	[34m[*] Send: {"type":"frontend", "ope":"simdata", "time":1760000121337, "data":{"pos":"controller_run", "step_num": 9, "result":{ "cross_id":5, "phases": [{"id":0, "color":"G", "x":385, "y":279},
{"id":1, "color":"R", "x":395, "y":279},
{"id":2, "color":"G", "x":365, "y":279},
{"id":3, "color":"R", "x":414.5, "y":300.035},
{"id":4, "color":"R", "x":404.5, "y":300.012},
{"id":5, "color":"R", "x":434.504, "y":300.074}] }}}[0m
[2025-10-09 16:55:21|0x000073d0][info]	[34m[*] Send: {"type":"frontend", "ope":"simdata", "time":1760000121338, "data":{ "pos":"sim_one_step", "over_step:":9, "next_step":10 }}[0m
[2025-10-09 16:55:21|0x000073d0][info]	[34m[*] Send: {"type":"frontend", "ope":"simdata", "time":1760000121470, "data":{"pos":"veh_run", "step_num": 10, "result":{"id":0, "in_network":true, "in_cross":false, "link_id":0, "lane_id":0, "cell_id":154, "x":354.5, "y":301.232, "cur_spd":14, "last_spd":14}}}[0m
[2025-10-09 16:55:21|0x000073d0][info]	[34m[*] Send: {"type":"frontend", "ope":"simdata", "time":1760000121604, "data":{"pos":"veh_run", "step_num": 10, "result":{"id":1, "in_network":true, "in_cross":false, "link_id":3, "lane_id":0, "cell_id":154, "x":445.5, "y":298.962, "cur_spd":14, "last_spd":14}}}[0m
[2025-10-09 16:55:21|0x000073d0][info]	[34m[*] Send: {"type":"frontend", "ope":"simdata", "time":1760000121738, "data":{"pos":"veh_run", "step_num": 10, "result":{"id":2, "in_network":true, "in_cross":false, "link_id":4, "lane_id":3, "cell_id":140, "x":365, "y":240, "cur_spd":14, "last_spd":14}}}[0m
[2025-10-09 16:55:21|0x000073d0][info]	[34m[*] Send: {"type":"frontend", "ope":"simdata", "time":1760000121888, "data":{"pos":"veh_run", "step_num": 10, "result":{"id":3, "in_network":true, "in_cross":false, "link_id":7, "lane_id":0, "cell_id":151, "x":405, "y":349, "cur_spd":11, "last_spd":14}}}[0m
[2025-10-09 16:55:22|0x000073d0][info]	[34m[*] Send: {"type":"frontend", "ope":"simdata", "time":1760000122020, "data":{"pos":"veh_run", "step_num": 10, "result":{"id":4, "in_network":true, "in_cross":false, "link_id":7, "lane_id":3, "cell_id":98, "x":435, "y":402, "cur_spd":14, "last_spd":14}}}[0m
[2025-10-09 16:55:22|0x000073d0][info]	[34m[*] Send: {"type":"frontend", "ope":"simdata", "time":1760000122154, "data":{"pos":"veh_run", "step_num": 10, "result":{"id":5, "in_network":true, "in_cross":false, "link_id":3, "lane_id":2, "cell_id":98, "x":502.06, "y":288.991, "cur_spd":14, "last_spd":14}}}[0m
[2025-10-09 16:55:22|0x000073d0][info]	[34m[*] Send: {"type":"frontend", "ope":"simdata", "time":1760000122286, "data":{"pos":"veh_run", "step_num": 10, "result":{"id":6, "in_network":true, "in_cross":false, "link_id":4, "lane_id":0, "cell_id":98, "x":395, "y":198, "cur_spd":14, "last_spd":14}}}[0m
[2025-10-09 16:55:22|0x000073d0][info]	[34m[*] Send: {"type":"frontend", "ope":"simdata", "time":1760000122421, "data":{"pos":"veh_run", "step_num": 10, "result":{"id":7, "in_network":true, "in_cross":false, "link_id":0, "lane_id":1, "cell_id":84, "x":284.5, "y":309.105, "cur_spd":14, "last_spd":14}}}[0m
[2025-10-09 16:55:22|0x000073d0][info]	[34m[*] Send: {"type":"frontend", "ope":"simdata", "time":1760000122566, "data":{"pos":"controller_run", "step_num": 10, "result":{ "cross_id":5, "phases": [{"id":0, "color":"G", "x":385, "y":279},
{"id":1, "color":"R", "x":395, "y":279},
{"id":2, "color":"G", "x":365, "y":279},
{"id":3, "color":"R", "x":414.5, "y":300.035},
{"id":4, "color":"R", "x":404.5, "y":300.012},
{"id":5, "color":"R", "x":434.504, "y":300.074}] }}}[0m
[2025-10-09 16:55:22|0x000073d0][info]	[34m[*] Send: {"type":"frontend", "ope":"simdata", "time":1760000122566, "data":{ "pos":"sim_one_step", "over_step:":10, "next_step":11 }}[0m
[2025-10-09 16:55:22|0x000073d0][info]	[34m[*] Send: {"type":"frontend", "ope":"simdata", "time":1760000122704, "data":{"pos":"produce_veh", "step_num": 11, "result":[{"id":8, "link_id":0, "lane_id":1, "cell_id":0, "x":200.5, "y":314.965, "speed":14, "router":"0 6"}]}}[0m
[2025-10-09 16:55:22|0x000073d0][info]	[34m[*] Send: {"type":"frontend", "ope":"simdata", "time":1760000122836, "data":{"pos":"veh_run", "step_num": 11, "result":{"id":0, "in_network":true, "in_cross":false, "link_id":0, "lane_id":0, "cell_id":167, "x":367.5, "y":300.915, "cur_spd":13, "last_spd":14}}}[0m
[2025-10-09 16:55:22|0x000073d0][info]	[34m[*] Send: {"type":"frontend", "ope":"simdata", "time":1760000122970, "data":{"pos":"veh_run", "step_num": 11, "result":{"id":1, "in_network":true, "in_cross":false, "link_id":3, "lane_id":0, "cell_id":165, "x":434.5, "y":299.244, "cur_spd":11, "last_spd":14}}}[0m
[2025-10-09 16:55:23|0x000073d0][info]	[34m[*] Send: {"type":"frontend", "ope":"simdata", "time":1760000123120, "data":{"pos":"veh_run", "step_num": 11, "result":{"id":2, "in_network":true, "in_cross":false, "link_id":4, "lane_id":3, "cell_id":154, "x":365, "y":254, "cur_spd":14, "last_spd":14}}}[0m
[2025-10-09 16:55:23|0x000073d0][info]	[34m[*] Send: {"type":"frontend", "ope":"simdata", "time":1760000123254, "data":{"pos":"veh_run", "step_num": 11, "result":{"id":3, "in_network":true, "in_cross":false, "link_id":7, "lane_id":0, "cell_id":160, "x":405, "y":340, "cur_spd":9, "last_spd":11}}}[0m
[2025-10-09 16:55:23|0x000073d0][info]	[34m[*] Send: {"type":"frontend", "ope":"simdata", "time":1760000123388, "data":{"pos":"veh_run", "step_num": 11, "result":{"id":4, "in_network":true, "in_cross":false, "link_id":7, "lane_id":3, "cell_id":112, "x":435, "y":388, "cur_spd":14, "last_spd":14}}}[0m
[2025-10-09 16:55:23|0x000073d0][info]	[34m[*] Send: {"type":"frontend", "ope":"simdata", "time":1760000123520, "data":{"pos":"veh_run", "step_num": 11, "result":{"id":5, "in_network":true, "in_cross":false, "link_id":3, "lane_id":3, "cell_id":98, "x":503.259, "y":285.521, "cur_spd":10, "last_spd":14}}}[0m
[2025-10-09 16:55:23|0x000073d0][info]	[34m[*] Send: {"type":"frontend", "ope":"simdata", "time":1760000123654, "data":{"pos":"veh_run", "step_num": 11, "result":{"id":6, "in_network":true, "in_cross":false, "link_id":4, "lane_id":0, "cell_id":112, "x":395, "y":212, "cur_spd":14, "last_spd":14}}}[0m
[2025-10-09 16:55:23|0x000073d0][info]	[34m[*] Send: {"type":"frontend", "ope":"simdata", "time":1760000123786, "data":{"pos":"veh_run", "step_num": 11, "result":{"id":7, "in_network":true, "in_cross":false, "link_id":0, "lane_id":1, "cell_id":98, "x":298.5, "y":308.128, "cur_spd":14, "last_spd":14}}}[0m
[2025-10-09 16:55:23|0x000073d0][info]	[34m[*] Send: {"type":"frontend", "ope":"simdata", "time":1760000123921, "data":{"pos":"veh_run", "step_num": 11, "result":{"id":8, "in_network":true, "in_cross":false, "link_id":0, "lane_id":1, "cell_id":14, "x":214.5, "y":313.988, "cur_spd":14, "last_spd":14}}}[0m
[2025-10-09 16:55:24|0x000073d0][info]	[34m[*] Send: {"type":"frontend", "ope":"simdata", "time":1760000124053, "data":{"pos":"controller_run", "step_num": 11, "result":{ "cross_id":5, "phases": [{"id":0, "color":"G", "x":385, "y":279},
{"id":1, "color":"R", "x":395, "y":279},
{"id":2, "color":"G", "x":365, "y":279},
{"id":3, "color":"R", "x":414.5, "y":300.035},
{"id":4, "color":"R", "x":404.5, "y":300.012},
{"id":5, "color":"R", "x":434.504, "y":300.074}] }}}[0m
[2025-10-09 16:55:24|0x000073d0][info]	[34m[*] Send: {"type":"frontend", "ope":"simdata", "time":1760000124053, "data":{ "pos":"sim_one_step", "over_step:":11, "next_step":12 }}[0m
[2025-10-09 16:55:24|0x000073d0][info]	[34m[*] Send: {"type":"frontend", "ope":"simdata", "time":1760000124187, "data":{"pos":"veh_run", "step_num": 12, "result":{"id":0, "in_network":true, "in_cross":false, "link_id":0, "lane_id":0, "cell_id":178, "x":378.5, "y":300.646, "cur_spd":11, "last_spd":13}}}[0m
[2025-10-09 16:55:24|0x000073d0][info]	[34m[*] Send: {"type":"frontend", "ope":"simdata", "time":1760000124320, "data":{"pos":"veh_run", "step_num": 12, "result":{"id":1, "in_network":true, "in_cross":false, "link_id":3, "lane_id":0, "cell_id":174, "x":425.5, "y":299.474, "cur_spd":9, "last_spd":11}}}[0m
[2025-10-09 16:55:24|0x000073d0][info]	[34m[*] Send: {"type":"frontend", "ope":"simdata", "time":1760000124453, "data":{"pos":"veh_run", "step_num": 12, "result":{"id":2, "in_network":true, "in_cross":false, "link_id":4, "lane_id":3, "cell_id":168, "x":365, "y":268, "cur_spd":14, "last_spd":14}}}[0m
[2025-10-09 16:55:24|0x000073d0][info]	[34m[*] Send: {"type":"frontend", "ope":"simdata", "time":1760000124588, "data":{"pos":"veh_run", "step_num": 12, "result":{"id":3, "in_network":true, "in_cross":false, "link_id":7, "lane_id":0, "cell_id":166, "x":405, "y":334, "cur_spd":6, "last_spd":9}}}[0m
[2025-10-09 16:55:24|0x000073d0][info]	[34m[*] Send: {"type":"frontend", "ope":"simdata", "time":1760000124721, "data":{"pos":"veh_run", "step_num": 12, "result":{"id":4, "in_network":true, "in_cross":false, "link_id":7, "lane_id":3, "cell_id":126, "x":435, "y":374, "cur_spd":14, "last_spd":14}}}[0m
[2025-10-09 16:55:24|0x000073d0][info]	[34m[*] Send: {"type":"frontend", "ope":"simdata", "time":1760000124870, "data":{"pos":"veh_run", "step_num": 12, "result":{"id":5, "in_network":true, "in_cross":false, "link_id":3, "lane_id":3, "cell_id":110, "x":491.473, "y":288.021, "cur_spd":12, "last_spd":10}}}[0m
[2025-10-09 16:55:25|0x000073d0][info]	[34m[*] Send: {"type":"frontend", "ope":"simdata", "time":1760000125002, "data":{"pos":"veh_run", "step_num": 12, "result":{"id":6, "in_network":true, "in_cross":false, "link_id":4, "lane_id":0, "cell_id":126, "x":395, "y":226, "cur_spd":14, "last_spd":14}}}[0m
[2025-10-09 16:55:25|0x000073d0][info]	[34m[*] Send: {"type":"frontend", "ope":"simdata", "time":1760000125135, "data":{"pos":"veh_run", "step_num": 12, "result":{"id":7, "in_network":true, "in_cross":false, "link_id":0, "lane_id":1, "cell_id":112, "x":312.5, "y":307.151, "cur_spd":14, "last_spd":14}}}[0m
[2025-10-09 16:55:25|0x000073d0][info]	[34m[*] Send: {"type":"frontend", "ope":"simdata", "time":1760000125269, "data":{"pos":"veh_run", "step_num": 12, "result":{"id":8, "in_network":true, "in_cross":false, "link_id":0, "lane_id":1, "cell_id":28, "x":228.5, "y":313.012, "cur_spd":14, "last_spd":14}}}[0m
[2025-10-09 16:55:25|0x000073d0][info]	[34m[*] Send: {"type":"frontend", "ope":"simdata", "time":1760000125402, "data":{"pos":"controller_run", "step_num": 12, "result":{ "cross_id":5, "phases": [{"id":0, "color":"G", "x":385, "y":279},
{"id":1, "color":"R", "x":395, "y":279},
{"id":2, "color":"G", "x":365, "y":279},
{"id":3, "color":"R", "x":414.5, "y":300.035},
{"id":4, "color":"R", "x":404.5, "y":300.012},
{"id":5, "color":"R", "x":434.504, "y":300.074}] }}}[0m
[2025-10-09 16:55:25|0x000073d0][info]	[34m[*] Send: {"type":"frontend", "ope":"simdata", "time":1760000125402, "data":{ "pos":"sim_one_step", "over_step:":12, "next_step":13 }}[0m
[2025-10-09 16:55:25|0x000073d0][info]	[34m[*] Send: {"type":"frontend", "ope":"simdata", "time":1760000125536, "data":{"pos":"veh_run", "step_num": 13, "result":{"id":0, "in_network":true, "in_cross":false, "link_id":0, "lane_id":0, "cell_id":186, "x":386.5, "y":300.451, "cur_spd":8, "last_spd":11}}}[0m
[2025-10-09 16:55:25|0x000073d0][info]	[34m[*] Send: {"type":"frontend", "ope":"simdata", "time":1760000125670, "data":{"pos":"veh_run", "step_num": 13, "result":{"id":1, "in_network":true, "in_cross":false, "link_id":3, "lane_id":0, "cell_id":180, "x":419.5, "y":299.628, "cur_spd":6, "last_spd":9}}}[0m
[2025-10-09 16:55:25|0x000073d0][info]	[34m[*] Send: {"type":"frontend", "ope":"simdata", "time":1760000125802, "data":{"pos":"veh_run", "step_num": 13, "result":{"id":2, "in_network":true, "in_cross":true, "cross_id":0, "lane_id":29, "cell_id":0, "x":365, "y":280, "cur_spd":1, "last_spd":14}}}[0m
[2025-10-09 16:55:25|0x000073d0][info]	[34m[*] Send: {"type":"frontend", "ope":"simdata", "time":1760000125937, "data":{"pos":"veh_run", "step_num": 13, "result":{"id":3, "in_network":true, "in_cross":false, "link_id":7, "lane_id":0, "cell_id":170, "x":405, "y":330, "cur_spd":4, "last_spd":6}}}[0m
[2025-10-09 16:55:26|0x000073d0][info]	[34m[*] Send: {"type":"frontend", "ope":"simdata", "time":1760000126069, "data":{"pos":"veh_run", "step_num": 13, "result":{"id":4, "in_network":true, "in_cross":false, "link_id":7, "lane_id":3, "cell_id":140, "x":435, "y":360, "cur_spd":14, "last_spd":14}}}[0m
[2025-10-09 16:55:26|0x000073d0][info]	[34m[*] Send: {"type":"frontend", "ope":"simdata", "time":1760000126203, "data":{"pos":"veh_run", "step_num": 13, "result":{"id":5, "in_network":true, "in_cross":false, "link_id":3, "lane_id":3, "cell_id":123, "x":478.705, "y":290.729, "cur_spd":13, "last_spd":12}}}[0m
[2025-10-09 16:55:26|0x000073d0][info]	[34m[*] Send: {"type":"frontend", "ope":"simdata", "time":1760000126336, "data":{"pos":"veh_run", "step_num": 13, "result":{"id":6, "in_network":true, "in_cross":false, "link_id":4, "lane_id":0, "cell_id":140, "x":395, "y":240, "cur_spd":14, "last_spd":14}}}[0m
[2025-10-09 16:55:26|0x000073d0][info]	[34m[*] Send: {"type":"frontend", "ope":"simdata", "time":1760000126471, "data":{"pos":"veh_run", "step_num": 13, "result":{"id":7, "in_network":true, "in_cross":false, "link_id":0, "lane_id":1, "cell_id":126, "x":326.5, "y":306.174, "cur_spd":14, "last_spd":14}}}[0m
[2025-10-09 16:55:26|0x000073d0][info]	[34m[*] Send: {"type":"frontend", "ope":"simdata", "time":1760000126604, "data":{"pos":"veh_run", "step_num": 13, "result":{"id":8, "in_network":true, "in_cross":false, "link_id":0, "lane_id":1, "cell_id":42, "x":242.5, "y":312.035, "cur_spd":14, "last_spd":14}}}[0m
[2025-10-09 16:55:26|0x000073d0][info]	[34m[*] Send: {"type":"frontend", "ope":"simdata", "time":1760000126737, "data":{"pos":"controller_run", "step_num": 13, "result":{ "cross_id":5, "phases": [{"id":0, "color":"G", "x":385, "y":279},
{"id":1, "color":"R", "x":395, "y":279},
{"id":2, "color":"G", "x":365, "y":279},
{"id":3, "color":"R", "x":414.5, "y":300.035},
{"id":4, "color":"R", "x":404.5, "y":300.012},
{"id":5, "color":"R", "x":434.504, "y":300.074}] }}}[0m
[2025-10-09 16:55:26|0x000073d0][info]	[34m[*] Send: {"type":"frontend", "ope":"simdata", "time":1760000126737, "data":{ "pos":"sim_one_step", "over_step:":13, "next_step":14 }}[0m
[2025-10-09 16:55:26|0x000073d0][info]	[34m[*] Send: {"type":"frontend", "ope":"simdata", "time":1760000126870, "data":{"pos":"veh_run", "step_num": 14, "result":{"id":0, "in_network":true, "in_cross":false, "link_id":0, "lane_id":0, "cell_id":192, "x":392.5, "y":300.305, "cur_spd":6, "last_spd":8}}}[0m
[2025-10-09 16:55:27|0x000073d0][info]	[34m[*] Send: {"type":"frontend", "ope":"simdata", "time":1760000127005, "data":{"pos":"veh_run", "step_num": 14, "result":{"id":1, "in_network":true, "in_cross":false, "link_id":3, "lane_id":0, "cell_id":185, "x":414.5, "y":299.756, "cur_spd":5, "last_spd":6}}}[0m
[2025-10-09 16:55:27|0x000073d0][info]	[34m[*] Send: {"type":"frontend", "ope":"simdata", "time":1760000127137, "data":{"pos":"veh_run", "step_num": 14, "result":{"id":2, "in_network":true, "in_cross":true, "cross_id":0, "lane_id":29, "cell_id":1, "x":368.636, "y":281.818, "cur_spd":1, "last_spd":1}}}[0m
[2025-10-09 16:55:27|0x000073d0][info]	[34m[*] Send: {"type":"frontend", "ope":"simdata", "time":1760000127269, "data":{"pos":"veh_run", "step_num": 14, "result":{"id":3, "in_network":true, "in_cross":false, "link_id":7, "lane_id":0, "cell_id":173, "x":405, "y":327, "cur_spd":3, "last_spd":4}}}[0m
[2025-10-09 16:55:27|0x000073d0][info]	[34m[*] Send: {"type":"frontend", "ope":"simdata", "time":1760000127404, "data":{"pos":"veh_run", "step_num": 14, "result":{"id":4, "in_network":true, "in_cross":false, "link_id":7, "lane_id":3, "cell_id":154, "x":435, "y":346, "cur_spd":14, "last_spd":14}}}[0m
[2025-10-09 16:55:27|0x000073d0][info]	[34m[*] Send: {"type":"frontend", "ope":"simdata", "time":1760000127536, "data":{"pos":"veh_run", "step_num": 14, "result":{"id":5, "in_network":true, "in_cross":false, "link_id":3, "lane_id":3, "cell_id":135, "x":466.92, "y":293.229, "cur_spd":12, "last_spd":13}}}[0m
[2025-10-09 16:55:27|0x000073d0][info]	[34m[*] Send: {"type":"frontend", "ope":"simdata", "time":1760000127671, "data":{"pos":"veh_run", "step_num": 14, "result":{"id":6, "in_network":true, "in_cross":false, "link_id":4, "lane_id":0, "cell_id":151, "x":395, "y":251, "cur_spd":11, "last_spd":14}}}[0m
[2025-10-09 16:55:27|0x000073d0][info]	[34m[*] Send: {"type":"frontend", "ope":"simdata", "time":1760000127804, "data":{"pos":"veh_run", "step_num": 14, "result":{"id":7, "in_network":true, "in_cross":false, "link_id":0, "lane_id":1, "cell_id":140, "x":340.5, "y":305.198, "cur_spd":14, "last_spd":14}}}[0m
[2025-10-09 16:55:27|0x000073d0][info]	[34m[*] Send: {"type":"frontend", "ope":"simdata", "time":1760000127937, "data":{"pos":"veh_run", "step_num": 14, "result":{"id":8, "in_network":true, "in_cross":false, "link_id":0, "lane_id":1, "cell_id":56, "x":256.5, "y":311.058, "cur_spd":14, "last_spd":14}}}[0m
[2025-10-09 16:55:28|0x000073d0][info]	[34m[*] Send: {"type":"frontend", "ope":"simdata", "time":1760000128070, "data":{"pos":"controller_run", "step_num": 14, "result":{ "cross_id":5, "phases": [{"id":0, "color":"G", "x":385, "y":279},
{"id":1, "color":"R", "x":395, "y":279},
{"id":2, "color":"G", "x":365, "y":279},
{"id":3, "color":"R", "x":414.5, "y":300.035},
{"id":4, "color":"R", "x":404.5, "y":300.012},
{"id":5, "color":"R", "x":434.504, "y":300.074}] }}}[0m
[2025-10-09 16:55:28|0x000073d0][info]	[34m[*] Send: {"type":"frontend", "ope":"simdata", "time":1760000128070, "data":{ "pos":"sim_one_step", "over_step:":14, "next_step":15 }}[0m
[2025-10-09 16:55:28|0x000073d0][info]	[34m[*] Send: {"type":"frontend", "ope":"simdata", "time":1760000128202, "data":{"pos":"veh_run", "step_num": 15, "result":{"id":0, "in_network":true, "in_cross":false, "link_id":0, "lane_id":0, "cell_id":196, "x":396.5, "y":300.207, "cur_spd":4, "last_spd":6}}}[0m
[2025-10-09 16:55:28|0x000073d0][info]	[34m[*] Send: {"type":"frontend", "ope":"simdata", "time":1760000128337, "data":{"pos":"veh_run", "step_num": 15, "result":{"id":1, "in_network":true, "in_cross":false, "link_id":3, "lane_id":0, "cell_id":187, "x":412.5, "y":299.808, "cur_spd":2, "last_spd":5}}}[0m
[2025-10-09 16:55:28|0x000073d0][info]	[34m[*] Send: {"type":"frontend", "ope":"simdata", "time":1760000128471, "data":{"pos":"veh_run", "step_num": 15, "result":{"id":2, "in_network":true, "in_cross":true, "cross_id":0, "lane_id":29, "cell_id":2, "x":375.909, "y":285.455, "cur_spd":1, "last_spd":1}}}[0m
[2025-10-09 16:55:28|0x000073d0][info]	[34m[*] Send: {"type":"frontend", "ope":"simdata", "time":1760000128602, "data":{"pos":"veh_run", "step_num": 15, "result":{"id":3, "in_network":true, "in_cross":false, "link_id":7, "lane_id":0, "cell_id":178, "x":405, "y":322, "cur_spd":5, "last_spd":3}}}[0m
[2025-10-09 16:55:28|0x000073d0][info]	[34m[*] Send: {"type":"frontend", "ope":"simdata", "time":1760000128738, "data":{"pos":"veh_run", "step_num": 15, "result":{"id":4, "in_network":true, "in_cross":false, "link_id":7, "lane_id":3, "cell_id":161, "x":435, "y":339, "cur_spd":7, "last_spd":14}}}[0m
[2025-10-09 16:55:28|0x000073d0][info]	[34m[*] Send: {"type":"frontend", "ope":"simdata", "time":1760000128871, "data":{"pos":"veh_run", "step_num": 15, "result":{"id":5, "in_network":true, "in_cross":false, "link_id":3, "lane_id":3, "cell_id":145, "x":457.098, "y":295.312, "cur_spd":10, "last_spd":12}}}[0m
[2025-10-09 16:55:29|0x000073d0][info]	[34m[*] Send: {"type":"frontend", "ope":"simdata", "time":1760000129004, "data":{"pos":"veh_run", "step_num": 15, "result":{"id":6, "in_network":true, "in_cross":false, "link_id":4, "lane_id":0, "cell_id":163, "x":395, "y":263, "cur_spd":12, "last_spd":11}}}[0m
[2025-10-09 16:55:29|0x000073d0][info]	[34m[*] Send: {"type":"frontend", "ope":"simdata", "time":1760000129150, "data":{"pos":"veh_run", "step_num": 15, "result":{"id":7, "in_network":true, "in_cross":false, "link_id":0, "lane_id":0, "cell_id":151, "x":351.5, "y":301.305, "cur_spd":5, "last_spd":14}}}[0m
[2025-10-09 16:55:29|0x000073d0][info]	[34m[*] Send: {"type":"frontend", "ope":"simdata", "time":1760000129286, "data":{"pos":"veh_run", "step_num": 15, "result":{"id":8, "in_network":true, "in_cross":false, "link_id":0, "lane_id":1, "cell_id":70, "x":270.5, "y":310.081, "cur_spd":14, "last_spd":14}}}[0m
[2025-10-09 16:55:29|0x000073d0][info]	[34m[*] Send: {"type":"frontend", "ope":"simdata", "time":1760000129421, "data":{"pos":"controller_run", "step_num": 15, "result":{ "cross_id":5, "phases": [{"id":0, "color":"R", "x":385, "y":279},
{"id":1, "color":"G", "x":395, "y":279},
{"id":2, "color":"R", "x":365, "y":279},
{"id":3, "color":"R", "x":414.5, "y":300.035},
{"id":4, "color":"R", "x":404.5, "y":300.012},
{"id":5, "color":"R", "x":434.504, "y":300.074}] }}}[0m
[2025-10-09 16:55:29|0x000073d0][info]	[34m[*] Send: {"type":"frontend", "ope":"simdata", "time":1760000129421, "data":{ "pos":"sim_one_step", "over_step:":15, "next_step":16 }}[0m
[2025-10-09 16:55:29|0x000073d0][info]	[34m[*] Send: {"type":"frontend", "ope":"simdata", "time":1760000129552, "data":{"pos":"veh_run", "step_num": 16, "result":{"id":0, "in_network":true, "in_cross":false, "link_id":0, "lane_id":0, "cell_id":198, "x":398.5, "y":300.159, "cur_spd":2, "last_spd":4}}}[0m
[2025-10-09 16:55:29|0x000073d0][info]	[34m[*] Send: {"type":"frontend", "ope":"simdata", "time":1760000129687, "data":{"pos":"veh_run", "step_num": 16, "result":{"id":1, "in_network":true, "in_cross":false, "link_id":3, "lane_id":0, "cell_id":189, "x":410.5, "y":299.859, "cur_spd":2, "last_spd":2}}}[0m
[2025-10-09 16:55:29|0x000073d0][info]	[34m[*] Send: {"type":"frontend", "ope":"simdata", "time":1760000129819, "data":{"pos":"veh_run", "step_num": 16, "result":{"id":2, "in_network":true, "in_cross":true, "cross_id":0, "lane_id":29, "cell_id":3, "x":383.182, "y":289.091, "cur_spd":1, "last_spd":1}}}[0m
[2025-10-09 16:55:29|0x000073d0][info]	[34m[*] Send: {"type":"frontend", "ope":"simdata", "time":1760000129952, "data":{"pos":"veh_run", "step_num": 16, "result":{"id":3, "in_network":true, "in_cross":true, "cross_id":0, "lane_id":35, "cell_id":0, "x":405, "y":320, "cur_spd":1, "last_spd":5}}}[0m
[2025-10-09 16:55:30|0x000073d0][info]	[34m[*] Send: {"type":"frontend", "ope":"simdata", "time":1760000130087, "data":{"pos":"veh_run", "step_num": 16, "result":{"id":4, "in_network":true, "in_cross":false, "link_id":7, "lane_id":3, "cell_id":167, "x":435, "y":333, "cur_spd":6, "last_spd":7}}}[0m
[2025-10-09 16:55:30|0x000073d0][info]	[34m[*] Send: {"type":"frontend", "ope":"simdata", "time":1760000130220, "data":{"pos":"veh_run", "step_num": 16, "result":{"id":5, "in_network":true, "in_cross":false, "link_id":3, "lane_id":3, "cell_id":152, "x":450.223, "y":296.771, "cur_spd":7, "last_spd":10}}}[0m
[2025-10-09 16:55:30|0x000073d0][info]	[34m[*] Send: {"type":"frontend", "ope":"simdata", "time":1760000130354, "data":{"pos":"veh_run", "step_num": 16, "result":{"id":6, "in_network":true, "in_cross":false, "link_id":4, "lane_id":0, "cell_id":176, "x":395, "y":276, "cur_spd":13, "last_spd":12}}}[0m
[2025-10-09 16:55:30|0x000073d0][info]	[34m[*] Send: {"type":"frontend", "ope":"simdata", "time":1760000130487, "data":{"pos":"veh_run", "step_num": 16, "result":{"id":7, "in_network":true, "in_cross":false, "link_id":0, "lane_id":0, "cell_id":158, "x":358.5, "y":301.134, "cur_spd":7, "last_spd":5}}}[0m
[2025-10-09 16:55:30|0x000073d0][info]	[34m[*] Send: {"type":"frontend", "ope":"simdata", "time":1760000130620, "data":{"pos":"veh_run", "step_num": 16, "result":{"id":8, "in_network":true, "in_cross":false, "link_id":0, "lane_id":1, "cell_id":84, "x":284.5, "y":309.105, "cur_spd":14, "last_spd":14}}}[0m
[2025-10-09 16:55:30|0x000073d0][info]	[34m[*] Send: {"type":"frontend", "ope":"simdata", "time":1760000130753, "data":{"pos":"controller_run", "step_num": 16, "result":{ "cross_id":5, "phases": [{"id":0, "color":"R", "x":385, "y":279},
{"id":1, "color":"G", "x":395, "y":279},
{"id":2, "color":"R", "x":365, "y":279},
{"id":3, "color":"R", "x":414.5, "y":300.035},
{"id":4, "color":"R", "x":404.5, "y":300.012},
{"id":5, "color":"R", "x":434.504, "y":300.074}] }}}[0m
[2025-10-09 16:55:30|0x000073d0][info]	[34m[*] Send: {"type":"frontend", "ope":"simdata", "time":1760000130753, "data":{ "pos":"sim_one_step", "over_step:":16, "next_step":17 }}[0m
[2025-10-09 16:55:30|0x000073d0][info]	[34m[*] Send: {"type":"frontend", "ope":"simdata", "time":1760000130886, "data":{"pos":"produce_veh", "step_num": 17, "result":[{"id":9, "link_id":0, "lane_id":0, "cell_id":0, "x":200.5, "y":304.988, "speed":14, "router":"0 2"}]}}[0m
[2025-10-09 16:55:31|0x000073d0][info]	[34m[*] Send: {"type":"frontend", "ope":"simdata", "time":1760000131020, "data":{"pos":"veh_run", "step_num": 17, "result":{"id":0, "in_network":true, "in_cross":false, "link_id":0, "lane_id":0, "cell_id":199, "x":399.5, "y":300.134, "cur_spd":1, "last_spd":2}}}[0m
[2025-10-09 16:55:31|0x000073d0][info]	[34m[*] Send: {"type":"frontend", "ope":"simdata", "time":1760000131151, "data":{"pos":"veh_run", "step_num": 17, "result":{"id":1, "in_network":true, "in_cross":false, "link_id":3, "lane_id":0, "cell_id":189, "x":410.5, "y":299.859, "cur_spd":0, "last_spd":2}}}[0m
[2025-10-09 16:55:31|0x000073d0][info]	[34m[*] Send: {"type":"frontend", "ope":"simdata", "time":1760000131287, "data":{"pos":"veh_run", "step_num": 17, "result":{"id":2, "in_network":true, "in_cross":true, "cross_id":0, "lane_id":29, "cell_id":4, "x":390.455, "y":292.727, "cur_spd":1, "last_spd":1}}}[0m
[2025-10-09 16:55:31|0x000073d0][info]	[34m[*] Send: {"type":"frontend", "ope":"simdata", "time":1760000131419, "data":{"pos":"veh_run", "step_num": 17, "result":{"id":3, "in_network":true, "in_cross":true, "cross_id":0, "lane_id":35, "cell_id":1, "x":408.762, "y":318.834, "cur_spd":1, "last_spd":1}}}[0m
[2025-10-09 16:55:31|0x000073d0][info]	[34m[*] Send: {"type":"frontend", "ope":"simdata", "time":1760000131552, "data":{"pos":"veh_run", "step_num": 17, "result":{"id":4, "in_network":true, "in_cross":false, "link_id":7, "lane_id":3, "cell_id":171, "x":435, "y":329, "cur_spd":4, "last_spd":6}}}[0m
[2025-10-09 16:55:31|0x000073d0][info]	[34m[*] Send: {"type":"frontend", "ope":"simdata", "time":1760000131687, "data":{"pos":"veh_run", "step_num": 17, "result":{"id":5, "in_network":true, "in_cross":false, "link_id":3, "lane_id":3, "cell_id":157, "x":445.312, "y":297.812, "cur_spd":5, "last_spd":7}}}[0m
[2025-10-09 16:55:31|0x000073d0][info]	[34m[*] Send: {"type":"frontend", "ope":"simdata", "time":1760000131819, "data":{"pos":"veh_run", "step_num": 17, "result":{"id":6, "in_network":true, "in_cross":true, "cross_id":0, "lane_id":26, "cell_id":0, "x":395, "y":280, "cur_spd":1, "last_spd":13}}}[0m
[2025-10-09 16:55:31|0x000073d0][info]	[34m[*] Send: {"type":"frontend", "ope":"simdata", "time":1760000131966, "data":{"pos":"veh_run", "step_num": 17, "result":{"id":7, "in_network":true, "in_cross":false, "link_id":0, "lane_id":0, "cell_id":167, "x":367.5, "y":300.915, "cur_spd":9, "last_spd":7}}}[0m
[2025-10-09 16:55:32|0x000073d0][info]	[34m[*] Send: {"type":"frontend", "ope":"simdata", "time":1760000132103, "data":{"pos":"veh_run", "step_num": 17, "result":{"id":8, "in_network":true, "in_cross":false, "link_id":0, "lane_id":1, "cell_id":98, "x":298.5, "y":308.128, "cur_spd":14, "last_spd":14}}}[0m
[2025-10-09 16:55:32|0x000073d0][info]	[34m[*] Send: {"type":"frontend", "ope":"simdata", "time":1760000132237, "data":{"pos":"veh_run", "step_num": 17, "result":{"id":9, "in_network":true, "in_cross":false, "link_id":0, "lane_id":0, "cell_id":14, "x":214.5, "y":304.646, "cur_spd":14, "last_spd":14}}}[0m
[2025-10-09 16:55:32|0x000073d0][info]	[34m[*] Send: {"type":"frontend", "ope":"simdata", "time":1760000132371, "data":{"pos":"controller_run", "step_num": 17, "result":{ "cross_id":5, "phases": [{"id":0, "color":"R", "x":385, "y":279},
{"id":1, "color":"G", "x":395, "y":279},
{"id":2, "color":"R", "x":365, "y":279},
{"id":3, "color":"R", "x":414.5, "y":300.035},
{"id":4, "color":"R", "x":404.5, "y":300.012},
{"id":5, "color":"R", "x":434.504, "y":300.074}] }}}[0m
[2025-10-09 16:55:32|0x000073d0][info]	[34m[*] Send: {"type":"frontend", "ope":"simdata", "time":1760000132371, "data":{ "pos":"sim_one_step", "over_step:":17, "next_step":18 }}[0m
[2025-10-09 16:55:32|0x000073d0][info]	[34m[*] Send: {"type":"frontend", "ope":"simdata", "time":1760000132504, "data":{"pos":"veh_run", "step_num": 18, "result":{"id":0, "in_network":true, "in_cross":false, "link_id":0, "lane_id":0, "cell_id":199, "x":399.5, "y":300.134, "cur_spd":0, "last_spd":1}}}[0m
[2025-10-09 16:55:32|0x000073d0][info]	[34m[*] Send: {"type":"frontend", "ope":"simdata", "time":1760000132638, "data":{"pos":"veh_run", "step_num": 18, "result":{"id":1, "in_network":true, "in_cross":false, "link_id":3, "lane_id":0, "cell_id":190, "x":409.5, "y":299.885, "cur_spd":1, "last_spd":0}}}[0m
[2025-10-09 16:55:32|0x000073d0][info]	[34m[*] Send: {"type":"frontend", "ope":"simdata", "time":1760000132771, "data":{"pos":"veh_run", "step_num": 18, "result":{"id":2, "in_network":true, "in_cross":true, "cross_id":0, "lane_id":29, "cell_id":5, "x":397.727, "y":296.364, "cur_spd":1, "last_spd":1}}}[0m
[2025-10-09 16:55:32|0x000073d0][info]	[34m[*] Send: {"type":"frontend", "ope":"simdata", "time":1760000132904, "data":{"pos":"veh_run", "step_num": 18, "result":{"id":3, "in_network":true, "in_cross":true, "cross_id":0, "lane_id":35, "cell_id":2, "x":416.261, "y":314.349, "cur_spd":1, "last_spd":1}}}[0m
[2025-10-09 16:55:33|0x000073d0][info]	[34m[*] Send: {"type":"frontend", "ope":"simdata", "time":1760000133037, "data":{"pos":"veh_run", "step_num": 18, "result":{"id":4, "in_network":true, "in_cross":false, "link_id":7, "lane_id":3, "cell_id":173, "x":435, "y":327, "cur_spd":2, "last_spd":4}}}[0m
[2025-10-09 16:55:33|0x000073d0][info]	[34m[*] Send: {"type":"frontend", "ope":"simdata", "time":1760000133169, "data":{"pos":"veh_run", "step_num": 18, "result":{"id":5, "in_network":true, "in_cross":false, "link_id":3, "lane_id":3, "cell_id":160, "x":442.366, "y":298.437, "cur_spd":3, "last_spd":5}}}[0m
[2025-10-09 16:55:33|0x000073d0][info]	[34m[*] Send: {"type":"frontend", "ope":"simdata", "time":1760000133303, "data":{"pos":"veh_run", "step_num": 18, "result":{"id":6, "in_network":true, "in_cross":true, "cross_id":0, "lane_id":26, "cell_id":1, "x":395, "y":280, "cur_spd":1, "last_spd":1}}}[0m
[2025-10-09 16:55:33|0x000073d0][info]	[34m[*] Send: {"type":"frontend", "ope":"simdata", "time":1760000133438, "data":{"pos":"veh_run", "step_num": 18, "result":{"id":7, "in_network":true, "in_cross":false, "link_id":0, "lane_id":0, "cell_id":177, "x":377.5, "y":300.671, "cur_spd":10, "last_spd":9}}}[0m
[2025-10-09 16:55:33|0x000073d0][info]	[34m[*] Send: {"type":"frontend", "ope":"simdata", "time":1760000133569, "data":{"pos":"veh_run", "step_num": 18, "result":{"id":8, "in_network":true, "in_cross":false, "link_id":0, "lane_id":1, "cell_id":112, "x":312.5, "y":307.151, "cur_spd":14, "last_spd":14}}}[0m
[2025-10-09 16:55:33|0x000073d0][info]	[34m[*] Send: {"type":"frontend", "ope":"simdata", "time":1760000133701, "data":{"pos":"veh_run", "step_num": 18, "result":{"id":9, "in_network":true, "in_cross":false, "link_id":0, "lane_id":0, "cell_id":28, "x":228.5, "y":304.305, "cur_spd":14, "last_spd":14}}}[0m
[2025-10-09 16:55:33|0x000073d0][info]	[34m[*] Send: {"type":"frontend", "ope":"simdata", "time":1760000133836, "data":{"pos":"controller_run", "step_num": 18, "result":{ "cross_id":5, "phases": [{"id":0, "color":"R", "x":385, "y":279},
{"id":1, "color":"G", "x":395, "y":279},
{"id":2, "color":"R", "x":365, "y":279},
{"id":3, "color":"R", "x":414.5, "y":300.035},
{"id":4, "color":"R", "x":404.5, "y":300.012},
{"id":5, "color":"R", "x":434.504, "y":300.074}] }}}[0m
[2025-10-09 16:55:33|0x000073d0][info]	[34m[*] Send: {"type":"frontend", "ope":"simdata", "time":1760000133836, "data":{ "pos":"sim_one_step", "over_step:":18, "next_step":19 }}[0m
[2025-10-09 16:55:33|0x000073d0][info]	[34m[*] Send: {"type":"frontend", "ope":"simdata", "time":1760000133969, "data":{"pos":"veh_run", "step_num": 19, "result":{"id":0, "in_network":true, "in_cross":false, "link_id":0, "lane_id":0, "cell_id":200, "x":400.5, "y":300.11, "cur_spd":1, "last_spd":0}}}[0m
[2025-10-09 16:55:34|0x000073d0][info]	[34m[*] Send: {"type":"frontend", "ope":"simdata", "time":1760000134103, "data":{"pos":"veh_run", "step_num": 19, "result":{"id":1, "in_network":true, "in_cross":false, "link_id":3, "lane_id":0, "cell_id":190, "x":409.5, "y":299.885, "cur_spd":0, "last_spd":1}}}[0m
[2025-10-09 16:55:34|0x000073d0][info]	[34m[*] Send: {"type":"frontend", "ope":"simdata", "time":1760000134236, "data":{"pos":"veh_run", "step_num": 19, "result":{"id":2, "in_network":true, "in_cross":false, "link_id":1, "lane_id":0, "cell_id":0, "x":404.5, "y":299.988, "cur_spd":8, "last_spd":1}}}[0m
[2025-10-09 16:55:34|0x000073d0][info]	[34m[*] Send: {"type":"frontend", "ope":"simdata", "time":1760000134370, "data":{"pos":"veh_run", "step_num": 19, "result":{"id":3, "in_network":true, "in_cross":true, "cross_id":0, "lane_id":35, "cell_id":3, "x":422.152, "y":307.266, "cur_spd":1, "last_spd":1}}}[0m
[2025-10-09 16:55:34|0x000073d0][info]	[34m[*] Send: {"type":"frontend", "ope":"simdata", "time":1760000134503, "data":{"pos":"veh_run", "step_num": 19, "result":{"id":4, "in_network":true, "in_cross":false, "link_id":7, "lane_id":3, "cell_id":174, "x":435, "y":326, "cur_spd":1, "last_spd":2}}}[0m
[2025-10-09 16:55:34|0x000073d0][info]	[34m[*] Send: {"type":"frontend", "ope":"simdata", "time":1760000134637, "data":{"pos":"veh_run", "step_num": 19, "result":{"id":5, "in_network":true, "in_cross":false, "link_id":3, "lane_id":3, "cell_id":161, "x":441.384, "y":298.646, "cur_spd":1, "last_spd":3}}}[0m
[2025-10-09 16:55:34|0x000073d0][info]	[34m[*] Send: {"type":"frontend", "ope":"simdata", "time":1760000134771, "data":{"pos":"veh_run", "step_num": 19, "result":{"id":6, "in_network":true, "in_cross":true, "cross_id":0, "lane_id":26, "cell_id":2, "x":401.75, "y":276.667, "cur_spd":1, "last_spd":1}}}[0m
[2025-10-09 16:55:34|0x000073d0][info]	[34m[*] Send: {"type":"frontend", "ope":"simdata", "time":1760000134921, "data":{"pos":"veh_run", "step_num": 19, "result":{"id":7, "in_network":true, "in_cross":false, "link_id":0, "lane_id":0, "cell_id":184, "x":384.5, "y":300.5, "cur_spd":7, "last_spd":10}}}[0m
[2025-10-09 16:55:35|0x000073d0][info]	[34m[*] Send: {"type":"frontend", "ope":"simdata", "time":1760000135054, "data":{"pos":"veh_run", "step_num": 19, "result":{"id":8, "in_network":true, "in_cross":false, "link_id":0, "lane_id":1, "cell_id":126, "x":326.5, "y":306.174, "cur_spd":14, "last_spd":14}}}[0m
[2025-10-09 16:55:35|0x000073d0][info]	[34m[*] Send: {"type":"frontend", "ope":"simdata", "time":1760000135187, "data":{"pos":"veh_run", "step_num": 19, "result":{"id":9, "in_network":true, "in_cross":false, "link_id":0, "lane_id":1, "cell_id":28, "x":228.5, "y":313.012, "cur_spd":14, "last_spd":14}}}[0m
[2025-10-09 16:55:35|0x000073d0][info]	[34m[*] Send: {"type":"frontend", "ope":"simdata", "time":1760000135321, "data":{"pos":"controller_run", "step_num": 19, "result":{ "cross_id":5, "phases": [{"id":0, "color":"R", "x":385, "y":279},
{"id":1, "color":"G", "x":395, "y":279},
{"id":2, "color":"R", "x":365, "y":279},
{"id":3, "color":"R", "x":414.5, "y":300.035},
{"id":4, "color":"R", "x":404.5, "y":300.012},
{"id":5, "color":"R", "x":434.504, "y":300.074}] }}}[0m
[2025-10-09 16:55:35|0x000073d0][info]	[34m[*] Send: {"type":"frontend", "ope":"simdata", "time":1760000135321, "data":{ "pos":"sim_one_step", "over_step:":19, "next_step":20 }}[0m
[2025-10-09 16:55:35|0x000073d0][info]	[34m[*] Send: {"type":"frontend", "ope":"simdata", "time":1760000135453, "data":{"pos":"produce_veh", "step_num": 20, "result":[{"id":10, "link_id":4, "lane_id":1, "cell_id":0, "x":385, "y":100, "speed":14, "router":"4 6"}]}}[0m
[2025-10-09 16:55:35|0x000073d0][info]	[34m[*] Send: {"type":"frontend", "ope":"simdata", "time":1760000135587, "data":{"pos":"veh_run", "step_num": 20, "result":{"id":0, "in_network":true, "in_cross":false, "link_id":0, "lane_id":0, "cell_id":200, "x":400.5, "y":300.11, "cur_spd":0, "last_spd":1}}}[0m
[2025-10-09 16:55:35|0x000073d0][info]	[34m[*] Send: {"type":"frontend", "ope":"simdata", "time":1760000135720, "data":{"pos":"veh_run", "step_num": 20, "result":{"id":1, "in_network":true, "in_cross":false, "link_id":3, "lane_id":0, "cell_id":190, "x":409.5, "y":299.885, "cur_spd":0, "last_spd":0}}}[0m
[2025-10-09 16:55:35|0x000073d0][info]	[34m[*] Send: {"type":"frontend", "ope":"simdata", "time":1760000135854, "data":{"pos":"veh_run", "step_num": 20, "result":{"id":2, "in_network":true, "in_cross":false, "link_id":1, "lane_id":0, "cell_id":10, "x":394.5, "y":299.744, "cur_spd":10, "last_spd":8}}}[0m
[2025-10-09 16:55:36|0x000073d0][info]	[34m[*] Send: {"type":"frontend", "ope":"simdata", "time":1760000136004, "data":{"pos":"veh_run", "step_num": 20, "result":{"id":3, "in_network":true, "in_cross":true, "cross_id":0, "lane_id":35, "cell_id":4, "x":425, "y":300, "cur_spd":1, "last_spd":1}}}[0m
[2025-10-09 16:55:36|0x000073d0][info]	[34m[*] Send: {"type":"frontend", "ope":"simdata", "time":1760000136137, "data":{"pos":"veh_run", "step_num": 20, "result":{"id":4, "in_network":true, "in_cross":false, "link_id":7, "lane_id":3, "cell_id":174, "x":435, "y":326, "cur_spd":0, "last_spd":1}}}[0m
[2025-10-09 16:55:36|0x000073d0][info]	[34m[*] Send: {"type":"frontend", "ope":"simdata", "time":1760000136269, "data":{"pos":"veh_run", "step_num": 20, "result":{"id":5, "in_network":true, "in_cross":false, "link_id":3, "lane_id":3, "cell_id":162, "x":440.402, "y":298.854, "cur_spd":1, "last_spd":1}}}[0m
[2025-10-09 16:55:36|0x000073d0][info]	[34m[*] Send: {"type":"frontend", "ope":"simdata", "time":1760000136403, "data":{"pos":"veh_run", "step_num": 20, "result":{"id":6, "in_network":true, "in_cross":true, "cross_id":0, "lane_id":26, "cell_id":3, "x":410.319, "y":274.555, "cur_spd":1, "last_spd":1}}}[0m
[2025-10-09 16:55:36|0x000073d0][info]	[34m[*] Send: {"type":"frontend", "ope":"simdata", "time":1760000136537, "data":{"pos":"veh_run", "step_num": 20, "result":{"id":7, "in_network":true, "in_cross":false, "link_id":0, "lane_id":0, "cell_id":189, "x":389.5, "y":300.378, "cur_spd":5, "last_spd":7}}}[0m
[2025-10-09 16:55:36|0x000073d0][info]	[34m[*] Send: {"type":"frontend", "ope":"simdata", "time":1760000136669, "data":{"pos":"veh_run", "step_num": 20, "result":{"id":8, "in_network":true, "in_cross":false, "link_id":0, "lane_id":1, "cell_id":140, "x":340.5, "y":305.198, "cur_spd":14, "last_spd":14}}}[0m
[2025-10-09 16:55:36|0x000073d0][info]	[34m[*] Send: {"type":"frontend", "ope":"simdata", "time":1760000136803, "data":{"pos":"veh_run", "step_num": 20, "result":{"id":9, "in_network":true, "in_cross":false, "link_id":0, "lane_id":1, "cell_id":42, "x":242.5, "y":312.035, "cur_spd":14, "last_spd":14}}}[0m
[2025-10-09 16:55:36|0x000073d0][info]	[34m[*] Send: {"type":"frontend", "ope":"simdata", "time":1760000136936, "data":{"pos":"veh_run", "step_num": 20, "result":{"id":10, "in_network":true, "in_cross":false, "link_id":4, "lane_id":1, "cell_id":14, "x":385, "y":114, "cur_spd":14, "last_spd":14}}}[0m
[2025-10-09 16:55:37|0x000073d0][info]	[34m[*] Send: {"type":"frontend", "ope":"simdata", "time":1760000137069, "data":{"pos":"controller_run", "step_num": 20, "result":{ "cross_id":5, "phases": [{"id":0, "color":"R", "x":385, "y":279},
{"id":1, "color":"G", "x":395, "y":279},
{"id":2, "color":"R", "x":365, "y":279},
{"id":3, "color":"R", "x":414.5, "y":300.035},
{"id":4, "color":"R", "x":404.5, "y":300.012},
{"id":5, "color":"R", "x":434.504, "y":300.074}] }}}[0m
[2025-10-09 16:55:37|0x000073d0][info]	[34m[*] Send: {"type":"frontend", "ope":"simdata", "time":1760000137069, "data":{ "pos":"sim_one_step", "over_step:":20, "next_step":21 }}[0m
[2025-10-09 16:55:37|0x000073d0][info]	[34m[*] Send: {"type":"frontend", "ope":"simdata", "time":1760000137201, "data":{"pos":"veh_run", "step_num": 21, "result":{"id":0, "in_network":true, "in_cross":false, "link_id":0, "lane_id":0, "cell_id":200, "x":400.5, "y":300.11, "cur_spd":0, "last_spd":0}}}[0m
[2025-10-09 16:55:37|0x000073d0][info]	[34m[*] Send: {"type":"frontend", "ope":"simdata", "time":1760000137337, "data":{"pos":"veh_run", "step_num": 21, "result":{"id":1, "in_network":true, "in_cross":false, "link_id":3, "lane_id":0, "cell_id":190, "x":409.5, "y":299.885, "cur_spd":0, "last_spd":0}}}[0m
[2025-10-09 16:55:37|0x000073d0][info]	[34m[*] Send: {"type":"frontend", "ope":"simdata", "time":1760000137470, "data":{"pos":"veh_run", "step_num": 21, "result":{"id":2, "in_network":true, "in_cross":false, "link_id":1, "lane_id":0, "cell_id":22, "x":382.5, "y":299.451, "cur_spd":12, "last_spd":10}}}[0m
[2025-10-09 16:55:37|0x000073d0][info]	[34m[*] Send: {"type":"frontend", "ope":"simdata", "time":1760000137603, "data":{"pos":"veh_run", "step_num": 21, "result":{"id":3, "in_network":true, "in_cross":false, "link_id":1, "lane_id":2, "cell_id":0, "x":424.502, "y":299.945, "cur_spd":8, "last_spd":1}}}[0m
[2025-10-09 16:55:37|0x000073d0][info]	[34m[*] Send: {"type":"frontend", "ope":"simdata", "time":1760000137737, "data":{"pos":"veh_run", "step_num": 21, "result":{"id":4, "in_network":true, "in_cross":false, "link_id":7, "lane_id":3, "cell_id":175, "x":435, "y":325, "cur_spd":1, "last_spd":0}}}[0m
[2025-10-09 16:55:37|0x000073d0][info]	[34m[*] Send: {"type":"frontend", "ope":"simdata", "time":1760000137884, "data":{"pos":"veh_run", "step_num": 21, "result":{"id":5, "in_network":true, "in_cross":false, "link_id":3, "lane_id":3, "cell_id":162, "x":440.402, "y":298.854, "cur_spd":0, "last_spd":1}}}[0m
[2025-10-09 16:55:38|0x000073d0][info]	[34m[*] Send: {"type":"frontend", "ope":"simdata", "time":1760000138020, "data":{"pos":"veh_run", "step_num": 21, "result":{"id":6, "in_network":true, "in_cross":true, "cross_id":0, "lane_id":26, "cell_id":4, "x":419.681, "y":274.555, "cur_spd":1, "last_spd":1}}}[0m
[2025-10-09 16:55:38|0x000073d0][info]	[34m[*] Send: {"type":"frontend", "ope":"simdata", "time":1760000138153, "data":{"pos":"veh_run", "step_num": 21, "result":{"id":7, "in_network":true, "in_cross":false, "link_id":0, "lane_id":0, "cell_id":192, "x":392.5, "y":300.305, "cur_spd":3, "last_spd":5}}}[0m
[2025-10-09 16:55:38|0x000073d0][info]	[34m[*] Send: {"type":"frontend", "ope":"simdata", "time":1760000138287, "data":{"pos":"veh_run", "step_num": 21, "result":{"id":8, "in_network":true, "in_cross":false, "link_id":0, "lane_id":2, "cell_id":140, "x":339.878, "y":309.458, "cur_spd":13, "last_spd":14}}}[0m
[2025-10-09 16:55:38|0x000073d0][info]	[34m[*] Send: {"type":"frontend", "ope":"simdata", "time":1760000138420, "data":{"pos":"veh_run", "step_num": 21, "result":{"id":9, "in_network":true, "in_cross":false, "link_id":0, "lane_id":1, "cell_id":56, "x":256.5, "y":311.058, "cur_spd":14, "last_spd":14}}}[0m
[2025-10-09 16:55:38|0x000073d0][info]	[34m[*] Send: {"type":"frontend", "ope":"simdata", "time":1760000138554, "data":{"pos":"veh_run", "step_num": 21, "result":{"id":10, "in_network":true, "in_cross":false, "link_id":4, "lane_id":1, "cell_id":28, "x":385, "y":128, "cur_spd":14, "last_spd":14}}}[0m
[2025-10-09 16:55:38|0x000073d0][info]	[34m[*] Send: {"type":"frontend", "ope":"simdata", "time":1760000138686, "data":{"pos":"controller_run", "step_num": 21, "result":{ "cross_id":5, "phases": [{"id":0, "color":"R", "x":385, "y":279},
{"id":1, "color":"G", "x":395, "y":279},
{"id":2, "color":"R", "x":365, "y":279},
{"id":3, "color":"R", "x":414.5, "y":300.035},
{"id":4, "color":"R", "x":404.5, "y":300.012},
{"id":5, "color":"R", "x":434.504, "y":300.074}] }}}[0m
[2025-10-09 16:55:38|0x000073d0][info]	[34m[*] Send: {"type":"frontend", "ope":"simdata", "time":1760000138687, "data":{ "pos":"sim_one_step", "over_step:":21, "next_step":22 }}[0m
[2025-10-09 16:55:38|0x000073d0][info]	[34m[*] Send: {"type":"frontend", "ope":"simdata", "time":1760000138819, "data":{"pos":"veh_run", "step_num": 22, "result":{"id":0, "in_network":true, "in_cross":false, "link_id":0, "lane_id":0, "cell_id":200, "x":400.5, "y":300.11, "cur_spd":0, "last_spd":0}}}[0m
[2025-10-09 16:55:38|0x000073d0][info]	[34m[*] Send: {"type":"frontend", "ope":"simdata", "time":1760000138951, "data":{"pos":"veh_run", "step_num": 22, "result":{"id":1, "in_network":true, "in_cross":false, "link_id":3, "lane_id":0, "cell_id":190, "x":409.5, "y":299.885, "cur_spd":0, "last_spd":0}}}[0m
[2025-10-09 16:55:39|0x000073d0][info]	[34m[*] Send: {"type":"frontend", "ope":"simdata", "time":1760000139086, "data":{"pos":"veh_run", "step_num": 22, "result":{"id":2, "in_network":true, "in_cross":false, "link_id":1, "lane_id":0, "cell_id":35, "x":369.5, "y":299.134, "cur_spd":13, "last_spd":12}}}[0m
[2025-10-09 16:55:39|0x000073d0][info]	[34m[*] Send: {"type":"frontend", "ope":"simdata", "time":1760000139218, "data":{"pos":"veh_run", "step_num": 22, "result":{"id":3, "in_network":true, "in_cross":false, "link_id":1, "lane_id":2, "cell_id":10, "x":414.546, "y":298.838, "cur_spd":10, "last_spd":8}}}[0m
[2025-10-09 16:55:39|0x000073d0][info]	[34m[*] Send: {"type":"frontend", "ope":"simdata", "time":1760000139352, "data":{"pos":"veh_run", "step_num": 22, "result":{"id":4, "in_network":true, "in_cross":false, "link_id":7, "lane_id":3, "cell_id":175, "x":435, "y":325, "cur_spd":0, "last_spd":1}}}[0m
[2025-10-09 16:55:39|0x000073d0][info]	[34m[*] Send: {"type":"frontend", "ope":"simdata", "time":1760000139486, "data":{"pos":"veh_run", "step_num": 22, "result":{"id":5, "in_network":true, "in_cross":false, "link_id":3, "lane_id":3, "cell_id":163, "x":439.42, "y":299.062, "cur_spd":1, "last_spd":0}}}[0m
[2025-10-09 16:55:39|0x000073d0][info]	[34m[*] Send: {"type":"frontend", "ope":"simdata", "time":1760000139619, "data":{"pos":"veh_run", "step_num": 22, "result":{"id":6, "in_network":true, "in_cross":true, "cross_id":0, "lane_id":26, "cell_id":5, "x":428.25, "y":276.667, "cur_spd":1, "last_spd":1}}}[0m
[2025-10-09 16:55:39|0x000073d0][info]	[34m[*] Send: {"type":"frontend", "ope":"simdata", "time":1760000139754, "data":{"pos":"veh_run", "step_num": 22, "result":{"id":7, "in_network":true, "in_cross":false, "link_id":0, "lane_id":0, "cell_id":193, "x":393.5, "y":300.28, "cur_spd":1, "last_spd":3}}}[0m
[2025-10-09 16:55:39|0x000073d0][info]	[34m[*] Send: {"type":"frontend", "ope":"simdata", "time":1760000139887, "data":{"pos":"veh_run", "step_num": 22, "result":{"id":8, "in_network":true, "in_cross":false, "link_id":0, "lane_id":2, "cell_id":153, "x":352.821, "y":308.02, "cur_spd":13, "last_spd":13}}}[0m
[2025-10-09 16:55:40|0x000073d0][info]	[34m[*] Send: {"type":"frontend", "ope":"simdata", "time":1760000140019, "data":{"pos":"veh_run", "step_num": 22, "result":{"id":9, "in_network":true, "in_cross":false, "link_id":0, "lane_id":1, "cell_id":70, "x":270.5, "y":310.081, "cur_spd":14, "last_spd":14}}}[0m
[2025-10-09 16:55:40|0x000073d0][info]	[34m[*] Send: {"type":"frontend", "ope":"simdata", "time":1760000140153, "data":{"pos":"veh_run", "step_num": 22, "result":{"id":10, "in_network":true, "in_cross":false, "link_id":4, "lane_id":1, "cell_id":42, "x":385, "y":142, "cur_spd":14, "last_spd":14}}}[0m
[2025-10-09 16:55:40|0x000073d0][info]	[34m[*] Send: {"type":"frontend", "ope":"simdata", "time":1760000140286, "data":{"pos":"controller_run", "step_num": 22, "result":{ "cross_id":5, "phases": [{"id":0, "color":"R", "x":385, "y":279},
{"id":1, "color":"G", "x":395, "y":279},
{"id":2, "color":"R", "x":365, "y":279},
{"id":3, "color":"R", "x":414.5, "y":300.035},
{"id":4, "color":"R", "x":404.5, "y":300.012},
{"id":5, "color":"R", "x":434.504, "y":300.074}] }}}[0m
[2025-10-09 16:55:40|0x000073d0][info]	[34m[*] Send: {"type":"frontend", "ope":"simdata", "time":1760000140286, "data":{ "pos":"sim_one_step", "over_step:":22, "next_step":23 }}[0m
[2025-10-09 21:51:51|0x00006df4][error]	[31m[!] Error in receive_text: End of file [asio.misc:2][0m
[2025-10-09 21:51:51|0x00006df4][error]	[31m[!] ws recv msg is empty! something went wrong...[0m
[2025-10-09 21:51:51|0x00006df4][error]	[31m[!] Error in close: ߳˳Ӧóֹ I/O  [system:995 at D:\Works\GraduationDesign\SimEngPI\vcpkg_installed\x64-windows\x64-windows\include\boost\beast\websocket\impl\stream_impl.hpp:355:13 in function 'bool __cdecl boost::beast::websocket::stream<class boost::asio::basic_stream_socket<class boost::asio::ip::tcp,class boost::asio::any_io_executor>,1>::impl_type::check_stop_now(class boost::system::error_code &)'][0m
