Config Path(WebParam): b07712ca-3be8-464d-a390-f7b5289d145a\od.xml
G_MarginalPoint_Number:9
G_BaseLine_Number:13
G_Cross_Number:4
G_Link_Number:26
G_Lane_Number:104
3030CSimuFun::Add_Conflict: generate too many conflicts
3030CSimuFun::Add_Conflict: generate too many conflicts
3030CSimuFun::Add_Conflict: generate too many conflicts
3030CSimuFun::Add_Conflict: generate too many conflicts
3030CSimuFun::Add_Conflict: generate too many conflicts
3030CSimuFun::Add_Conflict: generate too many conflicts
3030CSimuFun::Add_Conflict: generate too many conflicts
3030CSimuFun::Add_Conflict: generate too many conflicts
3030CSimuFun::Add_Conflict: generate too many conflicts
3030CSimuFun::Add_Conflict: generate too many conflicts
3030CSimuFun::Add_Conflict: generate too many conflicts
3030CSimuFun::Add_Conflict: generate too many conflicts
3030CSimuFun::Add_Conflict: generate too many conflicts
3030CSimuFun::Add_Conflict: generate too many conflicts
3030CSimuFun::Add_Conflict: generate too many conflicts
3030CSimuFun::Add_Conflict: generate too many conflicts
3030CSimuFun::Add_Conflict: generate too many conflicts
3030CSimuFun::Add_Conflict: generate too many conflicts
3030CSimuFun::Add_Conflict: generate too many conflicts
3030CSimuFun::Add_Conflict: generate too many conflicts
3030CSimuFun::Add_Conflict: generate too many conflicts
3030CSimuFun::Add_Conflict: generate too many conflicts
3030CSimuFun::Add_Conflict: generate too many conflicts
3030CSimuFun::Add_Conflict: generate too many conflicts
3030CSimuFun::Add_Conflict: generate too many conflicts
3030CSimuFun::Add_Conflict: generate too many conflicts
3030CSimuFun::Add_Conflict: generate too many conflicts
3030CSimuFun::Add_Conflict: generate too many conflicts
3030CSimuFun::Add_Conflict: generate too many conflicts
ndleope", "time":1757764892750, "data":{"result": "setmaxstep_ok"}}[0m
[2025-09-13 20:02:25|0x00004584][debug]	[32m[#] Recv Msg: {"type":"eng","ope":"start","time":1757764945287}[0m
[2025-09-13 20:02:25|0x00004584][info]	[34m[*] Start(Resume) Sim[0m
[2025-09-13 20:02:25|0x00004584][info]	[34m[*] Send: {"type":"frontend", "ope":"handleope", "time":1757764945319, "data":{"result": "start_ok"}}[0m
[2025-09-13 20:02:25|0x000033f8][info]	[34m[*] Send: {"type":"frontend", "ope":"simdata", "time":1757764945463, "data":{"pos":"produce_veh", "step_num": 0, "result":[{"id":0, "link_id":3, "lane_id":1, "cell_id":0, "x":1565.97, "y":806.34, "speed":14, "router":"3 13 19 24"}]}}[0m
[2025-09-13 20:02:25|0x000033f8][info]	[34m[*] Send: {"type":"frontend", "ope":"simdata", "time":1757764945620, "data":{"pos":"produce_veh", "step_num": 0, "result":[{"id":1, "link_id":5, "lane_id":0, "cell_id":0, "x":2292.74, "y":911.173, "speed":14, "router":"5 13 14"}]}}[0m
[2025-09-13 20:02:25|0x000033f8][info]	[34m[*] Send: {"type":"frontend", "ope":"simdata", "time":1757764945774, "data":{"pos":"produce_veh", "step_num": 0, "result":[{"id":2, "link_id":7, "lane_id":2, "cell_id":0, "x":2301.94, "y":1690.95, "speed":14, "router":"7 13 14"}]}}[0m
[2025-09-13 20:02:25|0x000033f8][info]	[34m[*] Send: {"type":"frontend", "ope":"simdata", "time":1757764945927, "data":{"pos":"produce_veh", "step_num": 0, "result":[{"id":3, "link_id":9, "lane_id":0, "cell_id":0, "x":961.997, "y":912.471, "speed":14, "router":"9 0 6"}]}}[0m
[2025-09-13 20:02:26|0x000033f8][info]	[34m[*] Send: {"type":"frontend", "ope":"simdata", "time":1757764946084, "data":{"pos":"produce_veh", "step_num": 0, "result":[{"id":4, "link_id":10, "lane_id":1, "cell_id":0, "x":262.41, "y":1306, "speed":14, "router":"10 0 6"}]}}[0m
[2025-09-13 20:02:26|0x000033f8][info]	[34m[*] Send: {"type":"frontend", "ope":"simdata", "time":1757764946237, "data":{"pos":"produce_veh", "step_num": 0, "result":[{"id":5, "link_id":15, "lane_id":3, "cell_id":0, "x":1515.35, "y":2334.73, "speed":14, "router":"15 12 4"}]}}[0m
[2025-09-13 20:02:26|0x000033f8][info]	[34m[*] Send: {"type":"frontend", "ope":"simdata", "time":1757764946392, "data":{"pos":"produce_veh", "step_num": 0, "result":[{"id":6, "link_id":17, "lane_id":3, "cell_id":0, "x":1959.24, "y":2095.75, "speed":14, "router":"17 19 24"}]}}[0m
[2025-09-13 20:02:26|0x000033f8][info]	[34m[*] Send: {"type":"frontend", "ope":"simdata", "time":1757764946547, "data":{"pos":"produce_veh", "step_num": 0, "result":[{"id":7, "link_id":22, "lane_id":0, "cell_id":0, "x":258.53, "y":2115, "speed":14, "router":"22 21 11"}]}}[0m
[2025-09-13 20:02:26|0x000033f8][info]	[34m[*] Send: {"type":"frontend", "ope":"simdata", "time":1757764946703, "data":{"pos":"produce_veh", "step_num": 0, "result":[{"id":8, "link_id":25, "lane_id":0, "cell_id":0, "x":978, "y":2508, "speed":14, "router":"25 18 12 2"}]}}[0m
[2025-09-13 20:02:26|0x000033f8][info]	[34m[*] Send: {"type":"frontend", "ope":"simdata", "time":1757764946857, "data":{"pos":"veh_run", "step_num": 0, "result":{"id":0, "in_network":true, "in_cross":false, "link_id":3, "lane_id":1, "cell_id":14, "x":1570.52, "y":819.597, "cur_spd":14, "last_spd":14}}}[0m
[2025-09-13 20:02:27|0x000033f8][info]	[34m[*] Send: {"type":"frontend", "ope":"simdata", "time":1757764947010, "data":{"pos":"veh_run", "step_num": 0, "result":{"id":1, "in_network":true, "in_cross":false, "link_id":5, "lane_id":0, "cell_id":14, "x":2281.21, "y":919.153, "cur_spd":14, "last_spd":14}}}[0m
[2025-09-13 20:02:27|0x000033f8][info]	[34m[*] Send: {"type":"frontend", "ope":"simdata", "time":1757764947166, "data":{"pos":"veh_run", "step_num": 0, "result":{"id":2, "in_network":true, "in_cross":false, "link_id":7, "lane_id":2, "cell_id":14, "x":2290.87, "y":1682.35, "cur_spd":14, "last_spd":14}}}[0m
[2025-09-13 20:02:27|0x000033f8][info]	[34m[*] Send: {"type":"frontend", "ope":"simdata", "time":1757764947322, "data":{"pos":"veh_run", "step_num": 0, "result":{"id":3, "in_network":true, "in_cross":false, "link_id":9, "lane_id":0, "cell_id":14, "x":961.916, "y":926.472, "cur_spd":14, "last_spd":14}}}[0m
[2025-09-13 20:02:27|0x000033f8][info]	[34m[*] Send: {"type":"frontend", "ope":"simdata", "time":1757764947478, "data":{"pos":"veh_run", "step_num": 0, "result":{"id":4, "in_network":true, "in_cross":false, "link_id":10, "lane_id":1, "cell_id":14, "x":276.411, "y":1306.09, "cur_spd":14, "last_spd":14}}}[0m
[2025-09-13 20:02:27|0x000033f8][info]	[34m[*] Send: {"type":"frontend", "ope":"simdata", "time":1757764947632, "data":{"pos":"veh_run", "step_num": 0, "result":{"id":5, "in_network":true, "in_cross":false, "link_id":15, "lane_id":3, "cell_id":14, "x":1518.24, "y":2321.01, "cur_spd":14, "last_spd":14}}}[0m
[2025-09-13 20:02:27|0x000033f8][info]	[34m[*] Send: {"type":"frontend", "ope":"simdata", "time":1757764947788, "data":{"pos":"veh_run", "step_num": 0, "result":{"id":6, "in_network":true, "in_cross":false, "link_id":17, "lane_id":3, "cell_id":14, "x":1945.56, "y":2092.66, "cur_spd":14, "last_spd":14}}}[0m
[2025-09-13 20:02:27|0x000033f8][info]	[34m[*] Send: {"type":"frontend", "ope":"simdata", "time":1757764947943, "data":{"pos":"veh_run", "step_num": 0, "result":{"id":7, "in_network":true, "in_cross":false, "link_id":22, "lane_id":0, "cell_id":14, "x":272.551, "y":2114.91, "cur_spd":14, "last_spd":14}}}[0m
[2025-09-13 20:02:28|0x000033f8][info]	[34m[*] Send: {"type":"frontend", "ope":"simdata", "time":1757764948097, "data":{"pos":"veh_run", "step_num": 0, "result":{"id":8, "in_network":true, "in_cross":false, "link_id":25, "lane_id":0, "cell_id":14, "x":978, "y":2494, "cur_spd":14, "last_spd":14}}}[0m
[2025-09-13 20:02:28|0x000033f8][info]	[34m[*] Send: {"type":"frontend", "ope":"simdata", "time":1757764948250, "data":{"pos":"controller_run", "step_num": 0, "result":{ "cross_id":7, "phases": [{"id":0, "color":"R", "x":950.003, "y":1254.5},
{"id":1, "color":"R", "x":960.003, "y":1254.5},
{"id":2, "color":"R", "x":930.003, "y":1254.5},
{"id":3, "color":"R", "x":924.5, "y":1310},
{"id":4, "color":"G", "x":924.5, "y":1300},
{"id":5, "color":"R", "x":924.5, "y":1330}] }}}[0m
[2025-09-13 20:02:28|0x000033f8][info]	[34m[*] Send: {"type":"frontend", "ope":"simdata", "time":1757764948406, "data":{"pos":"controller_run", "step_num": 0, "result":{ "cross_id":10, "phases": [{"id":0, "color":"R", "x":1540.68, "y":1995.5},
{"id":1, "color":"R", "x":1550.31, "y":1998.18},
{"id":2, "color":"R", "x":1521.4, "y":1990.15},
{"id":3, "color":"G", "x":1505.53, "y":2039.33},
{"id":4, "color":"R", "x":1508.17, "y":2029.68},
{"id":5, "color":"G", "x":1500.27, "y":2058.62}] }}}[0m
[2025-09-13 20:02:28|0x000033f8][info]	[34m[*] Send: {"type":"frontend", "ope":"simdata", "time":1757764948561, "data":{"pos":"controller_run", "step_num": 0, "result":{ "cross_id":11, "phases": [{"id":0, "color":"R", "x":957.995, "y":2065.5},
{"id":1, "color":"G", "x":967.995, "y":2065.5},
{"id":2, "color":"R", "x":937.995, "y":2065.5},
{"id":3, "color":"R", "x":932.499, "y":2121},
{"id":4, "color":"R", "x":932.499, "y":2111},
{"id":5, "color":"R", "x":932.499, "y":2141}] }}}[0m
[2025-09-13 20:02:28|0x000033f8][info]	[34m[*] Send: {"type":"frontend", "ope":"simdata", "time":1757764948561, "data":{ "pos":"sim_one_step", "over_step:":0, "next_step":1 }}[0m
[2025-09-13 20:02:28|0x000033f8][info]	[34m[*] Send: {"type":"frontend", "ope":"simdata", "time":1757764948718, "data":{"pos":"veh_run", "step_num": 1, "result":{"id":0, "in_network":true, "in_cross":false, "link_id":3, "lane_id":1, "cell_id":28, "x":1575.07, "y":832.854, "cur_spd":14, "last_spd":14}}}[0m
[2025-09-13 20:02:28|0x000033f8][info]	[34m[*] Send: {"type":"frontend", "ope":"simdata", "time":1757764948872, "data":{"pos":"veh_run", "step_num": 1, "result":{"id":1, "in_network":true, "in_cross":false, "link_id":5, "lane_id":1, "cell_id":14, "x":2275.54, "y":910.917, "cur_spd":14, "last_spd":14}}}[0m
[2025-09-13 20:02:29|0x000033f8][info]	[34m[*] Send: {"type":"frontend", "ope":"simdata", "time":1757764949028, "data":{"pos":"veh_run", "step_num": 1, "result":{"id":2, "in_network":true, "in_cross":false, "link_id":7, "lane_id":3, "cell_id":14, "x":2297, "y":1674.45, "cur_spd":14, "last_spd":14}}}[0m
[2025-09-13 20:02:29|0x000033f8][info]	[34m[*] Send: {"type":"frontend", "ope":"simdata", "time":1757764949179, "data":{"pos":"veh_run", "step_num": 1, "result":{"id":3, "in_network":true, "in_cross":false, "link_id":9, "lane_id":0, "cell_id":28, "x":961.834, "y":940.473, "cur_spd":14, "last_spd":14}}}[0m
[2025-09-13 20:02:29|0x000033f8][info]	[34m[*] Send: {"type":"frontend", "ope":"simdata", "time":1757764949335, "data":{"pos":"veh_run", "step_num": 1, "result":{"id":4, "in_network":true, "in_cross":false, "link_id":10, "lane_id":1, "cell_id":28, "x":290.413, "y":1306.17, "cur_spd":14, "last_spd":14}}}[0m
[2025-09-13 20:02:29|0x000033f8][info]	[34m[*] Send: {"type":"frontend", "ope":"simdata", "time":1757764949492, "data":{"pos":"veh_run", "step_num": 1, "result":{"id":5, "in_network":true, "in_cross":false, "link_id":15, "lane_id":3, "cell_id":28, "x":1521.13, "y":2307.29, "cur_spd":14, "last_spd":14}}}[0m
[2025-09-13 20:02:29|0x000033f8][info]	[34m[*] Send: {"type":"frontend", "ope":"simdata", "time":1757764949645, "data":{"pos":"veh_run", "step_num": 1, "result":{"id":6, "in_network":true, "in_cross":false, "link_id":17, "lane_id":3, "cell_id":28, "x":1931.88, "y":2089.56, "cur_spd":14, "last_spd":14}}}[0m
[2025-09-13 20:02:29|0x000033f8][info]	[34m[*] Send: {"type":"frontend", "ope":"simdata", "time":1757764949800, "data":{"pos":"veh_run", "step_num": 1, "result":{"id":7, "in_network":true, "in_cross":false, "link_id":22, "lane_id":0, "cell_id":28, "x":286.571, "y":2114.83, "cur_spd":14, "last_spd":14}}}[0m
[2025-09-13 20:02:29|0x000033f8][info]	[34m[*] Send: {"type":"frontend", "ope":"simdata", "time":1757764949955, "data":{"pos":"veh_run", "step_num": 1, "result":{"id":8, "in_network":true, "in_cross":false, "link_id":25, "lane_id":0, "cell_id":28, "x":978, "y":2480, "cur_spd":14, "last_spd":14}}}[0m
[2025-09-13 20:02:30|0x000033f8][info]	[34m[*] Send: {"type":"frontend", "ope":"simdata", "time":1757764950108, "data":{"pos":"controller_run", "step_num": 1, "result":{ "cross_id":7, "phases": [{"id":0, "color":"R", "x":950.003, "y":1254.5},
{"id":1, "color":"R", "x":960.003, "y":1254.5},
{"id":2, "color":"R", "x":930.003, "y":1254.5},
{"id":3, "color":"R", "x":924.5, "y":1310},
{"id":4, "color":"G", "x":924.5, "y":1300},
{"id":5, "color":"R", "x":924.5, "y":1330}] }}}[0m
[2025-09-13 20:02:30|0x000033f8][info]	[34m[*] Send: {"type":"frontend", "ope":"simdata", "time":1757764950264, "data":{"pos":"controller_run", "step_num": 1, "result":{ "cross_id":10, "phases": [{"id":0, "color":"R", "x":1540.68, "y":1995.5},
{"id":1, "color":"R", "x":1550.31, "y":1998.18},
{"id":2, "color":"R", "x":1521.4, "y":1990.15},
{"id":3, "color":"G", "x":1505.53, "y":2039.33},
{"id":4, "color":"R", "x":1508.17, "y":2029.68},
{"id":5, "color":"G", "x":1500.27, "y":2058.62}] }}}[0m
[2025-09-13 20:02:30|0x000033f8][info]	[34m[*] Send: {"type":"frontend", "ope":"simdata", "time":1757764950419, "data":{"pos":"controller_run", "step_num": 1, "result":{ "cross_id":11, "phases": [{"id":0, "color":"R", "x":957.995, "y":2065.5},
{"id":1, "color":"G", "x":967.995, "y":2065.5},
{"id":2, "color":"R", "x":937.995, "y":2065.5},
{"id":3, "color":"R", "x":932.499, "y":2121},
{"id":4, "color":"R", "x":932.499, "y":2111},
{"id":5, "color":"R", "x":932.499, "y":2141}] }}}[0m
[2025-09-13 20:02:30|0x000033f8][info]	[34m[*] Send: {"type":"frontend", "ope":"simdata", "time":1757764950419, "data":{ "pos":"sim_one_step", "over_step:":1, "next_step":2 }}[0m
[2025-09-13 20:02:30|0x000033f8][info]	[34m[*] Send: {"type":"frontend", "ope":"simdata", "time":1757764950573, "data":{"pos":"produce_veh", "step_num": 2, "result":[{"id":9, "link_id":17, "lane_id":3, "cell_id":0, "x":1959.24, "y":2095.75, "speed":14, "router":"17 12 1 8"}]}}[0m
[2025-09-13 20:02:30|0x000033f8][info]	[34m[*] Send: {"type":"frontend", "ope":"simdata", "time":1757764950727, "data":{"pos":"veh_run", "step_num": 2, "result":{"id":0, "in_network":true, "in_cross":false, "link_id":3, "lane_id":1, "cell_id":42, "x":1579.62, "y":846.111, "cur_spd":14, "last_spd":14}}}[0m
[2025-09-13 20:02:30|0x000033f8][info]	[34m[*] Send: {"type":"frontend", "ope":"simdata", "time":1757764950883, "data":{"pos":"veh_run", "step_num": 2, "result":{"id":1, "in_network":true, "in_cross":false, "link_id":5, "lane_id":1, "cell_id":28, "x":2264.03, "y":918.885, "cur_spd":14, "last_spd":14}}}[0m
[2025-09-13 20:02:31|0x000033f8][info]	[34m[*] Send: {"type":"frontend", "ope":"simdata", "time":1757764951040, "data":{"pos":"veh_run", "step_num": 2, "result":{"id":2, "in_network":true, "in_cross":false, "link_id":7, "lane_id":3, "cell_id":28, "x":2285.93, "y":1665.85, "cur_spd":14, "last_spd":14}}}[0m
[2025-09-13 20:02:31|0x000033f8][info]	[34m[*] Send: {"type":"frontend", "ope":"simdata", "time":1757764951195, "data":{"pos":"veh_run", "step_num": 2, "result":{"id":3, "in_network":true, "in_cross":false, "link_id":9, "lane_id":0, "cell_id":42, "x":961.752, "y":954.474, "cur_spd":14, "last_spd":14}}}[0m
[2025-09-13 20:02:31|0x000033f8][info]	[34m[*] Send: {"type":"frontend", "ope":"simdata", "time":1757764951350, "data":{"pos":"veh_run", "step_num": 2, "result":{"id":4, "in_network":true, "in_cross":false, "link_id":10, "lane_id":1, "cell_id":42, "x":304.415, "y":1306.26, "cur_spd":14, "last_spd":14}}}[0m
[2025-09-13 20:02:31|0x000033f8][info]	[34m[*] Send: {"type":"frontend", "ope":"simdata", "time":1757764951505, "data":{"pos":"veh_run", "step_num": 2, "result":{"id":5, "in_network":true, "in_cross":false, "link_id":15, "lane_id":2, "cell_id":42, "x":1514.23, "y":2291.56, "cur_spd":14, "last_spd":14}}}[0m
[2025-09-13 20:02:31|0x000033f8][info]	[34m[*] Send: {"type":"frontend", "ope":"simdata", "time":1757764951659, "data":{"pos":"veh_run", "step_num": 2, "result":{"id":6, "in_network":true, "in_cross":false, "link_id":17, "lane_id":3, "cell_id":42, "x":1918.2, "y":2086.47, "cur_spd":14, "last_spd":14}}}[0m
[2025-09-13 20:02:31|0x000033f8][info]	[34m[*] Send: {"type":"frontend", "ope":"simdata", "time":1757764951815, "data":{"pos":"veh_run", "step_num": 2, "result":{"id":7, "in_network":true, "in_cross":false, "link_id":22, "lane_id":0, "cell_id":42, "x":300.591, "y":2114.75, "cur_spd":14, "last_spd":14}}}[0m
[2025-09-13 20:02:31|0x000033f8][info]	[34m[*] Send: {"type":"frontend", "ope":"simdata", "time":1757764951969, "data":{"pos":"veh_run", "step_num": 2, "result":{"id":8, "in_network":true, "in_cross":false, "link_id":25, "lane_id":0, "cell_id":42, "x":978, "y":2466, "cur_spd":14, "last_spd":14}}}[0m
[2025-09-13 20:02:32|0x000033f8][info]	[34m[*] Send: {"type":"frontend", "ope":"simdata", "time":1757764952122, "data":{"pos":"veh_run", "step_num": 2, "result":{"id":9, "in_network":true, "in_cross":false, "link_id":17, "lane_id":3, "cell_id":14, "x":1945.56, "y":2092.66, "cur_spd":14, "last_spd":14}}}[0m
[2025-09-13 20:02:32|0x000033f8][info]	[34m[*] Send: {"type":"frontend", "ope":"simdata", "time":1757764952278, "data":{"pos":"controller_run", "step_num": 2, "result":{ "cross_id":7, "phases": [{"id":0, "color":"R", "x":950.003, "y":1254.5},
{"id":1, "color":"R", "x":960.003, "y":1254.5},
{"id":2, "color":"R", "x":930.003, "y":1254.5},
{"id":3, "color":"R", "x":924.5, "y":1310},
{"id":4, "color":"G", "x":924.5, "y":1300},
{"id":5, "color":"R", "x":924.5, "y":1330}] }}}[0m
[2025-09-13 20:02:32|0x000033f8][info]	[34m[*] Send: {"type":"frontend", "ope":"simdata", "time":1757764952434, "data":{"pos":"controller_run", "step_num": 2, "result":{ "cross_id":10, "phases": [{"id":0, "color":"R", "x":1540.68, "y":1995.5},
{"id":1, "color":"R", "x":1550.31, "y":1998.18},
{"id":2, "color":"R", "x":1521.4, "y":1990.15},
{"id":3, "color":"G", "x":1505.53, "y":2039.33},
{"id":4, "color":"R", "x":1508.17, "y":2029.68},
{"id":5, "color":"G", "x":1500.27, "y":2058.62}] }}}[0m
[2025-09-13 20:02:32|0x000033f8][info]	[34m[*] Send: {"type":"frontend", "ope":"simdata", "time":1757764952588, "data":{"pos":"controller_run", "step_num": 2, "result":{ "cross_id":11, "phases": [{"id":0, "color":"R", "x":957.995, "y":2065.5},
{"id":1, "color":"G", "x":967.995, "y":2065.5},
{"id":2, "color":"R", "x":937.995, "y":2065.5},
{"id":3, "color":"R", "x":932.499, "y":2121},
{"id":4, "color":"R", "x":932.499, "y":2111},
{"id":5, "color":"R", "x":932.499, "y":2141}] }}}[0m
[2025-09-13 20:02:32|0x000033f8][info]	[34m[*] Send: {"type":"frontend", "ope":"simdata", "time":1757764952588, "data":{ "pos":"sim_one_step", "over_step:":2, "next_step":3 }}[0m
[2025-09-13 20:02:32|0x000033f8][info]	[34m[*] Send: {"type":"frontend", "ope":"simdata", "time":1757764952744, "data":{"pos":"produce_veh", "step_num": 3, "result":[{"id":10, "link_id":25, "lane_id":3, "cell_id":0, "x":1008, "y":2508, "speed":14, "router":"25 23"}]}}[0m
[2025-09-13 20:02:32|0x000033f8][info]	[34m[*] Send: {"type":"frontend", "ope":"simdata", "time":1757764952898, "data":{"pos":"veh_run", "step_num": 3, "result":{"id":0, "in_network":true, "in_cross":false, "link_id":3, "lane_id":1, "cell_id":56, "x":1584.16, "y":859.368, "cur_spd":14, "last_spd":14}}}[0m
[2025-09-13 20:02:33|0x000033f8][info]	[34m[*] Send: {"type":"frontend", "ope":"simdata", "time":1757764953053, "data":{"pos":"veh_run", "step_num": 3, "result":{"id":1, "in_network":true, "in_cross":false, "link_id":5, "lane_id":1, "cell_id":42, "x":2252.51, "y":926.852, "cur_spd":14, "last_spd":14}}}[0m
[2025-09-13 20:02:33|0x000033f8][info]	[34m[*] Send: {"type":"frontend", "ope":"simdata", "time":1757764953208, "data":{"pos":"veh_run", "step_num": 3, "result":{"id":2, "in_network":true, "in_cross":false, "link_id":7, "lane_id":3, "cell_id":42, "x":2274.85, "y":1657.25, "cur_spd":14, "last_spd":14}}}[0m
[2025-09-13 20:02:33|0x000033f8][info]	[34m[*] Send: {"type":"frontend", "ope":"simdata", "time":1757764953364, "data":{"pos":"veh_run", "step_num": 3, "result":{"id":3, "in_network":true, "in_cross":false, "link_id":9, "lane_id":0, "cell_id":56, "x":961.671, "y":968.476, "cur_spd":14, "last_spd":14}}}[0m
[2025-09-13 20:02:33|0x000033f8][info]	[34m[*] Send: {"type":"frontend", "ope":"simdata", "time":1757764953518, "data":{"pos":"veh_run", "step_num": 3, "result":{"id":4, "in_network":true, "in_cross":false, "link_id":10, "lane_id":1, "cell_id":56, "x":318.417, "y":1306.34, "cur_spd":14, "last_spd":14}}}[0m
[2025-09-13 20:02:33|0x000033f8][info]	[34m[*] Send: {"type":"frontend", "ope":"simdata", "time":1757764953675, "data":{"pos":"veh_run", "step_num": 3, "result":{"id":5, "in_network":true, "in_cross":false, "link_id":15, "lane_id":2, "cell_id":56, "x":1517.12, "y":2277.86, "cur_spd":14, "last_spd":14}}}[0m
[2025-09-13 20:02:33|0x000033f8][info]	[34m[*] Send: {"type":"frontend", "ope":"simdata", "time":1757764953831, "data":{"pos":"veh_run", "step_num": 3, "result":{"id":6, "in_network":true, "in_cross":false, "link_id":17, "lane_id":2, "cell_id":56, "x":1902.39, "y":2093.14, "cur_spd":14, "last_spd":14}}}[0m
[2025-09-13 20:02:33|0x000033f8][info]	[34m[*] Send: {"type":"frontend", "ope":"simdata", "time":1757764953986, "data":{"pos":"veh_run", "step_num": 3, "result":{"id":7, "in_network":true, "in_cross":false, "link_id":22, "lane_id":0, "cell_id":56, "x":314.611, "y":2114.66, "cur_spd":14, "last_spd":14}}}[0m
[2025-09-13 20:02:34|0x000033f8][info]	[34m[*] Send: {"type":"frontend", "ope":"simdata", "time":1757764954141, "data":{"pos":"veh_run", "step_num": 3, "result":{"id":8, "in_network":true, "in_cross":false, "link_id":25, "lane_id":1, "cell_id":42, "x":988, "y":2466, "cur_spd":14, "last_spd":14}}}[0m
[2025-09-13 20:02:34|0x000033f8][info]	[34m[*] Send: {"type":"frontend", "ope":"simdata", "time":1757764954295, "data":{"pos":"veh_run", "step_num": 3, "result":{"id":9, "in_network":true, "in_cross":false, "link_id":17, "lane_id":3, "cell_id":28, "x":1931.88, "y":2089.56, "cur_spd":14, "last_spd":14}}}[0m
[2025-09-13 20:02:34|0x000033f8][info]	[34m[*] Send: {"type":"frontend", "ope":"simdata", "time":1757764954450, "data":{"pos":"veh_run", "step_num": 3, "result":{"id":10, "in_network":true, "in_cross":false, "link_id":25, "lane_id":3, "cell_id":14, "x":1008, "y":2494, "cur_spd":14, "last_spd":14}}}[0m
[2025-09-13 20:02:34|0x000033f8][info]	[34m[*] Send: {"type":"frontend", "ope":"simdata", "time":1757764954605, "data":{"pos":"controller_run", "step_num": 3, "result":{ "cross_id":7, "phases": [{"id":0, "color":"R", "x":950.003, "y":1254.5},
{"id":1, "color":"R", "x":960.003, "y":1254.5},
{"id":2, "color":"R", "x":930.003, "y":1254.5},
{"id":3, "color":"R", "x":924.5, "y":1310},
{"id":4, "color":"G", "x":924.5, "y":1300},
{"id":5, "color":"R", "x":924.5, "y":1330}] }}}[0m
[2025-09-13 20:02:34|0x000033f8][info]	[34m[*] Send: {"type":"frontend", "ope":"simdata", "time":1757764954760, "data":{"pos":"controller_run", "step_num": 3, "result":{ "cross_id":10, "phases": [{"id":0, "color":"R", "x":1540.68, "y":1995.5},
{"id":1, "color":"R", "x":1550.31, "y":1998.18},
{"id":2, "color":"R", "x":1521.4, "y":1990.15},
{"id":3, "color":"G", "x":1505.53, "y":2039.33},
{"id":4, "color":"R", "x":1508.17, "y":2029.68},
{"id":5, "color":"G", "x":1500.27, "y":2058.62}] }}}[0m
[2025-09-13 20:02:34|0x000033f8][info]	[34m[*] Send: {"type":"frontend", "ope":"simdata", "time":1757764954916, "data":{"pos":"controller_run", "step_num": 3, "result":{ "cross_id":11, "phases": [{"id":0, "color":"R", "x":957.995, "y":2065.5},
{"id":1, "color":"G", "x":967.995, "y":2065.5},
{"id":2, "color":"R", "x":937.995, "y":2065.5},
{"id":3, "color":"R", "x":932.499, "y":2121},
{"id":4, "color":"R", "x":932.499, "y":2111},
{"id":5, "color":"R", "x":932.499, "y":2141}] }}}[0m
[2025-09-13 20:02:34|0x000033f8][info]	[34m[*] Send: {"type":"frontend", "ope":"simdata", "time":1757764954916, "data":{ "pos":"sim_one_step", "over_step:":3, "next_step":4 }}[0m
[2025-09-13 20:02:35|0x000033f8][info]	[34m[*] Send: {"type":"frontend", "ope":"simdata", "time":1757764955071, "data":{"pos":"veh_run", "step_num": 4, "result":{"id":0, "in_network":true, "in_cross":false, "link_id":3, "lane_id":1, "cell_id":70, "x":1588.71, "y":872.624, "cur_spd":14, "last_spd":14}}}[0m
[2025-09-13 20:02:35|0x000033f8][info]	[34m[*] Send: {"type":"frontend", "ope":"simdata", "time":1757764955226, "data":{"pos":"veh_run", "step_num": 4, "result":{"id":1, "in_network":true, "in_cross":false, "link_id":5, "lane_id":1, "cell_id":56, "x":2241, "y":934.82, "cur_spd":14, "last_spd":14}}}[0m
[2025-09-13 20:02:35|0x000033f8][info]	[34m[*] Send: {"type":"frontend", "ope":"simdata", "time":1757764955380, "data":{"pos":"veh_run", "step_num": 4, "result":{"id":2, "in_network":true, "in_cross":false, "link_id":7, "lane_id":3, "cell_id":56, "x":2263.78, "y":1648.64, "cur_spd":14, "last_spd":14}}}[0m
[2025-09-13 20:02:35|0x000033f8][info]	[34m[*] Send: {"type":"frontend", "ope":"simdata", "time":1757764955535, "data":{"pos":"veh_run", "step_num": 4, "result":{"id":3, "in_network":true, "in_cross":false, "link_id":9, "lane_id":0, "cell_id":70, "x":961.589, "y":982.477, "cur_spd":14, "last_spd":14}}}[0m
[2025-09-13 20:02:35|0x000033f8][info]	[34m[*] Send: {"type":"frontend", "ope":"simdata", "time":1757764955690, "data":{"pos":"veh_run", "step_num": 4, "result":{"id":4, "in_network":true, "in_cross":false, "link_id":10, "lane_id":1, "cell_id":70, "x":332.419, "y":1306.43, "cur_spd":14, "last_spd":14}}}[0m
[2025-09-13 20:02:35|0x000033f8][info]	[34m[*] Send: {"type":"frontend", "ope":"simdata", "time":1757764955844, "data":{"pos":"veh_run", "step_num": 4, "result":{"id":5, "in_network":true, "in_cross":false, "link_id":15, "lane_id":2, "cell_id":70, "x":1520, "y":2264.16, "cur_spd":14, "last_spd":14}}}[0m
[2025-09-13 20:02:36|0x000033f8][info]	[34m[*] Send: {"type":"frontend", "ope":"simdata", "time":1757764956001, "data":{"pos":"veh_run", "step_num": 4, "result":{"id":6, "in_network":true, "in_cross":false, "link_id":17, "lane_id":2, "cell_id":70, "x":1888.73, "y":2090.05, "cur_spd":14, "last_spd":14}}}[0m
[2025-09-13 20:02:36|0x000033f8][info]	[34m[*] Send: {"type":"frontend", "ope":"simdata", "time":1757764956156, "data":{"pos":"veh_run", "step_num": 4, "result":{"id":7, "in_network":true, "in_cross":false, "link_id":22, "lane_id":0, "cell_id":70, "x":328.631, "y":2114.58, "cur_spd":14, "last_spd":14}}}[0m
[2025-09-13 20:02:36|0x000033f8][info]	[34m[*] Send: {"type":"frontend", "ope":"simdata", "time":1757764956310, "data":{"pos":"veh_run", "step_num": 4, "result":{"id":8, "in_network":true, "in_cross":false, "link_id":25, "lane_id":1, "cell_id":56, "x":988, "y":2452, "cur_spd":14, "last_spd":14}}}[0m
[2025-09-13 20:02:36|0x000033f8][info]	[34m[*] Send: {"type":"frontend", "ope":"simdata", "time":1757764956467, "data":{"pos":"veh_run", "step_num": 4, "result":{"id":9, "in_network":true, "in_cross":false, "link_id":17, "lane_id":3, "cell_id":42, "x":1918.2, "y":2086.47, "cur_spd":14, "last_spd":14}}}[0m
[2025-09-13 20:02:36|0x000033f8][info]	[34m[*] Send: {"type":"frontend", "ope":"simdata", "time":1757764956622, "data":{"pos":"veh_run", "step_num": 4, "result":{"id":10, "in_network":true, "in_cross":false, "link_id":25, "lane_id":3, "cell_id":28, "x":1008, "y":2480, "cur_spd":14, "last_spd":14}}}[0m
[2025-09-13 20:02:36|0x000033f8][info]	[34m[*] Send: {"type":"frontend", "ope":"simdata", "time":1757764956777, "data":{"pos":"controller_run", "step_num": 4, "result":{ "cross_id":7, "phases": [{"id":0, "color":"R", "x":950.003, "y":1254.5},
{"id":1, "color":"R", "x":960.003, "y":1254.5},
{"id":2, "color":"R", "x":930.003, "y":1254.5},
{"id":3, "color":"R", "x":924.5, "y":1310},
{"id":4, "color":"G", "x":924.5, "y":1300},
{"id":5, "color":"R", "x":924.5, "y":1330}] }}}[0m
[2025-09-13 20:02:36|0x000033f8][info]	[34m[*] Send: {"type":"frontend", "ope":"simdata", "time":1757764956931, "data":{"pos":"controller_run", "step_num": 4, "result":{ "cross_id":10, "phases": [{"id":0, "color":"R", "x":1540.68, "y":1995.5},
{"id":1, "color":"R", "x":1550.31, "y":1998.18},
{"id":2, "color":"R", "x":1521.4, "y":1990.15},
{"id":3, "color":"G", "x":1505.53, "y":2039.33},
{"id":4, "color":"R", "x":1508.17, "y":2029.68},
{"id":5, "color":"G", "x":1500.27, "y":2058.62}] }}}[0m
[2025-09-13 20:02:37|0x000033f8][info]	[34m[*] Send: {"type":"frontend", "ope":"simdata", "time":1757764957086, "data":{"pos":"controller_run", "step_num": 4, "result":{ "cross_id":11, "phases": [{"id":0, "color":"R", "x":957.995, "y":2065.5},
{"id":1, "color":"G", "x":967.995, "y":2065.5},
{"id":2, "color":"R", "x":937.995, "y":2065.5},
{"id":3, "color":"R", "x":932.499, "y":2121},
{"id":4, "color":"R", "x":932.499, "y":2111},
{"id":5, "color":"R", "x":932.499, "y":2141}] }}}[0m
[2025-09-13 20:02:37|0x000033f8][info]	[34m[*] Send: {"type":"frontend", "ope":"simdata", "time":1757764957086, "data":{ "pos":"sim_one_step", "over_step:":4, "next_step":5 }}[0m
[2025-09-13 20:02:37|0x000033f8][info]	[34m[*] Send: {"type":"frontend", "ope":"simdata", "time":1757764957242, "data":{"pos":"veh_run", "step_num": 5, "result":{"id":0, "in_network":true, "in_cross":false, "link_id":3, "lane_id":1, "cell_id":84, "x":1593.26, "y":885.881, "cur_spd":14, "last_spd":14}}}[0m
[2025-09-13 20:02:37|0x000033f8][info]	[34m[*] Send: {"type":"frontend", "ope":"simdata", "time":1757764957397, "data":{"pos":"veh_run", "step_num": 5, "result":{"id":1, "in_network":true, "in_cross":false, "link_id":5, "lane_id":1, "cell_id":70, "x":2229.48, "y":942.787, "cur_spd":14, "last_spd":14}}}[0m
[2025-09-13 20:02:37|0x000033f8][info]	[34m[*] Send: {"type":"frontend", "ope":"simdata", "time":1757764957553, "data":{"pos":"veh_run", "step_num": 5, "result":{"id":2, "in_network":true, "in_cross":false, "link_id":7, "lane_id":3, "cell_id":70, "x":2252.7, "y":1640.04, "cur_spd":14, "last_spd":14}}}[0m
[2025-09-13 20:02:37|0x000033f8][info]	[34m[*] Send: {"type":"frontend", "ope":"simdata", "time":1757764957708, "data":{"pos":"veh_run", "step_num": 5, "result":{"id":3, "in_network":true, "in_cross":false, "link_id":9, "lane_id":0, "cell_id":84, "x":961.507, "y":996.478, "cur_spd":14, "last_spd":14}}}[0m
[2025-09-13 20:02:37|0x000033f8][info]	[34m[*] Send: {"type":"frontend", "ope":"simdata", "time":1757764957863, "data":{"pos":"veh_run", "step_num": 5, "result":{"id":4, "in_network":true, "in_cross":false, "link_id":10, "lane_id":1, "cell_id":84, "x":346.421, "y":1306.51, "cur_spd":14, "last_spd":14}}}[0m
[2025-09-13 20:02:38|0x000033f8][info]	[34m[*] Send: {"type":"frontend", "ope":"simdata", "time":1757764958014, "data":{"pos":"veh_run", "step_num": 5, "result":{"id":5, "in_network":true, "in_cross":false, "link_id":15, "lane_id":2, "cell_id":84, "x":1522.89, "y":2250.46, "cur_spd":14, "last_spd":14}}}[0m
[2025-09-13 20:02:38|0x000033f8][info]	[34m[*] Send: {"type":"frontend", "ope":"simdata", "time":1757764958170, "data":{"pos":"veh_run", "step_num": 5, "result":{"id":6, "in_network":true, "in_cross":false, "link_id":17, "lane_id":2, "cell_id":84, "x":1875.07, "y":2086.95, "cur_spd":14, "last_spd":14}}}[0m
[2025-09-13 20:02:38|0x000033f8][info]	[34m[*] Send: {"type":"frontend", "ope":"simdata", "time":1757764958325, "data":{"pos":"veh_run", "step_num": 5, "result":{"id":7, "in_network":true, "in_cross":false, "link_id":22, "lane_id":0, "cell_id":84, "x":342.651, "y":2114.5, "cur_spd":14, "last_spd":14}}}[0m
[2025-09-13 20:02:38|0x000033f8][info]	[34m[*] Send: {"type":"frontend", "ope":"simdata", "time":1757764958480, "data":{"pos":"veh_run", "step_num": 5, "result":{"id":8, "in_network":true, "in_cross":false, "link_id":25, "lane_id":1, "cell_id":70, "x":988, "y":2438, "cur_spd":14, "last_spd":14}}}[0m
[2025-09-13 20:02:38|0x000033f8][info]	[34m[*] Send: {"type":"frontend", "ope":"simdata", "time":1757764958637, "data":{"pos":"veh_run", "step_num": 5, "result":{"id":9, "in_network":true, "in_cross":false, "link_id":17, "lane_id":3, "cell_id":56, "x":1904.52, "y":2083.37, "cur_spd":14, "last_spd":14}}}[0m
[2025-09-13 20:02:38|0x000033f8][info]	[34m[*] Send: {"type":"frontend", "ope":"simdata", "time":1757764958792, "data":{"pos":"veh_run", "step_num": 5, "result":{"id":10, "in_network":true, "in_cross":false, "link_id":25, "lane_id":3, "cell_id":42, "x":1008, "y":2466, "cur_spd":14, "last_spd":14}}}[0m
[2025-09-13 20:02:38|0x000033f8][info]	[34m[*] Send: {"type":"frontend", "ope":"simdata", "time":1757764958945, "data":{"pos":"controller_run", "step_num": 5, "result":{ "cross_id":7, "phases": [{"id":0, "color":"R", "x":950.003, "y":1254.5},
{"id":1, "color":"R", "x":960.003, "y":1254.5},
{"id":2, "color":"R", "x":930.003, "y":1254.5},
{"id":3, "color":"R", "x":924.5, "y":1310},
{"id":4, "color":"G", "x":924.5, "y":1300},
{"id":5, "color":"R", "x":924.5, "y":1330}] }}}[0m
[2025-09-13 20:02:39|0x000033f8][info]	[34m[*] Send: {"type":"frontend", "ope":"simdata", "time":1757764959099, "data":{"pos":"controller_run", "step_num": 5, "result":{ "cross_id":10, "phases": [{"id":0, "color":"R", "x":1540.68, "y":1995.5},
{"id":1, "color":"R", "x":1550.31, "y":1998.18},
{"id":2, "color":"R", "x":1521.4, "y":1990.15},
{"id":3, "color":"G", "x":1505.53, "y":2039.33},
{"id":4, "color":"R", "x":1508.17, "y":2029.68},
{"id":5, "color":"G", "x":1500.27, "y":2058.62}] }}}[0m
[2025-09-13 20:02:39|0x000033f8][info]	[34m[*] Send: {"type":"frontend", "ope":"simdata", "time":1757764959255, "data":{"pos":"controller_run", "step_num": 5, "result":{ "cross_id":11, "phases": [{"id":0, "color":"R", "x":957.995, "y":2065.5},
{"id":1, "color":"G", "x":967.995, "y":2065.5},
{"id":2, "color":"R", "x":937.995, "y":2065.5},
{"id":3, "color":"R", "x":932.499, "y":2121},
{"id":4, "color":"R", "x":932.499, "y":2111},
{"id":5, "color":"R", "x":932.499, "y":2141}] }}}[0m
[2025-09-13 20:02:39|0x000033f8][info]	[34m[*] Send: {"type":"frontend", "ope":"simdata", "time":1757764959255, "data":{ "pos":"sim_one_step", "over_step:":5, "next_step":6 }}[0m
[2025-09-13 20:02:39|0x000033f8][info]	[34m[*] Send: {"type":"frontend", "ope":"simdata", "time":1757764959410, "data":{"pos":"produce_veh", "step_num": 6, "result":[{"id":11, "link_id":9, "lane_id":3, "cell_id":0, "x":931.998, "y":912.296, "speed":14, "router":"9 8"}]}}[0m
[2025-09-13 20:02:39|0x000033f8][info]	[34m[*] Send: {"type":"frontend", "ope":"simdata", "time":1757764959564, "data":{"pos":"produce_veh", "step_num": 6, "result":[{"id":12, "link_id":15, "lane_id":3, "cell_id":0, "x":1515.35, "y":2334.73, "speed":14, "router":"15 12 6"}]}}[0m
[2025-09-13 20:02:39|0x000033f8][info]	[34m[*] Send: {"type":"frontend", "ope":"simdata", "time":1757764959719, "data":{"pos":"produce_veh", "step_num": 6, "result":[{"id":13, "link_id":17, "lane_id":1, "cell_id":0, "x":1954.82, "y":2115.26, "speed":14, "router":"17 19 24"}]}}[0m
[2025-09-13 20:02:39|0x000033f8][info]	[34m[*] Send: {"type":"frontend", "ope":"simdata", "time":1757764959875, "data":{"pos":"veh_run", "step_num": 6, "result":{"id":0, "in_network":true, "in_cross":false, "link_id":3, "lane_id":1, "cell_id":98, "x":1597.8, "y":899.138, "cur_spd":14, "last_spd":14}}}[0m
[2025-09-13 20:02:40|0x000033f8][info]	[34m[*] Send: {"type":"frontend", "ope":"simdata", "time":1757764960031, "data":{"pos":"veh_run", "step_num": 6, "result":{"id":1, "in_network":true, "in_cross":false, "link_id":5, "lane_id":1, "cell_id":84, "x":2217.97, "y":950.754, "cur_spd":14, "last_spd":14}}}[0m
[2025-09-13 20:02:40|0x000033f8][info]	[34m[*] Send: {"type":"frontend", "ope":"simdata", "time":1757764960188, "data":{"pos":"veh_run", "step_num": 6, "result":{"id":2, "in_network":true, "in_cross":false, "link_id":7, "lane_id":3, "cell_id":84, "x":2241.63, "y":1631.44, "cur_spd":14, "last_spd":14}}}[0m
[2025-09-13 20:02:40|0x000033f8][info]	[34m[*] Send: {"type":"frontend", "ope":"simdata", "time":1757764960341, "data":{"pos":"veh_run", "step_num": 6, "result":{"id":3, "in_network":true, "in_cross":false, "link_id":9, "lane_id":0, "cell_id":98, "x":961.426, "y":1010.48, "cur_spd":14, "last_spd":14}}}[0m
[2025-09-13 20:02:40|0x000033f8][info]	[34m[*] Send: {"type":"frontend", "ope":"simdata", "time":1757764960498, "data":{"pos":"veh_run", "step_num": 6, "result":{"id":4, "in_network":true, "in_cross":false, "link_id":10, "lane_id":1, "cell_id":98, "x":360.423, "y":1306.59, "cur_spd":14, "last_spd":14}}}[0m
[2025-09-13 20:02:40|0x000033f8][info]	[34m[*] Send: {"type":"frontend", "ope":"simdata", "time":1757764960653, "data":{"pos":"veh_run", "step_num": 6, "result":{"id":5, "in_network":true, "in_cross":false, "link_id":15, "lane_id":2, "cell_id":98, "x":1525.78, "y":2236.76, "cur_spd":14, "last_spd":14}}}[0m
[2025-09-13 20:02:40|0x000033f8][info]	[34m[*] Send: {"type":"frontend", "ope":"simdata", "time":1757764960807, "data":{"pos":"veh_run", "step_num": 6, "result":{"id":6, "in_network":true, "in_cross":false, "link_id":17, "lane_id":2, "cell_id":98, "x":1861.4, "y":2083.86, "cur_spd":14, "last_spd":14}}}[0m
[2025-09-13 20:02:40|0x000033f8][info]	[34m[*] Send: {"type":"frontend", "ope":"simdata", "time":1757764960960, "data":{"pos":"veh_run", "step_num": 6, "result":{"id":7, "in_network":true, "in_cross":false, "link_id":22, "lane_id":0, "cell_id":98, "x":356.671, "y":2114.42, "cur_spd":14, "last_spd":14}}}[0m
[2025-09-13 20:02:41|0x000033f8][info]	[34m[*] Send: {"type":"frontend", "ope":"simdata", "time":1757764961115, "data":{"pos":"veh_run", "step_num": 6, "result":{"id":8, "in_network":true, "in_cross":false, "link_id":25, "lane_id":2, "cell_id":70, "x":998, "y":2438, "cur_spd":14, "last_spd":14}}}[0m
[2025-09-13 20:02:41|0x000033f8][info]	[34m[*] Send: {"type":"frontend", "ope":"simdata", "time":1757764961270, "data":{"pos":"veh_run", "step_num": 6, "result":{"id":9, "in_network":true, "in_cross":false, "link_id":17, "lane_id":3, "cell_id":70, "x":1890.84, "y":2080.27, "cur_spd":14, "last_spd":14}}}[0m
[2025-09-13 20:02:41|0x000033f8][info]	[34m[*] Send: {"type":"frontend", "ope":"simdata", "time":1757764961426, "data":{"pos":"veh_run", "step_num": 6, "result":{"id":10, "in_network":true, "in_cross":false, "link_id":25, "lane_id":3, "cell_id":56, "x":1008, "y":2452, "cur_spd":14, "last_spd":14}}}[0m
[2025-09-13 20:02:41|0x000033f8][info]	[34m[*] Send: {"type":"frontend", "ope":"simdata", "time":1757764961581, "data":{"pos":"veh_run", "step_num": 6, "result":{"id":11, "in_network":true, "in_cross":false, "link_id":9, "lane_id":3, "cell_id":14, "x":931.916, "y":926.305, "cur_spd":14, "last_spd":14}}}[0m
[2025-09-13 20:02:41|0x000033f8][info]	[34m[*] Send: {"type":"frontend", "ope":"simdata", "time":1757764961736, "data":{"pos":"veh_run", "step_num": 6, "result":{"id":12, "in_network":true, "in_cross":false, "link_id":15, "lane_id":3, "cell_id":14, "x":1518.24, "y":2321.01, "cur_spd":14, "last_spd":14}}}[0m
[2025-09-13 20:02:41|0x000033f8][info]	[34m[*] Send: {"type":"frontend", "ope":"simdata", "time":1757764961891, "data":{"pos":"veh_run", "step_num": 6, "result":{"id":13, "in_network":true, "in_cross":false, "link_id":17, "lane_id":1, "cell_id":14, "x":1941.15, "y":2112.16, "cur_spd":14, "last_spd":14}}}[0m
[2025-09-13 20:02:42|0x000033f8][info]	[34m[*] Send: {"type":"frontend", "ope":"simdata", "time":1757764962046, "data":{"pos":"controller_run", "step_num": 6, "result":{ "cross_id":7, "phases": [{"id":0, "color":"R", "x":950.003, "y":1254.5},
{"id":1, "color":"R", "x":960.003, "y":1254.5},
{"id":2, "color":"R", "x":930.003, "y":1254.5},
{"id":3, "color":"R", "x":924.5, "y":1310},
{"id":4, "color":"G", "x":924.5, "y":1300},
{"id":5, "color":"R", "x":924.5, "y":1330}] }}}[0m
[2025-09-13 20:02:42|0x000033f8][info]	[34m[*] Send: {"type":"frontend", "ope":"simdata", "time":1757764962201, "data":{"pos":"controller_run", "step_num": 6, "result":{ "cross_id":10, "phases": [{"id":0, "color":"R", "x":1540.68, "y":1995.5},
{"id":1, "color":"R", "x":1550.31, "y":1998.18},
{"id":2, "color":"R", "x":1521.4, "y":1990.15},
{"id":3, "color":"G", "x":1505.53, "y":2039.33},
{"id":4, "color":"R", "x":1508.17, "y":2029.68},
{"id":5, "color":"G", "x":1500.27, "y":2058.62}] }}}[0m
[2025-09-13 20:02:42|0x000033f8][info]	[34m[*] Send: {"type":"frontend", "ope":"simdata", "time":1757764962356, "data":{"pos":"controller_run", "step_num": 6, "result":{ "cross_id":11, "phases": [{"id":0, "color":"R", "x":957.995, "y":2065.5},
{"id":1, "color":"G", "x":967.995, "y":2065.5},
{"id":2, "color":"R", "x":937.995, "y":2065.5},
{"id":3, "color":"R", "x":932.499, "y":2121},
{"id":4, "color":"R", "x":932.499, "y":2111},
{"id":5, "color":"R", "x":932.499, "y":2141}] }}}[0m
[2025-09-13 20:02:42|0x000033f8][info]	[34m[*] Send: {"type":"frontend", "ope":"simdata", "time":1757764962356, "data":{ "pos":"sim_one_step", "over_step:":6, "next_step":7 }}[0m
[2025-09-13 20:02:42|0x000033f8][info]	[34m[*] Send: {"type":"frontend", "ope":"simdata", "time":1757764962511, "data":{"pos":"produce_veh", "step_num": 7, "result":[{"id":14, "link_id":22, "lane_id":1, "cell_id":0, "x":258.59, "y":2125, "speed":14, "router":"22 21 11"}]}}[0m
[2025-09-13 20:02:42|0x000033f8][info]	[34m[*] Send: {"type":"frontend", "ope":"simdata", "time":1757764962665, "data":{"pos":"veh_run", "step_num": 7, "result":{"id":0, "in_network":true, "in_cross":false, "link_id":3, "lane_id":1, "cell_id":112, "x":1602.35, "y":912.395, "cur_spd":14, "last_spd":14}}}[0m
[2025-09-13 20:02:42|0x000033f8][info]	[34m[*] Send: {"type":"frontend", "ope":"simdata", "time":1757764962821, "data":{"pos":"veh_run", "step_num": 7, "result":{"id":1, "in_network":true, "in_cross":false, "link_id":5, "lane_id":1, "cell_id":98, "x":2206.45, "y":958.722, "cur_spd":14, "last_spd":14}}}[0m
[2025-09-13 20:02:42|0x000033f8][info]	[34m[*] Send: {"type":"frontend", "ope":"simdata", "time":1757764962976, "data":{"pos":"veh_run", "step_num": 7, "result":{"id":2, "in_network":true, "in_cross":false, "link_id":7, "lane_id":3, "cell_id":98, "x":2230.55, "y":1622.84, "cur_spd":14, "last_spd":14}}}[0m
[2025-09-13 20:02:43|0x000033f8][info]	[34m[*] Send: {"type":"frontend", "ope":"simdata", "time":1757764963130, "data":{"pos":"veh_run", "step_num": 7, "result":{"id":3, "in_network":true, "in_cross":false, "link_id":9, "lane_id":0, "cell_id":112, "x":961.344, "y":1024.48, "cur_spd":14, "last_spd":14}}}[0m
[2025-09-13 20:02:43|0x000033f8][info]	[34m[*] Send: {"type":"frontend", "ope":"simdata", "time":1757764963285, "data":{"pos":"veh_run", "step_num": 7, "result":{"id":4, "in_network":true, "in_cross":false, "link_id":10, "lane_id":1, "cell_id":112, "x":374.425, "y":1306.68, "cur_spd":14, "last_spd":14}}}[0m
[2025-09-13 20:02:43|0x000033f8][info]	[34m[*] Send: {"type":"frontend", "ope":"simdata", "time":1757764963441, "data":{"pos":"veh_run", "step_num": 7, "result":{"id":5, "in_network":true, "in_cross":false, "link_id":15, "lane_id":2, "cell_id":112, "x":1528.67, "y":2223.05, "cur_spd":14, "last_spd":14}}}[0m
[2025-09-13 20:02:43|0x000033f8][info]	[34m[*] Send: {"type":"frontend", "ope":"simdata", "time":1757764963597, "data":{"pos":"veh_run", "step_num": 7, "result":{"id":6, "in_network":true, "in_cross":false, "link_id":17, "lane_id":2, "cell_id":112, "x":1847.74, "y":2080.77, "cur_spd":14, "last_spd":14}}}[0m
[2025-09-13 20:02:43|0x000033f8][info]	[34m[*] Send: {"type":"frontend", "ope":"simdata", "time":1757764963753, "data":{"pos":"veh_run", "step_num": 7, "result":{"id":7, "in_network":true, "in_cross":false, "link_id":22, "lane_id":0, "cell_id":112, "x":370.692, "y":2114.33, "cur_spd":14, "last_spd":14}}}[0m
[2025-09-13 20:02:43|0x000033f8][info]	[34m[*] Send: {"type":"frontend", "ope":"simdata", "time":1757764963908, "data":{"pos":"veh_run", "step_num": 7, "result":{"id":8, "in_network":true, "in_cross":false, "link_id":25, "lane_id":2, "cell_id":84, "x":998, "y":2424, "cur_spd":14, "last_spd":14}}}[0m
[2025-09-13 20:02:44|0x000033f8][info]	[34m[*] Send: {"type":"frontend", "ope":"simdata", "time":1757764964062, "data":{"pos":"veh_run", "step_num": 7, "result":{"id":9, "in_network":true, "in_cross":false, "link_id":17, "lane_id":3, "cell_id":84, "x":1877.16, "y":2077.18, "cur_spd":14, "last_spd":14}}}[0m
[2025-09-13 20:02:44|0x000033f8][info]	[34m[*] Send: {"type":"frontend", "ope":"simdata", "time":1757764964218, "data":{"pos":"veh_run", "step_num": 7, "result":{"id":10, "in_network":true, "in_cross":false, "link_id":25, "lane_id":3, "cell_id":70, "x":1008, "y":2438, "cur_spd":14, "last_spd":14}}}[0m
[2025-09-13 20:02:44|0x000033f8][info]	[34m[*] Send: {"type":"frontend", "ope":"simdata", "time":1757764964373, "data":{"pos":"veh_run", "step_num": 7, "result":{"id":11, "in_network":true, "in_cross":false, "link_id":9, "lane_id":3, "cell_id":28, "x":931.834, "y":940.313, "cur_spd":14, "last_spd":14}}}[0m
[2025-09-13 20:02:44|0x000033f8][info]	[34m[*] Send: {"type":"frontend", "ope":"simdata", "time":1757764964527, "data":{"pos":"veh_run", "step_num": 7, "result":{"id":12, "in_network":true, "in_cross":false, "link_id":15, "lane_id":3, "cell_id":28, "x":1521.13, "y":2307.29, "cur_spd":14, "last_spd":14}}}[0m
[2025-09-13 20:02:44|0x000033f8][info]	[34m[*] Send: {"type":"frontend", "ope":"simdata", "time":1757764964685, "data":{"pos":"veh_run", "step_num": 7, "result":{"id":13, "in_network":true, "in_cross":false, "link_id":17, "lane_id":1, "cell_id":28, "x":1927.47, "y":2109.07, "cur_spd":14, "last_spd":14}}}[0m
[2025-09-13 20:02:44|0x000033f8][info]	[34m[*] Send: {"type":"frontend", "ope":"simdata", "time":1757764964840, "data":{"pos":"veh_run", "step_num": 7, "result":{"id":14, "in_network":true, "in_cross":false, "link_id":22, "lane_id":1, "cell_id":14, "x":272.608, "y":2124.91, "cur_spd":14, "last_spd":14}}}[0m
[2025-09-13 20:02:44|0x000033f8][info]	[34m[*] Send: {"type":"frontend", "ope":"simdata", "time":1757764964997, "data":{"pos":"controller_run", "step_num": 7, "result":{ "cross_id":7, "phases": [{"id":0, "color":"R", "x":950.003, "y":1254.5},
{"id":1, "color":"R", "x":960.003, "y":1254.5},
{"id":2, "color":"R", "x":930.003, "y":1254.5},
{"id":3, "color":"R", "x":924.5, "y":1310},
{"id":4, "color":"G", "x":924.5, "y":1300},
{"id":5, "color":"R", "x":924.5, "y":1330}] }}}[0m
[2025-09-13 20:02:45|0x000033f8][info]	[34m[*] Send: {"type":"frontend", "ope":"simdata", "time":1757764965150, "data":{"pos":"controller_run", "step_num": 7, "result":{ "cross_id":10, "phases": [{"id":0, "color":"R", "x":1540.68, "y":1995.5},
{"id":1, "color":"R", "x":1550.31, "y":1998.18},
{"id":2, "color":"R", "x":1521.4, "y":1990.15},
{"id":3, "color":"G", "x":1505.53, "y":2039.33},
{"id":4, "color":"R", "x":1508.17, "y":2029.68},
{"id":5, "color":"G", "x":1500.27, "y":2058.62}] }}}[0m
[2025-09-13 20:02:45|0x000033f8][info]	[34m[*] Send: {"type":"frontend", "ope":"simdata", "time":1757764965304, "data":{"pos":"controller_run", "step_num": 7, "result":{ "cross_id":11, "phases": [{"id":0, "color":"R", "x":957.995, "y":2065.5},
{"id":1, "color":"G", "x":967.995, "y":2065.5},
{"id":2, "color":"R", "x":937.995, "y":2065.5},
{"id":3, "color":"R", "x":932.499, "y":2121},
{"id":4, "color":"R", "x":932.499, "y":2111},
{"id":5, "color":"R", "x":932.499, "y":2141}] }}}[0m
[2025-09-13 20:02:45|0x000033f8][info]	[34m[*] Send: {"type":"frontend", "ope":"simdata", "time":1757764965304, "data":{ "pos":"sim_one_step", "over_step:":7, "next_step":8 }}[0m
[2025-09-13 20:02:45|0x000033f8][info]	[34m[*] Send: {"type":"frontend", "ope":"simdata", "time":1757764965460, "data":{"pos":"veh_run", "step_num": 8, "result":{"id":0, "in_network":true, "in_cross":false, "link_id":3, "lane_id":1, "cell_id":126, "x":1606.9, "y":925.652, "cur_spd":14, "last_spd":14}}}[0m
[2025-09-13 20:02:45|0x000033f8][info]	[34m[*] Send: {"type":"frontend", "ope":"simdata", "time":1757764965616, "data":{"pos":"veh_run", "step_num": 8, "result":{"id":1, "in_network":true, "in_cross":false, "link_id":5, "lane_id":1, "cell_id":112, "x":2194.94, "y":966.689, "cur_spd":14, "last_spd":14}}}[0m
[2025-09-13 20:02:45|0x000033f8][info]	[34m[*] Send: {"type":"frontend", "ope":"simdata", "time":1757764965769, "data":{"pos":"veh_run", "step_num": 8, "result":{"id":2, "in_network":true, "in_cross":false, "link_id":7, "lane_id":3, "cell_id":112, "x":2219.48, "y":1614.23, "cur_spd":14, "last_spd":14}}}[0m
[2025-09-13 20:02:45|0x000033f8][info]	[34m[*] Send: {"type":"frontend", "ope":"simdata", "time":1757764965923, "data":{"pos":"veh_run", "step_num": 8, "result":{"id":3, "in_network":true, "in_cross":false, "link_id":9, "lane_id":0, "cell_id":126, "x":961.262, "y":1038.48, "cur_spd":14, "last_spd":14}}}[0m
[2025-09-13 20:02:46|0x000033f8][info]	[34m[*] Send: {"type":"frontend", "ope":"simdata", "time":1757764966079, "data":{"pos":"veh_run", "step_num": 8, "result":{"id":4, "in_network":true, "in_cross":false, "link_id":10, "lane_id":1, "cell_id":126, "x":388.427, "y":1306.76, "cur_spd":14, "last_spd":14}}}[0m
[2025-09-13 20:02:46|0x000033f8][info]	[34m[*] Send: {"type":"frontend", "ope":"simdata", "time":1757764966234, "data":{"pos":"veh_run", "step_num": 8, "result":{"id":5, "in_network":true, "in_cross":false, "link_id":15, "lane_id":2, "cell_id":126, "x":1531.55, "y":2209.35, "cur_spd":14, "last_spd":14}}}[0m
[2025-09-13 20:02:46|0x000033f8][info]	[34m[*] Send: {"type":"frontend", "ope":"simdata", "time":1757764966388, "data":{"pos":"veh_run", "step_num": 8, "result":{"id":6, "in_network":true, "in_cross":false, "link_id":17, "lane_id":2, "cell_id":126, "x":1834.08, "y":2077.68, "cur_spd":14, "last_spd":14}}}[0m
[2025-09-13 20:02:46|0x000033f8][info]	[34m[*] Send: {"type":"frontend", "ope":"simdata", "time":1757764966542, "data":{"pos":"veh_run", "step_num": 8, "result":{"id":7, "in_network":true, "in_cross":false, "link_id":22, "lane_id":0, "cell_id":126, "x":384.712, "y":2114.25, "cur_spd":14, "last_spd":14}}}[0m
[2025-09-13 20:02:46|0x000033f8][info]	[34m[*] Send: {"type":"frontend", "ope":"simdata", "time":1757764966695, "data":{"pos":"veh_run", "step_num": 8, "result":{"id":8, "in_network":true, "in_cross":false, "link_id":25, "lane_id":3, "cell_id":84, "x":1008, "y":2424, "cur_spd":14, "last_spd":14}}}[0m
[2025-09-13 20:02:46|0x000033f8][info]	[34m[*] Send: {"type":"frontend", "ope":"simdata", "time":1757764966849, "data":{"pos":"veh_run", "step_num": 8, "result":{"id":9, "in_network":true, "in_cross":false, "link_id":17, "lane_id":3, "cell_id":98, "x":1863.48, "y":2074.08, "cur_spd":14, "last_spd":14}}}[0m
[2025-09-13 20:02:47|0x000033f8][info]	[34m[*] Send: {"type":"frontend", "ope":"simdata", "time":1757764967002, "data":{"pos":"veh_run", "step_num": 8, "result":{"id":10, "in_network":true, "in_cross":false, "link_id":25, "lane_id":3, "cell_id":83, "x":1008, "y":2425, "cur_spd":13, "last_spd":14}}}[0m
[2025-09-13 20:02:47|0x000033f8][info]	[34m[*] Send: {"type":"frontend", "ope":"simdata", "time":1757764967157, "data":{"pos":"veh_run", "step_num": 8, "result":{"id":11, "in_network":true, "in_cross":false, "link_id":9, "lane_id":3, "cell_id":42, "x":931.753, "y":954.321, "cur_spd":14, "last_spd":14}}}[0m
[2025-09-13 20:02:47|0x000033f8][info]	[34m[*] Send: {"type":"frontend", "ope":"simdata", "time":1757764967312, "data":{"pos":"veh_run", "step_num": 8, "result":{"id":12, "in_network":true, "in_cross":false, "link_id":15, "lane_id":3, "cell_id":42, "x":1524.02, "y":2293.57, "cur_spd":14, "last_spd":14}}}[0m
[2025-09-13 20:02:47|0x000033f8][info]	[34m[*] Send: {"type":"frontend", "ope":"simdata", "time":1757764967467, "data":{"pos":"veh_run", "step_num": 8, "result":{"id":13, "in_network":true, "in_cross":false, "link_id":17, "lane_id":1, "cell_id":42, "x":1913.79, "y":2105.97, "cur_spd":14, "last_spd":14}}}[0m
[2025-09-13 20:02:47|0x000033f8][info]	[34m[*] Send: {"type":"frontend", "ope":"simdata", "time":1757764967622, "data":{"pos":"veh_run", "step_num": 8, "result":{"id":14, "in_network":true, "in_cross":false, "link_id":22, "lane_id":1, "cell_id":28, "x":286.627, "y":2124.83, "cur_spd":14, "last_spd":14}}}[0m
[2025-09-13 20:02:47|0x000033f8][info]	[34m[*] Send: {"type":"frontend", "ope":"simdata", "time":1757764967778, "data":{"pos":"controller_run", "step_num": 8, "result":{ "cross_id":7, "phases": [{"id":0, "color":"R", "x":950.003, "y":1254.5},
{"id":1, "color":"R", "x":960.003, "y":1254.5},
{"id":2, "color":"R", "x":930.003, "y":1254.5},
{"id":3, "color":"R", "x":924.5, "y":1310},
{"id":4, "color":"G", "x":924.5, "y":1300},
{"id":5, "color":"R", "x":924.5, "y":1330}] }}}[0m
[2025-09-13 20:02:47|0x000033f8][info]	[34m[*] Send: {"type":"frontend", "ope":"simdata", "time":1757764967933, "data":{"pos":"controller_run", "step_num": 8, "result":{ "cross_id":10, "phases": [{"id":0, "color":"R", "x":1540.68, "y":1995.5},
{"id":1, "color":"R", "x":1550.31, "y":1998.18},
{"id":2, "color":"R", "x":1521.4, "y":1990.15},
{"id":3, "color":"G", "x":1505.53, "y":2039.33},
{"id":4, "color":"R", "x":1508.17, "y":2029.68},
{"id":5, "color":"G", "x":1500.27, "y":2058.62}] }}}[0m
[2025-09-13 20:02:48|0x000033f8][info]	[34m[*] Send: {"type":"frontend", "ope":"simdata", "time":1757764968089, "data":{"pos":"controller_run", "step_num": 8, "result":{ "cross_id":11, "phases": [{"id":0, "color":"R", "x":957.995, "y":2065.5},
{"id":1, "color":"G", "x":967.995, "y":2065.5},
{"id":2, "color":"R", "x":937.995, "y":2065.5},
{"id":3, "color":"R", "x":932.499, "y":2121},
{"id":4, "color":"R", "x":932.499, "y":2111},
{"id":5, "color":"R", "x":932.499, "y":2141}] }}}[0m
[2025-09-13 20:02:48|0x000033f8][info]	[34m[*] Send: {"type":"frontend", "ope":"simdata", "time":1757764968090, "data":{ "pos":"sim_one_step", "over_step:":8, "next_step":9 }}[0m
[2025-09-13 20:02:48|0x000033f8][info]	[34m[*] Send: {"type":"frontend", "ope":"simdata", "time":1757764968245, "data":{"pos":"produce_veh", "step_num": 9, "result":[{"id":15, "link_id":22, "lane_id":2, "cell_id":0, "x":258.649, "y":2135, "speed":14, "router":"22 24"}]}}[0m
[2025-09-13 20:02:48|0x000033f8][info]	[34m[*] Send: {"type":"frontend", "ope":"simdata", "time":1757764968401, "data":{"pos":"veh_run", "step_num": 9, "result":{"id":0, "in_network":true, "in_cross":false, "link_id":3, "lane_id":1, "cell_id":140, "x":1611.45, "y":938.909, "cur_spd":14, "last_spd":14}}}[0m
[2025-09-13 20:02:48|0x000033f8][info]	[34m[*] Send: {"type":"frontend", "ope":"simdata", "time":1757764968558, "data":{"pos":"veh_run", "step_num": 9, "result":{"id":1, "in_network":true, "in_cross":false, "link_id":5, "lane_id":1, "cell_id":126, "x":2183.43, "y":974.657, "cur_spd":14, "last_spd":14}}}[0m
[2025-09-13 20:02:48|0x000033f8][info]	[34m[*] Send: {"type":"frontend", "ope":"simdata", "time":1757764968712, "data":{"pos":"veh_run", "step_num": 9, "result":{"id":2, "in_network":true, "in_cross":false, "link_id":7, "lane_id":3, "cell_id":126, "x":2208.4, "y":1605.63, "cur_spd":14, "last_spd":14}}}[0m
[2025-09-13 20:02:48|0x000033f8][info]	[34m[*] Send: {"type":"frontend", "ope":"simdata", "time":1757764968866, "data":{"pos":"veh_run", "step_num": 9, "result":{"id":3, "in_network":true, "in_cross":false, "link_id":9, "lane_id":0, "cell_id":140, "x":961.181, "y":1052.48, "cur_spd":14, "last_spd":14}}}[0m
[2025-09-13 20:02:49|0x000033f8][info]	[34m[*] Send: {"type":"frontend", "ope":"simdata", "time":1757764969024, "data":{"pos":"veh_run", "step_num": 9, "result":{"id":4, "in_network":true, "in_cross":false, "link_id":10, "lane_id":1, "cell_id":140, "x":402.429, "y":1306.85, "cur_spd":14, "last_spd":14}}}[0m
[2025-09-13 20:02:49|0x000033f8][info]	[34m[*] Send: {"type":"frontend", "ope":"simdata", "time":1757764969179, "data":{"pos":"veh_run", "step_num": 9, "result":{"id":5, "in_network":true, "in_cross":false, "link_id":15, "lane_id":2, "cell_id":140, "x":1534.44, "y":2195.65, "cur_spd":14, "last_spd":14}}}[0m
[2025-09-13 20:02:49|0x000033f8][info]	[34m[*] Send: {"type":"frontend", "ope":"simdata", "time":1757764969334, "data":{"pos":"veh_run", "step_num": 9, "result":{"id":6, "in_network":true, "in_cross":false, "link_id":17, "lane_id":2, "cell_id":140, "x":1820.42, "y":2074.59, "cur_spd":14, "last_spd":14}}}[0m
[2025-09-13 20:02:49|0x000033f8][info]	[34m[*] Send: {"type":"frontend", "ope":"simdata", "time":1757764969490, "data":{"pos":"veh_run", "step_num": 9, "result":{"id":7, "in_network":true, "in_cross":false, "link_id":22, "lane_id":0, "cell_id":140, "x":398.732, "y":2114.17, "cur_spd":14, "last_spd":14}}}[0m
[2025-09-13 20:02:49|0x000033f8][info]	[34m[*] Send: {"type":"frontend", "ope":"simdata", "time":1757764969644, "data":{"pos":"veh_run", "step_num": 9, "result":{"id":8, "in_network":true, "in_cross":false, "link_id":25, "lane_id":3, "cell_id":98, "x":1008, "y":2410, "cur_spd":14, "last_spd":14}}}[0m
[2025-09-13 20:02:49|0x000033f8][info]	[34m[*] Send: {"type":"frontend", "ope":"simdata", "time":1757764969801, "data":{"pos":"veh_run", "step_num": 9, "result":{"id":9, "in_network":true, "in_cross":false, "link_id":17, "lane_id":3, "cell_id":112, "x":1849.8, "y":2070.99, "cur_spd":14, "last_spd":14}}}[0m
[2025-09-13 20:02:49|0x000033f8][info]	[34m[*] Send: {"type":"frontend", "ope":"simdata", "time":1757764969954, "data":{"pos":"veh_run", "step_num": 9, "result":{"id":10, "in_network":true, "in_cross":false, "link_id":25, "lane_id":3, "cell_id":96, "x":1008, "y":2412, "cur_spd":13, "last_spd":13}}}[0m
[2025-09-13 20:02:50|0x000033f8][info]	[34m[*] Send: {"type":"frontend", "ope":"simdata", "time":1757764970109, "data":{"pos":"veh_run", "step_num": 9, "result":{"id":11, "in_network":true, "in_cross":false, "link_id":9, "lane_id":3, "cell_id":56, "x":931.671, "y":968.33, "cur_spd":14, "last_spd":14}}}[0m
[2025-09-13 20:02:50|0x000033f8][info]	[34m[*] Send: {"type":"frontend", "ope":"simdata", "time":1757764970264, "data":{"pos":"veh_run", "step_num": 9, "result":{"id":12, "in_network":true, "in_cross":false, "link_id":15, "lane_id":3, "cell_id":56, "x":1526.91, "y":2279.85, "cur_spd":14, "last_spd":14}}}[0m
[2025-09-13 20:02:50|0x000033f8][info]	[34m[*] Send: {"type":"frontend", "ope":"simdata", "time":1757764970417, "data":{"pos":"veh_run", "step_num": 9, "result":{"id":13, "in_network":true, "in_cross":false, "link_id":17, "lane_id":1, "cell_id":56, "x":1900.11, "y":2102.87, "cur_spd":14, "last_spd":14}}}[0m
[2025-09-13 20:02:50|0x000033f8][info]	[34m[*] Send: {"type":"frontend", "ope":"simdata", "time":1757764970572, "data":{"pos":"veh_run", "step_num": 9, "result":{"id":14, "in_network":true, "in_cross":false, "link_id":22, "lane_id":0, "cell_id":42, "x":300.591, "y":2114.75, "cur_spd":14, "last_spd":14}}}[0m
[2025-09-13 20:02:50|0x000033f8][info]	[34m[*] Send: {"type":"frontend", "ope":"simdata", "time":1757764970725, "data":{"pos":"veh_run", "step_num": 9, "result":{"id":15, "in_network":true, "in_cross":false, "link_id":22, "lane_id":2, "cell_id":14, "x":272.666, "y":2134.91, "cur_spd":14, "last_spd":14}}}[0m
[2025-09-13 20:02:50|0x000033f8][info]	[34m[*] Send: {"type":"frontend", "ope":"simdata", "time":1757764970879, "data":{"pos":"controller_run", "step_num": 9, "result":{ "cross_id":7, "phases": [{"id":0, "color":"R", "x":950.003, "y":1254.5},
{"id":1, "color":"R", "x":960.003, "y":1254.5},
{"id":2, "color":"R", "x":930.003, "y":1254.5},
{"id":3, "color":"R", "x":924.5, "y":1310},
{"id":4, "color":"G", "x":924.5, "y":1300},
{"id":5, "color":"R", "x":924.5, "y":1330}] }}}[0m
[2025-09-13 20:02:51|0x000033f8][info]	[34m[*] Send: {"type":"frontend", "ope":"simdata", "time":1757764971035, "data":{"pos":"controller_run", "step_num": 9, "result":{ "cross_id":10, "phases": [{"id":0, "color":"R", "x":1540.68, "y":1995.5},
{"id":1, "color":"R", "x":1550.31, "y":1998.18},
{"id":2, "color":"R", "x":1521.4, "y":1990.15},
{"id":3, "color":"G", "x":1505.53, "y":2039.33},
{"id":4, "color":"R", "x":1508.17, "y":2029.68},
{"id":5, "color":"G", "x":1500.27, "y":2058.62}] }}}[0m
[2025-09-13 20:02:51|0x000033f8][info]	[34m[*] Send: {"type":"frontend", "ope":"simdata", "time":1757764971191, "data":{"pos":"controller_run", "step_num": 9, "result":{ "cross_id":11, "phases": [{"id":0, "color":"R", "x":957.995, "y":2065.5},
{"id":1, "color":"G", "x":967.995, "y":2065.5},
{"id":2, "color":"R", "x":937.995, "y":2065.5},
{"id":3, "color":"R", "x":932.499, "y":2121},
{"id":4, "color":"R", "x":932.499, "y":2111},
{"id":5, "color":"R", "x":932.499, "y":2141}] }}}[0m
[2025-09-13 20:02:51|0x000033f8][info]	[34m[*] Send: {"type":"frontend", "ope":"simdata", "time":1757764971191, "data":{ "pos":"sim_one_step", "over_step:":9, "next_step":10 }}[0m
[2025-09-13 20:04:31|0x00004584][error]	[31m[!] Error in receive_text: End of file [asio.misc:2][0m
[2025-09-13 20:04:31|0x00004584][error]	[31m[!] ws recv msg is empty! something went wrong...[0m
[2025-09-13 20:04:31|0x00004584][error]	[31m[!] Error in close: ߳˳Ӧóֹ I/O  [system:995 at D:\Works\GraduationDesign\SimEngPI\vcpkg_installed\x64-windows\x64-windows\include\boost\beast\websocket\impl\stream_impl.hpp:355:13 in function 'bool __cdecl boost::beast::websocket::stream<class boost::asio::basic_stream_socket<class boost::asio::ip::tcp,class boost::asio::any_io_executor>,1>::impl_type::check_stop_now(class boost::system::error_code &)'][0m
