Config Path(WebParam): b2845639-8511-4128-a360-e98fd2564d8e\od.xml
G_MarginalPoint_Number:10
G_BaseLine_Number:17
G_Cross_Number:6
G_Link_Number:34
G_Lane_Number:68
imEngPI[0m
[2025-10-09 13:23:09|0x00006030][info]	[34m[+] Set SimID test Over![0m
[2025-10-09 13:23:09|0x00006030][info]	[34m[+] Set SimFiles Path: b2845639-8511-4128-a360-e98fd2564d8e Over![0m
[2025-10-09 13:23:09|0x00006030][info]	[34m[+] Use RoadNetwork File: b2845639-8511-4128-a360-e98fd2564d8e\map_by_ai_2.xml[0m
[2025-10-09 13:23:09|0x00006030][info]	[34m[+] Use OD File: b2845639-8511-4128-a360-e98fd2564d8e\od.xml[0m
[2025-10-09 13:23:09|0x00006030][info]	[34m[-] Launch as no plug-in![0m
[2025-10-09 13:23:09|0x00006030][info]	[34m[+] Base Initialization Complete![0m
[2025-10-09 13:23:09|0x00006030][debug]	[32m[#] Connected to 127.0.0.1:3822/ws/exe/b2845639-8511-4128-a360-e98fd2564d8e[0m
[2025-10-09 13:23:09|0x00006030][info]	[34m[+] Connect websocket to backend ok...[0m
[2025-10-09 13:23:09|0x00006030][debug]	[32m[#] Recv Msg: {"type":"eng","ope":"hi","time":1759987389849}[0m
[2025-10-09 13:23:09|0x00006030][info]	[34m[+] Init backend manager ok![0m
[2025-10-09 13:23:23|0x00006030][debug]	[32m[#] Recv Msg: {"type":"eng","ope":"setdelay","time":1759987403322,"data":{"Delay":146}}[0m
[2025-10-09 13:23:23|0x00006030][info]	[34m[*] Set New Delay: 146[0m
[2025-10-09 13:23:23|0x00006030][info]	[34m[*] Send: {"type":"frontend", "ope":"handleope", "time":1759987403324, "data":{"result": "setdelay_ok"}}[0m
[2025-10-09 13:23:23|0x00006030][debug]	[32m[#] Recv Msg: {"type":"eng","ope":"setmaxstep","time":1759987403976,"data":{"Step":23}}[0m
[2025-10-09 13:23:23|0x00006030][info]	[34m[+] Set Max Sim Step: 23[0m
[2025-10-09 13:23:23|0x00006030][info]	[34m[*] Send: {"type":"frontend", "ope":"handleope", "time":1759987403978, "data":{"result": "setmaxstep_ok"}}[0m
[2025-10-09 13:23:24|0x00006030][debug]	[32m[#] Recv Msg: {"type":"eng","ope":"start","time":1759987404752}[0m
[2025-10-09 13:23:24|0x00006030][info]	[34m[*] Start(Resume) Sim[0m
[2025-10-09 13:23:24|0x00006030][info]	[34m[*] Send: {"type":"frontend", "ope":"handleope", "time":1759987404762, "data":{"result": "start_ok"}}[0m
[2025-10-09 13:23:24|0x00004f0c][info]	[34m[*] Send: {"type":"frontend", "ope":"simdata", "time":1759987404910, "data":{"pos":"produce_veh", "step_num": 0, "result":[{"id":0, "link_id":0, "lane_id":1, "cell_id":0, "x":428.5, "y":384.944, "speed":14, "router":"0 2 14 22"}]}}[0m
[2025-10-09 13:23:25|0x00004f0c][info]	[34m[*] Send: {"type":"frontend", "ope":"simdata", "time":1759987405067, "data":{"pos":"produce_veh", "step_num": 0, "result":[{"id":1, "link_id":4, "lane_id":0, "cell_id":0, "x":562.018, "y":233.457, "speed":14, "router":"4 6 10 32 30"}]}}[0m
[2025-10-09 13:23:25|0x00004f0c][info]	[34m[*] Send: {"type":"frontend", "ope":"simdata", "time":1759987405222, "data":{"pos":"produce_veh", "step_num": 0, "result":[{"id":2, "link_id":8, "lane_id":0, "cell_id":0, "x":431.814, "y":614.856, "speed":14, "router":"8 10 32 30"}]}}[0m
[2025-10-09 13:23:25|0x00004f0c][info]	[34m[*] Send: {"type":"frontend", "ope":"simdata", "time":1759987405379, "data":{"pos":"produce_veh", "step_num": 0, "result":[{"id":3, "link_id":13, "lane_id":0, "cell_id":0, "x":570.998, "y":780.499, "speed":14, "router":"13 10 17 14 24"}]}}[0m
[2025-10-09 13:23:25|0x00004f0c][info]	[34m[*] Send: {"type":"frontend", "ope":"simdata", "time":1759987405536, "data":{"pos":"produce_veh", "step_num": 0, "result":[{"id":4, "link_id":18, "lane_id":1, "cell_id":0, "x":798.647, "y":836.239, "speed":14, "router":"18 32 28"}]}}[0m
[2025-10-09 13:23:25|0x00004f0c][info]	[34m[*] Send: {"type":"frontend", "ope":"simdata", "time":1759987405693, "data":{"pos":"produce_veh", "step_num": 0, "result":[{"id":5, "link_id":21, "lane_id":1, "cell_id":0, "x":879.069, "y":228.495, "speed":14, "router":"21 16 11 12"}]}}[0m
[2025-10-09 13:23:25|0x00004f0c][info]	[34m[*] Send: {"type":"frontend", "ope":"simdata", "time":1759987405847, "data":{"pos":"produce_veh", "step_num": 0, "result":[{"id":6, "link_id":23, "lane_id":1, "cell_id":0, "x":1372.5, "y":355.004, "speed":14, "router":"23 15 16 19"}]}}[0m
[2025-10-09 13:23:26|0x00004f0c][info]	[34m[*] Send: {"type":"frontend", "ope":"simdata", "time":1759987406003, "data":{"pos":"produce_veh", "step_num": 0, "result":[{"id":7, "link_id":25, "lane_id":0, "cell_id":0, "x":1148.02, "y":225.5, "speed":14, "router":"25 22"}]}}[0m
[2025-10-09 13:23:26|0x00004f0c][info]	[34m[*] Send: {"type":"frontend", "ope":"simdata", "time":1759987406159, "data":{"pos":"produce_veh", "step_num": 0, "result":[{"id":8, "link_id":29, "lane_id":0, "cell_id":0, "x":1252.29, "y":677.985, "speed":14, "router":"29 26 22"}]}}[0m
[2025-10-09 13:23:26|0x00004f0c][info]	[34m[*] Send: {"type":"frontend", "ope":"simdata", "time":1759987406316, "data":{"pos":"produce_veh", "step_num": 0, "result":[{"id":9, "link_id":31, "lane_id":0, "cell_id":0, "x":1097.01, "y":787.381, "speed":14, "router":"31 26 22"}]}}[0m
[2025-10-09 13:23:26|0x00004f0c][info]	[34m[*] Send: {"type":"frontend", "ope":"simdata", "time":1759987406473, "data":{"pos":"veh_run", "step_num": 0, "result":{"id":0, "in_network":true, "in_cross":false, "link_id":0, "lane_id":1, "cell_id":14, "x":442.5, "y":383.365, "cur_spd":14, "last_spd":14}}}[0m
[2025-10-09 13:23:26|0x00004f0c][info]	[34m[*] Send: {"type":"frontend", "ope":"simdata", "time":1759987406630, "data":{"pos":"veh_run", "step_num": 0, "result":{"id":1, "in_network":true, "in_cross":false, "link_id":4, "lane_id":0, "cell_id":14, "x":562.518, "y":247.463, "cur_spd":14, "last_spd":14}}}[0m
[2025-10-09 13:23:26|0x00004f0c][info]	[34m[*] Send: {"type":"frontend", "ope":"simdata", "time":1759987406785, "data":{"pos":"veh_run", "step_num": 0, "result":{"id":2, "in_network":true, "in_cross":false, "link_id":8, "lane_id":0, "cell_id":14, "x":445.325, "y":618.84, "cur_spd":14, "last_spd":14}}}[0m
[2025-10-09 13:23:26|0x00004f0c][info]	[34m[*] Send: {"type":"frontend", "ope":"simdata", "time":1759987406942, "data":{"pos":"veh_run", "step_num": 0, "result":{"id":3, "in_network":true, "in_cross":false, "link_id":13, "lane_id":0, "cell_id":14, "x":570.932, "y":766.47, "cur_spd":14, "last_spd":14}}}[0m
[2025-10-09 13:23:27|0x00004f0c][info]	[34m[*] Send: {"type":"frontend", "ope":"simdata", "time":1759987407099, "data":{"pos":"veh_run", "step_num": 0, "result":{"id":4, "in_network":true, "in_cross":false, "link_id":18, "lane_id":1, "cell_id":14, "x":801.948, "y":822.53, "cur_spd":14, "last_spd":14}}}[0m
[2025-10-09 13:23:27|0x00004f0c][info]	[34m[*] Send: {"type":"frontend", "ope":"simdata", "time":1759987407255, "data":{"pos":"veh_run", "step_num": 0, "result":{"id":5, "in_network":true, "in_cross":false, "link_id":21, "lane_id":1, "cell_id":14, "x":881.014, "y":242.366, "cur_spd":14, "last_spd":14}}}[0m
[2025-10-09 13:23:27|0x00004f0c][info]	[34m[*] Send: {"type":"frontend", "ope":"simdata", "time":1759987407413, "data":{"pos":"veh_run", "step_num": 0, "result":{"id":6, "in_network":true, "in_cross":false, "link_id":23, "lane_id":1, "cell_id":14, "x":1358.48, "y":355.119, "cur_spd":14, "last_spd":14}}}[0m
[2025-10-09 13:23:27|0x00004f0c][info]	[34m[*] Send: {"type":"frontend", "ope":"simdata", "time":1759987407569, "data":{"pos":"veh_run", "step_num": 0, "result":{"id":7, "in_network":true, "in_cross":false, "link_id":25, "lane_id":0, "cell_id":14, "x":1148.6, "y":239.5, "cur_spd":14, "last_spd":14}}}[0m
[2025-10-09 13:23:27|0x00004f0c][info]	[34m[*] Send: {"type":"frontend", "ope":"simdata", "time":1759987407726, "data":{"pos":"veh_run", "step_num": 0, "result":{"id":8, "in_network":true, "in_cross":false, "link_id":29, "lane_id":0, "cell_id":14, "x":1238.41, "y":675.844, "cur_spd":14, "last_spd":14}}}[0m
[2025-10-09 13:23:27|0x00004f0c][info]	[34m[*] Send: {"type":"frontend", "ope":"simdata", "time":1759987407881, "data":{"pos":"veh_run", "step_num": 0, "result":{"id":9, "in_network":true, "in_cross":false, "link_id":31, "lane_id":0, "cell_id":14, "x":1099.38, "y":773.576, "cur_spd":14, "last_spd":14}}}[0m
