Config Path(WebParam): d041622a-1358-4c10-96bf-86861671d64d\od.xml
1332CSimuFun::Get_XML_SimConfig: Fault, result is NULL
Dir: D:\traffic_pj\java_bk_pib\SimEngPIB-main\SimEngPI[0m
[2025-09-13 19:36:33|0x00006cfc][info]	[34m[+] Set SimID test Over![0m
[2025-09-13 19:36:33|0x00006cfc][info]	[34m[+] Set SimFiles Path: d041622a-1358-4c10-96bf-86861671d64d Over![0m
[2025-09-13 19:36:33|0x00006cfc][info]	[34m[+] Use RoadNetwork File: d041622a-1358-4c10-96bf-86861671d64d\map2.xml[0m
[2025-09-13 19:36:33|0x00006cfc][info]	[34m[+] Use OD File: d041622a-1358-4c10-96bf-86861671d64d\od.xml[0m
[2025-09-13 19:36:33|0x00006cfc][info]	[34m[-] Launch as no plug-in![0m
[2025-09-13 19:36:33|0x00006cfc][info]	[34m[+] Base Initialization Complete![0m
[2025-09-13 19:36:33|0x00006cfc][debug]	[32m[#] Connected to 127.0.0.1:3822/ws/exe/d041622a-1358-4c10-96bf-86861671d64d[0m
[2025-09-13 19:36:33|0x00006cfc][info]	[34m[+] Connect websocket to backend ok...[0m
[2025-09-13 19:36:33|0x00006cfc][debug]	[32m[#] Recv Msg: {"type":"eng","ope":"hi","time":1757763393118}[0m
[2025-09-13 19:36:33|0x00006cfc][info]	[34m[+] Init backend manager ok![0m
[2025-09-13 19:36:40|0x00006cfc][debug]	[32m[#] Recv Msg: {"type":"eng","ope":"setdelay","time":1757763400908,"data":{"Delay":52}}[0m
[2025-09-13 19:36:40|0x00006cfc][info]	[34m[*] Set New Delay: 52[0m
[2025-09-13 19:36:40|0x00006cfc][info]	[34m[*] Send: {"type":"frontend", "ope":"handleope", "time":1757763400910, "data":{"result": "setdelay_ok"}}[0m
[2025-09-13 19:36:41|0x00006cfc][debug]	[32m[#] Recv Msg: {"type":"eng","ope":"setmaxstep","time":1757763401772,"data":{"Step":23}}[0m
[2025-09-13 19:36:41|0x00006cfc][info]	[34m[+] Set Max Sim Step: 23[0m
[2025-09-13 19:36:41|0x00006cfc][info]	[34m[*] Send: {"type":"frontend", "ope":"handleope", "time":1757763401775, "data":{"result": "setmaxstep_ok"}}[0m
[2025-09-13 19:36:44|0x00006cfc][debug]	[32m[#] Recv Msg: {"type":"eng","ope":"start","time":1757763404852}[0m
