Config Path(WebParam): fc9f5786-101b-407e-ac20-d891ba702bc0\od.xml
G_MarginalPoint_Number:10
G_BaseLine_Number:17
G_Cross_Number:6
G_Link_Number:34
G_Lane_Number:68
imEngPI[0m
[2025-10-09 13:06:24|0x0000446c][info]	[34m[+] Set SimID testr Over![0m
[2025-10-09 13:06:24|0x0000446c][info]	[34m[+] Set SimFiles Path: fc9f5786-101b-407e-ac20-d891ba702bc0 Over![0m
[2025-10-09 13:06:24|0x0000446c][info]	[34m[+] Use RoadNetwork File: fc9f5786-101b-407e-ac20-d891ba702bc0\map_by_ai_2.xml[0m
[2025-10-09 13:06:24|0x0000446c][info]	[34m[+] Use OD File: fc9f5786-101b-407e-ac20-d891ba702bc0\od.xml[0m
[2025-10-09 13:06:24|0x0000446c][info]	[34m[-] Launch as no plug-in![0m
[2025-10-09 13:06:24|0x0000446c][info]	[34m[+] Base Initialization Complete![0m
[2025-10-09 13:06:24|0x0000446c][debug]	[32m[#] Connected to 127.0.0.1:3822/ws/exe/fc9f5786-101b-407e-ac20-d891ba702bc0[0m
[2025-10-09 13:06:24|0x0000446c][info]	[34m[+] Connect websocket to backend ok...[0m
[2025-10-09 13:06:24|0x0000446c][debug]	[32m[#] Recv Msg: {"type":"eng","ope":"hi","time":1759986384974}[0m
[2025-10-09 13:06:24|0x0000446c][info]	[34m[+] Init backend manager ok![0m
[2025-10-09 13:06:28|0x0000446c][debug]	[32m[#] Recv Msg: {"type":"eng","ope":"setdelay","time":1759986388686,"data":{"Delay":71}}[0m
[2025-10-09 13:06:28|0x0000446c][info]	[34m[*] Set New Delay: 71[0m
[2025-10-09 13:06:28|0x0000446c][info]	[34m[*] Send: {"type":"frontend", "ope":"handleope", "time":1759986388687, "data":{"result": "setdelay_ok"}}[0m
[2025-10-09 13:06:29|0x0000446c][debug]	[32m[#] Recv Msg: {"type":"eng","ope":"setmaxstep","time":1759986389350,"data":{"Step":23}}[0m
[2025-10-09 13:06:29|0x0000446c][info]	[34m[+] Set Max Sim Step: 23[0m
[2025-10-09 13:06:29|0x0000446c][info]	[34m[*] Send: {"type":"frontend", "ope":"handleope", "time":1759986389350, "data":{"result": "setmaxstep_ok"}}[0m
[2025-10-09 13:06:30|0x0000446c][debug]	[32m[#] Recv Msg: {"type":"eng","ope":"start","time":1759986390213}[0m
[2025-10-09 13:06:30|0x0000446c][info]	[34m[*] Start(Resume) Sim[0m
[2025-10-09 13:06:30|0x0000446c][info]	[34m[*] Send: {"type":"frontend", "ope":"handleope", "time":1759986390222, "data":{"result": "start_ok"}}[0m
[2025-10-09 13:06:30|0x000061c0][info]	[34m[*] Send: {"type":"frontend", "ope":"simdata", "time":1759986390300, "data":{"pos":"produce_veh", "step_num": 0, "result":[{"id":0, "link_id":0, "lane_id":1, "cell_id":0, "x":428, "y":385, "speed":14, "router":"0 5"}]}}[0m
[2025-10-09 13:06:30|0x000061c0][info]	[34m[*] Send: {"type":"frontend", "ope":"simdata", "time":1759986390377, "data":{"pos":"produce_veh", "step_num": 0, "result":[{"id":1, "link_id":4, "lane_id":0, "cell_id":0, "x":561.996, "y":233.457, "speed":14, "router":"4 6 12"}]}}[0m
[2025-10-09 13:06:30|0x000061c0][info]	[34m[*] Send: {"type":"frontend", "ope":"simdata", "time":1759986390456, "data":{"pos":"produce_veh", "step_num": 0, "result":[{"id":2, "link_id":8, "lane_id":0, "cell_id":0, "x":431.805, "y":614.88, "speed":14, "router":"8 10 32 30"}]}}[0m
[2025-10-09 13:06:30|0x000061c0][info]	[34m[*] Send: {"type":"frontend", "ope":"simdata", "time":1759986390533, "data":{"pos":"produce_veh", "step_num": 0, "result":[{"id":3, "link_id":13, "lane_id":0, "cell_id":0, "x":571, "y":781, "speed":14, "router":"13 10 17 14 24"}]}}[0m
[2025-10-09 13:06:30|0x000061c0][info]	[34m[*] Send: {"type":"frontend", "ope":"simdata", "time":1759986390609, "data":{"pos":"produce_veh", "step_num": 0, "result":[{"id":4, "link_id":18, "lane_id":1, "cell_id":0, "x":798.654, "y":836.242, "speed":14, "router":"18 17 14 22"}]}}[0m
[2025-10-09 13:06:30|0x000061c0][info]	[34m[*] Send: {"type":"frontend", "ope":"simdata", "time":1759986390686, "data":{"pos":"produce_veh", "step_num": 0, "result":[{"id":5, "link_id":21, "lane_id":1, "cell_id":0, "x":879, "y":228, "speed":14, "router":"21 16 11 12"}]}}[0m
[2025-10-09 13:06:30|0x000061c0][info]	[34m[*] Send: {"type":"frontend", "ope":"simdata", "time":1759986390765, "data":{"pos":"produce_veh", "step_num": 0, "result":[{"id":6, "link_id":23, "lane_id":1, "cell_id":0, "x":1373, "y":355, "speed":14, "router":"23 15 3 1"}]}}[0m
[2025-10-09 13:06:30|0x000061c0][info]	[34m[*] Send: {"type":"frontend", "ope":"simdata", "time":1759986390843, "data":{"pos":"produce_veh", "step_num": 0, "result":[{"id":7, "link_id":25, "lane_id":0, "cell_id":0, "x":1148, "y":225, "speed":14, "router":"25 15 3 1"}]}}[0m
[2025-10-09 13:06:30|0x000061c0][info]	[34m[*] Send: {"type":"frontend", "ope":"simdata", "time":1759986390921, "data":{"pos":"produce_veh", "step_num": 0, "result":[{"id":8, "link_id":29, "lane_id":0, "cell_id":0, "x":1252.29, "y":677.983, "speed":14, "router":"29 33 11 7 5"}]}}[0m
[2025-10-09 13:06:31|0x000061c0][info]	[34m[*] Send: {"type":"frontend", "ope":"simdata", "time":1759986391000, "data":{"pos":"produce_veh", "step_num": 0, "result":[{"id":9, "link_id":31, "lane_id":0, "cell_id":0, "x":1097.01, "y":787.379, "speed":14, "router":"31 30"}]}}[0m
[2025-10-09 13:06:31|0x000061c0][info]	[34m[*] Send: {"type":"frontend", "ope":"simdata", "time":1759986391077, "data":{"pos":"veh_run", "step_num": 0, "result":{"id":0, "in_network":true, "in_cross":false, "link_id":0, "lane_id":1, "cell_id":14, "x":442, "y":385, "cur_spd":14, "last_spd":14}}}[0m
[2025-10-09 13:06:31|0x000061c0][info]	[34m[*] Send: {"type":"frontend", "ope":"simdata", "time":1759986391155, "data":{"pos":"veh_run", "step_num": 0, "result":{"id":1, "in_network":true, "in_cross":false, "link_id":4, "lane_id":0, "cell_id":14, "x":561.876, "y":247.463, "cur_spd":14, "last_spd":14}}}[0m
[2025-10-09 13:06:31|0x000061c0][info]	[34m[*] Send: {"type":"frontend", "ope":"simdata", "time":1759986391234, "data":{"pos":"veh_run", "step_num": 0, "result":{"id":2, "in_network":true, "in_cross":false, "link_id":8, "lane_id":0, "cell_id":14, "x":445.073, "y":619.541, "cur_spd":14, "last_spd":14}}}[0m
[2025-10-09 13:06:31|0x000061c0][info]	[34m[*] Send: {"type":"frontend", "ope":"simdata", "time":1759986391312, "data":{"pos":"veh_run", "step_num": 0, "result":{"id":3, "in_network":true, "in_cross":false, "link_id":13, "lane_id":0, "cell_id":14, "x":571, "y":767, "cur_spd":14, "last_spd":14}}}[0m
[2025-10-09 13:06:31|0x000061c0][info]	[34m[*] Send: {"type":"frontend", "ope":"simdata", "time":1759986391390, "data":{"pos":"veh_run", "step_num": 0, "result":{"id":4, "in_network":true, "in_cross":false, "link_id":18, "lane_id":1, "cell_id":14, "x":802.145, "y":822.627, "cur_spd":14, "last_spd":14}}}[0m
[2025-10-09 13:06:31|0x000061c0][info]	[34m[*] Send: {"type":"frontend", "ope":"simdata", "time":1759986391468, "data":{"pos":"veh_run", "step_num": 0, "result":{"id":5, "in_network":true, "in_cross":false, "link_id":21, "lane_id":1, "cell_id":14, "x":879, "y":242, "cur_spd":14, "last_spd":14}}}[0m
[2025-10-09 13:06:31|0x000061c0][info]	[34m[*] Send: {"type":"frontend", "ope":"simdata", "time":1759986391545, "data":{"pos":"veh_run", "step_num": 0, "result":{"id":6, "in_network":true, "in_cross":false, "link_id":23, "lane_id":1, "cell_id":14, "x":1359, "y":355, "cur_spd":14, "last_spd":14}}}[0m
[2025-10-09 13:06:31|0x000061c0][info]	[34m[*] Send: {"type":"frontend", "ope":"simdata", "time":1759986391624, "data":{"pos":"veh_run", "step_num": 0, "result":{"id":7, "in_network":true, "in_cross":false, "link_id":25, "lane_id":0, "cell_id":14, "x":1148, "y":239, "cur_spd":14, "last_spd":14}}}[0m
[2025-10-09 13:06:31|0x000061c0][info]	[34m[*] Send: {"type":"frontend", "ope":"simdata", "time":1759986391703, "data":{"pos":"veh_run", "step_num": 0, "result":{"id":8, "in_network":true, "in_cross":false, "link_id":29, "lane_id":0, "cell_id":14, "x":1238.37, "y":675.781, "cur_spd":14, "last_spd":14}}}[0m
[2025-10-09 13:06:31|0x000061c0][info]	[34m[*] Send: {"type":"frontend", "ope":"simdata", "time":1759986391782, "data":{"pos":"veh_run", "step_num": 0, "result":{"id":9, "in_network":true, "in_cross":false, "link_id":31, "lane_id":0, "cell_id":14, "x":1099.48, "y":773.501, "cur_spd":14, "last_spd":14}}}[0m
