Config Path(WebParam): 191b3f2d-e94b-47cd-85f5-afaf4d4d2e7d\od.xml
G_MarginalPoint_Number:4
G_BaseLine_Number:4
G_Cross_Number:1
G_Link_Number:8
G_Lane_Number:32
n\SimEngPI[0m
[2025-10-09 22:22:26|0x00001a9c][info]	[34m[+] Set SimID test Over![0m
[2025-10-09 22:22:26|0x00001a9c][info]	[34m[+] Set SimFiles Path: 191b3f2d-e94b-47cd-85f5-afaf4d4d2e7d Over![0m
[2025-10-09 22:22:26|0x00001a9c][info]	[34m[+] Use RoadNetwork File: 191b3f2d-e94b-47cd-85f5-afaf4d4d2e7d\cross_intersection.xml[0m
[2025-10-09 22:22:26|0x00001a9c][info]	[34m[+] Use OD File: 191b3f2d-e94b-47cd-85f5-afaf4d4d2e7d\od.xml[0m
[2025-10-09 22:22:26|0x00001a9c][info]	[34m[-] Launch as no plug-in![0m
[2025-10-09 22:22:26|0x00001a9c][info]	[34m[+] Base Initialization Complete![0m
[2025-10-09 22:22:26|0x00001a9c][debug]	[32m[#] Connected to 127.0.0.1:3822/ws/exe/191b3f2d-e94b-47cd-85f5-afaf4d4d2e7d[0m
[2025-10-09 22:22:26|0x00001a9c][info]	[34m[+] Connect websocket to backend ok...[0m
[2025-10-09 22:22:26|0x00001a9c][debug]	[32m[#] Recv Msg: {"type":"eng","ope":"hi","time":1760019746932}[0m
[2025-10-09 22:22:26|0x00001a9c][info]	[34m[+] Init backend manager ok![0m
[2025-10-09 22:22:29|0x00001a9c][debug]	[32m[#] Recv Msg: {"type":"eng","ope":"setdelay","time":1760019749985,"data":{"Delay":138}}[0m
[2025-10-09 22:22:29|0x00001a9c][info]	[34m[*] Set New Delay: 138[0m
[2025-10-09 22:22:29|0x00001a9c][info]	[34m[*] Send: {"type":"frontend", "ope":"handleope", "time":1760019749985, "data":{"result": "setdelay_ok"}}[0m
[2025-10-09 22:22:30|0x00001a9c][debug]	[32m[#] Recv Msg: {"type":"eng","ope":"setmaxstep","time":1760019750674,"data":{"Step":23}}[0m
[2025-10-09 22:22:30|0x00001a9c][info]	[34m[+] Set Max Sim Step: 23[0m
[2025-10-09 22:22:30|0x00001a9c][info]	[34m[*] Send: {"type":"frontend", "ope":"handleope", "time":1760019750675, "data":{"result": "setmaxstep_ok"}}[0m
[2025-10-09 22:22:31|0x00001a9c][debug]	[32m[#] Recv Msg: {"type":"eng","ope":"start","time":1760019751362}[0m
[2025-10-09 22:22:31|0x00001a9c][info]	[34m[*] Start(Resume) Sim[0m
[2025-10-09 22:22:31|0x00001a9c][info]	[34m[*] Send: {"type":"frontend", "ope":"handleope", "time":1760019751365, "data":{"result": "start_ok"}}[0m
[2025-10-09 22:22:31|0x000041c0][info]	[34m[*] Send: {"type":"frontend", "ope":"simdata", "time":1760019751506, "data":{"pos":"produce_veh", "step_num": 0, "result":[{"id":0, "link_id":0, "lane_id":1, "cell_id":0, "x":200.5, "y":314.965, "speed":14, "router":"0 1"}]}}[0m
[2025-10-09 22:22:31|0x000041c0][info]	[34m[*] Send: {"type":"frontend", "ope":"simdata", "time":1760019751647, "data":{"pos":"produce_veh", "step_num": 0, "result":[{"id":1, "link_id":3, "lane_id":0, "cell_id":0, "x":599.5, "y":295.013, "speed":14, "router":"3 2"}]}}[0m
[2025-10-09 22:22:31|0x000041c0][info]	[34m[*] Send: {"type":"frontend", "ope":"simdata", "time":1760019751786, "data":{"pos":"produce_veh", "step_num": 0, "result":[{"id":2, "link_id":4, "lane_id":2, "cell_id":0, "x":375, "y":100, "speed":14, "router":"4 5"}]}}[0m
[2025-10-09 22:22:31|0x000041c0][info]	[34m[*] Send: {"type":"frontend", "ope":"simdata", "time":1760019751926, "data":{"pos":"produce_veh", "step_num": 0, "result":[{"id":3, "link_id":7, "lane_id":0, "cell_id":0, "x":405, "y":500, "speed":14, "router":"7 1"}]}}[0m
[2025-10-09 22:22:32|0x000041c0][info]	[34m[*] Send: {"type":"frontend", "ope":"simdata", "time":1760019752066, "data":{"pos":"veh_run", "step_num": 0, "result":{"id":0, "in_network":true, "in_cross":false, "link_id":0, "lane_id":1, "cell_id":14, "x":214.5, "y":313.988, "cur_spd":14, "last_spd":14}}}[0m
[2025-10-09 22:22:32|0x000041c0][info]	[34m[*] Send: {"type":"frontend", "ope":"simdata", "time":1760019752205, "data":{"pos":"veh_run", "step_num": 0, "result":{"id":1, "in_network":true, "in_cross":false, "link_id":3, "lane_id":0, "cell_id":14, "x":585.5, "y":295.372, "cur_spd":14, "last_spd":14}}}[0m
[2025-10-09 22:22:32|0x000041c0][info]	[34m[*] Send: {"type":"frontend", "ope":"simdata", "time":1760019752346, "data":{"pos":"veh_run", "step_num": 0, "result":{"id":2, "in_network":true, "in_cross":false, "link_id":4, "lane_id":2, "cell_id":14, "x":375, "y":114, "cur_spd":14, "last_spd":14}}}[0m
[2025-10-09 22:22:32|0x000041c0][info]	[34m[*] Send: {"type":"frontend", "ope":"simdata", "time":1760019752486, "data":{"pos":"veh_run", "step_num": 0, "result":{"id":3, "in_network":true, "in_cross":false, "link_id":7, "lane_id":0, "cell_id":14, "x":405, "y":486, "cur_spd":14, "last_spd":14}}}[0m
[2025-10-09 22:22:32|0x000041c0][info]	[34m[*] Send: {"type":"frontend", "ope":"simdata", "time":1760019752624, "data":{"pos":"controller_run", "step_num": 0, "result":{ "cross_id":5, "phases": [{"id":0, "color":"G", "x":385, "y":279},
{"id":1, "color":"R", "x":395, "y":279},
{"id":2, "color":"G", "x":365, "y":279},
{"id":3, "color":"R", "x":414.5, "y":300.035},
{"id":4, "color":"R", "x":404.5, "y":300.012},
{"id":5, "color":"R", "x":434.504, "y":300.074}] }}}[0m
[2025-10-09 22:22:32|0x000041c0][info]	[34m[*] Send: {"type":"frontend", "ope":"simdata", "time":1760019752625, "data":{ "pos":"sim_one_step", "over_step:":0, "next_step":1 }}[0m
[2025-10-09 22:22:32|0x000041c0][info]	[34m[*] Send: {"type":"frontend", "ope":"simdata", "time":1760019752766, "data":{"pos":"veh_run", "step_num": 1, "result":{"id":0, "in_network":true, "in_cross":false, "link_id":0, "lane_id":1, "cell_id":28, "x":228.5, "y":313.012, "cur_spd":14, "last_spd":14}}}[0m
[2025-10-09 22:22:32|0x000041c0][info]	[34m[*] Send: {"type":"frontend", "ope":"simdata", "time":1760019752905, "data":{"pos":"veh_run", "step_num": 1, "result":{"id":1, "in_network":true, "in_cross":false, "link_id":3, "lane_id":0, "cell_id":28, "x":571.5, "y":295.731, "cur_spd":14, "last_spd":14}}}[0m
[2025-10-09 22:22:33|0x000041c0][info]	[34m[*] Send: {"type":"frontend", "ope":"simdata", "time":1760019753046, "data":{"pos":"veh_run", "step_num": 1, "result":{"id":2, "in_network":true, "in_cross":false, "link_id":4, "lane_id":2, "cell_id":28, "x":375, "y":128, "cur_spd":14, "last_spd":14}}}[0m
[2025-10-09 22:22:33|0x000041c0][info]	[34m[*] Send: {"type":"frontend", "ope":"simdata", "time":1760019753186, "data":{"pos":"veh_run", "step_num": 1, "result":{"id":3, "in_network":true, "in_cross":false, "link_id":7, "lane_id":0, "cell_id":28, "x":405, "y":472, "cur_spd":14, "last_spd":14}}}[0m
[2025-10-09 22:22:33|0x000041c0][info]	[34m[*] Send: {"type":"frontend", "ope":"simdata", "time":1760019753326, "data":{"pos":"controller_run", "step_num": 1, "result":{ "cross_id":5, "phases": [{"id":0, "color":"G", "x":385, "y":279},
{"id":1, "color":"R", "x":395, "y":279},
{"id":2, "color":"G", "x":365, "y":279},
{"id":3, "color":"R", "x":414.5, "y":300.035},
{"id":4, "color":"R", "x":404.5, "y":300.012},
{"id":5, "color":"R", "x":434.504, "y":300.074}] }}}[0m
[2025-10-09 22:22:33|0x000041c0][info]	[34m[*] Send: {"type":"frontend", "ope":"simdata", "time":1760019753326, "data":{ "pos":"sim_one_step", "over_step:":1, "next_step":2 }}[0m
[2025-10-09 22:22:33|0x000041c0][info]	[34m[*] Send: {"type":"frontend", "ope":"simdata", "time":1760019753466, "data":{"pos":"produce_veh", "step_num": 2, "result":[{"id":4, "link_id":0, "lane_id":1, "cell_id":0, "x":200.5, "y":314.965, "speed":14, "router":"0 5"}]}}[0m
[2025-10-09 22:22:33|0x000041c0][info]	[34m[*] Send: {"type":"frontend", "ope":"simdata", "time":1760019753608, "data":{"pos":"veh_run", "step_num": 2, "result":{"id":0, "in_network":true, "in_cross":false, "link_id":0, "lane_id":1, "cell_id":42, "x":242.5, "y":312.035, "cur_spd":14, "last_spd":14}}}[0m
[2025-10-09 22:22:33|0x000041c0][info]	[34m[*] Send: {"type":"frontend", "ope":"simdata", "time":1760019753748, "data":{"pos":"veh_run", "step_num": 2, "result":{"id":1, "in_network":true, "in_cross":false, "link_id":3, "lane_id":0, "cell_id":42, "x":557.5, "y":296.09, "cur_spd":14, "last_spd":14}}}[0m
[2025-10-09 22:22:33|0x000041c0][info]	[34m[*] Send: {"type":"frontend", "ope":"simdata", "time":1760019753889, "data":{"pos":"veh_run", "step_num": 2, "result":{"id":2, "in_network":true, "in_cross":false, "link_id":4, "lane_id":2, "cell_id":42, "x":375, "y":142, "cur_spd":14, "last_spd":14}}}[0m
[2025-10-09 22:22:34|0x000041c0][info]	[34m[*] Send: {"type":"frontend", "ope":"simdata", "time":1760019754030, "data":{"pos":"veh_run", "step_num": 2, "result":{"id":3, "in_network":true, "in_cross":false, "link_id":7, "lane_id":0, "cell_id":42, "x":405, "y":458, "cur_spd":14, "last_spd":14}}}[0m
[2025-10-09 22:22:34|0x000041c0][info]	[34m[*] Send: {"type":"frontend", "ope":"simdata", "time":1760019754169, "data":{"pos":"veh_run", "step_num": 2, "result":{"id":4, "in_network":true, "in_cross":false, "link_id":0, "lane_id":1, "cell_id":14, "x":214.5, "y":313.988, "cur_spd":14, "last_spd":14}}}[0m
[2025-10-09 22:22:34|0x000041c0][info]	[34m[*] Send: {"type":"frontend", "ope":"simdata", "time":1760019754322, "data":{"pos":"controller_run", "step_num": 2, "result":{ "cross_id":5, "phases": [{"id":0, "color":"G", "x":385, "y":279},
{"id":1, "color":"R", "x":395, "y":279},
{"id":2, "color":"G", "x":365, "y":279},
{"id":3, "color":"R", "x":414.5, "y":300.035},
{"id":4, "color":"R", "x":404.5, "y":300.012},
{"id":5, "color":"R", "x":434.504, "y":300.074}] }}}[0m
[2025-10-09 22:22:34|0x000041c0][info]	[34m[*] Send: {"type":"frontend", "ope":"simdata", "time":1760019754322, "data":{ "pos":"sim_one_step", "over_step:":2, "next_step":3 }}[0m
[2025-10-09 22:22:34|0x000041c0][info]	[34m[*] Send: {"type":"frontend", "ope":"simdata", "time":1760019754463, "data":{"pos":"veh_run", "step_num": 3, "result":{"id":0, "in_network":true, "in_cross":false, "link_id":0, "lane_id":1, "cell_id":56, "x":256.5, "y":311.058, "cur_spd":14, "last_spd":14}}}[0m
[2025-10-09 22:22:34|0x000041c0][info]	[34m[*] Send: {"type":"frontend", "ope":"simdata", "time":1760019754602, "data":{"pos":"veh_run", "step_num": 3, "result":{"id":1, "in_network":true, "in_cross":false, "link_id":3, "lane_id":0, "cell_id":56, "x":543.5, "y":296.449, "cur_spd":14, "last_spd":14}}}[0m
[2025-10-09 22:22:34|0x000041c0][info]	[34m[*] Send: {"type":"frontend", "ope":"simdata", "time":1760019754742, "data":{"pos":"veh_run", "step_num": 3, "result":{"id":2, "in_network":true, "in_cross":false, "link_id":4, "lane_id":2, "cell_id":56, "x":375, "y":156, "cur_spd":14, "last_spd":14}}}[0m
[2025-10-09 22:22:34|0x000041c0][info]	[34m[*] Send: {"type":"frontend", "ope":"simdata", "time":1760019754895, "data":{"pos":"veh_run", "step_num": 3, "result":{"id":3, "in_network":true, "in_cross":false, "link_id":7, "lane_id":0, "cell_id":56, "x":405, "y":444, "cur_spd":14, "last_spd":14}}}[0m
[2025-10-09 22:22:35|0x000041c0][info]	[34m[*] Send: {"type":"frontend", "ope":"simdata", "time":1760019755035, "data":{"pos":"veh_run", "step_num": 3, "result":{"id":4, "in_network":true, "in_cross":false, "link_id":0, "lane_id":0, "cell_id":28, "x":228.5, "y":304.305, "cur_spd":14, "last_spd":14}}}[0m
[2025-10-09 22:22:35|0x000041c0][info]	[34m[*] Send: {"type":"frontend", "ope":"simdata", "time":1760019755189, "data":{"pos":"controller_run", "step_num": 3, "result":{ "cross_id":5, "phases": [{"id":0, "color":"G", "x":385, "y":279},
{"id":1, "color":"R", "x":395, "y":279},
{"id":2, "color":"G", "x":365, "y":279},
{"id":3, "color":"R", "x":414.5, "y":300.035},
{"id":4, "color":"R", "x":404.5, "y":300.012},
{"id":5, "color":"R", "x":434.504, "y":300.074}] }}}[0m
[2025-10-09 22:22:35|0x000041c0][info]	[34m[*] Send: {"type":"frontend", "ope":"simdata", "time":1760019755189, "data":{ "pos":"sim_one_step", "over_step:":3, "next_step":4 }}[0m
[2025-10-09 22:22:35|0x000041c0][info]	[34m[*] Send: {"type":"frontend", "ope":"simdata", "time":1760019755330, "data":{"pos":"veh_run", "step_num": 4, "result":{"id":0, "in_network":true, "in_cross":false, "link_id":0, "lane_id":0, "cell_id":70, "x":270.5, "y":303.28, "cur_spd":14, "last_spd":14}}}[0m
[2025-10-09 22:22:35|0x000041c0][info]	[34m[*] Send: {"type":"frontend", "ope":"simdata", "time":1760019755470, "data":{"pos":"veh_run", "step_num": 4, "result":{"id":1, "in_network":true, "in_cross":false, "link_id":3, "lane_id":0, "cell_id":70, "x":529.5, "y":296.808, "cur_spd":14, "last_spd":14}}}[0m
[2025-10-09 22:22:35|0x000041c0][info]	[34m[*] Send: {"type":"frontend", "ope":"simdata", "time":1760019755613, "data":{"pos":"veh_run", "step_num": 4, "result":{"id":2, "in_network":true, "in_cross":false, "link_id":4, "lane_id":2, "cell_id":70, "x":375, "y":170, "cur_spd":14, "last_spd":14}}}[0m
[2025-10-09 22:22:35|0x000041c0][info]	[34m[*] Send: {"type":"frontend", "ope":"simdata", "time":1760019755752, "data":{"pos":"veh_run", "step_num": 4, "result":{"id":3, "in_network":true, "in_cross":false, "link_id":7, "lane_id":0, "cell_id":70, "x":405, "y":430, "cur_spd":14, "last_spd":14}}}[0m
[2025-10-09 22:22:35|0x000041c0][info]	[34m[*] Send: {"type":"frontend", "ope":"simdata", "time":1760019755892, "data":{"pos":"veh_run", "step_num": 4, "result":{"id":4, "in_network":true, "in_cross":false, "link_id":0, "lane_id":0, "cell_id":42, "x":242.5, "y":303.963, "cur_spd":14, "last_spd":14}}}[0m
[2025-10-09 22:22:36|0x000041c0][info]	[34m[*] Send: {"type":"frontend", "ope":"simdata", "time":1760019756032, "data":{"pos":"controller_run", "step_num": 4, "result":{ "cross_id":5, "phases": [{"id":0, "color":"G", "x":385, "y":279},
{"id":1, "color":"R", "x":395, "y":279},
{"id":2, "color":"G", "x":365, "y":279},
{"id":3, "color":"R", "x":414.5, "y":300.035},
{"id":4, "color":"R", "x":404.5, "y":300.012},
{"id":5, "color":"R", "x":434.504, "y":300.074}] }}}[0m
[2025-10-09 22:22:36|0x000041c0][info]	[34m[*] Send: {"type":"frontend", "ope":"simdata", "time":1760019756032, "data":{ "pos":"sim_one_step", "over_step:":4, "next_step":5 }}[0m
[2025-10-09 22:22:36|0x000041c0][info]	[34m[*] Send: {"type":"frontend", "ope":"simdata", "time":1760019756185, "data":{"pos":"produce_veh", "step_num": 5, "result":[{"id":5, "link_id":4, "lane_id":0, "cell_id":0, "x":395, "y":100, "speed":14, "router":"4 2"}]}}[0m
[2025-10-09 22:22:36|0x000041c0][info]	[34m[*] Send: {"type":"frontend", "ope":"simdata", "time":1760019756325, "data":{"pos":"veh_run", "step_num": 5, "result":{"id":0, "in_network":true, "in_cross":false, "link_id":0, "lane_id":0, "cell_id":84, "x":284.5, "y":302.939, "cur_spd":14, "last_spd":14}}}[0m
[2025-10-09 22:22:36|0x000041c0][info]	[34m[*] Send: {"type":"frontend", "ope":"simdata", "time":1760019756464, "data":{"pos":"veh_run", "step_num": 5, "result":{"id":1, "in_network":true, "in_cross":false, "link_id":3, "lane_id":0, "cell_id":84, "x":515.5, "y":297.167, "cur_spd":14, "last_spd":14}}}[0m
[2025-10-09 22:22:36|0x000041c0][info]	[34m[*] Send: {"type":"frontend", "ope":"simdata", "time":1760019756604, "data":{"pos":"veh_run", "step_num": 5, "result":{"id":2, "in_network":true, "in_cross":false, "link_id":4, "lane_id":1, "cell_id":84, "x":385, "y":184, "cur_spd":14, "last_spd":14}}}[0m
[2025-10-09 22:22:36|0x000041c0][info]	[34m[*] Send: {"type":"frontend", "ope":"simdata", "time":1760019756745, "data":{"pos":"veh_run", "step_num": 5, "result":{"id":3, "in_network":true, "in_cross":false, "link_id":7, "lane_id":0, "cell_id":84, "x":405, "y":416, "cur_spd":14, "last_spd":14}}}[0m
[2025-10-09 22:22:36|0x000041c0][info]	[34m[*] Send: {"type":"frontend", "ope":"simdata", "time":1760019756885, "data":{"pos":"veh_run", "step_num": 5, "result":{"id":4, "in_network":true, "in_cross":false, "link_id":0, "lane_id":0, "cell_id":56, "x":256.5, "y":303.622, "cur_spd":14, "last_spd":14}}}[0m
[2025-10-09 22:22:37|0x000041c0][info]	[34m[*] Send: {"type":"frontend", "ope":"simdata", "time":1760019757039, "data":{"pos":"veh_run", "step_num": 5, "result":{"id":5, "in_network":true, "in_cross":false, "link_id":4, "lane_id":0, "cell_id":14, "x":395, "y":114, "cur_spd":14, "last_spd":14}}}[0m
[2025-10-09 22:22:37|0x000041c0][info]	[34m[*] Send: {"type":"frontend", "ope":"simdata", "time":1760019757178, "data":{"pos":"controller_run", "step_num": 5, "result":{ "cross_id":5, "phases": [{"id":0, "color":"G", "x":385, "y":279},
{"id":1, "color":"R", "x":395, "y":279},
{"id":2, "color":"G", "x":365, "y":279},
{"id":3, "color":"R", "x":414.5, "y":300.035},
{"id":4, "color":"R", "x":404.5, "y":300.012},
{"id":5, "color":"R", "x":434.504, "y":300.074}] }}}[0m
[2025-10-09 22:22:37|0x000041c0][info]	[34m[*] Send: {"type":"frontend", "ope":"simdata", "time":1760019757178, "data":{ "pos":"sim_one_step", "over_step:":5, "next_step":6 }}[0m
[2025-10-09 22:22:37|0x000041c0][info]	[34m[*] Send: {"type":"frontend", "ope":"simdata", "time":1760019757318, "data":{"pos":"veh_run", "step_num": 6, "result":{"id":0, "in_network":true, "in_cross":false, "link_id":0, "lane_id":0, "cell_id":98, "x":298.5, "y":302.598, "cur_spd":14, "last_spd":14}}}[0m
[2025-10-09 22:22:37|0x000041c0][info]	[34m[*] Send: {"type":"frontend", "ope":"simdata", "time":1760019757458, "data":{"pos":"veh_run", "step_num": 6, "result":{"id":1, "in_network":true, "in_cross":false, "link_id":3, "lane_id":0, "cell_id":98, "x":501.5, "y":297.526, "cur_spd":14, "last_spd":14}}}[0m
[2025-10-09 22:22:37|0x000041c0][info]	[34m[*] Send: {"type":"frontend", "ope":"simdata", "time":1760019757598, "data":{"pos":"veh_run", "step_num": 6, "result":{"id":2, "in_network":true, "in_cross":false, "link_id":4, "lane_id":0, "cell_id":98, "x":395, "y":198, "cur_spd":13, "last_spd":14}}}[0m
[2025-10-09 22:22:37|0x000041c0][info]	[34m[*] Send: {"type":"frontend", "ope":"simdata", "time":1760019757738, "data":{"pos":"veh_run", "step_num": 6, "result":{"id":3, "in_network":true, "in_cross":false, "link_id":7, "lane_id":0, "cell_id":98, "x":405, "y":402, "cur_spd":14, "last_spd":14}}}[0m
[2025-10-09 22:22:37|0x000041c0][info]	[34m[*] Send: {"type":"frontend", "ope":"simdata", "time":1760019757879, "data":{"pos":"veh_run", "step_num": 6, "result":{"id":4, "in_network":true, "in_cross":false, "link_id":0, "lane_id":0, "cell_id":70, "x":270.5, "y":303.28, "cur_spd":14, "last_spd":14}}}[0m
[2025-10-09 22:22:38|0x000041c0][info]	[34m[*] Send: {"type":"frontend", "ope":"simdata", "time":1760019758020, "data":{"pos":"veh_run", "step_num": 6, "result":{"id":5, "in_network":true, "in_cross":false, "link_id":4, "lane_id":0, "cell_id":28, "x":395, "y":128, "cur_spd":14, "last_spd":14}}}[0m
[2025-10-09 22:22:38|0x000041c0][info]	[34m[*] Send: {"type":"frontend", "ope":"simdata", "time":1760019758173, "data":{"pos":"controller_run", "step_num": 6, "result":{ "cross_id":5, "phases": [{"id":0, "color":"G", "x":385, "y":279},
{"id":1, "color":"R", "x":395, "y":279},
{"id":2, "color":"G", "x":365, "y":279},
{"id":3, "color":"R", "x":414.5, "y":300.035},
{"id":4, "color":"R", "x":404.5, "y":300.012},
{"id":5, "color":"R", "x":434.504, "y":300.074}] }}}[0m
[2025-10-09 22:22:38|0x000041c0][info]	[34m[*] Send: {"type":"frontend", "ope":"simdata", "time":1760019758173, "data":{ "pos":"sim_one_step", "over_step:":6, "next_step":7 }}[0m
[2025-10-09 22:22:38|0x000041c0][info]	[34m[*] Send: {"type":"frontend", "ope":"simdata", "time":1760019758313, "data":{"pos":"produce_veh", "step_num": 7, "result":[{"id":6, "link_id":3, "lane_id":3, "cell_id":0, "x":599.509, "y":265.104, "speed":14, "router":"3 1"}]}}[0m
[2025-10-09 22:22:38|0x000041c0][info]	[34m[*] Send: {"type":"frontend", "ope":"simdata", "time":1760019758454, "data":{"pos":"veh_run", "step_num": 7, "result":{"id":0, "in_network":true, "in_cross":false, "link_id":0, "lane_id":0, "cell_id":112, "x":312.5, "y":302.256, "cur_spd":14, "last_spd":14}}}[0m
[2025-10-09 22:22:38|0x000041c0][info]	[34m[*] Send: {"type":"frontend", "ope":"simdata", "time":1760019758594, "data":{"pos":"veh_run", "step_num": 7, "result":{"id":1, "in_network":true, "in_cross":false, "link_id":3, "lane_id":0, "cell_id":112, "x":487.5, "y":297.885, "cur_spd":14, "last_spd":14}}}[0m
[2025-10-09 22:22:38|0x000041c0][info]	[34m[*] Send: {"type":"frontend", "ope":"simdata", "time":1760019758734, "data":{"pos":"veh_run", "step_num": 7, "result":{"id":2, "in_network":true, "in_cross":false, "link_id":4, "lane_id":0, "cell_id":112, "x":395, "y":212, "cur_spd":14, "last_spd":13}}}[0m
[2025-10-09 22:22:38|0x000041c0][info]	[34m[*] Send: {"type":"frontend", "ope":"simdata", "time":1760019758875, "data":{"pos":"veh_run", "step_num": 7, "result":{"id":3, "in_network":true, "in_cross":false, "link_id":7, "lane_id":0, "cell_id":112, "x":405, "y":388, "cur_spd":14, "last_spd":14}}}[0m
[2025-10-09 22:22:39|0x000041c0][info]	[34m[*] Send: {"type":"frontend", "ope":"simdata", "time":1760019759014, "data":{"pos":"veh_run", "step_num": 7, "result":{"id":4, "in_network":true, "in_cross":false, "link_id":0, "lane_id":0, "cell_id":84, "x":284.5, "y":302.939, "cur_spd":14, "last_spd":14}}}[0m
[2025-10-09 22:22:39|0x000041c0][info]	[34m[*] Send: {"type":"frontend", "ope":"simdata", "time":1760019759154, "data":{"pos":"veh_run", "step_num": 7, "result":{"id":5, "in_network":true, "in_cross":false, "link_id":4, "lane_id":0, "cell_id":42, "x":395, "y":142, "cur_spd":14, "last_spd":14}}}[0m
[2025-10-09 22:22:39|0x000041c0][info]	[34m[*] Send: {"type":"frontend", "ope":"simdata", "time":1760019759294, "data":{"pos":"veh_run", "step_num": 7, "result":{"id":6, "in_network":true, "in_cross":false, "link_id":3, "lane_id":3, "cell_id":14, "x":585.759, "y":268.021, "cur_spd":14, "last_spd":14}}}[0m
[2025-10-09 22:22:39|0x000041c0][info]	[34m[*] Send: {"type":"frontend", "ope":"simdata", "time":1760019759433, "data":{"pos":"controller_run", "step_num": 7, "result":{ "cross_id":5, "phases": [{"id":0, "color":"G", "x":385, "y":279},
{"id":1, "color":"R", "x":395, "y":279},
{"id":2, "color":"G", "x":365, "y":279},
{"id":3, "color":"R", "x":414.5, "y":300.035},
{"id":4, "color":"R", "x":404.5, "y":300.012},
{"id":5, "color":"R", "x":434.504, "y":300.074}] }}}[0m
[2025-10-09 22:22:39|0x000041c0][info]	[34m[*] Send: {"type":"frontend", "ope":"simdata", "time":1760019759433, "data":{ "pos":"sim_one_step", "over_step:":7, "next_step":8 }}[0m
[2025-10-09 22:22:39|0x000041c0][info]	[34m[*] Send: {"type":"frontend", "ope":"simdata", "time":1760019759574, "data":{"pos":"veh_run", "step_num": 8, "result":{"id":0, "in_network":true, "in_cross":false, "link_id":0, "lane_id":0, "cell_id":126, "x":326.5, "y":301.915, "cur_spd":14, "last_spd":14}}}[0m
[2025-10-09 22:22:39|0x000041c0][info]	[34m[*] Send: {"type":"frontend", "ope":"simdata", "time":1760019759713, "data":{"pos":"veh_run", "step_num": 8, "result":{"id":1, "in_network":true, "in_cross":false, "link_id":3, "lane_id":0, "cell_id":126, "x":473.5, "y":298.244, "cur_spd":14, "last_spd":14}}}[0m
[2025-10-09 22:22:39|0x000041c0][info]	[34m[*] Send: {"type":"frontend", "ope":"simdata", "time":1760019759853, "data":{"pos":"veh_run", "step_num": 8, "result":{"id":2, "in_network":true, "in_cross":false, "link_id":4, "lane_id":0, "cell_id":126, "x":395, "y":226, "cur_spd":14, "last_spd":14}}}[0m
[2025-10-09 22:22:39|0x000041c0][info]	[34m[*] Send: {"type":"frontend", "ope":"simdata", "time":1760019759991, "data":{"pos":"veh_run", "step_num": 8, "result":{"id":3, "in_network":true, "in_cross":false, "link_id":7, "lane_id":0, "cell_id":126, "x":405, "y":374, "cur_spd":14, "last_spd":14}}}[0m
[2025-10-09 22:22:40|0x000041c0][info]	[34m[*] Send: {"type":"frontend", "ope":"simdata", "time":1760019760132, "data":{"pos":"veh_run", "step_num": 8, "result":{"id":4, "in_network":true, "in_cross":false, "link_id":0, "lane_id":0, "cell_id":98, "x":298.5, "y":302.598, "cur_spd":14, "last_spd":14}}}[0m
[2025-10-09 22:22:40|0x000041c0][info]	[34m[*] Send: {"type":"frontend", "ope":"simdata", "time":1760019760272, "data":{"pos":"veh_run", "step_num": 8, "result":{"id":5, "in_network":true, "in_cross":false, "link_id":4, "lane_id":0, "cell_id":56, "x":395, "y":156, "cur_spd":14, "last_spd":14}}}[0m
[2025-10-09 22:22:40|0x000041c0][info]	[34m[*] Send: {"type":"frontend", "ope":"simdata", "time":1760019760424, "data":{"pos":"veh_run", "step_num": 8, "result":{"id":6, "in_network":true, "in_cross":false, "link_id":3, "lane_id":3, "cell_id":28, "x":572.009, "y":270.937, "cur_spd":14, "last_spd":14}}}[0m
[2025-10-09 22:22:40|0x000041c0][info]	[34m[*] Send: {"type":"frontend", "ope":"simdata", "time":1760019760563, "data":{"pos":"controller_run", "step_num": 8, "result":{ "cross_id":5, "phases": [{"id":0, "color":"G", "x":385, "y":279},
{"id":1, "color":"R", "x":395, "y":279},
{"id":2, "color":"G", "x":365, "y":279},
{"id":3, "color":"R", "x":414.5, "y":300.035},
{"id":4, "color":"R", "x":404.5, "y":300.012},
{"id":5, "color":"R", "x":434.504, "y":300.074}] }}}[0m
[2025-10-09 22:22:40|0x000041c0][info]	[34m[*] Send: {"type":"frontend", "ope":"simdata", "time":1760019760563, "data":{ "pos":"sim_one_step", "over_step:":8, "next_step":9 }}[0m
[2025-10-09 22:22:40|0x000041c0][info]	[34m[*] Send: {"type":"frontend", "ope":"simdata", "time":1760019760702, "data":{"pos":"veh_run", "step_num": 9, "result":{"id":0, "in_network":true, "in_cross":false, "link_id":0, "lane_id":0, "cell_id":140, "x":340.5, "y":301.573, "cur_spd":14, "last_spd":14}}}[0m
[2025-10-09 22:22:40|0x000041c0][info]	[34m[*] Send: {"type":"frontend", "ope":"simdata", "time":1760019760842, "data":{"pos":"veh_run", "step_num": 9, "result":{"id":1, "in_network":true, "in_cross":false, "link_id":3, "lane_id":0, "cell_id":140, "x":459.5, "y":298.603, "cur_spd":14, "last_spd":14}}}[0m
[2025-10-09 22:22:40|0x000041c0][info]	[34m[*] Send: {"type":"frontend", "ope":"simdata", "time":1760019760983, "data":{"pos":"veh_run", "step_num": 9, "result":{"id":2, "in_network":true, "in_cross":false, "link_id":4, "lane_id":0, "cell_id":140, "x":395, "y":240, "cur_spd":14, "last_spd":14}}}[0m
[2025-10-09 22:22:41|0x000041c0][info]	[34m[*] Send: {"type":"frontend", "ope":"simdata", "time":1760019761122, "data":{"pos":"veh_run", "step_num": 9, "result":{"id":3, "in_network":true, "in_cross":false, "link_id":7, "lane_id":0, "cell_id":140, "x":405, "y":360, "cur_spd":14, "last_spd":14}}}[0m
[2025-10-09 22:22:41|0x000041c0][info]	[34m[*] Send: {"type":"frontend", "ope":"simdata", "time":1760019761263, "data":{"pos":"veh_run", "step_num": 9, "result":{"id":4, "in_network":true, "in_cross":false, "link_id":0, "lane_id":0, "cell_id":112, "x":312.5, "y":302.256, "cur_spd":14, "last_spd":14}}}[0m
[2025-10-09 22:22:41|0x000041c0][info]	[34m[*] Send: {"type":"frontend", "ope":"simdata", "time":1760019761404, "data":{"pos":"veh_run", "step_num": 9, "result":{"id":5, "in_network":true, "in_cross":false, "link_id":4, "lane_id":0, "cell_id":70, "x":395, "y":170, "cur_spd":14, "last_spd":14}}}[0m
[2025-10-09 22:22:41|0x000041c0][info]	[34m[*] Send: {"type":"frontend", "ope":"simdata", "time":1760019761545, "data":{"pos":"veh_run", "step_num": 9, "result":{"id":6, "in_network":true, "in_cross":false, "link_id":3, "lane_id":3, "cell_id":42, "x":558.259, "y":273.854, "cur_spd":14, "last_spd":14}}}[0m
[2025-10-09 22:22:41|0x000041c0][info]	[34m[*] Send: {"type":"frontend", "ope":"simdata", "time":1760019761685, "data":{"pos":"controller_run", "step_num": 9, "result":{ "cross_id":5, "phases": [{"id":0, "color":"G", "x":385, "y":279},
{"id":1, "color":"R", "x":395, "y":279},
{"id":2, "color":"G", "x":365, "y":279},
{"id":3, "color":"R", "x":414.5, "y":300.035},
{"id":4, "color":"R", "x":404.5, "y":300.012},
{"id":5, "color":"R", "x":434.504, "y":300.074}] }}}[0m
[2025-10-09 22:22:41|0x000041c0][info]	[34m[*] Send: {"type":"frontend", "ope":"simdata", "time":1760019761685, "data":{ "pos":"sim_one_step", "over_step:":9, "next_step":10 }}[0m
[2025-10-09 22:22:41|0x000041c0][info]	[34m[*] Send: {"type":"frontend", "ope":"simdata", "time":1760019761826, "data":{"pos":"produce_veh", "step_num": 10, "result":[{"id":7, "link_id":3, "lane_id":1, "cell_id":0, "x":599.5, "y":285.041, "speed":14, "router":"3 5"}]}}[0m
[2025-10-09 22:22:41|0x000041c0][info]	[34m[*] Send: {"type":"frontend", "ope":"simdata", "time":1760019761965, "data":{"pos":"produce_veh", "step_num": 10, "result":[{"id":8, "link_id":4, "lane_id":3, "cell_id":0, "x":365, "y":100, "speed":14, "router":"4 2"}]}}[0m
[2025-10-09 22:22:42|0x000041c0][info]	[34m[*] Send: {"type":"frontend", "ope":"simdata", "time":1760019762107, "data":{"pos":"veh_run", "step_num": 10, "result":{"id":0, "in_network":true, "in_cross":false, "link_id":0, "lane_id":0, "cell_id":154, "x":354.5, "y":301.232, "cur_spd":14, "last_spd":14}}}[0m
[2025-10-09 22:22:42|0x000041c0][info]	[34m[*] Send: {"type":"frontend", "ope":"simdata", "time":1760019762248, "data":{"pos":"veh_run", "step_num": 10, "result":{"id":1, "in_network":true, "in_cross":false, "link_id":3, "lane_id":0, "cell_id":154, "x":445.5, "y":298.962, "cur_spd":14, "last_spd":14}}}[0m
[2025-10-09 22:22:42|0x000041c0][info]	[34m[*] Send: {"type":"frontend", "ope":"simdata", "time":1760019762388, "data":{"pos":"veh_run", "step_num": 10, "result":{"id":2, "in_network":true, "in_cross":false, "link_id":4, "lane_id":0, "cell_id":151, "x":395, "y":251, "cur_spd":11, "last_spd":14}}}[0m
[2025-10-09 22:22:42|0x000041c0][info]	[34m[*] Send: {"type":"frontend", "ope":"simdata", "time":1760019762528, "data":{"pos":"veh_run", "step_num": 10, "result":{"id":3, "in_network":true, "in_cross":false, "link_id":7, "lane_id":0, "cell_id":151, "x":405, "y":349, "cur_spd":11, "last_spd":14}}}[0m
[2025-10-09 22:22:42|0x000041c0][info]	[34m[*] Send: {"type":"frontend", "ope":"simdata", "time":1760019762669, "data":{"pos":"veh_run", "step_num": 10, "result":{"id":4, "in_network":true, "in_cross":false, "link_id":0, "lane_id":0, "cell_id":126, "x":326.5, "y":301.915, "cur_spd":14, "last_spd":14}}}[0m
[2025-10-09 22:22:42|0x000041c0][info]	[34m[*] Send: {"type":"frontend", "ope":"simdata", "time":1760019762810, "data":{"pos":"veh_run", "step_num": 10, "result":{"id":5, "in_network":true, "in_cross":false, "link_id":4, "lane_id":0, "cell_id":84, "x":395, "y":184, "cur_spd":14, "last_spd":14}}}[0m
[2025-10-09 22:22:42|0x000041c0][info]	[34m[*] Send: {"type":"frontend", "ope":"simdata", "time":1760019762949, "data":{"pos":"veh_run", "step_num": 10, "result":{"id":6, "in_network":true, "in_cross":false, "link_id":3, "lane_id":2, "cell_id":56, "x":543.821, "y":283.026, "cur_spd":14, "last_spd":14}}}[0m
[2025-10-09 22:22:43|0x000041c0][info]	[34m[*] Send: {"type":"frontend", "ope":"simdata", "time":1760019763088, "data":{"pos":"veh_run", "step_num": 10, "result":{"id":7, "in_network":true, "in_cross":false, "link_id":3, "lane_id":1, "cell_id":14, "x":585.5, "y":286.176, "cur_spd":14, "last_spd":14}}}[0m
[2025-10-09 22:22:43|0x000041c0][info]	[34m[*] Send: {"type":"frontend", "ope":"simdata", "time":1760019763227, "data":{"pos":"veh_run", "step_num": 10, "result":{"id":8, "in_network":true, "in_cross":false, "link_id":4, "lane_id":3, "cell_id":14, "x":365, "y":114, "cur_spd":14, "last_spd":14}}}[0m
[2025-10-09 22:22:43|0x000041c0][info]	[34m[*] Send: {"type":"frontend", "ope":"simdata", "time":1760019763366, "data":{"pos":"controller_run", "step_num": 10, "result":{ "cross_id":5, "phases": [{"id":0, "color":"G", "x":385, "y":279},
{"id":1, "color":"R", "x":395, "y":279},
{"id":2, "color":"G", "x":365, "y":279},
{"id":3, "color":"R", "x":414.5, "y":300.035},
{"id":4, "color":"R", "x":404.5, "y":300.012},
{"id":5, "color":"R", "x":434.504, "y":300.074}] }}}[0m
[2025-10-09 22:22:43|0x000041c0][info]	[34m[*] Send: {"type":"frontend", "ope":"simdata", "time":1760019763366, "data":{ "pos":"sim_one_step", "over_step:":10, "next_step":11 }}[0m
[2025-10-09 22:22:43|0x000041c0][info]	[34m[*] Send: {"type":"frontend", "ope":"simdata", "time":1760019763506, "data":{"pos":"produce_veh", "step_num": 11, "result":[{"id":9, "link_id":4, "lane_id":3, "cell_id":0, "x":365, "y":100, "speed":14, "router":"4 5"}]}}[0m
[2025-10-09 22:22:43|0x000041c0][info]	[34m[*] Send: {"type":"frontend", "ope":"simdata", "time":1760019763647, "data":{"pos":"veh_run", "step_num": 11, "result":{"id":0, "in_network":true, "in_cross":false, "link_id":0, "lane_id":0, "cell_id":167, "x":367.5, "y":300.915, "cur_spd":13, "last_spd":14}}}[0m
[2025-10-09 22:22:43|0x000041c0][info]	[34m[*] Send: {"type":"frontend", "ope":"simdata", "time":1760019763787, "data":{"pos":"veh_run", "step_num": 11, "result":{"id":1, "in_network":true, "in_cross":false, "link_id":3, "lane_id":0, "cell_id":165, "x":434.5, "y":299.244, "cur_spd":11, "last_spd":14}}}[0m
[2025-10-09 22:22:43|0x000041c0][info]	[34m[*] Send: {"type":"frontend", "ope":"simdata", "time":1760019763927, "data":{"pos":"veh_run", "step_num": 11, "result":{"id":2, "in_network":true, "in_cross":false, "link_id":4, "lane_id":0, "cell_id":160, "x":395, "y":260, "cur_spd":9, "last_spd":11}}}[0m
[2025-10-09 22:22:44|0x000041c0][info]	[34m[*] Send: {"type":"frontend", "ope":"simdata", "time":1760019764080, "data":{"pos":"veh_run", "step_num": 11, "result":{"id":3, "in_network":true, "in_cross":false, "link_id":7, "lane_id":0, "cell_id":160, "x":405, "y":340, "cur_spd":9, "last_spd":11}}}[0m
[2025-10-09 22:22:44|0x000041c0][info]	[34m[*] Send: {"type":"frontend", "ope":"simdata", "time":1760019764220, "data":{"pos":"veh_run", "step_num": 11, "result":{"id":4, "in_network":true, "in_cross":false, "link_id":0, "lane_id":0, "cell_id":140, "x":340.5, "y":301.573, "cur_spd":14, "last_spd":14}}}[0m
[2025-10-09 22:22:44|0x000041c0][info]	[34m[*] Send: {"type":"frontend", "ope":"simdata", "time":1760019764359, "data":{"pos":"veh_run", "step_num": 11, "result":{"id":5, "in_network":true, "in_cross":false, "link_id":4, "lane_id":0, "cell_id":98, "x":395, "y":198, "cur_spd":14, "last_spd":14}}}[0m
[2025-10-09 22:22:44|0x000041c0][info]	[34m[*] Send: {"type":"frontend", "ope":"simdata", "time":1760019764500, "data":{"pos":"veh_run", "step_num": 11, "result":{"id":6, "in_network":true, "in_cross":false, "link_id":3, "lane_id":2, "cell_id":70, "x":529.901, "y":285.014, "cur_spd":14, "last_spd":14}}}[0m
[2025-10-09 22:22:44|0x000041c0][info]	[34m[*] Send: {"type":"frontend", "ope":"simdata", "time":1760019764640, "data":{"pos":"veh_run", "step_num": 11, "result":{"id":7, "in_network":true, "in_cross":false, "link_id":3, "lane_id":1, "cell_id":28, "x":571.5, "y":287.311, "cur_spd":14, "last_spd":14}}}[0m
[2025-10-09 22:22:44|0x000041c0][info]	[34m[*] Send: {"type":"frontend", "ope":"simdata", "time":1760019764780, "data":{"pos":"veh_run", "step_num": 11, "result":{"id":8, "in_network":true, "in_cross":false, "link_id":4, "lane_id":3, "cell_id":28, "x":365, "y":128, "cur_spd":14, "last_spd":14}}}[0m
[2025-10-09 22:22:44|0x000041c0][info]	[34m[*] Send: {"type":"frontend", "ope":"simdata", "time":1760019764921, "data":{"pos":"veh_run", "step_num": 11, "result":{"id":9, "in_network":true, "in_cross":false, "link_id":4, "lane_id":3, "cell_id":14, "x":365, "y":114, "cur_spd":14, "last_spd":14}}}[0m
[2025-10-09 22:22:45|0x000041c0][info]	[34m[*] Send: {"type":"frontend", "ope":"simdata", "time":1760019765061, "data":{"pos":"controller_run", "step_num": 11, "result":{ "cross_id":5, "phases": [{"id":0, "color":"G", "x":385, "y":279},
{"id":1, "color":"R", "x":395, "y":279},
{"id":2, "color":"G", "x":365, "y":279},
{"id":3, "color":"R", "x":414.5, "y":300.035},
{"id":4, "color":"R", "x":404.5, "y":300.012},
{"id":5, "color":"R", "x":434.504, "y":300.074}] }}}[0m
[2025-10-09 22:22:45|0x000041c0][info]	[34m[*] Send: {"type":"frontend", "ope":"simdata", "time":1760019765061, "data":{ "pos":"sim_one_step", "over_step:":11, "next_step":12 }}[0m
[2025-10-09 22:22:45|0x000041c0][info]	[34m[*] Send: {"type":"frontend", "ope":"simdata", "time":1760019765201, "data":{"pos":"veh_run", "step_num": 12, "result":{"id":0, "in_network":true, "in_cross":false, "link_id":0, "lane_id":0, "cell_id":178, "x":378.5, "y":300.646, "cur_spd":11, "last_spd":13}}}[0m
[2025-10-09 22:22:45|0x000041c0][info]	[34m[*] Send: {"type":"frontend", "ope":"simdata", "time":1760019765340, "data":{"pos":"veh_run", "step_num": 12, "result":{"id":1, "in_network":true, "in_cross":false, "link_id":3, "lane_id":0, "cell_id":174, "x":425.5, "y":299.474, "cur_spd":9, "last_spd":11}}}[0m
[2025-10-09 22:22:45|0x000041c0][info]	[34m[*] Send: {"type":"frontend", "ope":"simdata", "time":1760019765494, "data":{"pos":"veh_run", "step_num": 12, "result":{"id":2, "in_network":true, "in_cross":false, "link_id":4, "lane_id":0, "cell_id":166, "x":395, "y":266, "cur_spd":6, "last_spd":9}}}[0m
[2025-10-09 22:22:45|0x000041c0][info]	[34m[*] Send: {"type":"frontend", "ope":"simdata", "time":1760019765635, "data":{"pos":"veh_run", "step_num": 12, "result":{"id":3, "in_network":true, "in_cross":false, "link_id":7, "lane_id":0, "cell_id":166, "x":405, "y":334, "cur_spd":6, "last_spd":9}}}[0m
[2025-10-09 22:22:45|0x000041c0][info]	[34m[*] Send: {"type":"frontend", "ope":"simdata", "time":1760019765775, "data":{"pos":"veh_run", "step_num": 12, "result":{"id":4, "in_network":true, "in_cross":false, "link_id":0, "lane_id":0, "cell_id":154, "x":354.5, "y":301.232, "cur_spd":14, "last_spd":14}}}[0m
[2025-10-09 22:22:45|0x000041c0][info]	[34m[*] Send: {"type":"frontend", "ope":"simdata", "time":1760019765916, "data":{"pos":"veh_run", "step_num": 12, "result":{"id":5, "in_network":true, "in_cross":false, "link_id":4, "lane_id":0, "cell_id":112, "x":395, "y":212, "cur_spd":14, "last_spd":14}}}[0m
[2025-10-09 22:22:46|0x000041c0][info]	[34m[*] Send: {"type":"frontend", "ope":"simdata", "time":1760019766055, "data":{"pos":"veh_run", "step_num": 12, "result":{"id":6, "in_network":true, "in_cross":false, "link_id":3, "lane_id":2, "cell_id":84, "x":515.98, "y":287.003, "cur_spd":14, "last_spd":14}}}[0m
[2025-10-09 22:22:46|0x000041c0][info]	[34m[*] Send: {"type":"frontend", "ope":"simdata", "time":1760019766208, "data":{"pos":"veh_run", "step_num": 12, "result":{"id":7, "in_network":true, "in_cross":false, "link_id":3, "lane_id":1, "cell_id":42, "x":557.5, "y":288.446, "cur_spd":14, "last_spd":14}}}[0m
[2025-10-09 22:22:46|0x000041c0][info]	[34m[*] Send: {"type":"frontend", "ope":"simdata", "time":1760019766350, "data":{"pos":"veh_run", "step_num": 12, "result":{"id":8, "in_network":true, "in_cross":false, "link_id":4, "lane_id":2, "cell_id":42, "x":375, "y":142, "cur_spd":14, "last_spd":14}}}[0m
[2025-10-09 22:22:46|0x000041c0][info]	[34m[*] Send: {"type":"frontend", "ope":"simdata", "time":1760019766489, "data":{"pos":"veh_run", "step_num": 12, "result":{"id":9, "in_network":true, "in_cross":false, "link_id":4, "lane_id":3, "cell_id":28, "x":365, "y":128, "cur_spd":14, "last_spd":14}}}[0m
[2025-10-09 22:22:46|0x000041c0][info]	[34m[*] Send: {"type":"frontend", "ope":"simdata", "time":1760019766629, "data":{"pos":"controller_run", "step_num": 12, "result":{ "cross_id":5, "phases": [{"id":0, "color":"G", "x":385, "y":279},
{"id":1, "color":"R", "x":395, "y":279},
{"id":2, "color":"G", "x":365, "y":279},
{"id":3, "color":"R", "x":414.5, "y":300.035},
{"id":4, "color":"R", "x":404.5, "y":300.012},
{"id":5, "color":"R", "x":434.504, "y":300.074}] }}}[0m
[2025-10-09 22:22:46|0x000041c0][info]	[34m[*] Send: {"type":"frontend", "ope":"simdata", "time":1760019766629, "data":{ "pos":"sim_one_step", "over_step:":12, "next_step":13 }}[0m
[2025-10-09 22:22:46|0x000041c0][info]	[34m[*] Send: {"type":"frontend", "ope":"simdata", "time":1760019766769, "data":{"pos":"produce_veh", "step_num": 13, "result":[{"id":10, "link_id":3, "lane_id":0, "cell_id":0, "x":599.5, "y":295.013, "speed":14, "router":"3 2"}]}}[0m
[2025-10-09 22:22:46|0x000041c0][info]	[34m[*] Send: {"type":"frontend", "ope":"simdata", "time":1760019766910, "data":{"pos":"veh_run", "step_num": 13, "result":{"id":0, "in_network":true, "in_cross":false, "link_id":0, "lane_id":0, "cell_id":186, "x":386.5, "y":300.451, "cur_spd":8, "last_spd":11}}}[0m
[2025-10-09 22:22:47|0x000041c0][info]	[34m[*] Send: {"type":"frontend", "ope":"simdata", "time":1760019767051, "data":{"pos":"veh_run", "step_num": 13, "result":{"id":1, "in_network":true, "in_cross":false, "link_id":3, "lane_id":0, "cell_id":180, "x":419.5, "y":299.628, "cur_spd":6, "last_spd":9}}}[0m
[2025-10-09 22:22:47|0x000041c0][info]	[34m[*] Send: {"type":"frontend", "ope":"simdata", "time":1760019767193, "data":{"pos":"veh_run", "step_num": 13, "result":{"id":2, "in_network":true, "in_cross":false, "link_id":4, "lane_id":0, "cell_id":170, "x":395, "y":270, "cur_spd":4, "last_spd":6}}}[0m
[2025-10-09 22:22:47|0x000041c0][info]	[34m[*] Send: {"type":"frontend", "ope":"simdata", "time":1760019767333, "data":{"pos":"veh_run", "step_num": 13, "result":{"id":3, "in_network":true, "in_cross":false, "link_id":7, "lane_id":0, "cell_id":170, "x":405, "y":330, "cur_spd":4, "last_spd":6}}}[0m
[2025-10-09 22:22:47|0x000041c0][info]	[34m[*] Send: {"type":"frontend", "ope":"simdata", "time":1760019767473, "data":{"pos":"veh_run", "step_num": 13, "result":{"id":4, "in_network":true, "in_cross":false, "link_id":0, "lane_id":0, "cell_id":168, "x":368.5, "y":300.89, "cur_spd":14, "last_spd":14}}}[0m
[2025-10-09 22:22:47|0x000041c0][info]	[34m[*] Send: {"type":"frontend", "ope":"simdata", "time":1760019767612, "data":{"pos":"veh_run", "step_num": 13, "result":{"id":5, "in_network":true, "in_cross":false, "link_id":4, "lane_id":0, "cell_id":126, "x":395, "y":226, "cur_spd":14, "last_spd":14}}}[0m
[2025-10-09 22:22:47|0x000041c0][info]	[34m[*] Send: {"type":"frontend", "ope":"simdata", "time":1760019767753, "data":{"pos":"veh_run", "step_num": 13, "result":{"id":6, "in_network":true, "in_cross":false, "link_id":3, "lane_id":2, "cell_id":98, "x":502.06, "y":288.991, "cur_spd":14, "last_spd":14}}}[0m
[2025-10-09 22:22:47|0x000041c0][info]	[34m[*] Send: {"type":"frontend", "ope":"simdata", "time":1760019767893, "data":{"pos":"veh_run", "step_num": 13, "result":{"id":7, "in_network":true, "in_cross":false, "link_id":3, "lane_id":1, "cell_id":56, "x":543.5, "y":289.581, "cur_spd":14, "last_spd":14}}}[0m
[2025-10-09 22:22:48|0x000041c0][info]	[34m[*] Send: {"type":"frontend", "ope":"simdata", "time":1760019768033, "data":{"pos":"veh_run", "step_num": 13, "result":{"id":8, "in_network":true, "in_cross":false, "link_id":4, "lane_id":2, "cell_id":56, "x":375, "y":156, "cur_spd":14, "last_spd":14}}}[0m
[2025-10-09 22:22:48|0x000041c0][info]	[34m[*] Send: {"type":"frontend", "ope":"simdata", "time":1760019768171, "data":{"pos":"veh_run", "step_num": 13, "result":{"id":9, "in_network":true, "in_cross":false, "link_id":4, "lane_id":3, "cell_id":42, "x":365, "y":142, "cur_spd":14, "last_spd":14}}}[0m
[2025-10-09 22:22:48|0x000041c0][info]	[34m[*] Send: {"type":"frontend", "ope":"simdata", "time":1760019768311, "data":{"pos":"veh_run", "step_num": 13, "result":{"id":10, "in_network":true, "in_cross":false, "link_id":3, "lane_id":0, "cell_id":14, "x":585.5, "y":295.372, "cur_spd":14, "last_spd":14}}}[0m
[2025-10-09 22:22:48|0x000041c0][info]	[34m[*] Send: {"type":"frontend", "ope":"simdata", "time":1760019768464, "data":{"pos":"controller_run", "step_num": 13, "result":{ "cross_id":5, "phases": [{"id":0, "color":"G", "x":385, "y":279},
{"id":1, "color":"R", "x":395, "y":279},
{"id":2, "color":"G", "x":365, "y":279},
{"id":3, "color":"R", "x":414.5, "y":300.035},
{"id":4, "color":"R", "x":404.5, "y":300.012},
{"id":5, "color":"R", "x":434.504, "y":300.074}] }}}[0m
[2025-10-09 22:22:48|0x000041c0][info]	[34m[*] Send: {"type":"frontend", "ope":"simdata", "time":1760019768464, "data":{ "pos":"sim_one_step", "over_step:":13, "next_step":14 }}[0m
[2025-10-09 22:22:48|0x000041c0][info]	[34m[*] Send: {"type":"frontend", "ope":"simdata", "time":1760019768602, "data":{"pos":"veh_run", "step_num": 14, "result":{"id":0, "in_network":true, "in_cross":false, "link_id":0, "lane_id":0, "cell_id":192, "x":392.5, "y":300.305, "cur_spd":6, "last_spd":8}}}[0m
[2025-10-09 22:22:48|0x000041c0][info]	[34m[*] Send: {"type":"frontend", "ope":"simdata", "time":1760019768743, "data":{"pos":"veh_run", "step_num": 14, "result":{"id":1, "in_network":true, "in_cross":false, "link_id":3, "lane_id":0, "cell_id":185, "x":414.5, "y":299.756, "cur_spd":5, "last_spd":6}}}[0m
[2025-10-09 22:22:48|0x000041c0][info]	[34m[*] Send: {"type":"frontend", "ope":"simdata", "time":1760019768883, "data":{"pos":"veh_run", "step_num": 14, "result":{"id":2, "in_network":true, "in_cross":false, "link_id":4, "lane_id":0, "cell_id":173, "x":395, "y":273, "cur_spd":3, "last_spd":4}}}[0m
[2025-10-09 22:22:49|0x000041c0][info]	[34m[*] Send: {"type":"frontend", "ope":"simdata", "time":1760019769037, "data":{"pos":"veh_run", "step_num": 14, "result":{"id":3, "in_network":true, "in_cross":false, "link_id":7, "lane_id":0, "cell_id":173, "x":405, "y":327, "cur_spd":3, "last_spd":4}}}[0m
[2025-10-09 22:22:49|0x000041c0][info]	[34m[*] Send: {"type":"frontend", "ope":"simdata", "time":1760019769177, "data":{"pos":"veh_run", "step_num": 14, "result":{"id":4, "in_network":true, "in_cross":false, "link_id":0, "lane_id":0, "cell_id":178, "x":378.5, "y":300.646, "cur_spd":10, "last_spd":14}}}[0m
[2025-10-09 22:22:49|0x000041c0][info]	[34m[*] Send: {"type":"frontend", "ope":"simdata", "time":1760019769316, "data":{"pos":"veh_run", "step_num": 14, "result":{"id":5, "in_network":true, "in_cross":false, "link_id":4, "lane_id":0, "cell_id":139, "x":395, "y":239, "cur_spd":13, "last_spd":14}}}[0m
[2025-10-09 22:22:49|0x000041c0][info]	[34m[*] Send: {"type":"frontend", "ope":"simdata", "time":1760019769456, "data":{"pos":"veh_run", "step_num": 14, "result":{"id":6, "in_network":true, "in_cross":false, "link_id":3, "lane_id":2, "cell_id":112, "x":488.139, "y":290.98, "cur_spd":14, "last_spd":14}}}[0m
[2025-10-09 22:22:49|0x000041c0][info]	[34m[*] Send: {"type":"frontend", "ope":"simdata", "time":1760019769599, "data":{"pos":"veh_run", "step_num": 14, "result":{"id":7, "in_network":true, "in_cross":false, "link_id":3, "lane_id":1, "cell_id":70, "x":529.5, "y":290.716, "cur_spd":14, "last_spd":14}}}[0m
[2025-10-09 22:22:49|0x000041c0][info]	[34m[*] Send: {"type":"frontend", "ope":"simdata", "time":1760019769738, "data":{"pos":"veh_run", "step_num": 14, "result":{"id":8, "in_network":true, "in_cross":false, "link_id":4, "lane_id":1, "cell_id":70, "x":385, "y":170, "cur_spd":14, "last_spd":14}}}[0m
[2025-10-09 22:22:49|0x000041c0][info]	[34m[*] Send: {"type":"frontend", "ope":"simdata", "time":1760019769878, "data":{"pos":"veh_run", "step_num": 14, "result":{"id":9, "in_network":true, "in_cross":false, "link_id":4, "lane_id":3, "cell_id":56, "x":365, "y":156, "cur_spd":14, "last_spd":14}}}[0m
[2025-10-09 22:22:50|0x000041c0][info]	[34m[*] Send: {"type":"frontend", "ope":"simdata", "time":1760019770019, "data":{"pos":"veh_run", "step_num": 14, "result":{"id":10, "in_network":true, "in_cross":false, "link_id":3, "lane_id":0, "cell_id":28, "x":571.5, "y":295.731, "cur_spd":14, "last_spd":14}}}[0m
[2025-10-09 22:22:50|0x000041c0][info]	[34m[*] Send: {"type":"frontend", "ope":"simdata", "time":1760019770158, "data":{"pos":"controller_run", "step_num": 14, "result":{ "cross_id":5, "phases": [{"id":0, "color":"G", "x":385, "y":279},
{"id":1, "color":"R", "x":395, "y":279},
{"id":2, "color":"G", "x":365, "y":279},
{"id":3, "color":"R", "x":414.5, "y":300.035},
{"id":4, "color":"R", "x":404.5, "y":300.012},
{"id":5, "color":"R", "x":434.504, "y":300.074}] }}}[0m
[2025-10-09 22:22:50|0x000041c0][info]	[34m[*] Send: {"type":"frontend", "ope":"simdata", "time":1760019770158, "data":{ "pos":"sim_one_step", "over_step:":14, "next_step":15 }}[0m
[2025-10-09 22:22:50|0x000041c0][info]	[34m[*] Send: {"type":"frontend", "ope":"simdata", "time":1760019770300, "data":{"pos":"veh_run", "step_num": 15, "result":{"id":0, "in_network":true, "in_cross":false, "link_id":0, "lane_id":0, "cell_id":196, "x":396.5, "y":300.207, "cur_spd":4, "last_spd":6}}}[0m
[2025-10-09 22:22:50|0x000041c0][info]	[34m[*] Send: {"type":"frontend", "ope":"simdata", "time":1760019770439, "data":{"pos":"veh_run", "step_num": 15, "result":{"id":1, "in_network":true, "in_cross":false, "link_id":3, "lane_id":0, "cell_id":187, "x":412.5, "y":299.808, "cur_spd":2, "last_spd":5}}}[0m
[2025-10-09 22:22:50|0x000041c0][info]	[34m[*] Send: {"type":"frontend", "ope":"simdata", "time":1760019770592, "data":{"pos":"veh_run", "step_num": 15, "result":{"id":2, "in_network":true, "in_cross":false, "link_id":4, "lane_id":0, "cell_id":178, "x":395, "y":278, "cur_spd":5, "last_spd":3}}}[0m
[2025-10-09 22:22:50|0x000041c0][info]	[34m[*] Send: {"type":"frontend", "ope":"simdata", "time":1760019770732, "data":{"pos":"veh_run", "step_num": 15, "result":{"id":3, "in_network":true, "in_cross":false, "link_id":7, "lane_id":0, "cell_id":178, "x":405, "y":322, "cur_spd":5, "last_spd":3}}}[0m
[2025-10-09 22:22:50|0x000041c0][info]	[34m[*] Send: {"type":"frontend", "ope":"simdata", "time":1760019770873, "data":{"pos":"veh_run", "step_num": 15, "result":{"id":4, "in_network":true, "in_cross":false, "link_id":0, "lane_id":0, "cell_id":185, "x":385.5, "y":300.476, "cur_spd":7, "last_spd":10}}}[0m
[2025-10-09 22:22:51|0x000041c0][info]	[34m[*] Send: {"type":"frontend", "ope":"simdata", "time":1760019771014, "data":{"pos":"veh_run", "step_num": 15, "result":{"id":5, "in_network":true, "in_cross":false, "link_id":4, "lane_id":0, "cell_id":150, "x":395, "y":250, "cur_spd":11, "last_spd":13}}}[0m
[2025-10-09 22:22:51|0x000041c0][info]	[34m[*] Send: {"type":"frontend", "ope":"simdata", "time":1760019771156, "data":{"pos":"veh_run", "step_num": 15, "result":{"id":6, "in_network":true, "in_cross":false, "link_id":3, "lane_id":2, "cell_id":126, "x":474.219, "y":292.969, "cur_spd":14, "last_spd":14}}}[0m
[2025-10-09 22:22:51|0x000041c0][info]	[34m[*] Send: {"type":"frontend", "ope":"simdata", "time":1760019771295, "data":{"pos":"veh_run", "step_num": 15, "result":{"id":7, "in_network":true, "in_cross":false, "link_id":3, "lane_id":1, "cell_id":84, "x":515.5, "y":291.851, "cur_spd":14, "last_spd":14}}}[0m
[2025-10-09 22:22:51|0x000041c0][info]	[34m[*] Send: {"type":"frontend", "ope":"simdata", "time":1760019771449, "data":{"pos":"veh_run", "step_num": 15, "result":{"id":8, "in_network":true, "in_cross":false, "link_id":4, "lane_id":1, "cell_id":84, "x":385, "y":184, "cur_spd":14, "last_spd":14}}}[0m
[2025-10-09 22:22:51|0x000041c0][info]	[34m[*] Send: {"type":"frontend", "ope":"simdata", "time":1760019771588, "data":{"pos":"veh_run", "step_num": 15, "result":{"id":9, "in_network":true, "in_cross":false, "link_id":4, "lane_id":2, "cell_id":70, "x":375, "y":170, "cur_spd":14, "last_spd":14}}}[0m
[2025-10-09 22:22:51|0x000041c0][info]	[34m[*] Send: {"type":"frontend", "ope":"simdata", "time":1760019771729, "data":{"pos":"veh_run", "step_num": 15, "result":{"id":10, "in_network":true, "in_cross":false, "link_id":3, "lane_id":0, "cell_id":42, "x":557.5, "y":296.09, "cur_spd":14, "last_spd":14}}}[0m
[2025-10-09 22:22:51|0x00001a9c][debug]	[32m[#] Recv Msg: {"type":"eng","ope":"stop","time":1760019771754}[0m
[2025-10-09 22:22:51|0x00001a9c][debug]	[32m[#] Connected closed: 127.0.0.1:3822/ws/exe/191b3f2d-e94b-47cd-85f5-afaf4d4d2e7d[0m
[2025-10-09 22:22:51|0x00001a9c][info]	[34m[-] connect websocket to backend close...[0m
[2025-10-09 22:22:51|0x00001a9c][debug]	[32m[#] EXIT![0m
