Config Path(WebParam): 538f56c3-505f-45a3-b9b2-4224bcf59189\od.xml
G_MarginalPoint_Number:10
G_BaseLine_Number:17
G_Cross_Number:6
G_Link_Number:34
G_Lane_Number:68
imEngPI[0m
[2025-10-09 15:12:49|0x000039a0][info]	[34m[+] Set SimID test Over![0m
[2025-10-09 15:12:49|0x000039a0][info]	[34m[+] Set SimFiles Path: 538f56c3-505f-45a3-b9b2-4224bcf59189 Over![0m
[2025-10-09 15:12:49|0x000039a0][info]	[34m[+] Use RoadNetwork File: 538f56c3-505f-45a3-b9b2-4224bcf59189\map_by_ai_4.xml[0m
[2025-10-09 15:12:49|0x000039a0][info]	[34m[+] Use OD File: 538f56c3-505f-45a3-b9b2-4224bcf59189\od.xml[0m
[2025-10-09 15:12:49|0x000039a0][info]	[34m[-] Launch as no plug-in![0m
[2025-10-09 15:12:49|0x000039a0][info]	[34m[+] Base Initialization Complete![0m
[2025-10-09 15:12:49|0x000039a0][debug]	[32m[#] Connected to 127.0.0.1:3822/ws/exe/538f56c3-505f-45a3-b9b2-4224bcf59189[0m
[2025-10-09 15:12:49|0x000039a0][info]	[34m[+] Connect websocket to backend ok...[0m
[2025-10-09 15:12:49|0x000039a0][debug]	[32m[#] Recv Msg: {"type":"eng","ope":"hi","time":1759993969821}[0m
[2025-10-09 15:12:49|0x000039a0][info]	[34m[+] Init backend manager ok![0m
[2025-10-09 15:12:55|0x000039a0][debug]	[32m[#] Recv Msg: {"type":"eng","ope":"setdelay","time":1759993975051,"data":{"Delay":160}}[0m
[2025-10-09 15:12:55|0x000039a0][info]	[34m[*] Set New Delay: 160[0m
[2025-10-09 15:12:55|0x000039a0][info]	[34m[*] Send: {"type":"frontend", "ope":"handleope", "time":1759993975052, "data":{"result": "setdelay_ok"}}[0m
[2025-10-09 15:12:55|0x000039a0][debug]	[32m[#] Recv Msg: {"type":"eng","ope":"setmaxstep","time":1759993975754,"data":{"Step":23}}[0m
[2025-10-09 15:12:55|0x000039a0][info]	[34m[+] Set Max Sim Step: 23[0m
[2025-10-09 15:12:55|0x000039a0][info]	[34m[*] Send: {"type":"frontend", "ope":"handleope", "time":1759993975754, "data":{"result": "setmaxstep_ok"}}[0m
[2025-10-09 15:12:56|0x000039a0][debug]	[32m[#] Recv Msg: {"type":"eng","ope":"start","time":1759993976594}[0m
[2025-10-09 15:12:56|0x000039a0][info]	[34m[*] Start(Resume) Sim[0m
[2025-10-09 15:12:56|0x000039a0][info]	[34m[*] Send: {"type":"frontend", "ope":"handleope", "time":1759993976603, "data":{"result": "start_ok"}}[0m
[2025-10-09 15:12:56|0x00004088][info]	[34m[*] Send: {"type":"frontend", "ope":"simdata", "time":1759993976774, "data":{"pos":"produce_veh", "step_num": 0, "result":[{"id":0, "link_id":0, "lane_id":1, "cell_id":0, "x":428.5, "y":384.944, "speed":14, "router":"0 2 14 24"}]}}[0m
[2025-10-09 15:12:56|0x00004088][info]	[34m[*] Send: {"type":"frontend", "ope":"simdata", "time":1759993976947, "data":{"pos":"produce_veh", "step_num": 0, "result":[{"id":1, "link_id":4, "lane_id":0, "cell_id":0, "x":562.018, "y":233.457, "speed":14, "router":"4 2 14 22"}]}}[0m
[2025-10-09 15:12:57|0x00004088][info]	[34m[*] Send: {"type":"frontend", "ope":"simdata", "time":1759993977120, "data":{"pos":"produce_veh", "step_num": 0, "result":[{"id":2, "link_id":8, "lane_id":0, "cell_id":0, "x":431.814, "y":614.856, "speed":14, "router":"8 10 17 14 24"}]}}[0m
[2025-10-09 15:12:57|0x00004088][info]	[34m[*] Send: {"type":"frontend", "ope":"simdata", "time":1759993977294, "data":{"pos":"produce_veh", "step_num": 0, "result":[{"id":3, "link_id":13, "lane_id":0, "cell_id":0, "x":570.998, "y":780.499, "speed":14, "router":"13 12"}]}}[0m
[2025-10-09 15:12:57|0x00004088][info]	[34m[*] Send: {"type":"frontend", "ope":"simdata", "time":1759993977465, "data":{"pos":"produce_veh", "step_num": 0, "result":[{"id":4, "link_id":18, "lane_id":1, "cell_id":0, "x":798.647, "y":836.239, "speed":14, "router":"18 11 12"}]}}[0m
[2025-10-09 15:12:57|0x00004088][info]	[34m[*] Send: {"type":"frontend", "ope":"simdata", "time":1759993977637, "data":{"pos":"produce_veh", "step_num": 0, "result":[{"id":5, "link_id":21, "lane_id":1, "cell_id":0, "x":879.069, "y":228.495, "speed":14, "router":"21 14 27 30"}]}}[0m
[2025-10-09 15:12:57|0x00004088][info]	[34m[*] Send: {"type":"frontend", "ope":"simdata", "time":1759993977809, "data":{"pos":"produce_veh", "step_num": 0, "result":[{"id":6, "link_id":23, "lane_id":1, "cell_id":0, "x":1372.5, "y":355.004, "speed":14, "router":"23 15 16 11 12"}]}}[0m
[2025-10-09 15:12:57|0x00004088][info]	[34m[*] Send: {"type":"frontend", "ope":"simdata", "time":1759993977981, "data":{"pos":"produce_veh", "step_num": 0, "result":[{"id":7, "link_id":25, "lane_id":0, "cell_id":0, "x":1148.02, "y":225.5, "speed":14, "router":"25 27 28"}]}}[0m
[2025-10-09 15:12:58|0x00004088][info]	[34m[*] Send: {"type":"frontend", "ope":"simdata", "time":1759993978151, "data":{"pos":"produce_veh", "step_num": 0, "result":[{"id":8, "link_id":29, "lane_id":0, "cell_id":0, "x":1252.29, "y":677.985, "speed":14, "router":"29 26 24"}]}}[0m
[2025-10-09 15:12:58|0x00004088][info]	[34m[*] Send: {"type":"frontend", "ope":"simdata", "time":1759993978323, "data":{"pos":"produce_veh", "step_num": 0, "result":[{"id":9, "link_id":31, "lane_id":0, "cell_id":0, "x":1097.01, "y":787.381, "speed":14, "router":"31 28"}]}}[0m
[2025-10-09 15:12:58|0x00004088][info]	[34m[*] Send: {"type":"frontend", "ope":"simdata", "time":1759993978494, "data":{"pos":"veh_run", "step_num": 0, "result":{"id":0, "in_network":true, "in_cross":false, "link_id":0, "lane_id":1, "cell_id":14, "x":442.5, "y":383.365, "cur_spd":14, "last_spd":14}}}[0m
[2025-10-09 15:12:58|0x00004088][info]	[34m[*] Send: {"type":"frontend", "ope":"simdata", "time":1759993978667, "data":{"pos":"veh_run", "step_num": 0, "result":{"id":1, "in_network":true, "in_cross":false, "link_id":4, "lane_id":0, "cell_id":14, "x":562.518, "y":247.463, "cur_spd":14, "last_spd":14}}}[0m
[2025-10-09 15:12:58|0x00004088][info]	[34m[*] Send: {"type":"frontend", "ope":"simdata", "time":1759993978839, "data":{"pos":"veh_run", "step_num": 0, "result":{"id":2, "in_network":true, "in_cross":false, "link_id":8, "lane_id":0, "cell_id":14, "x":445.325, "y":618.84, "cur_spd":14, "last_spd":14}}}[0m
[2025-10-09 15:12:59|0x00004088][info]	[34m[*] Send: {"type":"frontend", "ope":"simdata", "time":1759993979010, "data":{"pos":"veh_run", "step_num": 0, "result":{"id":3, "in_network":true, "in_cross":false, "link_id":13, "lane_id":0, "cell_id":14, "x":570.932, "y":766.47, "cur_spd":14, "last_spd":14}}}[0m
[2025-10-09 15:12:59|0x00004088][info]	[34m[*] Send: {"type":"frontend", "ope":"simdata", "time":1759993979181, "data":{"pos":"veh_run", "step_num": 0, "result":{"id":4, "in_network":true, "in_cross":false, "link_id":18, "lane_id":1, "cell_id":14, "x":801.948, "y":822.53, "cur_spd":14, "last_spd":14}}}[0m
[2025-10-09 15:12:59|0x00004088][info]	[34m[*] Send: {"type":"frontend", "ope":"simdata", "time":1759993979352, "data":{"pos":"veh_run", "step_num": 0, "result":{"id":5, "in_network":true, "in_cross":false, "link_id":21, "lane_id":1, "cell_id":14, "x":881.014, "y":242.366, "cur_spd":14, "last_spd":14}}}[0m
[2025-10-09 15:12:59|0x00004088][info]	[34m[*] Send: {"type":"frontend", "ope":"simdata", "time":1759993979524, "data":{"pos":"veh_run", "step_num": 0, "result":{"id":6, "in_network":true, "in_cross":false, "link_id":23, "lane_id":1, "cell_id":14, "x":1358.48, "y":355.119, "cur_spd":14, "last_spd":14}}}[0m
[2025-10-09 15:12:59|0x00004088][info]	[34m[*] Send: {"type":"frontend", "ope":"simdata", "time":1759993979695, "data":{"pos":"veh_run", "step_num": 0, "result":{"id":7, "in_network":true, "in_cross":false, "link_id":25, "lane_id":0, "cell_id":14, "x":1148.6, "y":239.5, "cur_spd":14, "last_spd":14}}}[0m
[2025-10-09 15:12:59|0x00004088][info]	[34m[*] Send: {"type":"frontend", "ope":"simdata", "time":1759993979868, "data":{"pos":"veh_run", "step_num": 0, "result":{"id":8, "in_network":true, "in_cross":false, "link_id":29, "lane_id":0, "cell_id":14, "x":1238.41, "y":675.844, "cur_spd":14, "last_spd":14}}}[0m
[2025-10-09 15:13:00|0x00004088][info]	[34m[*] Send: {"type":"frontend", "ope":"simdata", "time":1759993980039, "data":{"pos":"veh_run", "step_num": 0, "result":{"id":9, "in_network":true, "in_cross":false, "link_id":31, "lane_id":0, "cell_id":14, "x":1099.38, "y":773.576, "cur_spd":14, "last_spd":14}}}[0m
