Config Path(WebParam): 6c3160fe-9aeb-4c98-b8a7-87bcb608dc58\od.xml
1332CSimuFun::Get_XML_SimConfig: Fault, result is NULL
Dir: D:\traffic_pj\java_bk_pib\SimEngPIB-main\SimEngPI[0m
[2025-09-13 20:18:16|0x00007654][info]	[34m[+] Set SimID test Over![0m
[2025-09-13 20:18:16|0x00007654][info]	[34m[+] Set SimFiles Path: 6c3160fe-9aeb-4c98-b8a7-87bcb608dc58 Over![0m
[2025-09-13 20:18:16|0x00007654][info]	[34m[+] Use RoadNetwork File: 6c3160fe-9aeb-4c98-b8a7-87bcb608dc58\map2.xml[0m
[2025-09-13 20:18:16|0x00007654][info]	[34m[+] Use OD File: 6c3160fe-9aeb-4c98-b8a7-87bcb608dc58\od.xml[0m
[2025-09-13 20:18:16|0x00007654][info]	[34m[-] Launch as no plug-in![0m
[2025-09-13 20:18:16|0x00007654][info]	[34m[+] Base Initialization Complete![0m
[2025-09-13 20:18:16|0x00007654][debug]	[32m[#] Connected to 127.0.0.1:3822/ws/exe/6c3160fe-9aeb-4c98-b8a7-87bcb608dc58[0m
[2025-09-13 20:18:16|0x00007654][info]	[34m[+] Connect websocket to backend ok...[0m
[2025-09-13 20:18:16|0x00007654][debug]	[32m[#] Recv Msg: {"type":"eng","ope":"hi","time":1757765896756}[0m
[2025-09-13 20:18:16|0x00007654][info]	[34m[+] Init backend manager ok![0m
[2025-09-13 20:18:22|0x00007654][debug]	[32m[#] Recv Msg: {"type":"eng","ope":"setmaxstep","time":1757765902165,"data":{"Step":10}}[0m
[2025-09-13 20:18:22|0x00007654][info]	[34m[+] Set Max Sim Step: 10[0m
[2025-09-13 20:18:22|0x00007654][info]	[34m[*] Send: {"type":"frontend", "ope":"handleope", "time":1757765902166, "data":{"result": "setmaxstep_ok"}}[0m
[2025-09-13 20:18:26|0x00007654][debug]	[32m[#] Recv Msg: {"type":"eng","ope":"setdelay","time":1757765906075,"data":{"Delay":135}}[0m
[2025-09-13 20:18:26|0x00007654][info]	[34m[*] Set New Delay: 135[0m
[2025-09-13 20:18:26|0x00007654][info]	[34m[*] Send: {"type":"frontend", "ope":"handleope", "time":1757765906077, "data":{"result": "setdelay_ok"}}[0m
[2025-09-13 20:18:27|0x00007654][debug]	[32m[#] Recv Msg: {"type":"eng","ope":"setmaxstep","time":1757765907076,"data":{"Step":10}}[0m
[2025-09-13 20:18:27|0x00007654][info]	[34m[+] Set Max Sim Step: 10[0m
[2025-09-13 20:18:27|0x00007654][info]	[34m[*] Send: {"type":"frontend", "ope":"handleope", "time":1757765907077, "data":{"result": "setmaxstep_ok"}}[0m
[2025-09-13 20:18:29|0x00007654][debug]	[32m[#] Recv Msg: {"type":"eng","ope":"start","time":1757765909804}[0m
